1776147294.6215475 [INFO] [launch]: All log files can be found below /home/dima/.ros/log/2026-04-14-10-14-54-620107-DESKTOP-6NGNJC6-472
1776147294.6216738 [INFO] [launch]: Default logging verbosity is set to INFO
1776147295.2304823 [INFO] [gazebo-1]: process started with pid [476]
1776147295.2306259 [INFO] [gazebo-2]: process started with pid [477]
1776147295.2307122 [INFO] [robot_state_publisher-3]: process started with pid [478]
1776147295.2307842 [INFO] [create-4]: process started with pid [481]
1776147295.2308509 [INFO] [parameter_bridge-5]: process started with pid [482]
1776147295.2309148 [INFO] [image_bridge-6]: process started with pid [483]
1776147296.0860329 [INFO] [create-4]: process has finished cleanly [pid 481]
1776150841.3743322 [INFO] [gazebo-2]: process has finished cleanly [pid 477]
1776150841.3748679 [INFO] [launch]: process[gazebo-2] was required: shutting down launched system
1776150841.3772771 [INFO] [image_bridge-6]: sending signal 'SIGINT' to process[image_bridge-6]
1776150841.3778083 [INFO] [parameter_bridge-5]: sending signal 'SIGINT' to process[parameter_bridge-5]
1776150841.3784509 [INFO] [robot_state_publisher-3]: sending signal 'SIGINT' to process[robot_state_publisher-3]
1776150841.3790784 [INFO] [gazebo-1]: sending signal 'SIGINT' to process[gazebo-1]
1776150841.5012224 [INFO] [parameter_bridge-5]: process has finished cleanly [pid 482]
1776150841.5018032 [INFO] [robot_state_publisher-3]: process has finished cleanly [pid 478]
1776150841.5142696 [INFO] [image_bridge-6]: process has finished cleanly [pid 483]
1776150846.3817971 [ERROR] [gazebo-1]: process[gazebo-1] failed to terminate '5' seconds after receiving 'SIGINT', escalating to 'SIGTERM'
1776150846.3822525 [INFO] [gazebo-1]: sending signal 'SIGTERM' to process[gazebo-1]
1776150846.3826518 [ERROR] [gazebo-1]: process has died [pid 476, exit code -15, cmd 'ruby /opt/ros/jazzy/opt/gz_tools_vendor/bin/gz sim -r -s -v2 /home/dima/ros2_ws/src/lab2_world/worlds/lab2_world.sdf --force-version 8'].
1776150846.3828156 [INFO] [launch]: process[gazebo-1] was required: shutting down launched system
