[0.295s] DEBUG:colcon:Command line arguments: ['/usr/bin/colcon', 'build', '--symlink-install']
[0.295s] DEBUG:colcon:Parsed command line arguments: Namespace(log_base=None, log_level=None, verb_name='build', build_base='build', install_base='install', merge_install=False, symlink_install=True, test_result_base=None, continue_on_error=False, executor='parallel', parallel_workers=12, event_handlers=None, ignore_user_meta=False, metas=['./colcon.meta'], base_paths=['.'], packages_ignore=None, packages_ignore_regex=None, paths=None, packages_up_to=None, packages_up_to_regex=None, packages_above=None, packages_above_and_dependencies=None, packages_above_depth=None, packages_select_by_dep=None, packages_skip_by_dep=None, packages_skip_up_to=None, packages_select_build_failed=False, packages_skip_build_finished=False, packages_select_test_failures=False, packages_skip_test_passed=False, packages_select=None, packages_skip=None, packages_select_regex=None, packages_skip_regex=None, packages_start=None, packages_end=None, allow_overriding=[], cmake_args=None, cmake_target=None, cmake_target_skip_unavailable=False, cmake_clean_cache=False, cmake_clean_first=False, cmake_force_configure=False, ament_cmake_args=None, catkin_cmake_args=None, catkin_skip_building_tests=False, verb_parser=<colcon_defaults.argument_parser.defaults.DefaultArgumentsDecorator object at 0x7f812fc983e0>, verb_extension=<colcon_core.verb.build.BuildVerb object at 0x7f812fc98110>, main=<bound method BuildVerb.main of <colcon_core.verb.build.BuildVerb object at 0x7f812fc98110>>)
[0.377s] Level 1:colcon.colcon_core.package_discovery:discover_packages(colcon_meta) check parameters
[0.377s] Level 1:colcon.colcon_core.package_discovery:discover_packages(recursive) check parameters
[0.378s] Level 1:colcon.colcon_core.package_discovery:discover_packages(ignore) check parameters
[0.378s] Level 1:colcon.colcon_core.package_discovery:discover_packages(path) check parameters
[0.378s] Level 1:colcon.colcon_core.package_discovery:discover_packages(colcon_meta) discover
[0.378s] Level 1:colcon.colcon_core.package_discovery:discover_packages(recursive) discover
[0.378s] INFO:colcon.colcon_core.package_discovery:Crawling recursively for packages in '/home/dima/ros2_ws'
[0.378s] Level 1:colcon.colcon_core.package_identification:_identify(.) by extensions ['ignore', 'ignore_ament_install']
[0.378s] Level 1:colcon.colcon_core.package_identification:_identify(.) by extension 'ignore'
[0.378s] Level 1:colcon.colcon_core.package_identification:_identify(.) by extension 'ignore_ament_install'
[0.378s] Level 1:colcon.colcon_core.package_identification:_identify(.) by extensions ['colcon_pkg']
[0.378s] Level 1:colcon.colcon_core.package_identification:_identify(.) by extension 'colcon_pkg'
[0.378s] Level 1:colcon.colcon_core.package_identification:_identify(.) by extensions ['colcon_meta']
[0.378s] Level 1:colcon.colcon_core.package_identification:_identify(.) by extension 'colcon_meta'
[0.378s] Level 1:colcon.colcon_core.package_identification:_identify(.) by extensions ['ros']
[0.378s] Level 1:colcon.colcon_core.package_identification:_identify(.) by extension 'ros'
[0.421s] Level 1:colcon.colcon_core.package_identification:_identify(.) by extensions ['cmake', 'python']
[0.421s] Level 1:colcon.colcon_core.package_identification:_identify(.) by extension 'cmake'
[0.421s] Level 1:colcon.colcon_core.package_identification:_identify(.) by extension 'python'
[0.421s] Level 1:colcon.colcon_core.package_identification:_identify(.) by extensions ['python_setup_py']
[0.421s] Level 1:colcon.colcon_core.package_identification:_identify(.) by extension 'python_setup_py'
[0.421s] Level 1:colcon.colcon_core.package_identification:_identify(build) by extensions ['ignore', 'ignore_ament_install']
[0.421s] Level 1:colcon.colcon_core.package_identification:_identify(build) by extension 'ignore'
[0.421s] Level 1:colcon.colcon_core.package_identification:_identify(build) ignored
[0.421s] Level 1:colcon.colcon_core.package_identification:_identify(install) by extensions ['ignore', 'ignore_ament_install']
[0.421s] Level 1:colcon.colcon_core.package_identification:_identify(install) by extension 'ignore'
[0.421s] Level 1:colcon.colcon_core.package_identification:_identify(install) ignored
[0.421s] Level 1:colcon.colcon_core.package_identification:_identify(log) by extensions ['ignore', 'ignore_ament_install']
[0.421s] Level 1:colcon.colcon_core.package_identification:_identify(log) by extension 'ignore'
[0.421s] Level 1:colcon.colcon_core.package_identification:_identify(log) ignored
[0.422s] Level 1:colcon.colcon_core.package_identification:_identify(src) by extensions ['ignore', 'ignore_ament_install']
[0.422s] Level 1:colcon.colcon_core.package_identification:_identify(src) by extension 'ignore'
[0.422s] Level 1:colcon.colcon_core.package_identification:_identify(src) by extension 'ignore_ament_install'
[0.422s] Level 1:colcon.colcon_core.package_identification:_identify(src) by extensions ['colcon_pkg']
[0.422s] Level 1:colcon.colcon_core.package_identification:_identify(src) by extension 'colcon_pkg'
[0.422s] Level 1:colcon.colcon_core.package_identification:_identify(src) by extensions ['colcon_meta']
[0.422s] Level 1:colcon.colcon_core.package_identification:_identify(src) by extension 'colcon_meta'
[0.422s] Level 1:colcon.colcon_core.package_identification:_identify(src) by extensions ['ros']
[0.422s] Level 1:colcon.colcon_core.package_identification:_identify(src) by extension 'ros'
[0.422s] Level 1:colcon.colcon_core.package_identification:_identify(src) by extensions ['cmake', 'python']
[0.422s] Level 1:colcon.colcon_core.package_identification:_identify(src) by extension 'cmake'
[0.422s] Level 1:colcon.colcon_core.package_identification:_identify(src) by extension 'python'
[0.422s] Level 1:colcon.colcon_core.package_identification:_identify(src) by extensions ['python_setup_py']
[0.422s] Level 1:colcon.colcon_core.package_identification:_identify(src) by extension 'python_setup_py'
[0.422s] Level 1:colcon.colcon_core.package_identification:_identify(src/my_lab2_nav) by extensions ['ignore', 'ignore_ament_install']
[0.422s] Level 1:colcon.colcon_core.package_identification:_identify(src/my_lab2_nav) by extension 'ignore'
[0.422s] Level 1:colcon.colcon_core.package_identification:_identify(src/my_lab2_nav) by extension 'ignore_ament_install'
[0.422s] Level 1:colcon.colcon_core.package_identification:_identify(src/my_lab2_nav) by extensions ['colcon_pkg']
[0.422s] Level 1:colcon.colcon_core.package_identification:_identify(src/my_lab2_nav) by extension 'colcon_pkg'
[0.422s] Level 1:colcon.colcon_core.package_identification:_identify(src/my_lab2_nav) by extensions ['colcon_meta']
[0.423s] Level 1:colcon.colcon_core.package_identification:_identify(src/my_lab2_nav) by extension 'colcon_meta'
[0.423s] Level 1:colcon.colcon_core.package_identification:_identify(src/my_lab2_nav) by extensions ['ros']
[0.423s] Level 1:colcon.colcon_core.package_identification:_identify(src/my_lab2_nav) by extension 'ros'
[0.427s] DEBUG:colcon.colcon_core.package_identification:Package 'src/my_lab2_nav' with type 'ros.ament_python' and name 'my_lab2_nav'
[0.427s] Level 1:colcon.colcon_core.package_identification:_identify(src/my_lab2_worlds) by extensions ['ignore', 'ignore_ament_install']
[0.428s] Level 1:colcon.colcon_core.package_identification:_identify(src/my_lab2_worlds) by extension 'ignore'
[0.428s] Level 1:colcon.colcon_core.package_identification:_identify(src/my_lab2_worlds) by extension 'ignore_ament_install'
[0.428s] Level 1:colcon.colcon_core.package_identification:_identify(src/my_lab2_worlds) by extensions ['colcon_pkg']
[0.428s] Level 1:colcon.colcon_core.package_identification:_identify(src/my_lab2_worlds) by extension 'colcon_pkg'
[0.428s] Level 1:colcon.colcon_core.package_identification:_identify(src/my_lab2_worlds) by extensions ['colcon_meta']
[0.428s] Level 1:colcon.colcon_core.package_identification:_identify(src/my_lab2_worlds) by extension 'colcon_meta'
[0.428s] Level 1:colcon.colcon_core.package_identification:_identify(src/my_lab2_worlds) by extensions ['ros']
[0.428s] Level 1:colcon.colcon_core.package_identification:_identify(src/my_lab2_worlds) by extension 'ros'
[0.429s] DEBUG:colcon.colcon_core.package_identification:Package 'src/my_lab2_worlds' with type 'ros.ament_cmake' and name 'my_lab2_worlds'
[0.429s] Level 1:colcon.colcon_core.package_identification:_identify(src/ulstu_turtlesim) by extensions ['ignore', 'ignore_ament_install']
[0.429s] Level 1:colcon.colcon_core.package_identification:_identify(src/ulstu_turtlesim) by extension 'ignore'
[0.429s] Level 1:colcon.colcon_core.package_identification:_identify(src/ulstu_turtlesim) by extension 'ignore_ament_install'
[0.429s] Level 1:colcon.colcon_core.package_identification:_identify(src/ulstu_turtlesim) by extensions ['colcon_pkg']
[0.429s] Level 1:colcon.colcon_core.package_identification:_identify(src/ulstu_turtlesim) by extension 'colcon_pkg'
[0.429s] Level 1:colcon.colcon_core.package_identification:_identify(src/ulstu_turtlesim) by extensions ['colcon_meta']
[0.429s] Level 1:colcon.colcon_core.package_identification:_identify(src/ulstu_turtlesim) by extension 'colcon_meta'
[0.429s] Level 1:colcon.colcon_core.package_identification:_identify(src/ulstu_turtlesim) by extensions ['ros']
[0.429s] Level 1:colcon.colcon_core.package_identification:_identify(src/ulstu_turtlesim) by extension 'ros'
[0.430s] DEBUG:colcon.colcon_core.package_identification:Package 'src/ulstu_turtlesim' with type 'ros.ament_python' and name 'ulstu_turtlesim'
[0.430s] Level 1:colcon.colcon_core.package_discovery:discover_packages(recursive) using defaults
[0.430s] Level 1:colcon.colcon_core.package_discovery:discover_packages(ignore) discover
[0.430s] Level 1:colcon.colcon_core.package_discovery:discover_packages(ignore) using defaults
[0.430s] Level 1:colcon.colcon_core.package_discovery:discover_packages(path) discover
[0.430s] Level 1:colcon.colcon_core.package_discovery:discover_packages(path) using defaults
[0.461s] Level 1:colcon.colcon_core.package_discovery:discover_packages(prefix_path) check parameters
[0.461s] Level 1:colcon.colcon_core.package_discovery:discover_packages(prefix_path) discover
[0.472s] DEBUG:colcon.colcon_installed_package_information.package_discovery:Found 1 installed packages in /home/dima/ros2_ws/install
[0.473s] DEBUG:colcon.colcon_installed_package_information.package_discovery:Found 12 installed packages in /home/dima/turtlebot3_ws/install
[0.475s] DEBUG:colcon.colcon_installed_package_information.package_discovery:Found 385 installed packages in /opt/ros/jazzy
[0.476s] Level 1:colcon.colcon_core.package_discovery:discover_packages(prefix_path) using defaults
[0.541s] Level 5:colcon.colcon_core.verb:set package 'my_lab2_nav' build argument 'cmake_args' from command line to 'None'
[0.541s] Level 5:colcon.colcon_core.verb:set package 'my_lab2_nav' build argument 'cmake_target' from command line to 'None'
[0.541s] Level 5:colcon.colcon_core.verb:set package 'my_lab2_nav' build argument 'cmake_target_skip_unavailable' from command line to 'False'
[0.541s] Level 5:colcon.colcon_core.verb:set package 'my_lab2_nav' build argument 'cmake_clean_cache' from command line to 'False'
[0.541s] Level 5:colcon.colcon_core.verb:set package 'my_lab2_nav' build argument 'cmake_clean_first' from command line to 'False'
[0.541s] Level 5:colcon.colcon_core.verb:set package 'my_lab2_nav' build argument 'cmake_force_configure' from command line to 'False'
[0.541s] Level 5:colcon.colcon_core.verb:set package 'my_lab2_nav' build argument 'ament_cmake_args' from command line to 'None'
[0.542s] Level 5:colcon.colcon_core.verb:set package 'my_lab2_nav' build argument 'catkin_cmake_args' from command line to 'None'
[0.542s] Level 5:colcon.colcon_core.verb:set package 'my_lab2_nav' build argument 'catkin_skip_building_tests' from command line to 'False'
[0.542s] DEBUG:colcon.colcon_core.verb:Building package 'my_lab2_nav' with the following arguments: {'ament_cmake_args': None, 'build_base': '/home/dima/ros2_ws/build/my_lab2_nav', 'catkin_cmake_args': None, 'catkin_skip_building_tests': False, 'cmake_args': None, 'cmake_clean_cache': False, 'cmake_clean_first': False, 'cmake_force_configure': False, 'cmake_target': None, 'cmake_target_skip_unavailable': False, 'install_base': '/home/dima/ros2_ws/install/my_lab2_nav', 'merge_install': False, 'path': '/home/dima/ros2_ws/src/my_lab2_nav', 'symlink_install': True, 'test_result_base': None}
[0.542s] Level 5:colcon.colcon_core.verb:set package 'my_lab2_worlds' build argument 'cmake_args' from command line to 'None'
[0.542s] Level 5:colcon.colcon_core.verb:set package 'my_lab2_worlds' build argument 'cmake_target' from command line to 'None'
[0.542s] Level 5:colcon.colcon_core.verb:set package 'my_lab2_worlds' build argument 'cmake_target_skip_unavailable' from command line to 'False'
[0.542s] Level 5:colcon.colcon_core.verb:set package 'my_lab2_worlds' build argument 'cmake_clean_cache' from command line to 'False'
[0.542s] Level 5:colcon.colcon_core.verb:set package 'my_lab2_worlds' build argument 'cmake_clean_first' from command line to 'False'
[0.542s] Level 5:colcon.colcon_core.verb:set package 'my_lab2_worlds' build argument 'cmake_force_configure' from command line to 'False'
[0.542s] Level 5:colcon.colcon_core.verb:set package 'my_lab2_worlds' build argument 'ament_cmake_args' from command line to 'None'
[0.542s] Level 5:colcon.colcon_core.verb:set package 'my_lab2_worlds' build argument 'catkin_cmake_args' from command line to 'None'
[0.542s] Level 5:colcon.colcon_core.verb:set package 'my_lab2_worlds' build argument 'catkin_skip_building_tests' from command line to 'False'
[0.542s] DEBUG:colcon.colcon_core.verb:Building package 'my_lab2_worlds' with the following arguments: {'ament_cmake_args': None, 'build_base': '/home/dima/ros2_ws/build/my_lab2_worlds', 'catkin_cmake_args': None, 'catkin_skip_building_tests': False, 'cmake_args': None, 'cmake_clean_cache': False, 'cmake_clean_first': False, 'cmake_force_configure': False, 'cmake_target': None, 'cmake_target_skip_unavailable': False, 'install_base': '/home/dima/ros2_ws/install/my_lab2_worlds', 'merge_install': False, 'path': '/home/dima/ros2_ws/src/my_lab2_worlds', 'symlink_install': True, 'test_result_base': None}
[0.542s] Level 5:colcon.colcon_core.verb:set package 'ulstu_turtlesim' build argument 'cmake_args' from command line to 'None'
[0.542s] Level 5:colcon.colcon_core.verb:set package 'ulstu_turtlesim' build argument 'cmake_target' from command line to 'None'
[0.542s] Level 5:colcon.colcon_core.verb:set package 'ulstu_turtlesim' build argument 'cmake_target_skip_unavailable' from command line to 'False'
[0.542s] Level 5:colcon.colcon_core.verb:set package 'ulstu_turtlesim' build argument 'cmake_clean_cache' from command line to 'False'
[0.542s] Level 5:colcon.colcon_core.verb:set package 'ulstu_turtlesim' build argument 'cmake_clean_first' from command line to 'False'
[0.542s] Level 5:colcon.colcon_core.verb:set package 'ulstu_turtlesim' build argument 'cmake_force_configure' from command line to 'False'
[0.542s] Level 5:colcon.colcon_core.verb:set package 'ulstu_turtlesim' build argument 'ament_cmake_args' from command line to 'None'
[0.542s] Level 5:colcon.colcon_core.verb:set package 'ulstu_turtlesim' build argument 'catkin_cmake_args' from command line to 'None'
[0.542s] Level 5:colcon.colcon_core.verb:set package 'ulstu_turtlesim' build argument 'catkin_skip_building_tests' from command line to 'False'
[0.542s] DEBUG:colcon.colcon_core.verb:Building package 'ulstu_turtlesim' with the following arguments: {'ament_cmake_args': None, 'build_base': '/home/dima/ros2_ws/build/ulstu_turtlesim', 'catkin_cmake_args': None, 'catkin_skip_building_tests': False, 'cmake_args': None, 'cmake_clean_cache': False, 'cmake_clean_first': False, 'cmake_force_configure': False, 'cmake_target': None, 'cmake_target_skip_unavailable': False, 'install_base': '/home/dima/ros2_ws/install/ulstu_turtlesim', 'merge_install': False, 'path': '/home/dima/ros2_ws/src/ulstu_turtlesim', 'symlink_install': True, 'test_result_base': None}
[0.543s] INFO:colcon.colcon_core.executor:Executing jobs using 'parallel' executor
[0.544s] DEBUG:colcon.colcon_parallel_executor.executor.parallel:run_until_complete
[0.544s] INFO:colcon.colcon_ros.task.ament_python.build:Building ROS package in '/home/dima/ros2_ws/src/my_lab2_nav' with build type 'ament_python'
[0.544s] Level 1:colcon.colcon_core.shell:create_environment_hook('my_lab2_nav', 'ament_prefix_path')
[0.552s] INFO:colcon.colcon_core.plugin_system:Skipping extension 'colcon_core.shell.bat': Not used on non-Windows systems
[0.552s] INFO:colcon.colcon_core.shell:Creating environment hook '/home/dima/ros2_ws/install/my_lab2_nav/share/my_lab2_nav/hook/ament_prefix_path.ps1'
[0.554s] INFO:colcon.colcon_core.shell:Creating environment descriptor '/home/dima/ros2_ws/install/my_lab2_nav/share/my_lab2_nav/hook/ament_prefix_path.dsv'
[0.555s] INFO:colcon.colcon_core.shell:Creating environment hook '/home/dima/ros2_ws/install/my_lab2_nav/share/my_lab2_nav/hook/ament_prefix_path.sh'
[0.556s] INFO:colcon.colcon_core.shell:Skip shell extension 'powershell' for command environment: Not usable outside of PowerShell
[0.556s] DEBUG:colcon.colcon_core.shell:Skip shell extension 'dsv' for command environment
[0.560s] INFO:colcon.colcon_ros.task.ament_cmake.build:Building ROS package in '/home/dima/ros2_ws/src/my_lab2_worlds' with build type 'ament_cmake'
[0.560s] INFO:colcon.colcon_cmake.task.cmake.build:Building CMake package in '/home/dima/ros2_ws/src/my_lab2_worlds'
[0.560s] INFO:colcon.colcon_core.shell:Skip shell extension 'powershell' for command environment: Not usable outside of PowerShell
[0.560s] DEBUG:colcon.colcon_core.shell:Skip shell extension 'dsv' for command environment
[0.565s] INFO:colcon.colcon_ros.task.ament_python.build:Building ROS package in '/home/dima/ros2_ws/src/ulstu_turtlesim' with build type 'ament_python'
[0.565s] Level 1:colcon.colcon_core.shell:create_environment_hook('ulstu_turtlesim', 'ament_prefix_path')
[0.565s] INFO:colcon.colcon_core.shell:Creating environment hook '/home/dima/ros2_ws/install/ulstu_turtlesim/share/ulstu_turtlesim/hook/ament_prefix_path.ps1'
[0.567s] INFO:colcon.colcon_core.shell:Creating environment descriptor '/home/dima/ros2_ws/install/ulstu_turtlesim/share/ulstu_turtlesim/hook/ament_prefix_path.dsv'
[0.567s] INFO:colcon.colcon_core.shell:Creating environment hook '/home/dima/ros2_ws/install/ulstu_turtlesim/share/ulstu_turtlesim/hook/ament_prefix_path.sh'
[0.567s] INFO:colcon.colcon_core.shell:Skip shell extension 'powershell' for command environment: Not usable outside of PowerShell
[0.567s] DEBUG:colcon.colcon_core.shell:Skip shell extension 'dsv' for command environment
[0.789s] INFO:colcon.colcon_core.task.python.build:Building Python package in '/home/dima/ros2_ws/src/my_lab2_nav'
[0.789s] INFO:colcon.colcon_core.shell:Skip shell extension 'powershell' for command environment: Not usable outside of PowerShell
[0.789s] DEBUG:colcon.colcon_core.shell:Skip shell extension 'dsv' for command environment
[0.797s] DEBUG:colcon.colcon_core.event_handler.log_command:Invoking command in '/home/dima/ros2_ws/build/my_lab2_worlds': CMAKE_PREFIX_PATH=${CMAKE_PREFIX_PATH}:/home/dima/turtlebot3_ws/install/turtlebot3_teleop:/home/dima/turtlebot3_ws/install/turtlebot3_example:/home/dima/ros2_ws/install/ulstu_turtlesim:/opt/ros/jazzy /usr/bin/cmake /home/dima/ros2_ws/src/my_lab2_worlds -DAMENT_CMAKE_SYMLINK_INSTALL=1 -DCMAKE_INSTALL_PREFIX=/home/dima/ros2_ws/install/my_lab2_worlds
[1.023s] INFO:colcon.colcon_core.task.python.build:Building Python package in '/home/dima/ros2_ws/src/ulstu_turtlesim'
[1.023s] INFO:colcon.colcon_core.shell:Skip shell extension 'powershell' for command environment: Not usable outside of PowerShell
[1.023s] DEBUG:colcon.colcon_core.shell:Skip shell extension 'dsv' for command environment
[2.185s] DEBUG:colcon.colcon_core.event_handler.log_command:Invoking command in '/home/dima/ros2_ws/build/ulstu_turtlesim': PYTHONPATH=/home/dima/ros2_ws/build/ulstu_turtlesim/prefix_override:/usr/lib/python3/dist-packages/colcon_core/task/python/colcon_distutils_commands:/home/dima/ros2_ws/install/ulstu_turtlesim/lib/python3.12/site-packages:${PYTHONPATH} /usr/bin/python3 -W ignore:setup.py install is deprecated -W ignore:easy_install command is deprecated setup.py develop --editable --build-directory /home/dima/ros2_ws/build/ulstu_turtlesim/build --no-deps symlink_data
[2.191s] DEBUG:colcon.colcon_core.event_handler.log_command:Invoking command in '/home/dima/ros2_ws/build/my_lab2_nav': PYTHONPATH=/home/dima/ros2_ws/build/my_lab2_nav/prefix_override:/usr/lib/python3/dist-packages/colcon_core/task/python/colcon_distutils_commands:/home/dima/ros2_ws/install/my_lab2_nav/lib/python3.12/site-packages:${PYTHONPATH} /usr/bin/python3 -W ignore:setup.py install is deprecated -W ignore:easy_install command is deprecated setup.py develop --editable --build-directory /home/dima/ros2_ws/build/my_lab2_nav/build --no-deps symlink_data
[2.867s] Level 1:colcon.colcon_core.shell:create_environment_hook('ulstu_turtlesim', 'pythonpath_develop')
[2.868s] INFO:colcon.colcon_core.shell:Creating environment hook '/home/dima/ros2_ws/build/ulstu_turtlesim/share/ulstu_turtlesim/hook/pythonpath_develop.ps1'
[2.868s] DEBUG:colcon.colcon_core.event_handler.log_command:Invoked command in '/home/dima/ros2_ws/build/ulstu_turtlesim' returned '0': PYTHONPATH=/home/dima/ros2_ws/build/ulstu_turtlesim/prefix_override:/usr/lib/python3/dist-packages/colcon_core/task/python/colcon_distutils_commands:/home/dima/ros2_ws/install/ulstu_turtlesim/lib/python3.12/site-packages:${PYTHONPATH} /usr/bin/python3 -W ignore:setup.py install is deprecated -W ignore:easy_install command is deprecated setup.py develop --editable --build-directory /home/dima/ros2_ws/build/ulstu_turtlesim/build --no-deps symlink_data
[2.869s] INFO:colcon.colcon_core.shell:Creating environment descriptor '/home/dima/ros2_ws/build/ulstu_turtlesim/share/ulstu_turtlesim/hook/pythonpath_develop.dsv'
[2.869s] INFO:colcon.colcon_core.shell:Creating environment hook '/home/dima/ros2_ws/build/ulstu_turtlesim/share/ulstu_turtlesim/hook/pythonpath_develop.sh'
[2.878s] Level 1:colcon.colcon_core.environment:checking '/home/dima/ros2_ws/install/ulstu_turtlesim' for CMake module files
[2.878s] Level 1:colcon.colcon_core.environment:checking '/home/dima/ros2_ws/install/ulstu_turtlesim' for CMake config files
[2.879s] Level 1:colcon.colcon_core.environment:checking '/home/dima/ros2_ws/install/ulstu_turtlesim/lib'
[2.879s] Level 1:colcon.colcon_core.environment:checking '/home/dima/ros2_ws/install/ulstu_turtlesim/bin'
[2.879s] Level 1:colcon.colcon_core.environment:checking '/home/dima/ros2_ws/install/ulstu_turtlesim/lib/pkgconfig/ulstu_turtlesim.pc'
[2.879s] Level 1:colcon.colcon_core.environment:checking '/home/dima/ros2_ws/install/ulstu_turtlesim/lib/python3.12/site-packages'
[2.880s] Level 1:colcon.colcon_core.shell:create_environment_hook('ulstu_turtlesim', 'pythonpath')
[2.880s] INFO:colcon.colcon_core.shell:Creating environment hook '/home/dima/ros2_ws/install/ulstu_turtlesim/share/ulstu_turtlesim/hook/pythonpath.ps1'
[2.880s] INFO:colcon.colcon_core.shell:Creating environment descriptor '/home/dima/ros2_ws/install/ulstu_turtlesim/share/ulstu_turtlesim/hook/pythonpath.dsv'
[2.880s] INFO:colcon.colcon_core.shell:Creating environment hook '/home/dima/ros2_ws/install/ulstu_turtlesim/share/ulstu_turtlesim/hook/pythonpath.sh'
[2.881s] Level 1:colcon.colcon_core.environment:checking '/home/dima/ros2_ws/install/ulstu_turtlesim/bin'
[2.881s] Level 1:colcon.colcon_core.environment:create_environment_scripts_only(ulstu_turtlesim)
[2.881s] INFO:colcon.colcon_core.shell:Creating package script '/home/dima/ros2_ws/install/ulstu_turtlesim/share/ulstu_turtlesim/package.ps1'
[2.883s] INFO:colcon.colcon_core.shell:Creating package descriptor '/home/dima/ros2_ws/install/ulstu_turtlesim/share/ulstu_turtlesim/package.dsv'
[2.884s] INFO:colcon.colcon_core.shell:Creating package script '/home/dima/ros2_ws/install/ulstu_turtlesim/share/ulstu_turtlesim/package.sh'
[2.885s] INFO:colcon.colcon_core.shell:Creating package script '/home/dima/ros2_ws/install/ulstu_turtlesim/share/ulstu_turtlesim/package.bash'
[2.886s] INFO:colcon.colcon_core.shell:Creating package script '/home/dima/ros2_ws/install/ulstu_turtlesim/share/ulstu_turtlesim/package.zsh'
[2.887s] Level 1:colcon.colcon_core.environment:create_file_with_runtime_dependencies(/home/dima/ros2_ws/install/ulstu_turtlesim/share/colcon-core/packages/ulstu_turtlesim)
[2.888s] Level 1:colcon.colcon_core.shell:create_environment_hook('my_lab2_nav', 'pythonpath_develop')
[2.889s] INFO:colcon.colcon_core.shell:Creating environment hook '/home/dima/ros2_ws/build/my_lab2_nav/share/my_lab2_nav/hook/pythonpath_develop.ps1'
[2.889s] DEBUG:colcon.colcon_core.event_handler.log_command:Invoked command in '/home/dima/ros2_ws/build/my_lab2_nav' returned '0': PYTHONPATH=/home/dima/ros2_ws/build/my_lab2_nav/prefix_override:/usr/lib/python3/dist-packages/colcon_core/task/python/colcon_distutils_commands:/home/dima/ros2_ws/install/my_lab2_nav/lib/python3.12/site-packages:${PYTHONPATH} /usr/bin/python3 -W ignore:setup.py install is deprecated -W ignore:easy_install command is deprecated setup.py develop --editable --build-directory /home/dima/ros2_ws/build/my_lab2_nav/build --no-deps symlink_data
[2.890s] INFO:colcon.colcon_core.shell:Creating environment descriptor '/home/dima/ros2_ws/build/my_lab2_nav/share/my_lab2_nav/hook/pythonpath_develop.dsv'
[2.890s] INFO:colcon.colcon_core.shell:Creating environment hook '/home/dima/ros2_ws/build/my_lab2_nav/share/my_lab2_nav/hook/pythonpath_develop.sh'
[2.891s] Level 1:colcon.colcon_core.environment:checking '/home/dima/ros2_ws/install/my_lab2_nav' for CMake module files
[2.891s] Level 1:colcon.colcon_core.environment:checking '/home/dima/ros2_ws/install/my_lab2_nav' for CMake config files
[2.891s] Level 1:colcon.colcon_core.environment:checking '/home/dima/ros2_ws/install/my_lab2_nav/lib'
[2.891s] Level 1:colcon.colcon_core.environment:checking '/home/dima/ros2_ws/install/my_lab2_nav/bin'
[2.891s] Level 1:colcon.colcon_core.environment:checking '/home/dima/ros2_ws/install/my_lab2_nav/lib/pkgconfig/my_lab2_nav.pc'
[2.892s] Level 1:colcon.colcon_core.environment:checking '/home/dima/ros2_ws/install/my_lab2_nav/lib/python3.12/site-packages'
[2.892s] Level 1:colcon.colcon_core.shell:create_environment_hook('my_lab2_nav', 'pythonpath')
[2.892s] INFO:colcon.colcon_core.shell:Creating environment hook '/home/dima/ros2_ws/install/my_lab2_nav/share/my_lab2_nav/hook/pythonpath.ps1'
[2.892s] INFO:colcon.colcon_core.shell:Creating environment descriptor '/home/dima/ros2_ws/install/my_lab2_nav/share/my_lab2_nav/hook/pythonpath.dsv'
[2.892s] INFO:colcon.colcon_core.shell:Creating environment hook '/home/dima/ros2_ws/install/my_lab2_nav/share/my_lab2_nav/hook/pythonpath.sh'
[2.893s] Level 1:colcon.colcon_core.environment:checking '/home/dima/ros2_ws/install/my_lab2_nav/bin'
[2.893s] Level 1:colcon.colcon_core.environment:create_environment_scripts_only(my_lab2_nav)
[2.893s] INFO:colcon.colcon_core.shell:Creating package script '/home/dima/ros2_ws/install/my_lab2_nav/share/my_lab2_nav/package.ps1'
[2.894s] INFO:colcon.colcon_core.shell:Creating package descriptor '/home/dima/ros2_ws/install/my_lab2_nav/share/my_lab2_nav/package.dsv'
[2.894s] INFO:colcon.colcon_core.shell:Creating package script '/home/dima/ros2_ws/install/my_lab2_nav/share/my_lab2_nav/package.sh'
[2.895s] INFO:colcon.colcon_core.shell:Creating package script '/home/dima/ros2_ws/install/my_lab2_nav/share/my_lab2_nav/package.bash'
[2.895s] INFO:colcon.colcon_core.shell:Creating package script '/home/dima/ros2_ws/install/my_lab2_nav/share/my_lab2_nav/package.zsh'
[2.895s] Level 1:colcon.colcon_core.environment:create_file_with_runtime_dependencies(/home/dima/ros2_ws/install/my_lab2_nav/share/colcon-core/packages/my_lab2_nav)
[3.007s] DEBUG:colcon.colcon_core.event_handler.log_command:Invoked command in '/home/dima/ros2_ws/build/my_lab2_worlds' returned '0': CMAKE_PREFIX_PATH=${CMAKE_PREFIX_PATH}:/home/dima/turtlebot3_ws/install/turtlebot3_teleop:/home/dima/turtlebot3_ws/install/turtlebot3_example:/home/dima/ros2_ws/install/ulstu_turtlesim:/opt/ros/jazzy /usr/bin/cmake /home/dima/ros2_ws/src/my_lab2_worlds -DAMENT_CMAKE_SYMLINK_INSTALL=1 -DCMAKE_INSTALL_PREFIX=/home/dima/ros2_ws/install/my_lab2_worlds
[3.009s] DEBUG:colcon.colcon_core.event_handler.log_command:Invoking command in '/home/dima/ros2_ws/build/my_lab2_worlds': CMAKE_PREFIX_PATH=${CMAKE_PREFIX_PATH}:/home/dima/turtlebot3_ws/install/turtlebot3_teleop:/home/dima/turtlebot3_ws/install/turtlebot3_example:/home/dima/ros2_ws/install/ulstu_turtlesim:/opt/ros/jazzy /usr/bin/cmake --build /home/dima/ros2_ws/build/my_lab2_worlds -- -j12 -l12
[3.049s] DEBUG:colcon.colcon_core.event_handler.log_command:Invoked command in '/home/dima/ros2_ws/build/my_lab2_worlds' returned '0': CMAKE_PREFIX_PATH=${CMAKE_PREFIX_PATH}:/home/dima/turtlebot3_ws/install/turtlebot3_teleop:/home/dima/turtlebot3_ws/install/turtlebot3_example:/home/dima/ros2_ws/install/ulstu_turtlesim:/opt/ros/jazzy /usr/bin/cmake --build /home/dima/ros2_ws/build/my_lab2_worlds -- -j12 -l12
[3.059s] DEBUG:colcon.colcon_core.event_handler.log_command:Invoking command in '/home/dima/ros2_ws/build/my_lab2_worlds': CMAKE_PREFIX_PATH=${CMAKE_PREFIX_PATH}:/home/dima/turtlebot3_ws/install/turtlebot3_teleop:/home/dima/turtlebot3_ws/install/turtlebot3_example:/home/dima/ros2_ws/install/ulstu_turtlesim:/opt/ros/jazzy /usr/bin/cmake --install /home/dima/ros2_ws/build/my_lab2_worlds
[3.239s] Level 1:colcon.colcon_core.environment:create_environment_scripts_only(my_lab2_worlds)
[3.239s] Level 1:colcon.colcon_core.environment:checking '/home/dima/ros2_ws/install/my_lab2_worlds' for CMake module files
[3.239s] DEBUG:colcon.colcon_core.event_handler.log_command:Invoked command in '/home/dima/ros2_ws/build/my_lab2_worlds' returned '0': CMAKE_PREFIX_PATH=${CMAKE_PREFIX_PATH}:/home/dima/turtlebot3_ws/install/turtlebot3_teleop:/home/dima/turtlebot3_ws/install/turtlebot3_example:/home/dima/ros2_ws/install/ulstu_turtlesim:/opt/ros/jazzy /usr/bin/cmake --install /home/dima/ros2_ws/build/my_lab2_worlds
[3.240s] Level 1:colcon.colcon_core.environment:checking '/home/dima/ros2_ws/install/my_lab2_worlds' for CMake config files
[3.240s] Level 1:colcon.colcon_core.shell:create_environment_hook('my_lab2_worlds', 'cmake_prefix_path')
[3.240s] INFO:colcon.colcon_core.shell:Creating environment hook '/home/dima/ros2_ws/install/my_lab2_worlds/share/my_lab2_worlds/hook/cmake_prefix_path.ps1'
[3.241s] INFO:colcon.colcon_core.shell:Creating environment descriptor '/home/dima/ros2_ws/install/my_lab2_worlds/share/my_lab2_worlds/hook/cmake_prefix_path.dsv'
[3.241s] INFO:colcon.colcon_core.shell:Creating environment hook '/home/dima/ros2_ws/install/my_lab2_worlds/share/my_lab2_worlds/hook/cmake_prefix_path.sh'
[3.241s] Level 1:colcon.colcon_core.environment:checking '/home/dima/ros2_ws/install/my_lab2_worlds/bin'
[3.242s] Level 1:colcon.colcon_core.environment:checking '/home/dima/ros2_ws/install/my_lab2_worlds/lib/pkgconfig/my_lab2_worlds.pc'
[3.242s] Level 1:colcon.colcon_core.environment:checking '/home/dima/ros2_ws/install/my_lab2_worlds/lib/python3.12/site-packages'
[3.242s] Level 1:colcon.colcon_core.environment:checking '/home/dima/ros2_ws/install/my_lab2_worlds/bin'
[3.242s] INFO:colcon.colcon_core.shell:Creating package script '/home/dima/ros2_ws/install/my_lab2_worlds/share/my_lab2_worlds/package.ps1'
[3.243s] INFO:colcon.colcon_core.shell:Creating package descriptor '/home/dima/ros2_ws/install/my_lab2_worlds/share/my_lab2_worlds/package.dsv'
[3.243s] INFO:colcon.colcon_core.shell:Creating package script '/home/dima/ros2_ws/install/my_lab2_worlds/share/my_lab2_worlds/package.sh'
[3.243s] INFO:colcon.colcon_core.shell:Creating package script '/home/dima/ros2_ws/install/my_lab2_worlds/share/my_lab2_worlds/package.bash'
[3.244s] INFO:colcon.colcon_core.shell:Creating package script '/home/dima/ros2_ws/install/my_lab2_worlds/share/my_lab2_worlds/package.zsh'
[3.244s] Level 1:colcon.colcon_core.environment:create_file_with_runtime_dependencies(/home/dima/ros2_ws/install/my_lab2_worlds/share/colcon-core/packages/my_lab2_worlds)
[3.245s] Level 1:colcon.colcon_core.environment:create_environment_scripts_only(my_lab2_worlds)
[3.245s] Level 1:colcon.colcon_core.environment:checking '/home/dima/ros2_ws/install/my_lab2_worlds' for CMake module files
[3.245s] Level 1:colcon.colcon_core.environment:checking '/home/dima/ros2_ws/install/my_lab2_worlds' for CMake config files
[3.245s] Level 1:colcon.colcon_core.shell:create_environment_hook('my_lab2_worlds', 'cmake_prefix_path')
[3.246s] INFO:colcon.colcon_core.shell:Creating environment hook '/home/dima/ros2_ws/install/my_lab2_worlds/share/my_lab2_worlds/hook/cmake_prefix_path.ps1'
[3.246s] INFO:colcon.colcon_core.shell:Creating environment descriptor '/home/dima/ros2_ws/install/my_lab2_worlds/share/my_lab2_worlds/hook/cmake_prefix_path.dsv'
[3.246s] INFO:colcon.colcon_core.shell:Creating environment hook '/home/dima/ros2_ws/install/my_lab2_worlds/share/my_lab2_worlds/hook/cmake_prefix_path.sh'
[3.247s] Level 1:colcon.colcon_core.environment:checking '/home/dima/ros2_ws/install/my_lab2_worlds/bin'
[3.247s] Level 1:colcon.colcon_core.environment:checking '/home/dima/ros2_ws/install/my_lab2_worlds/lib/pkgconfig/my_lab2_worlds.pc'
[3.247s] Level 1:colcon.colcon_core.environment:checking '/home/dima/ros2_ws/install/my_lab2_worlds/lib/python3.12/site-packages'
[3.247s] Level 1:colcon.colcon_core.environment:checking '/home/dima/ros2_ws/install/my_lab2_worlds/bin'
[3.247s] INFO:colcon.colcon_core.shell:Creating package script '/home/dima/ros2_ws/install/my_lab2_worlds/share/my_lab2_worlds/package.ps1'
[3.248s] INFO:colcon.colcon_core.shell:Creating package descriptor '/home/dima/ros2_ws/install/my_lab2_worlds/share/my_lab2_worlds/package.dsv'
[3.248s] INFO:colcon.colcon_core.shell:Creating package script '/home/dima/ros2_ws/install/my_lab2_worlds/share/my_lab2_worlds/package.sh'
[3.249s] INFO:colcon.colcon_core.shell:Creating package script '/home/dima/ros2_ws/install/my_lab2_worlds/share/my_lab2_worlds/package.bash'
[3.249s] INFO:colcon.colcon_core.shell:Creating package script '/home/dima/ros2_ws/install/my_lab2_worlds/share/my_lab2_worlds/package.zsh'
[3.249s] Level 1:colcon.colcon_core.environment:create_file_with_runtime_dependencies(/home/dima/ros2_ws/install/my_lab2_worlds/share/colcon-core/packages/my_lab2_worlds)
[3.250s] DEBUG:colcon.colcon_parallel_executor.executor.parallel:closing loop
[3.250s] DEBUG:colcon.colcon_parallel_executor.executor.parallel:loop closed
[3.250s] DEBUG:colcon.colcon_parallel_executor.executor.parallel:run_until_complete finished with '0'
[3.250s] DEBUG:colcon.colcon_core.event_reactor:joining thread
[3.285s] INFO:colcon.colcon_core.plugin_system:Skipping extension 'colcon_notification.desktop_notification.notify_send': Could not find 'notify-send'
[3.285s] INFO:colcon.colcon_core.plugin_system:Skipping extension 'colcon_notification.desktop_notification.terminal_notifier': Not used on non-Darwin systems
[3.285s] INFO:colcon.colcon_core.plugin_system:Skipping extension 'colcon_notification.desktop_notification.win32': Not used on non-Windows systems
[3.285s] INFO:colcon.colcon_notification.desktop_notification:Sending desktop notification using 'notify2'
[3.287s] DEBUG:colcon.colcon_notification.desktop_notification.notify2:Failed to initialize notify2: org.freedesktop.DBus.Error.ServiceUnknown: The name org.freedesktop.Notifications was not provided by any .service files
[3.287s] DEBUG:colcon.colcon_core.event_reactor:joined thread
[3.288s] INFO:colcon.colcon_core.shell:Creating prefix script '/home/dima/ros2_ws/install/local_setup.ps1'
[3.289s] INFO:colcon.colcon_core.shell:Creating prefix util module '/home/dima/ros2_ws/install/_local_setup_util_ps1.py'
[3.291s] INFO:colcon.colcon_core.shell:Creating prefix chain script '/home/dima/ros2_ws/install/setup.ps1'
[3.292s] INFO:colcon.colcon_core.shell:Creating prefix script '/home/dima/ros2_ws/install/local_setup.sh'
[3.293s] INFO:colcon.colcon_core.shell:Creating prefix util module '/home/dima/ros2_ws/install/_local_setup_util_sh.py'
[3.294s] INFO:colcon.colcon_core.shell:Creating prefix chain script '/home/dima/ros2_ws/install/setup.sh'
[3.295s] INFO:colcon.colcon_core.shell:Creating prefix script '/home/dima/ros2_ws/install/local_setup.bash'
[3.296s] INFO:colcon.colcon_core.shell:Creating prefix chain script '/home/dima/ros2_ws/install/setup.bash'
[3.297s] INFO:colcon.colcon_core.shell:Creating prefix script '/home/dima/ros2_ws/install/local_setup.zsh'
[3.298s] INFO:colcon.colcon_core.shell:Creating prefix chain script '/home/dima/ros2_ws/install/setup.zsh'
