(2026-04-15T16:35:38.935284579) (2026-04-15T16:35:38.935290448) [Msg] Gazebo Sim Server v8.11.0
(2026-04-15T16:35:38.937002941) (2026-04-15T16:35:38.937006721) [Msg] Loading SDF world file[/home/dima/ros2_ws/src/lab2_world/worlds/lab2_world.sdf].
(2026-04-15T16:35:39.128894052) (2026-04-15T16:35:39.128899730) [Msg] Serving entity system service on [/entity/system/add]
(2026-04-15T16:35:39.162558866) (2026-04-15T16:35:39.162564644) [Dbg] [Physics.cc:906] Loaded [gz::physics::dartsim::Plugin] from library [/opt/ros/jazzy/opt/gz_physics_vendor/lib/gz-physics-7/engine-plugins/libgz-physics-dartsim-plugin.so]
(2026-04-15T16:35:39.162593333) (2026-04-15T16:35:39.162595325) [Dbg] [SystemManager.cc:80] Loaded system [gz::sim::systems::Physics] for entity [1]
(2026-04-15T16:35:39.164097408) (2026-04-15T16:35:39.164100894) [Msg] Create service on [/world/lab2_world/create_multiple] (async)
(2026-04-15T16:35:39.164110158) (2026-04-15T16:35:39.164112051) [Msg] Create service on [/world/lab2_world/create_multiple/blocking] (blocking)
(2026-04-15T16:35:39.164228101) (2026-04-15T16:35:39.164231488) [Msg] Remove service on [/world/lab2_world/remove] (async)
(2026-04-15T16:35:39.164239159) (2026-04-15T16:35:39.164240952) [Msg] Remove service on [/world/lab2_world/remove/blocking] (blocking)
(2026-04-15T16:35:39.164334689) (2026-04-15T16:35:39.164338175) [Msg] Pose service on [/world/lab2_world/set_pose] (async)
(2026-04-15T16:35:39.164346443) (2026-04-15T16:35:39.164348435) [Msg] Pose service on [/world/lab2_world/set_pose/blocking] (blocking)
(2026-04-15T16:35:39.164440977) (2026-04-15T16:35:39.164444463) [Msg] Pose service on [/world/lab2_world/set_pose_vector] (async)
(2026-04-15T16:35:39.164452931) (2026-04-15T16:35:39.164454823) [Msg] Pose service on [/world/lab2_world/set_pose_vector/blocking] (blocking)
(2026-04-15T16:35:39.164566590) (2026-04-15T16:35:39.164570376) [Msg] Light configuration service on [/world/lab2_world/light_config] (async)
(2026-04-15T16:35:39.164579142) (2026-04-15T16:35:39.164581134) [Msg] Light configuration service on [/world/lab2_world/light_config/blocking] (blocking)
(2026-04-15T16:35:39.164853878) (2026-04-15T16:35:39.164857165) [Msg] Physics service on [/world/lab2_world/set_physics] (async)
(2026-04-15T16:35:39.164865034) (2026-04-15T16:35:39.164866828) [Msg] Physics service on [/world/lab2_world/set_physics/blocking] (blocking)
(2026-04-15T16:35:39.164975905) (2026-04-15T16:35:39.164978993) [Msg] SphericalCoordinates service on [/world/lab2_world/set_spherical_coordinates] (async)
(2026-04-15T16:35:39.164986464) (2026-04-15T16:35:39.164988257) [Msg] SphericalCoordinates service on [/world/lab2_world/set_spherical_coordinates/blocking] (blocking)
(2026-04-15T16:35:39.165050118) (2026-04-15T16:35:39.165053405) [Msg] Enable collision service on [/world/lab2_world/enable_collision] (async)
(2026-04-15T16:35:39.165061573) (2026-04-15T16:35:39.165063466) [Msg] Enable collision service on [/world/lab2_world/enable_collision/blocking] (blocking)
(2026-04-15T16:35:39.165131204) (2026-04-15T16:35:39.165134590) [Msg] Disable collision service on [/world/lab2_world/disable_collision] (async)
(2026-04-15T16:35:39.165142360) (2026-04-15T16:35:39.165144253) [Msg] Disable collision service on [/world/lab2_world/disable_collision/blocking] (blocking)
(2026-04-15T16:35:39.165272357) (2026-04-15T16:35:39.165276043) [Msg] Material service on [/world/lab2_world/visual_config] (async)
(2026-04-15T16:35:39.165284709) (2026-04-15T16:35:39.165286701) [Msg] Material service on [/world/lab2_world/visual_config/blocking] (blocking)
(2026-04-15T16:35:39.165379940) (2026-04-15T16:35:39.165383427) [Msg] Material service on [/world/lab2_world/wheel_slip] (async)
(2026-04-15T16:35:39.165391994) (2026-04-15T16:35:39.165393886) [Msg] Material service on [/world/lab2_world/wheel_slip/blocking] (blocking)
(2026-04-15T16:35:39.165408629) (2026-04-15T16:35:39.165410522) [Dbg] [SystemManager.cc:80] Loaded system [gz::sim::systems::UserCommands] for entity [1]
(2026-04-15T16:35:39.166113200) (2026-04-15T16:35:39.166116488) [Dbg] [SystemManager.cc:80] Loaded system [gz::sim::systems::SceneBroadcaster] for entity [1]
(2026-04-15T16:35:39.169822534) (2026-04-15T16:35:39.169826120) [Dbg] [Sensors.cc:697] Configuring Sensors system
(2026-04-15T16:35:39.169858594) (2026-04-15T16:35:39.169860686) [Dbg] [Sensors.cc:557] SensorsPrivate::Run
(2026-04-15T16:35:39.169929918) (2026-04-15T16:35:39.169933106) [Dbg] [SystemManager.cc:80] Loaded system [gz::sim::systems::Sensors] for entity [1]
(2026-04-15T16:35:39.169981916) (2026-04-15T16:35:39.169986001) [Dbg] [Sensors.cc:532] SensorsPrivate::RenderThread started
(2026-04-15T16:35:39.170000644) (2026-04-15T16:35:39.170002636) [Dbg] [Sensors.cc:337] Waiting for init
(2026-04-15T16:35:39.170511266) (2026-04-15T16:35:39.170514653) [Dbg] [SystemManager.cc:80] Loaded system [gz::sim::systems::Contact] for entity [1]
(2026-04-15T16:35:39.171441962) (2026-04-15T16:35:39.171445448) [Msg] Loaded level [default]
(2026-04-15T16:35:39.172079094) (2026-04-15T16:35:39.172082680) [Msg] Serving world controls on [/world/lab2_world/control], [/world/lab2_world/control/state] and [/world/lab2_world/playback/control]
(2026-04-15T16:35:39.172164264) (2026-04-15T16:35:39.172168249) [Msg] Serving GUI information on [/world/lab2_world/gui/info]
(2026-04-15T16:35:39.172176915) (2026-04-15T16:35:39.172178808) [Msg] World [lab2_world] initialized with [1ms] physics profile.
(2026-04-15T16:35:39.172254813) (2026-04-15T16:35:39.172258200) [Msg] Serving world SDF generation service on [/world/lab2_world/generate_world_sdf]
(2026-04-15T16:35:39.172330122) (2026-04-15T16:35:39.172333807) [Msg] Serving world names on [/gazebo/worlds]
(2026-04-15T16:35:39.172377937) (2026-04-15T16:35:39.172381323) [Msg] Resource path add service on [/gazebo/resource_paths/add].
(2026-04-15T16:35:39.172423161) (2026-04-15T16:35:39.172426548) [Msg] Resource path get service on [/gazebo/resource_paths/get].
(2026-04-15T16:35:39.172467988) (2026-04-15T16:35:39.172471474) [Msg] Resource path resolve service on [/gazebo/resource_paths/resolve].
(2026-04-15T16:35:39.172580253) (2026-04-15T16:35:39.172585333) [Msg] Resource paths published on [/gazebo/resource_paths].
(2026-04-15T16:35:39.172659147) (2026-04-15T16:35:39.172662634) [Msg] Server control service on [/server_control].
(2026-04-15T16:35:40.937420851) (2026-04-15T16:35:40.937430126) [Wrn] [SimulationRunner.cc:734] Found additional publishers on /stats, using namespaced stats topic only
(2026-04-15T16:35:40.937507520) (2026-04-15T16:35:40.937510312) [Dbg] [SimulationRunner.cc:736] Publishers [Address, Message Type]:
(2026-04-15T16:35:40.937515698) (2026-04-15T16:35:40.937517493) [Dbg] [SimulationRunner.cc:741]   tcp://172.18.250.120:38283, gz.msgs.WorldStatistics
(2026-04-15T16:35:40.937775207) (2026-04-15T16:35:40.937780493) [Wrn] [SimulationRunner.cc:768] Found additional publishers on /clock, using namespaced clock topic only
(2026-04-15T16:35:40.937803332) (2026-04-15T16:35:40.937806823) [Dbg] [SimulationRunner.cc:770] Publishers [Address, Message Type]:
(2026-04-15T16:35:40.937814403) (2026-04-15T16:35:40.937817494) [Dbg] [SimulationRunner.cc:775]   tcp://172.18.250.120:38283, gz.msgs.Clock
(2026-04-15T16:35:40.937981059) (2026-04-15T16:35:40.937984649) [Dbg] [SimulationRunner.cc:551] Creating PostUpdate worker threads: 4
(2026-04-15T16:35:40.937996318) (2026-04-15T16:35:40.937998213) [Dbg] [SimulationRunner.cc:562] Creating postupdate worker thread (0)
(2026-04-15T16:35:40.938082588) (2026-04-15T16:35:40.938087675) [Dbg] [SimulationRunner.cc:562] Creating postupdate worker thread (1)
(2026-04-15T16:35:40.938140035) (2026-04-15T16:35:40.938143925) [Dbg] [SimulationRunner.cc:562] Creating postupdate worker thread (2)
(2026-04-15T16:35:40.947684218) (2026-04-15T16:35:40.947692396) [Msg] Serving scene information on [/world/lab2_world/scene/info]
(2026-04-15T16:35:40.947885183) (2026-04-15T16:35:40.947889372) [Msg] Serving graph information on [/world/lab2_world/scene/graph]
(2026-04-15T16:35:40.948099712) (2026-04-15T16:35:40.948103502) [Msg] Serving full state on [/world/lab2_world/state]
(2026-04-15T16:35:40.948223183) (2026-04-15T16:35:40.948235350) [Msg] Serving full state (async) on [/world/lab2_world/state_async]
(2026-04-15T16:35:40.948359919) (2026-04-15T16:35:40.948363409) [Msg] Publishing scene information on [/world/lab2_world/scene/info]
(2026-04-15T16:35:40.948480198) (2026-04-15T16:35:40.948485385) [Msg] Publishing entity deletions on [/world/lab2_world/scene/deletion]
(2026-04-15T16:35:40.948575345) (2026-04-15T16:35:40.948579235) [Msg] Publishing state changes on [/world/lab2_world/state]
(2026-04-15T16:35:40.948659022) (2026-04-15T16:35:40.948664009) [Msg] Publishing pose messages on [/world/lab2_world/pose/info]
(2026-04-15T16:35:40.948756862) (2026-04-15T16:35:40.948760452) [Msg] Publishing dynamic pose messages on [/world/lab2_world/dynamic_pose/info]
(2026-04-15T16:36:44.800991873) (2026-04-15T16:36:44.801003368) [Dbg] [SignalHandler.cc:142] Received signal[15].
(2026-04-15T16:36:44.801028758) (2026-04-15T16:36:44.801033956) [Dbg] [ServerPrivate.cc:122] Server received signal[15]
(2026-04-15T16:36:44.801057047) (2026-04-15T16:36:44.801062645) [Dbg] [Sensors.cc:565] SensorsPrivate::Stop
(2026-04-15T16:36:44.801120222) (2026-04-15T16:36:44.801128019) [Dbg] [Sensors.cc:391] Rendering Thread initialized
(2026-04-15T16:36:44.801162006) (2026-04-15T16:36:44.801167204) [Dbg] [Sensors.cc:551] SensorsPrivate::RenderThread stopped
