[0.790s] Invoking command in '/home/dima/ros2_ws/src/lab2_navigator': PYTHONPATH=/home/dima/ros2_ws/build/lab2_navigator/prefix_override:/usr/lib/python3/dist-packages/colcon_core/task/python/colcon_distutils_commands:/home/dima/ros2_ws/install/lab2_navigator/lib/python3.12/site-packages:${PYTHONPATH} /usr/bin/python3 -W ignore:setup.py install is deprecated -W ignore:easy_install command is deprecated setup.py egg_info --egg-base ../../build/lab2_navigator build --build-base /home/dima/ros2_ws/build/lab2_navigator/build install --record /home/dima/ros2_ws/build/lab2_navigator/install.log --single-version-externally-managed install_data
[1.054s] running egg_info
[1.071s] writing ../../build/lab2_navigator/lab2_navigator.egg-info/PKG-INFO
[1.071s] writing dependency_links to ../../build/lab2_navigator/lab2_navigator.egg-info/dependency_links.txt
[1.071s] writing entry points to ../../build/lab2_navigator/lab2_navigator.egg-info/entry_points.txt
[1.071s] writing requirements to ../../build/lab2_navigator/lab2_navigator.egg-info/requires.txt
[1.071s] writing top-level names to ../../build/lab2_navigator/lab2_navigator.egg-info/top_level.txt
[1.120s] reading manifest file '../../build/lab2_navigator/lab2_navigator.egg-info/SOURCES.txt'
[1.121s] writing manifest file '../../build/lab2_navigator/lab2_navigator.egg-info/SOURCES.txt'
[1.121s] running build
[1.121s] running build_py
[1.121s] copying lab2_navigator/go_to_point.py -> /home/dima/ros2_ws/build/lab2_navigator/build/lib/lab2_navigator
[1.121s] running install
[1.126s] running install_lib
[1.146s] copying /home/dima/ros2_ws/build/lab2_navigator/build/lib/lab2_navigator/go_to_point.py -> /home/dima/ros2_ws/install/lab2_navigator/lib/python3.12/site-packages/lab2_navigator
[1.146s] byte-compiling /home/dima/ros2_ws/install/lab2_navigator/lib/python3.12/site-packages/lab2_navigator/go_to_point.py to go_to_point.cpython-312.pyc
[1.147s] running install_data
[1.147s] running install_egg_info
[1.165s] removing '/home/dima/ros2_ws/install/lab2_navigator/lib/python3.12/site-packages/lab2_navigator-0.0.0-py3.12.egg-info' (and everything under it)
[1.165s] Copying ../../build/lab2_navigator/lab2_navigator.egg-info to /home/dima/ros2_ws/install/lab2_navigator/lib/python3.12/site-packages/lab2_navigator-0.0.0-py3.12.egg-info
[1.166s] running install_scripts
[1.301s] Installing cmd_vel_bridge script to /home/dima/ros2_ws/install/lab2_navigator/lib/lab2_navigator
[1.301s] Installing go_to_point script to /home/dima/ros2_ws/install/lab2_navigator/lib/lab2_navigator
[1.301s] writing list of installed files to '/home/dima/ros2_ws/build/lab2_navigator/install.log'
[1.330s] Invoked command in '/home/dima/ros2_ws/src/lab2_navigator' returned '0': PYTHONPATH=/home/dima/ros2_ws/build/lab2_navigator/prefix_override:/usr/lib/python3/dist-packages/colcon_core/task/python/colcon_distutils_commands:/home/dima/ros2_ws/install/lab2_navigator/lib/python3.12/site-packages:${PYTHONPATH} /usr/bin/python3 -W ignore:setup.py install is deprecated -W ignore:easy_install command is deprecated setup.py egg_info --egg-base ../../build/lab2_navigator build --build-base /home/dima/ros2_ws/build/lab2_navigator/build install --record /home/dima/ros2_ws/build/lab2_navigator/install.log --single-version-externally-managed install_data
