[0.243s] Invoking command in '/home/dima/ros2_ws/build/my_lab2_worlds': CMAKE_PREFIX_PATH=${CMAKE_PREFIX_PATH}:/home/dima/ros2_ws/install/ulstu_turtlesim:/home/dima/ros2_ws/install/my_lab2_nav:/home/dima/turtlebot3_ws/install/turtlebot3_teleop:/home/dima/turtlebot3_ws/install/turtlebot3_example:/opt/ros/jazzy /usr/bin/cmake --build /home/dima/ros2_ws/build/my_lab2_worlds -- -j12 -l12
[0.469s] Invoked command in '/home/dima/ros2_ws/build/my_lab2_worlds' returned '0': CMAKE_PREFIX_PATH=${CMAKE_PREFIX_PATH}:/home/dima/ros2_ws/install/ulstu_turtlesim:/home/dima/ros2_ws/install/my_lab2_nav:/home/dima/turtlebot3_ws/install/turtlebot3_teleop:/home/dima/turtlebot3_ws/install/turtlebot3_example:/opt/ros/jazzy /usr/bin/cmake --build /home/dima/ros2_ws/build/my_lab2_worlds -- -j12 -l12
[0.479s] Invoking command in '/home/dima/ros2_ws/build/my_lab2_worlds': CMAKE_PREFIX_PATH=${CMAKE_PREFIX_PATH}:/home/dima/ros2_ws/install/ulstu_turtlesim:/home/dima/ros2_ws/install/my_lab2_nav:/home/dima/turtlebot3_ws/install/turtlebot3_teleop:/home/dima/turtlebot3_ws/install/turtlebot3_example:/opt/ros/jazzy /usr/bin/cmake --install /home/dima/ros2_ws/build/my_lab2_worlds
[0.487s] -- Install configuration: ""
[0.488s] -- Execute custom install script
[0.488s] -- Up-to-date symlink: /home/dima/ros2_ws/install/my_lab2_worlds/share/my_lab2_worlds/worlds/lab2_gulyaev.sdf
[0.488s] -- Up-to-date symlink: /home/dima/ros2_ws/install/my_lab2_worlds/share/my_lab2_worlds/launch/lab2_world.launch.py
[0.489s] -- Up-to-date symlink: /home/dima/ros2_ws/install/my_lab2_worlds/share/ament_index/resource_index/package_run_dependencies/my_lab2_worlds
[0.489s] -- Up-to-date symlink: /home/dima/ros2_ws/install/my_lab2_worlds/share/ament_index/resource_index/parent_prefix_path/my_lab2_worlds
[0.489s] -- Up-to-date symlink: /home/dima/ros2_ws/install/my_lab2_worlds/share/my_lab2_worlds/environment/ament_prefix_path.sh
[0.489s] -- Up-to-date symlink: /home/dima/ros2_ws/install/my_lab2_worlds/share/my_lab2_worlds/environment/ament_prefix_path.dsv
[0.490s] -- Up-to-date symlink: /home/dima/ros2_ws/install/my_lab2_worlds/share/my_lab2_worlds/environment/path.sh
[0.490s] -- Up-to-date symlink: /home/dima/ros2_ws/install/my_lab2_worlds/share/my_lab2_worlds/environment/path.dsv
[0.490s] -- Up-to-date symlink: /home/dima/ros2_ws/install/my_lab2_worlds/share/my_lab2_worlds/local_setup.bash
[0.490s] -- Up-to-date symlink: /home/dima/ros2_ws/install/my_lab2_worlds/share/my_lab2_worlds/local_setup.sh
[0.490s] -- Up-to-date symlink: /home/dima/ros2_ws/install/my_lab2_worlds/share/my_lab2_worlds/local_setup.zsh
[0.491s] -- Up-to-date symlink: /home/dima/ros2_ws/install/my_lab2_worlds/share/my_lab2_worlds/local_setup.dsv
[0.491s] -- Symlinking: /home/dima/ros2_ws/install/my_lab2_worlds/share/my_lab2_worlds/package.dsv
[0.506s] -- Up-to-date symlink: /home/dima/ros2_ws/install/my_lab2_worlds/share/ament_index/resource_index/packages/my_lab2_worlds
[0.506s] -- Up-to-date symlink: /home/dima/ros2_ws/install/my_lab2_worlds/share/my_lab2_worlds/cmake/my_lab2_worldsConfig.cmake
[0.506s] -- Up-to-date symlink: /home/dima/ros2_ws/install/my_lab2_worlds/share/my_lab2_worlds/cmake/my_lab2_worldsConfig-version.cmake
[0.506s] -- Up-to-date symlink: /home/dima/ros2_ws/install/my_lab2_worlds/share/my_lab2_worlds/package.xml
[0.508s] Invoked command in '/home/dima/ros2_ws/build/my_lab2_worlds' returned '0': CMAKE_PREFIX_PATH=${CMAKE_PREFIX_PATH}:/home/dima/ros2_ws/install/ulstu_turtlesim:/home/dima/ros2_ws/install/my_lab2_nav:/home/dima/turtlebot3_ws/install/turtlebot3_teleop:/home/dima/turtlebot3_ws/install/turtlebot3_example:/opt/ros/jazzy /usr/bin/cmake --install /home/dima/ros2_ws/build/my_lab2_worlds
