[0.808s] Invoking command in '/home/dima/ros2_ws/src/lab3_ellipse': PYTHONPATH=/home/dima/ros2_ws/build/lab3_ellipse/prefix_override:/usr/lib/python3/dist-packages/colcon_core/task/python/colcon_distutils_commands:/home/dima/ros2_ws/install/lab3_ellipse/lib/python3.12/site-packages:${PYTHONPATH} /usr/bin/python3 -W ignore:setup.py install is deprecated -W ignore:easy_install command is deprecated setup.py egg_info --egg-base ../../build/lab3_ellipse build --build-base /home/dima/ros2_ws/build/lab3_ellipse/build install --record /home/dima/ros2_ws/build/lab3_ellipse/install.log --single-version-externally-managed install_data
[1.006s] running egg_info
[1.022s] writing ../../build/lab3_ellipse/lab3_ellipse.egg-info/PKG-INFO
[1.023s] writing dependency_links to ../../build/lab3_ellipse/lab3_ellipse.egg-info/dependency_links.txt
[1.023s] writing entry points to ../../build/lab3_ellipse/lab3_ellipse.egg-info/entry_points.txt
[1.023s] writing requirements to ../../build/lab3_ellipse/lab3_ellipse.egg-info/requires.txt
[1.023s] writing top-level names to ../../build/lab3_ellipse/lab3_ellipse.egg-info/top_level.txt
[1.055s] reading manifest file '../../build/lab3_ellipse/lab3_ellipse.egg-info/SOURCES.txt'
[1.056s] writing manifest file '../../build/lab3_ellipse/lab3_ellipse.egg-info/SOURCES.txt'
[1.056s] running build
[1.056s] running build_py
[1.057s] copying lab3_ellipse/ellipse_motion.py -> /home/dima/ros2_ws/build/lab3_ellipse/build/lib/lab3_ellipse
[1.057s] copying lab3_ellipse/robot_controller.py -> /home/dima/ros2_ws/build/lab3_ellipse/build/lib/lab3_ellipse
[1.057s] copying lab3_ellipse/__init__.py -> /home/dima/ros2_ws/build/lab3_ellipse/build/lib/lab3_ellipse
[1.057s] copying lab3_ellipse/wall_follower.py -> /home/dima/ros2_ws/build/lab3_ellipse/build/lib/lab3_ellipse
[1.057s] running install
[1.062s] running install_lib
[1.078s] copying /home/dima/ros2_ws/build/lab3_ellipse/build/lib/lab3_ellipse/ellipse_motion.py -> /home/dima/ros2_ws/install/lab3_ellipse/lib/python3.12/site-packages/lab3_ellipse
[1.079s] copying /home/dima/ros2_ws/build/lab3_ellipse/build/lib/lab3_ellipse/robot_controller.py -> /home/dima/ros2_ws/install/lab3_ellipse/lib/python3.12/site-packages/lab3_ellipse
[1.079s] copying /home/dima/ros2_ws/build/lab3_ellipse/build/lib/lab3_ellipse/__init__.py -> /home/dima/ros2_ws/install/lab3_ellipse/lib/python3.12/site-packages/lab3_ellipse
[1.079s] copying /home/dima/ros2_ws/build/lab3_ellipse/build/lib/lab3_ellipse/wall_follower.py -> /home/dima/ros2_ws/install/lab3_ellipse/lib/python3.12/site-packages/lab3_ellipse
[1.079s] byte-compiling /home/dima/ros2_ws/install/lab3_ellipse/lib/python3.12/site-packages/lab3_ellipse/ellipse_motion.py to ellipse_motion.cpython-312.pyc
[1.080s] byte-compiling /home/dima/ros2_ws/install/lab3_ellipse/lib/python3.12/site-packages/lab3_ellipse/robot_controller.py to robot_controller.cpython-312.pyc
[1.081s] byte-compiling /home/dima/ros2_ws/install/lab3_ellipse/lib/python3.12/site-packages/lab3_ellipse/__init__.py to __init__.cpython-312.pyc
[1.082s] byte-compiling /home/dima/ros2_ws/install/lab3_ellipse/lib/python3.12/site-packages/lab3_ellipse/wall_follower.py to wall_follower.cpython-312.pyc
[1.083s] running install_data
[1.083s] copying package.xml -> /home/dima/ros2_ws/install/lab3_ellipse/share/lab3_ellipse
[1.083s] running install_egg_info
[1.100s] Copying ../../build/lab3_ellipse/lab3_ellipse.egg-info to /home/dima/ros2_ws/install/lab3_ellipse/lib/python3.12/site-packages/lab3_ellipse-0.0.1-py3.12.egg-info
[1.101s] running install_scripts
[1.205s] Installing robot script to /home/dima/ros2_ws/install/lab3_ellipse/lib/lab3_ellipse
[1.206s] writing list of installed files to '/home/dima/ros2_ws/build/lab3_ellipse/install.log'
[1.226s] Invoked command in '/home/dima/ros2_ws/src/lab3_ellipse' returned '0': PYTHONPATH=/home/dima/ros2_ws/build/lab3_ellipse/prefix_override:/usr/lib/python3/dist-packages/colcon_core/task/python/colcon_distutils_commands:/home/dima/ros2_ws/install/lab3_ellipse/lib/python3.12/site-packages:${PYTHONPATH} /usr/bin/python3 -W ignore:setup.py install is deprecated -W ignore:easy_install command is deprecated setup.py egg_info --egg-base ../../build/lab3_ellipse build --build-base /home/dima/ros2_ws/build/lab3_ellipse/build install --record /home/dima/ros2_ws/build/lab3_ellipse/install.log --single-version-externally-managed install_data
