[0.215s] DEBUG:colcon:Command line arguments: ['/usr/bin/colcon', 'build', '--packages-select', 'my_lab2_worlds']
[0.215s] DEBUG:colcon:Parsed command line arguments: Namespace(log_base=None, log_level=None, verb_name='build', build_base='build', install_base='install', merge_install=False, symlink_install=False, test_result_base=None, continue_on_error=False, executor='parallel', parallel_workers=12, event_handlers=None, ignore_user_meta=False, metas=['./colcon.meta'], base_paths=['.'], packages_ignore=None, packages_ignore_regex=None, paths=None, packages_up_to=None, packages_up_to_regex=None, packages_above=None, packages_above_and_dependencies=None, packages_above_depth=None, packages_select_by_dep=None, packages_skip_by_dep=None, packages_skip_up_to=None, packages_select_build_failed=False, packages_skip_build_finished=False, packages_select_test_failures=False, packages_skip_test_passed=False, packages_select=['my_lab2_worlds'], packages_skip=None, packages_select_regex=None, packages_skip_regex=None, packages_start=None, packages_end=None, allow_overriding=[], cmake_args=None, cmake_target=None, cmake_target_skip_unavailable=False, cmake_clean_cache=False, cmake_clean_first=False, cmake_force_configure=False, ament_cmake_args=None, catkin_cmake_args=None, catkin_skip_building_tests=False, verb_parser=<colcon_defaults.argument_parser.defaults.DefaultArgumentsDecorator object at 0x7ca3e8f9c7d0>, verb_extension=<colcon_core.verb.build.BuildVerb object at 0x7ca3e8f9c560>, main=<bound method BuildVerb.main of <colcon_core.verb.build.BuildVerb object at 0x7ca3e8f9c560>>)
[0.298s] Level 1:colcon.colcon_core.package_discovery:discover_packages(colcon_meta) check parameters
[0.299s] Level 1:colcon.colcon_core.package_discovery:discover_packages(recursive) check parameters
[0.299s] Level 1:colcon.colcon_core.package_discovery:discover_packages(ignore) check parameters
[0.299s] Level 1:colcon.colcon_core.package_discovery:discover_packages(path) check parameters
[0.299s] Level 1:colcon.colcon_core.package_discovery:discover_packages(colcon_meta) discover
[0.299s] Level 1:colcon.colcon_core.package_discovery:discover_packages(recursive) discover
[0.299s] INFO:colcon.colcon_core.package_discovery:Crawling recursively for packages in '/home/dima/ros2_ws'
[0.299s] Level 1:colcon.colcon_core.package_identification:_identify(.) by extensions ['ignore', 'ignore_ament_install']
[0.299s] Level 1:colcon.colcon_core.package_identification:_identify(.) by extension 'ignore'
[0.299s] Level 1:colcon.colcon_core.package_identification:_identify(.) by extension 'ignore_ament_install'
[0.299s] Level 1:colcon.colcon_core.package_identification:_identify(.) by extensions ['colcon_pkg']
[0.299s] Level 1:colcon.colcon_core.package_identification:_identify(.) by extension 'colcon_pkg'
[0.299s] Level 1:colcon.colcon_core.package_identification:_identify(.) by extensions ['colcon_meta']
[0.299s] Level 1:colcon.colcon_core.package_identification:_identify(.) by extension 'colcon_meta'
[0.299s] Level 1:colcon.colcon_core.package_identification:_identify(.) by extensions ['ros']
[0.299s] Level 1:colcon.colcon_core.package_identification:_identify(.) by extension 'ros'
[0.340s] Level 1:colcon.colcon_core.package_identification:_identify(.) by extensions ['cmake', 'python']
[0.340s] Level 1:colcon.colcon_core.package_identification:_identify(.) by extension 'cmake'
[0.340s] Level 1:colcon.colcon_core.package_identification:_identify(.) by extension 'python'
[0.340s] Level 1:colcon.colcon_core.package_identification:_identify(.) by extensions ['python_setup_py']
[0.340s] Level 1:colcon.colcon_core.package_identification:_identify(.) by extension 'python_setup_py'
[0.340s] Level 1:colcon.colcon_core.package_identification:_identify(build) by extensions ['ignore', 'ignore_ament_install']
[0.340s] Level 1:colcon.colcon_core.package_identification:_identify(build) by extension 'ignore'
[0.340s] Level 1:colcon.colcon_core.package_identification:_identify(build) ignored
[0.340s] Level 1:colcon.colcon_core.package_identification:_identify(install) by extensions ['ignore', 'ignore_ament_install']
[0.340s] Level 1:colcon.colcon_core.package_identification:_identify(install) by extension 'ignore'
[0.340s] Level 1:colcon.colcon_core.package_identification:_identify(install) ignored
[0.340s] Level 1:colcon.colcon_core.package_identification:_identify(log) by extensions ['ignore', 'ignore_ament_install']
[0.340s] Level 1:colcon.colcon_core.package_identification:_identify(log) by extension 'ignore'
[0.341s] Level 1:colcon.colcon_core.package_identification:_identify(log) ignored
[0.341s] Level 1:colcon.colcon_core.package_identification:_identify(src) by extensions ['ignore', 'ignore_ament_install']
[0.341s] Level 1:colcon.colcon_core.package_identification:_identify(src) by extension 'ignore'
[0.341s] Level 1:colcon.colcon_core.package_identification:_identify(src) by extension 'ignore_ament_install'
[0.341s] Level 1:colcon.colcon_core.package_identification:_identify(src) by extensions ['colcon_pkg']
[0.341s] Level 1:colcon.colcon_core.package_identification:_identify(src) by extension 'colcon_pkg'
[0.341s] Level 1:colcon.colcon_core.package_identification:_identify(src) by extensions ['colcon_meta']
[0.341s] Level 1:colcon.colcon_core.package_identification:_identify(src) by extension 'colcon_meta'
[0.341s] Level 1:colcon.colcon_core.package_identification:_identify(src) by extensions ['ros']
[0.341s] Level 1:colcon.colcon_core.package_identification:_identify(src) by extension 'ros'
[0.341s] Level 1:colcon.colcon_core.package_identification:_identify(src) by extensions ['cmake', 'python']
[0.341s] Level 1:colcon.colcon_core.package_identification:_identify(src) by extension 'cmake'
[0.341s] Level 1:colcon.colcon_core.package_identification:_identify(src) by extension 'python'
[0.341s] Level 1:colcon.colcon_core.package_identification:_identify(src) by extensions ['python_setup_py']
[0.341s] Level 1:colcon.colcon_core.package_identification:_identify(src) by extension 'python_setup_py'
[0.341s] Level 1:colcon.colcon_core.package_identification:_identify(src/my_lab2_nav) by extensions ['ignore', 'ignore_ament_install']
[0.341s] Level 1:colcon.colcon_core.package_identification:_identify(src/my_lab2_nav) by extension 'ignore'
[0.341s] Level 1:colcon.colcon_core.package_identification:_identify(src/my_lab2_nav) by extension 'ignore_ament_install'
[0.341s] Level 1:colcon.colcon_core.package_identification:_identify(src/my_lab2_nav) by extensions ['colcon_pkg']
[0.341s] Level 1:colcon.colcon_core.package_identification:_identify(src/my_lab2_nav) by extension 'colcon_pkg'
[0.341s] Level 1:colcon.colcon_core.package_identification:_identify(src/my_lab2_nav) by extensions ['colcon_meta']
[0.342s] Level 1:colcon.colcon_core.package_identification:_identify(src/my_lab2_nav) by extension 'colcon_meta'
[0.342s] Level 1:colcon.colcon_core.package_identification:_identify(src/my_lab2_nav) by extensions ['ros']
[0.342s] Level 1:colcon.colcon_core.package_identification:_identify(src/my_lab2_nav) by extension 'ros'
[0.346s] DEBUG:colcon.colcon_core.package_identification:Package 'src/my_lab2_nav' with type 'ros.ament_python' and name 'my_lab2_nav'
[0.346s] Level 1:colcon.colcon_core.package_identification:_identify(src/my_lab2_worlds) by extensions ['ignore', 'ignore_ament_install']
[0.346s] Level 1:colcon.colcon_core.package_identification:_identify(src/my_lab2_worlds) by extension 'ignore'
[0.347s] Level 1:colcon.colcon_core.package_identification:_identify(src/my_lab2_worlds) by extension 'ignore_ament_install'
[0.347s] Level 1:colcon.colcon_core.package_identification:_identify(src/my_lab2_worlds) by extensions ['colcon_pkg']
[0.347s] Level 1:colcon.colcon_core.package_identification:_identify(src/my_lab2_worlds) by extension 'colcon_pkg'
[0.347s] Level 1:colcon.colcon_core.package_identification:_identify(src/my_lab2_worlds) by extensions ['colcon_meta']
[0.347s] Level 1:colcon.colcon_core.package_identification:_identify(src/my_lab2_worlds) by extension 'colcon_meta'
[0.347s] Level 1:colcon.colcon_core.package_identification:_identify(src/my_lab2_worlds) by extensions ['ros']
[0.347s] Level 1:colcon.colcon_core.package_identification:_identify(src/my_lab2_worlds) by extension 'ros'
[0.347s] DEBUG:colcon.colcon_core.package_identification:Package 'src/my_lab2_worlds' with type 'ros.ament_cmake' and name 'my_lab2_worlds'
[0.347s] Level 1:colcon.colcon_core.package_identification:_identify(src/ulstu_turtlesim) by extensions ['ignore', 'ignore_ament_install']
[0.347s] Level 1:colcon.colcon_core.package_identification:_identify(src/ulstu_turtlesim) by extension 'ignore'
[0.347s] Level 1:colcon.colcon_core.package_identification:_identify(src/ulstu_turtlesim) by extension 'ignore_ament_install'
[0.347s] Level 1:colcon.colcon_core.package_identification:_identify(src/ulstu_turtlesim) by extensions ['colcon_pkg']
[0.347s] Level 1:colcon.colcon_core.package_identification:_identify(src/ulstu_turtlesim) by extension 'colcon_pkg'
[0.348s] Level 1:colcon.colcon_core.package_identification:_identify(src/ulstu_turtlesim) by extensions ['colcon_meta']
[0.348s] Level 1:colcon.colcon_core.package_identification:_identify(src/ulstu_turtlesim) by extension 'colcon_meta'
[0.348s] Level 1:colcon.colcon_core.package_identification:_identify(src/ulstu_turtlesim) by extensions ['ros']
[0.348s] Level 1:colcon.colcon_core.package_identification:_identify(src/ulstu_turtlesim) by extension 'ros'
[0.348s] DEBUG:colcon.colcon_core.package_identification:Package 'src/ulstu_turtlesim' with type 'ros.ament_python' and name 'ulstu_turtlesim'
[0.348s] Level 1:colcon.colcon_core.package_discovery:discover_packages(recursive) using defaults
[0.348s] Level 1:colcon.colcon_core.package_discovery:discover_packages(ignore) discover
[0.348s] Level 1:colcon.colcon_core.package_discovery:discover_packages(ignore) using defaults
[0.348s] Level 1:colcon.colcon_core.package_discovery:discover_packages(path) discover
[0.348s] Level 1:colcon.colcon_core.package_discovery:discover_packages(path) using defaults
[0.377s] INFO:colcon.colcon_core.package_selection:Skipping not selected package 'my_lab2_nav' in 'src/my_lab2_nav'
[0.377s] INFO:colcon.colcon_core.package_selection:Skipping not selected package 'ulstu_turtlesim' in 'src/ulstu_turtlesim'
[0.378s] Level 1:colcon.colcon_core.package_discovery:discover_packages(prefix_path) check parameters
[0.378s] Level 1:colcon.colcon_core.package_discovery:discover_packages(prefix_path) discover
[0.389s] DEBUG:colcon.colcon_installed_package_information.package_discovery:Found 3 installed packages in /home/dima/ros2_ws/install
[0.390s] DEBUG:colcon.colcon_installed_package_information.package_discovery:Found 12 installed packages in /home/dima/turtlebot3_ws/install
[0.391s] DEBUG:colcon.colcon_installed_package_information.package_discovery:Found 385 installed packages in /opt/ros/jazzy
[0.392s] Level 1:colcon.colcon_core.package_discovery:discover_packages(prefix_path) using defaults
[0.457s] Level 5:colcon.colcon_core.verb:set package 'my_lab2_worlds' build argument 'cmake_args' from command line to 'None'
[0.457s] Level 5:colcon.colcon_core.verb:set package 'my_lab2_worlds' build argument 'cmake_target' from command line to 'None'
[0.457s] Level 5:colcon.colcon_core.verb:set package 'my_lab2_worlds' build argument 'cmake_target_skip_unavailable' from command line to 'False'
[0.457s] Level 5:colcon.colcon_core.verb:set package 'my_lab2_worlds' build argument 'cmake_clean_cache' from command line to 'False'
[0.457s] Level 5:colcon.colcon_core.verb:set package 'my_lab2_worlds' build argument 'cmake_clean_first' from command line to 'False'
[0.457s] Level 5:colcon.colcon_core.verb:set package 'my_lab2_worlds' build argument 'cmake_force_configure' from command line to 'False'
[0.457s] Level 5:colcon.colcon_core.verb:set package 'my_lab2_worlds' build argument 'ament_cmake_args' from command line to 'None'
[0.457s] Level 5:colcon.colcon_core.verb:set package 'my_lab2_worlds' build argument 'catkin_cmake_args' from command line to 'None'
[0.457s] Level 5:colcon.colcon_core.verb:set package 'my_lab2_worlds' build argument 'catkin_skip_building_tests' from command line to 'False'
[0.457s] DEBUG:colcon.colcon_core.verb:Building package 'my_lab2_worlds' with the following arguments: {'ament_cmake_args': None, 'build_base': '/home/dima/ros2_ws/build/my_lab2_worlds', 'catkin_cmake_args': None, 'catkin_skip_building_tests': False, 'cmake_args': None, 'cmake_clean_cache': False, 'cmake_clean_first': False, 'cmake_force_configure': False, 'cmake_target': None, 'cmake_target_skip_unavailable': False, 'install_base': '/home/dima/ros2_ws/install/my_lab2_worlds', 'merge_install': False, 'path': '/home/dima/ros2_ws/src/my_lab2_worlds', 'symlink_install': False, 'test_result_base': None}
[0.457s] INFO:colcon.colcon_core.executor:Executing jobs using 'parallel' executor
[0.458s] DEBUG:colcon.colcon_parallel_executor.executor.parallel:run_until_complete
[0.458s] INFO:colcon.colcon_ros.task.ament_cmake.build:Building ROS package in '/home/dima/ros2_ws/src/my_lab2_worlds' with build type 'ament_cmake'
[0.459s] INFO:colcon.colcon_cmake.task.cmake.build:Building CMake package in '/home/dima/ros2_ws/src/my_lab2_worlds'
[0.466s] INFO:colcon.colcon_core.plugin_system:Skipping extension 'colcon_core.shell.bat': Not used on non-Windows systems
[0.466s] INFO:colcon.colcon_core.shell:Skip shell extension 'powershell' for command environment: Not usable outside of PowerShell
[0.466s] DEBUG:colcon.colcon_core.shell:Skip shell extension 'dsv' for command environment
[0.477s] DEBUG:colcon.colcon_core.event_handler.log_command:Invoking command in '/home/dima/ros2_ws/build/my_lab2_worlds': CMAKE_PREFIX_PATH=${CMAKE_PREFIX_PATH}:/home/dima/ros2_ws/install/ulstu_turtlesim:/home/dima/ros2_ws/install/my_lab2_nav:/home/dima/turtlebot3_ws/install/turtlebot3_teleop:/home/dima/turtlebot3_ws/install/turtlebot3_example:/opt/ros/jazzy /usr/bin/cmake /home/dima/ros2_ws/src/my_lab2_worlds -DCMAKE_INSTALL_PREFIX=/home/dima/ros2_ws/install/my_lab2_worlds
[0.945s] DEBUG:colcon.colcon_core.event_handler.log_command:Invoked command in '/home/dima/ros2_ws/build/my_lab2_worlds' returned '0': CMAKE_PREFIX_PATH=${CMAKE_PREFIX_PATH}:/home/dima/ros2_ws/install/ulstu_turtlesim:/home/dima/ros2_ws/install/my_lab2_nav:/home/dima/turtlebot3_ws/install/turtlebot3_teleop:/home/dima/turtlebot3_ws/install/turtlebot3_example:/opt/ros/jazzy /usr/bin/cmake /home/dima/ros2_ws/src/my_lab2_worlds -DCMAKE_INSTALL_PREFIX=/home/dima/ros2_ws/install/my_lab2_worlds
[0.946s] DEBUG:colcon.colcon_core.event_handler.log_command:Invoking command in '/home/dima/ros2_ws/build/my_lab2_worlds': CMAKE_PREFIX_PATH=${CMAKE_PREFIX_PATH}:/home/dima/ros2_ws/install/ulstu_turtlesim:/home/dima/ros2_ws/install/my_lab2_nav:/home/dima/turtlebot3_ws/install/turtlebot3_teleop:/home/dima/turtlebot3_ws/install/turtlebot3_example:/opt/ros/jazzy /usr/bin/cmake --build /home/dima/ros2_ws/build/my_lab2_worlds -- -j12 -l12
[0.990s] DEBUG:colcon.colcon_core.event_handler.log_command:Invoked command in '/home/dima/ros2_ws/build/my_lab2_worlds' returned '0': CMAKE_PREFIX_PATH=${CMAKE_PREFIX_PATH}:/home/dima/ros2_ws/install/ulstu_turtlesim:/home/dima/ros2_ws/install/my_lab2_nav:/home/dima/turtlebot3_ws/install/turtlebot3_teleop:/home/dima/turtlebot3_ws/install/turtlebot3_example:/opt/ros/jazzy /usr/bin/cmake --build /home/dima/ros2_ws/build/my_lab2_worlds -- -j12 -l12
[1.000s] DEBUG:colcon.colcon_core.event_handler.log_command:Invoking command in '/home/dima/ros2_ws/build/my_lab2_worlds': CMAKE_PREFIX_PATH=${CMAKE_PREFIX_PATH}:/home/dima/ros2_ws/install/ulstu_turtlesim:/home/dima/ros2_ws/install/my_lab2_nav:/home/dima/turtlebot3_ws/install/turtlebot3_teleop:/home/dima/turtlebot3_ws/install/turtlebot3_example:/opt/ros/jazzy /usr/bin/cmake --install /home/dima/ros2_ws/build/my_lab2_worlds
[1.023s] Level 1:colcon.colcon_core.environment:create_environment_scripts_only(my_lab2_worlds)
[1.024s] DEBUG:colcon.colcon_core.event_handler.log_command:Invoked command in '/home/dima/ros2_ws/build/my_lab2_worlds' returned '0': CMAKE_PREFIX_PATH=${CMAKE_PREFIX_PATH}:/home/dima/ros2_ws/install/ulstu_turtlesim:/home/dima/ros2_ws/install/my_lab2_nav:/home/dima/turtlebot3_ws/install/turtlebot3_teleop:/home/dima/turtlebot3_ws/install/turtlebot3_example:/opt/ros/jazzy /usr/bin/cmake --install /home/dima/ros2_ws/build/my_lab2_worlds
[1.033s] Level 1:colcon.colcon_core.environment:checking '/home/dima/ros2_ws/install/my_lab2_worlds' for CMake module files
[1.033s] Level 1:colcon.colcon_core.environment:checking '/home/dima/ros2_ws/install/my_lab2_worlds' for CMake config files
[1.033s] Level 1:colcon.colcon_core.shell:create_environment_hook('my_lab2_worlds', 'cmake_prefix_path')
[1.034s] INFO:colcon.colcon_core.shell:Creating environment hook '/home/dima/ros2_ws/install/my_lab2_worlds/share/my_lab2_worlds/hook/cmake_prefix_path.ps1'
[1.035s] INFO:colcon.colcon_core.shell:Creating environment descriptor '/home/dima/ros2_ws/install/my_lab2_worlds/share/my_lab2_worlds/hook/cmake_prefix_path.dsv'
[1.035s] INFO:colcon.colcon_core.shell:Creating environment hook '/home/dima/ros2_ws/install/my_lab2_worlds/share/my_lab2_worlds/hook/cmake_prefix_path.sh'
[1.036s] Level 1:colcon.colcon_core.environment:checking '/home/dima/ros2_ws/install/my_lab2_worlds/bin'
[1.036s] Level 1:colcon.colcon_core.environment:checking '/home/dima/ros2_ws/install/my_lab2_worlds/lib/pkgconfig/my_lab2_worlds.pc'
[1.037s] Level 1:colcon.colcon_core.environment:checking '/home/dima/ros2_ws/install/my_lab2_worlds/lib/python3.12/site-packages'
[1.037s] Level 1:colcon.colcon_core.environment:checking '/home/dima/ros2_ws/install/my_lab2_worlds/bin'
[1.037s] INFO:colcon.colcon_core.shell:Creating package script '/home/dima/ros2_ws/install/my_lab2_worlds/share/my_lab2_worlds/package.ps1'
[1.038s] INFO:colcon.colcon_core.shell:Creating package descriptor '/home/dima/ros2_ws/install/my_lab2_worlds/share/my_lab2_worlds/package.dsv'
[1.039s] INFO:colcon.colcon_core.shell:Creating package script '/home/dima/ros2_ws/install/my_lab2_worlds/share/my_lab2_worlds/package.sh'
[1.040s] INFO:colcon.colcon_core.shell:Creating package script '/home/dima/ros2_ws/install/my_lab2_worlds/share/my_lab2_worlds/package.bash'
[1.041s] INFO:colcon.colcon_core.shell:Creating package script '/home/dima/ros2_ws/install/my_lab2_worlds/share/my_lab2_worlds/package.zsh'
[1.042s] Level 1:colcon.colcon_core.environment:create_file_with_runtime_dependencies(/home/dima/ros2_ws/install/my_lab2_worlds/share/colcon-core/packages/my_lab2_worlds)
[1.042s] Level 1:colcon.colcon_core.environment:create_environment_scripts_only(my_lab2_worlds)
[1.042s] Level 1:colcon.colcon_core.environment:checking '/home/dima/ros2_ws/install/my_lab2_worlds' for CMake module files
[1.043s] Level 1:colcon.colcon_core.environment:checking '/home/dima/ros2_ws/install/my_lab2_worlds' for CMake config files
[1.043s] Level 1:colcon.colcon_core.shell:create_environment_hook('my_lab2_worlds', 'cmake_prefix_path')
[1.043s] INFO:colcon.colcon_core.shell:Creating environment hook '/home/dima/ros2_ws/install/my_lab2_worlds/share/my_lab2_worlds/hook/cmake_prefix_path.ps1'
[1.044s] INFO:colcon.colcon_core.shell:Creating environment descriptor '/home/dima/ros2_ws/install/my_lab2_worlds/share/my_lab2_worlds/hook/cmake_prefix_path.dsv'
[1.044s] INFO:colcon.colcon_core.shell:Creating environment hook '/home/dima/ros2_ws/install/my_lab2_worlds/share/my_lab2_worlds/hook/cmake_prefix_path.sh'
[1.044s] Level 1:colcon.colcon_core.environment:checking '/home/dima/ros2_ws/install/my_lab2_worlds/bin'
[1.044s] Level 1:colcon.colcon_core.environment:checking '/home/dima/ros2_ws/install/my_lab2_worlds/lib/pkgconfig/my_lab2_worlds.pc'
[1.045s] Level 1:colcon.colcon_core.environment:checking '/home/dima/ros2_ws/install/my_lab2_worlds/lib/python3.12/site-packages'
[1.045s] Level 1:colcon.colcon_core.environment:checking '/home/dima/ros2_ws/install/my_lab2_worlds/bin'
[1.045s] INFO:colcon.colcon_core.shell:Creating package script '/home/dima/ros2_ws/install/my_lab2_worlds/share/my_lab2_worlds/package.ps1'
[1.046s] INFO:colcon.colcon_core.shell:Creating package descriptor '/home/dima/ros2_ws/install/my_lab2_worlds/share/my_lab2_worlds/package.dsv'
[1.046s] INFO:colcon.colcon_core.shell:Creating package script '/home/dima/ros2_ws/install/my_lab2_worlds/share/my_lab2_worlds/package.sh'
[1.046s] INFO:colcon.colcon_core.shell:Creating package script '/home/dima/ros2_ws/install/my_lab2_worlds/share/my_lab2_worlds/package.bash'
[1.047s] INFO:colcon.colcon_core.shell:Creating package script '/home/dima/ros2_ws/install/my_lab2_worlds/share/my_lab2_worlds/package.zsh'
[1.047s] Level 1:colcon.colcon_core.environment:create_file_with_runtime_dependencies(/home/dima/ros2_ws/install/my_lab2_worlds/share/colcon-core/packages/my_lab2_worlds)
[1.047s] DEBUG:colcon.colcon_parallel_executor.executor.parallel:closing loop
[1.047s] DEBUG:colcon.colcon_parallel_executor.executor.parallel:loop closed
[1.047s] DEBUG:colcon.colcon_parallel_executor.executor.parallel:run_until_complete finished with '0'
[1.047s] DEBUG:colcon.colcon_core.event_reactor:joining thread
[1.082s] INFO:colcon.colcon_core.plugin_system:Skipping extension 'colcon_notification.desktop_notification.notify_send': Could not find 'notify-send'
[1.082s] INFO:colcon.colcon_core.plugin_system:Skipping extension 'colcon_notification.desktop_notification.terminal_notifier': Not used on non-Darwin systems
[1.082s] INFO:colcon.colcon_core.plugin_system:Skipping extension 'colcon_notification.desktop_notification.win32': Not used on non-Windows systems
[1.082s] INFO:colcon.colcon_notification.desktop_notification:Sending desktop notification using 'notify2'
[1.085s] DEBUG:colcon.colcon_notification.desktop_notification.notify2:Failed to initialize notify2: org.freedesktop.DBus.Error.ServiceUnknown: The name org.freedesktop.Notifications was not provided by any .service files
[1.085s] DEBUG:colcon.colcon_core.event_reactor:joined thread
[1.085s] INFO:colcon.colcon_core.shell:Creating prefix script '/home/dima/ros2_ws/install/local_setup.ps1'
[1.086s] INFO:colcon.colcon_core.shell:Creating prefix util module '/home/dima/ros2_ws/install/_local_setup_util_ps1.py'
[1.088s] INFO:colcon.colcon_core.shell:Creating prefix chain script '/home/dima/ros2_ws/install/setup.ps1'
[1.089s] INFO:colcon.colcon_core.shell:Creating prefix script '/home/dima/ros2_ws/install/local_setup.sh'
[1.090s] INFO:colcon.colcon_core.shell:Creating prefix util module '/home/dima/ros2_ws/install/_local_setup_util_sh.py'
[1.091s] INFO:colcon.colcon_core.shell:Creating prefix chain script '/home/dima/ros2_ws/install/setup.sh'
[1.093s] INFO:colcon.colcon_core.shell:Creating prefix script '/home/dima/ros2_ws/install/local_setup.bash'
[1.093s] INFO:colcon.colcon_core.shell:Creating prefix chain script '/home/dima/ros2_ws/install/setup.bash'
[1.095s] INFO:colcon.colcon_core.shell:Creating prefix script '/home/dima/ros2_ws/install/local_setup.zsh'
[1.096s] INFO:colcon.colcon_core.shell:Creating prefix chain script '/home/dima/ros2_ws/install/setup.zsh'
