(2026-04-16T09:45:38.30294081) (2026-04-16T09:45:38.30300123) [Msg] Gazebo Sim Server v8.11.0
(2026-04-16T09:45:38.35143290) (2026-04-16T09:45:38.35147592) [Msg] Loading SDF world file[/home/dima/ros2_ws/src/lab2_world/worlds/lab2_world.sdf].
(2026-04-16T09:45:38.264245397) (2026-04-16T09:45:38.264251132) [Msg] Serving entity system service on [/entity/system/add]
(2026-04-16T09:45:38.339717211) (2026-04-16T09:45:38.339722536) [Dbg] [Physics.cc:906] Loaded [gz::physics::dartsim::Plugin] from library [/opt/ros/jazzy/opt/gz_physics_vendor/lib/gz-physics-7/engine-plugins/libgz-physics-dartsim-plugin.so]
(2026-04-16T09:45:38.339764011) (2026-04-16T09:45:38.339766162) [Dbg] [SystemManager.cc:80] Loaded system [gz::sim::systems::Physics] for entity [1]
(2026-04-16T09:45:38.344073020) (2026-04-16T09:45:38.344077116) [Msg] Create service on [/world/lab2_world/create_multiple] (async)
(2026-04-16T09:45:38.344086947) (2026-04-16T09:45:38.344088791) [Msg] Create service on [/world/lab2_world/create_multiple/blocking] (blocking)
(2026-04-16T09:45:38.344218848) (2026-04-16T09:45:38.344223866) [Msg] Remove service on [/world/lab2_world/remove] (async)
(2026-04-16T09:45:38.344232059) (2026-04-16T09:45:38.344233902) [Msg] Remove service on [/world/lab2_world/remove/blocking] (blocking)
(2026-04-16T09:45:38.344359864) (2026-04-16T09:45:38.344363551) [Msg] Pose service on [/world/lab2_world/set_pose] (async)
(2026-04-16T09:45:38.344371948) (2026-04-16T09:45:38.344373996) [Msg] Pose service on [/world/lab2_world/set_pose/blocking] (blocking)
(2026-04-16T09:45:38.344478657) (2026-04-16T09:45:38.344482139) [Msg] Pose service on [/world/lab2_world/set_pose_vector] (async)
(2026-04-16T09:45:38.344490331) (2026-04-16T09:45:38.344492277) [Msg] Pose service on [/world/lab2_world/set_pose_vector/blocking] (blocking)
(2026-04-16T09:45:38.345006159) (2026-04-16T09:45:38.345009846) [Msg] Light configuration service on [/world/lab2_world/light_config] (async)
(2026-04-16T09:45:38.345017936) (2026-04-16T09:45:38.345019881) [Msg] Light configuration service on [/world/lab2_world/light_config/blocking] (blocking)
(2026-04-16T09:45:38.345327002) (2026-04-16T09:45:38.345330586) [Msg] Physics service on [/world/lab2_world/set_physics] (async)
(2026-04-16T09:45:38.345338779) (2026-04-16T09:45:38.345340827) [Msg] Physics service on [/world/lab2_world/set_physics/blocking] (blocking)
(2026-04-16T09:45:38.345482559) (2026-04-16T09:45:38.345486041) [Msg] SphericalCoordinates service on [/world/lab2_world/set_spherical_coordinates] (async)
(2026-04-16T09:45:38.345494234) (2026-04-16T09:45:38.345496180) [Msg] SphericalCoordinates service on [/world/lab2_world/set_spherical_coordinates/blocking] (blocking)
(2026-04-16T09:45:38.345577082) (2026-04-16T09:45:38.345580359) [Msg] Enable collision service on [/world/lab2_world/enable_collision] (async)
(2026-04-16T09:45:38.345588654) (2026-04-16T09:45:38.345590600) [Msg] Enable collision service on [/world/lab2_world/enable_collision/blocking] (blocking)
(2026-04-16T09:45:38.345694748) (2026-04-16T09:45:38.345698435) [Msg] Disable collision service on [/world/lab2_world/disable_collision] (async)
(2026-04-16T09:45:38.345707140) (2026-04-16T09:45:38.345709290) [Msg] Disable collision service on [/world/lab2_world/disable_collision/blocking] (blocking)
(2026-04-16T09:45:38.345842113) (2026-04-16T09:45:38.345846209) [Msg] Material service on [/world/lab2_world/visual_config] (async)
(2026-04-16T09:45:38.345861263) (2026-04-16T09:45:38.345863209) [Msg] Material service on [/world/lab2_world/visual_config/blocking] (blocking)
(2026-04-16T09:45:38.345967767) (2026-04-16T09:45:38.345971249) [Msg] Material service on [/world/lab2_world/wheel_slip] (async)
(2026-04-16T09:45:38.345979339) (2026-04-16T09:45:38.345981183) [Msg] Material service on [/world/lab2_world/wheel_slip/blocking] (blocking)
(2026-04-16T09:45:38.346004122) (2026-04-16T09:45:38.346006682) [Dbg] [SystemManager.cc:80] Loaded system [gz::sim::systems::UserCommands] for entity [1]
(2026-04-16T09:45:38.348530110) (2026-04-16T09:45:38.348533592) [Dbg] [SystemManager.cc:80] Loaded system [gz::sim::systems::SceneBroadcaster] for entity [1]
(2026-04-16T09:45:38.371883470) (2026-04-16T09:45:38.371889307) [Dbg] [Sensors.cc:697] Configuring Sensors system
(2026-04-16T09:45:38.371932933) (2026-04-16T09:45:38.371935083) [Dbg] [Sensors.cc:557] SensorsPrivate::Run
(2026-04-16T09:45:38.372000522) (2026-04-16T09:45:38.372004004) [Dbg] [SystemManager.cc:80] Loaded system [gz::sim::systems::Sensors] for entity [1]
(2026-04-16T09:45:38.372055310) (2026-04-16T09:45:38.372059611) [Dbg] [Sensors.cc:532] SensorsPrivate::RenderThread started
(2026-04-16T09:45:38.372072514) (2026-04-16T09:45:38.372074563) [Dbg] [Sensors.cc:337] Waiting for init
(2026-04-16T09:45:38.373534384) (2026-04-16T09:45:38.373538071) [Dbg] [SystemManager.cc:80] Loaded system [gz::sim::systems::Contact] for entity [1]
(2026-04-16T09:45:38.374908081) (2026-04-16T09:45:38.374911870) [Msg] Loaded level [default]
(2026-04-16T09:45:38.376115980) (2026-04-16T09:45:38.376119667) [Msg] Serving world controls on [/world/lab2_world/control], [/world/lab2_world/control/state] and [/world/lab2_world/playback/control]
(2026-04-16T09:45:38.376235285) (2026-04-16T09:45:38.376238869) [Msg] Serving GUI information on [/world/lab2_world/gui/info]
(2026-04-16T09:45:38.376247984) (2026-04-16T09:45:38.376249929) [Msg] World [lab2_world] initialized with [1ms] physics profile.
(2026-04-16T09:45:38.376750293) (2026-04-16T09:45:38.376753980) [Msg] Serving world SDF generation service on [/world/lab2_world/generate_world_sdf]
(2026-04-16T09:45:38.376885062) (2026-04-16T09:45:38.376888851) [Msg] Serving world names on [/gazebo/worlds]
(2026-04-16T09:45:38.376967807) (2026-04-16T09:45:38.376971494) [Msg] Resource path add service on [/gazebo/resource_paths/add].
(2026-04-16T09:45:38.377053011) (2026-04-16T09:45:38.377056390) [Msg] Resource path get service on [/gazebo/resource_paths/get].
(2026-04-16T09:45:38.377168322) (2026-04-16T09:45:38.377171701) [Msg] Resource path resolve service on [/gazebo/resource_paths/resolve].
(2026-04-16T09:45:38.477715890) (2026-04-16T09:45:38.477721932) [Msg] Resource paths published on [/gazebo/resource_paths].
(2026-04-16T09:45:38.477880254) (2026-04-16T09:45:38.477884043) [Msg] Server control service on [/server_control].
(2026-04-16T09:45:40.32675457) (2026-04-16T09:45:40.32682421) [Msg] Found no publishers on /stats, adding root stats topic
(2026-04-16T09:45:40.32980120) (2026-04-16T09:45:40.32986059) [Msg] Found no publishers on /clock, adding root clock topic
(2026-04-16T09:45:40.33459900) (2026-04-16T09:45:40.33471062) [Dbg] [SimulationRunner.cc:551] Creating PostUpdate worker threads: 4
(2026-04-16T09:45:40.33506905) (2026-04-16T09:45:40.33510796) [Dbg] [SimulationRunner.cc:562] Creating postupdate worker thread (0)
(2026-04-16T09:45:40.33638396) (2026-04-16T09:45:40.33643107) [Dbg] [SimulationRunner.cc:562] Creating postupdate worker thread (1)
(2026-04-16T09:45:40.33713768) (2026-04-16T09:45:40.33717762) [Dbg] [SimulationRunner.cc:562] Creating postupdate worker thread (2)
(2026-04-16T09:45:40.92255234) (2026-04-16T09:45:40.92263631) [Msg] DiffDrive subscribing to twist messages on [cmd_vel]
(2026-04-16T09:45:40.92283601) (2026-04-16T09:45:40.92286878) [Dbg] [SystemManager.cc:80] Loaded system [gz::sim::systems::DiffDrive] for entity [90]
(2026-04-16T09:45:40.94952345) (2026-04-16T09:45:40.94959719) [Dbg] [SystemManager.cc:80] Loaded system [gz::sim::systems::JointStatePublisher] for entity [90]
(2026-04-16T09:45:40.95084656) (2026-04-16T09:45:40.95086909) [Dbg] [UserCommands.cc:1094] Created entity [90] named [waffle]
(2026-04-16T09:45:40.117157817) (2026-04-16T09:45:40.117170311) [Dbg] [Sensors.cc:953] Initialization needed
(2026-04-16T09:45:40.117216496) (2026-04-16T09:45:40.117220798) [Dbg] [Sensors.cc:349] Initializing render context
(2026-04-16T09:45:40.117306513) (2026-04-16T09:45:40.117309175) [Msg] Loading plugin [gz-rendering-ogre2]
(2026-04-16T09:45:40.117979024) (2026-04-16T09:45:40.117985169) [Msg] Serving scene information on [/world/lab2_world/scene/info]
(2026-04-16T09:45:40.118121473) (2026-04-16T09:45:40.118129051) [Msg] Serving graph information on [/world/lab2_world/scene/graph]
(2026-04-16T09:45:40.118321578) (2026-04-16T09:45:40.118327210) [Msg] Serving full state on [/world/lab2_world/state]
(2026-04-16T09:45:40.118435455) (2026-04-16T09:45:40.118440473) [Msg] Serving full state (async) on [/world/lab2_world/state_async]
(2026-04-16T09:45:40.118537965) (2026-04-16T09:45:40.118541652) [Msg] Publishing scene information on [/world/lab2_world/scene/info]
(2026-04-16T09:45:40.118685023) (2026-04-16T09:45:40.118689938) [Msg] Publishing entity deletions on [/world/lab2_world/scene/deletion]
(2026-04-16T09:45:40.118815081) (2026-04-16T09:45:40.118820406) [Msg] Publishing state changes on [/world/lab2_world/state]
(2026-04-16T09:45:40.118949440) (2026-04-16T09:45:40.118972891) [Msg] Publishing pose messages on [/world/lab2_world/pose/info]
(2026-04-16T09:45:40.119067925) (2026-04-16T09:45:40.119071510) [Msg] Publishing dynamic pose messages on [/world/lab2_world/dynamic_pose/info]
(2026-04-16T09:45:40.119426659) (2026-04-16T09:45:40.119430756) [Dbg] [EntityComponentManager.cc:1656] Updated state thread iterators: 16 threads processing around 8 entities each.
((2026-04-16T09:45:40.130435078) (2026-04-16T09:45:40.130459860) ([Dbg] [SimulationRunner.cc:578] Exiting postupdate worker thread (2)
2026-04-16T09:45:40.130485155) (2026-04-16T09:45:40.130507890) [Dbg] [SimulationRunner.cc:578] ) Exiting postupdate worker thread (1(2026-04-16T09:45:40.130556841)
) [Dbg] [SimulationRunner.cc:578] Exiting postupdate worker thread (0)
(2026-04-16T09:45:40.130717723) (2026-04-16T09:45:40.130721819) [Dbg] [SimulationRunner.cc:551] Creating PostUpdate worker threads: 6
(2026-04-16T09:45:40.130736566) (2026-04-16T09:45:40.130738614) [Dbg] [SimulationRunner.cc:562] Creating postupdate worker thread (0)
(2026-04-16T09:45:40.157126212) (2026-04-16T09:45:40.157133585) [Dbg] [SimulationRunner.cc:562] Creating postupdate worker thread (1)
(2026-04-16T09:45:40.157173524) (2026-04-16T09:45:40.157176596) [Dbg] [SimulationRunner.cc:562] Creating postupdate worker thread (2)
(2026-04-16T09:45:40.157217866) (2026-04-16T09:45:40.157221348) [Dbg] [SimulationRunner.cc:562] Creating postupdate worker thread (3)
(2026-04-16T09:45:40.157255860) (2026-04-16T09:45:40.157259342) [Dbg] [SimulationRunner.cc:562] Creating postupdate worker thread (4)
(2026-04-16T09:45:40.333355427) (2026-04-16T09:45:40.333359625) [Dbg] [RenderUtil.cc:2646] Create scene [scene]
(2026-04-16T09:45:40.422260775) (2026-04-16T09:45:40.4222686612026-04-16T09:45:40.422268661() 2026-04-16T09:45:40.422293751) (2026-04-16T09:45:40.422312389) Rendering Thread initialized
[Dbg] [Sensors.cc:953] Initialization needed
(2026-04-16T09:45:40.865641884) (2026-04-16T09:45:40.865647106) [Dbg] [CameraSensor.cc:405] Camera images for [waffle::camera_rgb_frame::camera] advertised on [camera/image_raw]
(2026-04-16T09:45:40.865771429) (2026-04-16T09:45:40.865776243) [Dbg] [CameraSensor.cc:695] Camera info for [waffle::camera_rgb_frame::camera] advertised on [camera/camera_info]
(2026-04-16T09:45:40.866066159) (2026-04-16T09:45:40.866069436) [Wrn] [Ogre2Camera.cc:423] Ogre2Camera::SetVisibilityMask: Mask bits c0000000 are set but will be ignored as they conflict with the reserved bits used internally by the ogre2 backend.
(2026-04-16T09:45:40.866488693) (2026-04-16T09:45:40.866492175) [Dbg] [Lidar.cc:139] Laser scans for [waffle::base_scan::hls_lfcd_lds] advertised on [scan]
(2026-04-16T09:45:40.866731911) (2026-04-16T09:45:40.866735598) [Dbg] [GpuLidarSensor.cc:164] Lidar points for [waffle::base_scan::hls_lfcd_lds] advertised on [scan/points]
(2026-04-16T09:45:40.944938522) (2026-04-16T09:45:40.944948763) [Dbg] [CameraSensor.cc:504] Enabling camera sensor: 'waffle::camera_rgb_frame::camera' data generation.
(2026-04-16T09:57:48.562235369) (2026-04-16T09:57:48.562249024) [Dbg] [SignalHandler.cc:142] Received signal[15].
(2026-04-16T09:57:48.562273973) (2026-04-16T09:57:48.562279620) [Dbg] [ServerPrivate.cc:122] Server received signal[15]
(2026-04-16T09:57:48.562307239) (2026-04-16T09:57:48.562340299) [Dbg] [Sensors.cc:565] SensorsPrivate::Stop
