1776315382.1443076 [INFO] [launch]: All log files can be found below /home/dima/.ros/log/2026-04-16-08-56-22-143080-DESKTOP-6NGNJC6-914
1776315382.1444333 [INFO] [launch]: Default logging verbosity is set to INFO
1776315383.2136722 [INFO] [component_container_isolated-1]: process started with pid [933]
1776315383.2138453 [INFO] [rviz2-2]: process started with pid [934]
1776315386.2940679 [INFO] [launch_ros.actions.load_composable_nodes]: Loaded node '/controller_server' in container '/nav2_container'
1776315386.3311372 [INFO] [launch_ros.actions.load_composable_nodes]: Loaded node '/amcl' in container '/nav2_container'
1776315386.3740749 [INFO] [launch_ros.actions.load_composable_nodes]: Loaded node '/smoother_server' in container '/nav2_container'
1776315386.4251316 [INFO] [launch_ros.actions.load_composable_nodes]: Loaded node '/map_server' in container '/nav2_container'
1776315386.4700298 [INFO] [launch_ros.actions.load_composable_nodes]: Loaded node '/lifecycle_manager_localization' in container '/nav2_container'
1776315386.5795031 [INFO] [launch_ros.actions.load_composable_nodes]: Loaded node '/planner_server' in container '/nav2_container'
1776315386.6093965 [INFO] [launch_ros.actions.load_composable_nodes]: Loaded node '/route_server' in container '/nav2_container'
1776315386.6423903 [INFO] [launch_ros.actions.load_composable_nodes]: Loaded node '/behavior_server' in container '/nav2_container'
1776315386.6806896 [INFO] [launch_ros.actions.load_composable_nodes]: Loaded node '/bt_navigator' in container '/nav2_container'
1776315386.7419808 [INFO] [launch_ros.actions.load_composable_nodes]: Loaded node '/waypoint_follower' in container '/nav2_container'
1776315386.7907400 [INFO] [launch_ros.actions.load_composable_nodes]: Loaded node '/velocity_smoother' in container '/nav2_container'
1776315386.8561089 [INFO] [launch_ros.actions.load_composable_nodes]: Loaded node '/collision_monitor' in container '/nav2_container'
1776315386.9083242 [INFO] [launch_ros.actions.load_composable_nodes]: Loaded node '/docking_server' in container '/nav2_container'
1776315386.9611607 [INFO] [launch_ros.actions.load_composable_nodes]: Loaded node '/lifecycle_manager_navigation' in container '/nav2_container'
1776315602.9278305 [ERROR] [rviz2-2]: process has died [pid 934, exit code -6, cmd '/opt/ros/jazzy/lib/rviz2/rviz2 -d /opt/ros/jazzy/share/nav2_bringup/rviz/nav2_default_view.rviz --ros-args --params-file /tmp/launch_params_7cn9goum'].
1776315603.0342634 [INFO] [component_container_isolated-1]: sending signal 'SIGINT' to process[component_container_isolated-1]
