(2026-04-15T16:37:11.153468301) (2026-04-15T16:37:11.153476290) [Msg] Gazebo Sim Server v8.11.0
(2026-04-15T16:37:11.158651030) (2026-04-15T16:37:11.158656522) [Msg] Loading SDF world file[/home/dima/ros2_ws/src/lab2_world/worlds/lab2_world.sdf].
(2026-04-15T16:37:11.383085342) (2026-04-15T16:37:11.383091033) [Msg] Serving entity system service on [/entity/system/add]
(2026-04-15T16:37:11.455495361) (2026-04-15T16:37:11.455501452) [Dbg] [Physics.cc:906] Loaded [gz::physics::dartsim::Plugin] from library [/opt/ros/jazzy/opt/gz_physics_vendor/lib/gz-physics-7/engine-plugins/libgz-physics-dartsim-plugin.so]
(2026-04-15T16:37:11.455543093) (2026-04-15T16:37:11.455545190) [Dbg] [SystemManager.cc:80] Loaded system [gz::sim::systems::Physics] for entity [1]
(2026-04-15T16:37:11.459462618) (2026-04-15T16:37:11.459467911) [Msg] Create service on [/world/lab2_world/create_multiple] (async)
(2026-04-15T16:37:11.459477797) (2026-04-15T16:37:11.459479694) [Msg] Create service on [/world/lab2_world/create_multiple/blocking] (blocking)
(2026-04-15T16:37:11.459601721) (2026-04-15T16:37:11.459607113) [Msg] Remove service on [/world/lab2_world/remove] (async)
(2026-04-15T16:37:11.459618497) (2026-04-15T16:37:11.459620394) [Msg] Remove service on [/world/lab2_world/remove/blocking] (blocking)
(2026-04-15T16:37:11.459757799) (2026-04-15T16:37:11.459762991) [Msg] Pose service on [/world/lab2_world/set_pose] (async)
(2026-04-15T16:37:11.459775174) (2026-04-15T16:37:11.459777071) [Msg] Pose service on [/world/lab2_world/set_pose/blocking] (blocking)
(2026-04-15T16:37:11.459883520) (2026-04-15T16:37:11.459888712) [Msg] Pose service on [/world/lab2_world/set_pose_vector] (async)
(2026-04-15T16:37:11.459900695) (2026-04-15T16:37:11.459902692) [Msg] Pose service on [/world/lab2_world/set_pose_vector/blocking] (blocking)
(2026-04-15T16:37:11.460445321) (2026-04-15T16:37:11.460449315) [Msg] Light configuration service on [/world/lab2_world/light_config] (async)
(2026-04-15T16:37:11.460457503) (2026-04-15T16:37:11.460459201) [Msg] Light configuration service on [/world/lab2_world/light_config/blocking] (blocking)
(2026-04-15T16:37:11.460759474) (2026-04-15T16:37:11.460764467) [Msg] Physics service on [/world/lab2_world/set_physics] (async)
(2026-04-15T16:37:11.460777149) (2026-04-15T16:37:11.460780045) [Msg] Physics service on [/world/lab2_world/set_physics/blocking] (blocking)
(2026-04-15T16:37:11.460907364) (2026-04-15T16:37:11.460912057) [Msg] SphericalCoordinates service on [/world/lab2_world/set_spherical_coordinates] (async)
(2026-04-15T16:37:11.460924439) (2026-04-15T16:37:11.460927435) [Msg] SphericalCoordinates service on [/world/lab2_world/set_spherical_coordinates/blocking] (blocking)
(2026-04-15T16:37:11.461018106) (2026-04-15T16:37:11.461023299) [Msg] Enable collision service on [/world/lab2_world/enable_collision] (async)
(2026-04-15T16:37:11.461034383) (2026-04-15T16:37:11.461036280) [Msg] Enable collision service on [/world/lab2_world/enable_collision/blocking] (blocking)
(2026-04-15T16:37:11.461156909) (2026-04-15T16:37:11.461161602) [Msg] Disable collision service on [/world/lab2_world/disable_collision] (async)
(2026-04-15T16:37:11.461174084) (2026-04-15T16:37:11.461177280) [Msg] Disable collision service on [/world/lab2_world/disable_collision/blocking] (blocking)
(2026-04-15T16:37:11.461317580) (2026-04-15T16:37:11.461322274) [Msg] Material service on [/world/lab2_world/visual_config] (async)
(2026-04-15T16:37:11.461335255) (2026-04-15T16:37:11.461338650) [Msg] Material service on [/world/lab2_world/visual_config/blocking] (blocking)
(2026-04-15T16:37:11.461470163) (2026-04-15T16:37:11.461474857) [Msg] Material service on [/world/lab2_world/wheel_slip] (async)
(2026-04-15T16:37:11.461487539) (2026-04-15T16:37:11.461490734) [Msg] Material service on [/world/lab2_world/wheel_slip/blocking] (blocking)
(2026-04-15T16:37:11.461506212) (2026-04-15T16:37:11.461508109) [Dbg] [SystemManager.cc:80] Loaded system [gz::sim::systems::UserCommands] for entity [1]
(2026-04-15T16:37:11.464034017) (2026-04-15T16:37:11.464037911) [Dbg] [SystemManager.cc:80] Loaded system [gz::sim::systems::SceneBroadcaster] for entity [1]
(2026-04-15T16:37:11.483332770) (2026-04-15T16:37:11.483338063) [Dbg] [Sensors.cc:697] Configuring Sensors system
(2026-04-15T16:37:11.483380303) (2026-04-15T16:37:11.483382400) [Dbg] [Sensors.cc:557] SensorsPrivate::Run
(2026-04-15T16:37:11.483463185) (2026-04-15T16:37:11.483466580) [Dbg] [SystemManager.cc:80] Loaded system [gz::sim::systems::Sensors] for entity [1]
(2026-04-15T16:37:11.483495139) (2026-04-15T16:37:11.483499334) [Dbg] [Sensors.cc:532] SensorsPrivate::RenderThread started
(2026-04-15T16:37:11.483512315) (2026-04-15T16:37:11.483514312) [Dbg] [Sensors.cc:337] Waiting for init
(2026-04-15T16:37:11.484991711) (2026-04-15T16:37:11.484995406) [Dbg] [SystemManager.cc:80] Loaded system [gz::sim::systems::Contact] for entity [1]
(2026-04-15T16:37:11.486309237) (2026-04-15T16:37:11.486312932) [Msg] Loaded level [default]
(2026-04-15T16:37:11.487498746) (2026-04-15T16:37:11.487503738) [Msg] Serving world controls on [/world/lab2_world/control], [/world/lab2_world/control/state] and [/world/lab2_world/playback/control]
(2026-04-15T16:37:11.487630458) (2026-04-15T16:37:11.487635351) [Msg] Serving GUI information on [/world/lab2_world/gui/info]
(2026-04-15T16:37:11.487649331) (2026-04-15T16:37:11.487652527) [Msg] World [lab2_world] initialized with [1ms] physics profile.
(2026-04-15T16:37:11.488143728) (2026-04-15T16:37:11.488147723) [Msg] Serving world SDF generation service on [/world/lab2_world/generate_world_sdf]
(2026-04-15T16:37:11.488285726) (2026-04-15T16:37:11.488291219) [Msg] Serving world names on [/gazebo/worlds]
(2026-04-15T16:37:11.488391975) (2026-04-15T16:37:11.488397268) [Msg] Resource path add service on [/gazebo/resource_paths/add].
(2026-04-15T16:37:11.488514601) (2026-04-15T16:37:11.488519294) [Msg] Resource path get service on [/gazebo/resource_paths/get].
(2026-04-15T16:37:11.488669381) (2026-04-15T16:37:11.488674573) [Msg] Resource path resolve service on [/gazebo/resource_paths/resolve].
(2026-04-15T16:37:11.588999292) (2026-04-15T16:37:11.589005084) [Msg] Resource paths published on [/gazebo/resource_paths].
(2026-04-15T16:37:11.589143587) (2026-04-15T16:37:11.589147282) [Msg] Server control service on [/server_control].
(2026-04-15T16:37:13.156548793) (2026-04-15T16:37:13.156570869) [Msg] Found no publishers on /stats, adding root stats topic
(2026-04-15T16:37:13.156864450) (2026-04-15T16:37:13.156869444) [Msg] Found no publishers on /clock, adding root clock topic
(2026-04-15T16:37:13.157107785) (2026-04-15T16:37:13.157111481) [Dbg] [SimulationRunner.cc:551] Creating PostUpdate worker threads: 4
(2026-04-15T16:37:13.157130560) (2026-04-15T16:37:13.157132458) [Dbg] [SimulationRunner.cc:562] Creating postupdate worker thread (0)
(2026-04-15T16:37:13.157269609) (2026-04-15T16:37:13.157274004) [Dbg] [SimulationRunner.cc:562] Creating postupdate worker thread (1)
(2026-04-15T16:37:13.157341630) (2026-04-15T16:37:13.157346625) [Dbg] [SimulationRunner.cc:562] Creating postupdate worker thread (2)
(2026-04-15T16:37:13.212951898) (2026-04-15T16:37:13.212959790) [Msg] DiffDrive subscribing to twist messages on [cmd_vel]
(2026-04-15T16:37:13.212973874) (2026-04-15T16:37:13.212975872) [Dbg] [SystemManager.cc:80] Loaded system [gz::sim::systems::DiffDrive] for entity [90]
(2026-04-15T16:37:13.214579427) (2026-04-15T16:37:13.214583223) [Dbg] [SystemManager.cc:80] Loaded system [gz::sim::systems::JointStatePublisher] for entity [90]
(2026-04-15T16:37:13.214638962) (2026-04-15T16:37:13.214640960) [Dbg] [UserCommands.cc:1094] Created entity [90] named [waffle]
(2026-04-15T16:37:13.235437423) (2026-04-15T16:37:13.235444115) [Dbg] [Sensors.cc:953] Initialization needed
(2026-04-15T16:37:13.235493362) (2026-04-15T16:37:13.235498556) [Dbg] [Sensors.cc:349] Initializing render context
(2026-04-15T16:37:13.235601544) (2026-04-15T16:37:13.235604141) [Msg] Loading plugin [gz-rendering-ogre2]
(2026-04-15T16:37:13.236700847) (2026-04-15T16:37:13.236711236) [Msg] Serving scene information on [/world/lab2_world/scene/info]
(2026-04-15T16:37:13.236853381) (2026-04-15T16:37:13.236868065) [Msg] Serving graph information on [/world/lab2_world/scene/graph]
(2026-04-15T16:37:13.237031188) (2026-04-15T16:37:13.237036482) [Msg] Serving full state on [/world/lab2_world/state]
(2026-04-15T16:37:13.237136473) (2026-04-15T16:37:13.237141268) [Msg] Serving full state (async) on [/world/lab2_world/state_async]
(2026-04-15T16:37:13.237253546) (2026-04-15T16:37:13.237257542) [Msg] Publishing scene information on [/world/lab2_world/scene/info]
(2026-04-15T16:37:13.237373515) (2026-04-15T16:37:13.237378510) [Msg] Publishing entity deletions on [/world/lab2_world/scene/deletion]
(2026-04-15T16:37:13.237473307) (2026-04-15T16:37:13.237478301) [Msg] Publishing state changes on [/world/lab2_world/state]
(2026-04-15T16:37:13.237570900) (2026-04-15T16:37:13.237575995) [Msg] Publishing pose messages on [/world/lab2_world/pose/info]
(2026-04-15T16:37:13.237685076) (2026-04-15T16:37:13.237710548) [Msg] Publishing dynamic pose messages on [/world/lab2_world/dynamic_pose/info]
(2026-04-15T16:37:13.238163256) (2026-04-15T16:37:13.238167351) [Dbg] [EntityComponentManager.cc:1656] Updated state thread iterators: 16 threads processing around 8 entities each.
((2026-04-15T16:37:13.2483571602026-04-15T16:37:13.2483571602026-04-15T16:37:13.248369746) () 2026-04-15T16:37:13.248374041) (2026-04-15T16:37:13.248381333) [Dbg] [SimulationRunner.cc:578] [Dbg] [SimulationRunner.cc:578] (Exiting postupdate worker thread ((Exiting postupdate worker thread (2026-04-15T16:37:13.248435774) (2026-04-15T16:37:13.248457350) Exiting postupdate worker thread ([Dbg] [SimulationRunner.cc:578] Exiting postupdate worker thread (Exiting postupdate worker thread (Exiting postupdate worker thread (2)
1))0)

(2026-04-15T16:37:13.248643348) (2026-04-15T16:37:13.248647244) [Dbg] [SimulationRunner.cc:551] Creating PostUpdate worker threads: 6
(2026-04-15T16:37:13.248670419) (2026-04-15T16:37:13.248673216) [Dbg] [SimulationRunner.cc:562] Creating postupdate worker thread (0)
(2026-04-15T16:37:13.269946759) (2026-04-15T16:37:13.269954151) [Dbg] [SimulationRunner.cc:562] Creating postupdate worker thread (1)
(2026-04-15T16:37:13.270014286) (2026-04-15T16:37:13.270017382) [Dbg] [SimulationRunner.cc:562] Creating postupdate worker thread (2)
(2026-04-15T16:37:13.270074520) (2026-04-15T16:37:13.270097595) [Dbg] [SimulationRunner.cc:562] Creating postupdate worker thread (3)
(2026-04-15T16:37:13.270158728) (2026-04-15T16:37:13.270162325) [Dbg] [SimulationRunner.cc:562] Creating postupdate worker thread (4)
(2026-04-15T16:37:13.443519625) (2026-04-15T16:37:13.443523720) [Dbg] [RenderUtil.cc:2646] Create scene [scene]
(2026-04-15T16:37:13.529694523) (2026-04-15T16:37:13.5297019152026-04-15T16:37:13.529701915() [Dbg] [Sensors.cc:391] Rendering Thread initialized2026-04-15T16:37:13.529738275
) (2026-04-15T16:37:13.529748464) [Dbg] [Sensors.cc:953] Initialization needed
(2026-04-15T16:37:13.969783385) (2026-04-15T16:37:13.969790577) [Dbg] [CameraSensor.cc:405] Camera images for [waffle::camera_rgb_frame::camera] advertised on [camera/image_raw]
(2026-04-15T16:37:13.969883776) (2026-04-15T16:37:13.969886673) [Dbg] [CameraSensor.cc:695] Camera info for [waffle::camera_rgb_frame::camera] advertised on [camera/camera_info]
(2026-04-15T16:37:13.970128210) (2026-04-15T16:37:13.970131206) [Wrn] [Ogre2Camera.cc:423] Ogre2Camera::SetVisibilityMask: Mask bits c0000000 are set but will be ignored as they conflict with the reserved bits used internally by the ogre2 backend.
(2026-04-15T16:37:13.970527375) (2026-04-15T16:37:13.970532170) [Dbg] [Lidar.cc:139] Laser scans for [waffle::base_scan::hls_lfcd_lds] advertised on [scan]
(2026-04-15T16:37:13.970778002) (2026-04-15T16:37:13.970783097) [Dbg] [GpuLidarSensor.cc:164] Lidar points for [waffle::base_scan::hls_lfcd_lds] advertised on [scan/points]
(2026-04-15T16:37:14.39910286) (2026-04-15T16:37:14.39916280) [Dbg] [CameraSensor.cc:504] Enabling camera sensor: 'waffle::camera_rgb_frame::camera' data generation.
(2026-04-15T16:45:47.289293722) (2026-04-15T16:45:47.289301854) [Dbg] [CameraSensor.cc:493] Disabling camera sensor: 'waffle::camera_rgb_frame::camera' data generation. 
(2026-04-15T16:45:55.772285091) (2026-04-15T16:45:55.772297374) [Dbg] [SignalHandler.cc:142] Received signal[15].
(2026-04-15T16:45:55.772317881) (2026-04-15T16:45:55.772321535) [Dbg] [ServerPrivate.cc:122] Server received signal[15]
(2026-04-15T16:45:55.772343564) (2026-04-15T16:45:55.772347016) [Dbg] [Sensors.cc:565] SensorsPrivate::Stop
