running egg_info
creating ../../build/lab3_ellipse/lab3_ellipse.egg-info
writing ../../build/lab3_ellipse/lab3_ellipse.egg-info/PKG-INFO
writing dependency_links to ../../build/lab3_ellipse/lab3_ellipse.egg-info/dependency_links.txt
writing entry points to ../../build/lab3_ellipse/lab3_ellipse.egg-info/entry_points.txt
writing requirements to ../../build/lab3_ellipse/lab3_ellipse.egg-info/requires.txt
writing top-level names to ../../build/lab3_ellipse/lab3_ellipse.egg-info/top_level.txt
writing manifest file '../../build/lab3_ellipse/lab3_ellipse.egg-info/SOURCES.txt'
reading manifest file '../../build/lab3_ellipse/lab3_ellipse.egg-info/SOURCES.txt'
writing manifest file '../../build/lab3_ellipse/lab3_ellipse.egg-info/SOURCES.txt'
running build
running build_py
creating /home/dima/ros2_ws/build/lab3_ellipse/build
creating /home/dima/ros2_ws/build/lab3_ellipse/build/lib
creating /home/dima/ros2_ws/build/lab3_ellipse/build/lib/lab3_ellipse
copying lab3_ellipse/__init__.py -> /home/dima/ros2_ws/build/lab3_ellipse/build/lib/lab3_ellipse
copying lab3_ellipse/ellipse_controller.py -> /home/dima/ros2_ws/build/lab3_ellipse/build/lib/lab3_ellipse
running install
running install_lib
creating /home/dima/ros2_ws/install/lab3_ellipse/lib/python3.12/site-packages/lab3_ellipse
copying /home/dima/ros2_ws/build/lab3_ellipse/build/lib/lab3_ellipse/__init__.py -> /home/dima/ros2_ws/install/lab3_ellipse/lib/python3.12/site-packages/lab3_ellipse
copying /home/dima/ros2_ws/build/lab3_ellipse/build/lib/lab3_ellipse/ellipse_controller.py -> /home/dima/ros2_ws/install/lab3_ellipse/lib/python3.12/site-packages/lab3_ellipse
byte-compiling /home/dima/ros2_ws/install/lab3_ellipse/lib/python3.12/site-packages/lab3_ellipse/__init__.py to __init__.cpython-312.pyc
byte-compiling /home/dima/ros2_ws/install/lab3_ellipse/lib/python3.12/site-packages/lab3_ellipse/ellipse_controller.py to ellipse_controller.cpython-312.pyc
running install_data
creating /home/dima/ros2_ws/install/lab3_ellipse/share/ament_index
creating /home/dima/ros2_ws/install/lab3_ellipse/share/ament_index/resource_index
creating /home/dima/ros2_ws/install/lab3_ellipse/share/ament_index/resource_index/packages
copying resource/lab3_ellipse -> /home/dima/ros2_ws/install/lab3_ellipse/share/ament_index/resource_index/packages
copying package.xml -> /home/dima/ros2_ws/install/lab3_ellipse/share/lab3_ellipse
running install_egg_info
Copying ../../build/lab3_ellipse/lab3_ellipse.egg-info to /home/dima/ros2_ws/install/lab3_ellipse/lib/python3.12/site-packages/lab3_ellipse-0.0.0-py3.12.egg-info
running install_scripts
Installing ellipse script to /home/dima/ros2_ws/install/lab3_ellipse/lib/lab3_ellipse
writing list of installed files to '/home/dima/ros2_ws/build/lab3_ellipse/install.log'
