[0.910s] Invoking command in '/home/dima/ros2_ws/src/lab3_ellipse': PYTHONPATH=/home/dima/ros2_ws/build/lab3_ellipse/prefix_override:/usr/lib/python3/dist-packages/colcon_core/task/python/colcon_distutils_commands:/home/dima/ros2_ws/install/lab3_ellipse/lib/python3.12/site-packages:${PYTHONPATH} /usr/bin/python3 -W ignore:setup.py install is deprecated -W ignore:easy_install command is deprecated setup.py egg_info --egg-base ../../build/lab3_ellipse build --build-base /home/dima/ros2_ws/build/lab3_ellipse/build install --record /home/dima/ros2_ws/build/lab3_ellipse/install.log --single-version-externally-managed install_data
[1.134s] running egg_info
[1.134s] creating ../../build/lab3_ellipse/lab3_ellipse.egg-info
[1.152s] writing ../../build/lab3_ellipse/lab3_ellipse.egg-info/PKG-INFO
[1.153s] writing dependency_links to ../../build/lab3_ellipse/lab3_ellipse.egg-info/dependency_links.txt
[1.153s] writing entry points to ../../build/lab3_ellipse/lab3_ellipse.egg-info/entry_points.txt
[1.153s] writing requirements to ../../build/lab3_ellipse/lab3_ellipse.egg-info/requires.txt
[1.153s] writing top-level names to ../../build/lab3_ellipse/lab3_ellipse.egg-info/top_level.txt
[1.153s] writing manifest file '../../build/lab3_ellipse/lab3_ellipse.egg-info/SOURCES.txt'
[1.186s] reading manifest file '../../build/lab3_ellipse/lab3_ellipse.egg-info/SOURCES.txt'
[1.187s] writing manifest file '../../build/lab3_ellipse/lab3_ellipse.egg-info/SOURCES.txt'
[1.187s] running build
[1.187s] running build_py
[1.187s] creating /home/dima/ros2_ws/build/lab3_ellipse/build
[1.187s] creating /home/dima/ros2_ws/build/lab3_ellipse/build/lib
[1.187s] creating /home/dima/ros2_ws/build/lab3_ellipse/build/lib/lab3_ellipse
[1.187s] copying lab3_ellipse/__init__.py -> /home/dima/ros2_ws/build/lab3_ellipse/build/lib/lab3_ellipse
[1.188s] copying lab3_ellipse/ellipse_controller.py -> /home/dima/ros2_ws/build/lab3_ellipse/build/lib/lab3_ellipse
[1.188s] running install
[1.192s] running install_lib
[1.210s] creating /home/dima/ros2_ws/install/lab3_ellipse/lib/python3.12/site-packages/lab3_ellipse
[1.210s] copying /home/dima/ros2_ws/build/lab3_ellipse/build/lib/lab3_ellipse/__init__.py -> /home/dima/ros2_ws/install/lab3_ellipse/lib/python3.12/site-packages/lab3_ellipse
[1.210s] copying /home/dima/ros2_ws/build/lab3_ellipse/build/lib/lab3_ellipse/ellipse_controller.py -> /home/dima/ros2_ws/install/lab3_ellipse/lib/python3.12/site-packages/lab3_ellipse
[1.210s] byte-compiling /home/dima/ros2_ws/install/lab3_ellipse/lib/python3.12/site-packages/lab3_ellipse/__init__.py to __init__.cpython-312.pyc
[1.211s] byte-compiling /home/dima/ros2_ws/install/lab3_ellipse/lib/python3.12/site-packages/lab3_ellipse/ellipse_controller.py to ellipse_controller.cpython-312.pyc
[1.211s] running install_data
[1.211s] creating /home/dima/ros2_ws/install/lab3_ellipse/share/ament_index
[1.212s] creating /home/dima/ros2_ws/install/lab3_ellipse/share/ament_index/resource_index
[1.212s] creating /home/dima/ros2_ws/install/lab3_ellipse/share/ament_index/resource_index/packages
[1.212s] copying resource/lab3_ellipse -> /home/dima/ros2_ws/install/lab3_ellipse/share/ament_index/resource_index/packages
[1.212s] copying package.xml -> /home/dima/ros2_ws/install/lab3_ellipse/share/lab3_ellipse
[1.212s] running install_egg_info
[1.230s] Copying ../../build/lab3_ellipse/lab3_ellipse.egg-info to /home/dima/ros2_ws/install/lab3_ellipse/lib/python3.12/site-packages/lab3_ellipse-0.0.0-py3.12.egg-info
[1.231s] running install_scripts
[1.343s] Installing ellipse script to /home/dima/ros2_ws/install/lab3_ellipse/lib/lab3_ellipse
[1.344s] writing list of installed files to '/home/dima/ros2_ws/build/lab3_ellipse/install.log'
[1.366s] Invoked command in '/home/dima/ros2_ws/src/lab3_ellipse' returned '0': PYTHONPATH=/home/dima/ros2_ws/build/lab3_ellipse/prefix_override:/usr/lib/python3/dist-packages/colcon_core/task/python/colcon_distutils_commands:/home/dima/ros2_ws/install/lab3_ellipse/lib/python3.12/site-packages:${PYTHONPATH} /usr/bin/python3 -W ignore:setup.py install is deprecated -W ignore:easy_install command is deprecated setup.py egg_info --egg-base ../../build/lab3_ellipse build --build-base /home/dima/ros2_ws/build/lab3_ellipse/build install --record /home/dima/ros2_ws/build/lab3_ellipse/install.log --single-version-externally-managed install_data
