running develop
Removing /home/dima/ros2_ws/install/ulstu_turtlesim/lib/python3.12/site-packages/ulstu-turtlesim.egg-link (link to .)
running egg_info
writing ../../build/ulstu_turtlesim/ulstu_turtlesim.egg-info/PKG-INFO
writing dependency_links to ../../build/ulstu_turtlesim/ulstu_turtlesim.egg-info/dependency_links.txt
writing entry points to ../../build/ulstu_turtlesim/ulstu_turtlesim.egg-info/entry_points.txt
writing requirements to ../../build/ulstu_turtlesim/ulstu_turtlesim.egg-info/requires.txt
writing top-level names to ../../build/ulstu_turtlesim/ulstu_turtlesim.egg-info/top_level.txt
reading manifest file '../../build/ulstu_turtlesim/ulstu_turtlesim.egg-info/SOURCES.txt'
writing manifest file '../../build/ulstu_turtlesim/ulstu_turtlesim.egg-info/SOURCES.txt'
running build
running build_py
creating /home/dima/ros2_ws/build/ulstu_turtlesim/build
creating /home/dima/ros2_ws/build/ulstu_turtlesim/build/lib
creating /home/dima/ros2_ws/build/ulstu_turtlesim/build/lib/ulstu_turtlesim
copying ulstu_turtlesim/teleop_node.py -> /home/dima/ros2_ws/build/ulstu_turtlesim/build/lib/ulstu_turtlesim
copying ulstu_turtlesim/sim_node.py -> /home/dima/ros2_ws/build/ulstu_turtlesim/build/lib/ulstu_turtlesim
copying ulstu_turtlesim/__init__.py -> /home/dima/ros2_ws/build/ulstu_turtlesim/build/lib/ulstu_turtlesim
copying ulstu_turtlesim/trajectory_node.py -> /home/dima/ros2_ws/build/ulstu_turtlesim/build/lib/ulstu_turtlesim
running install
running install_lib
creating /home/dima/ros2_ws/install/ulstu_turtlesim/lib/python3.12/site-packages/ulstu_turtlesim
copying /home/dima/ros2_ws/build/ulstu_turtlesim/build/lib/ulstu_turtlesim/teleop_node.py -> /home/dima/ros2_ws/install/ulstu_turtlesim/lib/python3.12/site-packages/ulstu_turtlesim
copying /home/dima/ros2_ws/build/ulstu_turtlesim/build/lib/ulstu_turtlesim/sim_node.py -> /home/dima/ros2_ws/install/ulstu_turtlesim/lib/python3.12/site-packages/ulstu_turtlesim
copying /home/dima/ros2_ws/build/ulstu_turtlesim/build/lib/ulstu_turtlesim/__init__.py -> /home/dima/ros2_ws/install/ulstu_turtlesim/lib/python3.12/site-packages/ulstu_turtlesim
copying /home/dima/ros2_ws/build/ulstu_turtlesim/build/lib/ulstu_turtlesim/trajectory_node.py -> /home/dima/ros2_ws/install/ulstu_turtlesim/lib/python3.12/site-packages/ulstu_turtlesim
byte-compiling /home/dima/ros2_ws/install/ulstu_turtlesim/lib/python3.12/site-packages/ulstu_turtlesim/teleop_node.py to teleop_node.cpython-312.pyc
byte-compiling /home/dima/ros2_ws/install/ulstu_turtlesim/lib/python3.12/site-packages/ulstu_turtlesim/sim_node.py to sim_node.cpython-312.pyc
byte-compiling /home/dima/ros2_ws/install/ulstu_turtlesim/lib/python3.12/site-packages/ulstu_turtlesim/__init__.py to __init__.cpython-312.pyc
byte-compiling /home/dima/ros2_ws/install/ulstu_turtlesim/lib/python3.12/site-packages/ulstu_turtlesim/trajectory_node.py to trajectory_node.cpython-312.pyc
running install_data
copying resource/ulstu_turtlesim -> /home/dima/ros2_ws/install/ulstu_turtlesim/share/ament_index/resource_index/packages
copying package.xml -> /home/dima/ros2_ws/install/ulstu_turtlesim/share/ulstu_turtlesim
copying launch/robot_launch.py -> /home/dima/ros2_ws/install/ulstu_turtlesim/share/ulstu_turtlesim/launch/
running install_egg_info
Copying ../../build/ulstu_turtlesim/ulstu_turtlesim.egg-info to /home/dima/ros2_ws/install/ulstu_turtlesim/lib/python3.12/site-packages/ulstu_turtlesim-0.0.0-py3.12.egg-info
running install_scripts
Installing sim_node script to /home/dima/ros2_ws/install/ulstu_turtlesim/lib/ulstu_turtlesim
Installing teleop_node script to /home/dima/ros2_ws/install/ulstu_turtlesim/lib/ulstu_turtlesim
Installing trajectory_node script to /home/dima/ros2_ws/install/ulstu_turtlesim/lib/ulstu_turtlesim
writing list of installed files to '/home/dima/ros2_ws/build/ulstu_turtlesim/install.log'
