(2026-04-15T17:47:55.19578007) (2026-04-15T17:47:55.19584196) [Msg] Gazebo Sim Server v8.11.0
(2026-04-15T17:47:55.23628037) (2026-04-15T17:47:55.23632429) [Msg] Loading SDF world file[/home/dima/ros2_ws/src/lab2_world/worlds/lab2_world.sdf].
(2026-04-15T17:47:55.247566199) (2026-04-15T17:47:55.247571589) [Msg] Serving entity system service on [/entity/system/add]
(2026-04-15T17:47:55.321277618) (2026-04-15T17:47:55.321283308) [Dbg] [Physics.cc:906] Loaded [gz::physics::dartsim::Plugin] from library [/opt/ros/jazzy/opt/gz_physics_vendor/lib/gz-physics-7/engine-plugins/libgz-physics-dartsim-plugin.so]
(2026-04-15T17:47:55.321335916) (2026-04-15T17:47:55.321339310) [Dbg] [SystemManager.cc:80] Loaded system [gz::sim::systems::Physics] for entity [1]
(2026-04-15T17:47:55.325495554) (2026-04-15T17:47:55.325499847) [Msg] Create service on [/world/lab2_world/create_multiple] (async)
(2026-04-15T17:47:55.325509330) (2026-04-15T17:47:55.325511327) [Msg] Create service on [/world/lab2_world/create_multiple/blocking] (blocking)
(2026-04-15T17:47:55.325625328) (2026-04-15T17:47:55.325628921) [Msg] Remove service on [/world/lab2_world/remove] (async)
(2026-04-15T17:47:55.325636908) (2026-04-15T17:47:55.325638804) [Msg] Remove service on [/world/lab2_world/remove/blocking] (blocking)
(2026-04-15T17:47:55.325734936) (2026-04-15T17:47:55.325738630) [Msg] Pose service on [/world/lab2_world/set_pose] (async)
(2026-04-15T17:47:55.325747215) (2026-04-15T17:47:55.325749311) [Msg] Pose service on [/world/lab2_world/set_pose/blocking] (blocking)
(2026-04-15T17:47:55.325838755) (2026-04-15T17:47:55.325842349) [Msg] Pose service on [/world/lab2_world/set_pose_vector] (async)
(2026-04-15T17:47:55.325851134) (2026-04-15T17:47:55.325853030) [Msg] Pose service on [/world/lab2_world/set_pose_vector/blocking] (blocking)
(2026-04-15T17:47:55.326365536) (2026-04-15T17:47:55.326369429) [Msg] Light configuration service on [/world/lab2_world/light_config] (async)
(2026-04-15T17:47:55.326377515) (2026-04-15T17:47:55.326379411) [Msg] Light configuration service on [/world/lab2_world/light_config/blocking] (blocking)
(2026-04-15T17:47:55.326680586) (2026-04-15T17:47:55.326684179) [Msg] Physics service on [/world/lab2_world/set_physics] (async)
(2026-04-15T17:47:55.326691966) (2026-04-15T17:47:55.326693763) [Msg] Physics service on [/world/lab2_world/set_physics/blocking] (blocking)
(2026-04-15T17:47:55.326816349) (2026-04-15T17:47:55.326819743) [Msg] SphericalCoordinates service on [/world/lab2_world/set_spherical_coordinates] (async)
(2026-04-15T17:47:55.326827729) (2026-04-15T17:47:55.326829625) [Msg] SphericalCoordinates service on [/world/lab2_world/set_spherical_coordinates/blocking] (blocking)
(2026-04-15T17:47:55.326878240) (2026-04-15T17:47:55.326880437) [Msg] Enable collision service on [/world/lab2_world/enable_collision] (async)
(2026-04-15T17:47:55.326887524) (2026-04-15T17:47:55.326889321) [Msg] Enable collision service on [/world/lab2_world/enable_collision/blocking] (blocking)
(2026-04-15T17:47:55.326960098) (2026-04-15T17:47:55.326963392) [Msg] Disable collision service on [/world/lab2_world/disable_collision] (async)
(2026-04-15T17:47:55.326971278) (2026-04-15T17:47:55.326973175) [Msg] Disable collision service on [/world/lab2_world/disable_collision/blocking] (blocking)
(2026-04-15T17:47:55.327090769) (2026-04-15T17:47:55.327094463) [Msg] Material service on [/world/lab2_world/visual_config] (async)
(2026-04-15T17:47:55.327103048) (2026-04-15T17:47:55.327104945) [Msg] Material service on [/world/lab2_world/visual_config/blocking] (blocking)
(2026-04-15T17:47:55.327204271) (2026-04-15T17:47:55.327207765) [Msg] Material service on [/world/lab2_world/wheel_slip] (async)
(2026-04-15T17:47:55.327216250) (2026-04-15T17:47:55.327218247) [Msg] Material service on [/world/lab2_world/wheel_slip/blocking] (blocking)
(2026-04-15T17:47:55.327234419) (2026-04-15T17:47:55.327236315) [Dbg] [SystemManager.cc:80] Loaded system [gz::sim::systems::UserCommands] for entity [1]
(2026-04-15T17:47:55.330119881) (2026-04-15T17:47:55.330123775) [Dbg] [SystemManager.cc:80] Loaded system [gz::sim::systems::SceneBroadcaster] for entity [1]
(2026-04-15T17:47:55.350396883) (2026-04-15T17:47:55.350401176) [Dbg] [Sensors.cc:697] Configuring Sensors system
(2026-04-15T17:47:55.350439808) (2026-04-15T17:47:55.350442004) [Dbg] [Sensors.cc:557] SensorsPrivate::Run
(2026-04-15T17:47:55.350517472) (2026-04-15T17:47:55.350520667) [Dbg] [SystemManager.cc:80] Loaded system [gz::sim::systems::Sensors] for entity [1]
(2026-04-15T17:47:55.350564790) (2026-04-15T17:47:55.350568883) [Dbg] [Sensors.cc:532] SensorsPrivate::RenderThread started
(2026-04-15T17:47:55.350581461) (2026-04-15T17:47:55.350583457) [Dbg] [Sensors.cc:337] Waiting for init
(2026-04-15T17:47:55.352220599) (2026-04-15T17:47:55.352224193) [Dbg] [SystemManager.cc:80] Loaded system [gz::sim::systems::Contact] for entity [1]
(2026-04-15T17:47:55.353440470) (2026-04-15T17:47:55.353444163) [Msg] Loaded level [default]
(2026-04-15T17:47:55.354254349) (2026-04-15T17:47:55.354265729) [Msg] Serving world controls on [/world/lab2_world/control], [/world/lab2_world/control/state] and [/world/lab2_world/playback/control]
(2026-04-15T17:47:55.354375937) (2026-04-15T17:47:55.354379630) [Msg] Serving GUI information on [/world/lab2_world/gui/info]
(2026-04-15T17:47:55.354388614) (2026-04-15T17:47:55.354390511) [Msg] World [lab2_world] initialized with [1ms] physics profile.
(2026-04-15T17:47:55.354866979) (2026-04-15T17:47:55.354870473) [Msg] Serving world SDF generation service on [/world/lab2_world/generate_world_sdf]
(2026-04-15T17:47:55.354980881) (2026-04-15T17:47:55.354984574) [Msg] Serving world names on [/gazebo/worlds]
(2026-04-15T17:47:55.355061440) (2026-04-15T17:47:55.355064934) [Msg] Resource path add service on [/gazebo/resource_paths/add].
(2026-04-15T17:47:55.355145693) (2026-04-15T17:47:55.355148987) [Msg] Resource path get service on [/gazebo/resource_paths/get].
(2026-04-15T17:47:55.355297528) (2026-04-15T17:47:55.355301321) [Msg] Resource path resolve service on [/gazebo/resource_paths/resolve].
(2026-04-15T17:47:55.455628276) (2026-04-15T17:47:55.455636362) [Msg] Resource paths published on [/gazebo/resource_paths].
(2026-04-15T17:47:55.455792889) (2026-04-15T17:47:55.455796483) [Msg] Server control service on [/server_control].
(2026-04-15T17:47:57.21765148) (2026-04-15T17:47:57.21771948) [Msg] Found no publishers on /stats, adding root stats topic
(2026-04-15T17:47:57.22068855) (2026-04-15T17:47:57.22076355) [Msg] Found no publishers on /clock, adding root clock topic
(2026-04-15T17:47:57.22356262) (2026-04-15T17:47:57.22362062) [Dbg] [SimulationRunner.cc:551] Creating PostUpdate worker threads: 4
(2026-04-15T17:47:57.22382862) (2026-04-15T17:47:57.22385963) [Dbg] [SimulationRunner.cc:562] Creating postupdate worker thread (0)
(2026-04-15T17:47:57.22495165) (2026-04-15T17:47:57.22500165) [Dbg] [SimulationRunner.cc:562] Creating postupdate worker thread (1)
(2026-04-15T17:47:57.22597368) (2026-04-15T17:47:57.22602468) [Dbg] [SimulationRunner.cc:562] Creating postupdate worker thread (2)
(2026-04-15T17:47:57.79484633) (2026-04-15T17:47:57.79490833) [Msg] DiffDrive subscribing to twist messages on [cmd_vel]
(2026-04-15T17:47:57.79504433) (2026-04-15T17:47:57.79506433) [Dbg] [SystemManager.cc:80] Loaded system [gz::sim::systems::DiffDrive] for entity [90]
(2026-04-15T17:47:57.81305876) (2026-04-15T17:47:57.81310177) [Dbg] [SystemManager.cc:80] Loaded system [gz::sim::systems::JointStatePublisher] for entity [90]
(2026-04-15T17:47:57.81371678) (2026-04-15T17:47:57.81373678) [Dbg] [UserCommands.cc:1094] Created entity [90] named [waffle]
(2026-04-15T17:47:57.103860318) (2026-04-15T17:47:57.103868518) [Dbg] [Sensors.cc:953] Initialization needed
(2026-04-15T17:47:57.103922219) (2026-04-15T17:47:57.103927419) [Dbg] [Sensors.cc:349] Initializing render context
(2026-04-15T17:47:57.104064023) (2026-04-15T17:47:57.104067823) [Msg] Loading plugin [gz-rendering-ogre2]
(2026-04-15T17:47:57.104890642) (2026-04-15T17:47:57.104897843) [Msg] Serving scene information on [/world/lab2_world/scene/info]
(2026-04-15T17:47:57.105006045) (2026-04-15T17:47:57.105011345) [Msg] Serving graph information on [/world/lab2_world/scene/graph]
(2026-04-15T17:47:57.105172249) (2026-04-15T17:47:57.105177249) [Msg] Serving full state on [/world/lab2_world/state]
(2026-04-15T17:47:57.105280552) (2026-04-15T17:47:57.105285852) [Msg] Serving full state (async) on [/world/lab2_world/state_async]
(2026-04-15T17:47:57.105397455) (2026-04-15T17:47:57.105401355) [Msg] Publishing scene information on [/world/lab2_world/scene/info]
(2026-04-15T17:47:57.105510557) (2026-04-15T17:47:57.105515857) [Msg] Publishing entity deletions on [/world/lab2_world/scene/deletion]
(2026-04-15T17:47:57.105612660) (2026-04-15T17:47:57.105617460) [Msg] Publishing state changes on [/world/lab2_world/state]
(2026-04-15T17:47:57.105708962) (2026-04-15T17:47:57.105712462) [Msg] Publishing pose messages on [/world/lab2_world/pose/info]
(2026-04-15T17:47:57.105807064) (2026-04-15T17:47:57.105812565) [Msg] Publishing dynamic pose messages on [/world/lab2_world/dynamic_pose/info]
(2026-04-15T17:47:57.106158873) (2026-04-15T17:47:57.106162673) [Dbg] [EntityComponentManager.cc:1656] Updated state thread iterators: 16 threads processing around 8 entities each.
(2026-04-15T17:47:57.116943132(2026-04-15T17:47:57.116943132((2026-04-15T17:47:57.116943132((2026-04-15T17:47:57.116972732) (2026-04-15T17:47:57.116977732) ) [Dbg] [SimulationRunner.cc:578] ) [Dbg] [SimulationRunner.cc:578] 2026-04-15T17:47:57.116986733) (2026-04-15T17:47:57.116994833) (2026-04-15T17:47:57.117007433Exiting postupdate worker thread (1)) 
[Dbg] [SimulationRunner.cc:578] Exiting postupdate worker thread (2)
[Dbg] [SimulationRunner.cc:578] Exiting postupdate worker thread (0)
(2026-04-15T17:47:57.117212438) (2026-04-15T17:47:57.117216338) [Dbg] [SimulationRunner.cc:551] Creating PostUpdate worker threads: 6
(2026-04-15T17:47:57.117230339) (2026-04-15T17:47:57.117232939) [Dbg] [SimulationRunner.cc:562] Creating postupdate worker thread (0)
(2026-04-15T17:47:57.136882010) (2026-04-15T17:47:57.136888110) [Dbg] [SimulationRunner.cc:562] Creating postupdate worker thread (1)
(2026-04-15T17:47:57.136936011) (2026-04-15T17:47:57.136939111) [Dbg] [SimulationRunner.cc:562] Creating postupdate worker thread (2)
(2026-04-15T17:47:57.136988013) (2026-04-15T17:47:57.136991413) [Dbg] [SimulationRunner.cc:562] Creating postupdate worker thread (3)
(2026-04-15T17:47:57.137033014) (2026-04-15T17:47:57.137036514) [Dbg] [SimulationRunner.cc:562] Creating postupdate worker thread (4)
(2026-04-15T17:47:57.316953131) (2026-04-15T17:47:57.316957031) [Dbg] [RenderUtil.cc:2646] Create scene [scene]
((2026-04-15T17:47:57.403922718) (2026-04-15T17:47:57.403941419) ) ) (2026-04-15T17:47:57.403972119) [Dbg] [Sensors.cc:391] Rendering Thread initialized
[Dbg] [Sensors.cc:953] Initialization needed
(2026-04-15T17:47:57.846356435) (2026-04-15T17:47:57.846363235) [Dbg] [CameraSensor.cc:405] Camera images for [waffle::camera_rgb_frame::camera] advertised on [camera/image_raw]
(2026-04-15T17:47:57.846456438) (2026-04-15T17:47:57.846459338) [Dbg] [CameraSensor.cc:695] Camera info for [waffle::camera_rgb_frame::camera] advertised on [camera/camera_info]
(2026-04-15T17:47:57.846714644) (2026-04-15T17:47:57.846718144) [Wrn] [Ogre2Camera.cc:423] Ogre2Camera::SetVisibilityMask: Mask bits c0000000 are set but will be ignored as they conflict with the reserved bits used internally by the ogre2 backend.
(2026-04-15T17:47:57.847115154) (2026-04-15T17:47:57.847120054) [Dbg] [Lidar.cc:139] Laser scans for [waffle::base_scan::hls_lfcd_lds] advertised on [scan]
(2026-04-15T17:47:57.847388960) (2026-04-15T17:47:57.847393960) [Dbg] [GpuLidarSensor.cc:164] Lidar points for [waffle::base_scan::hls_lfcd_lds] advertised on [scan/points]
(2026-04-15T17:47:57.915938005) (2026-04-15T17:47:57.915943105) [Dbg] [CameraSensor.cc:504] Enabling camera sensor: 'waffle::camera_rgb_frame::camera' data generation.
(2026-04-15T17:51:46.626988160) (2026-04-15T17:51:46.627004330) [Dbg] [CameraSensor.cc:493] Disabling camera sensor: 'waffle::camera_rgb_frame::camera' data generation. 
(2026-04-15T17:51:51.992430174) (2026-04-15T17:51:51.992441971) [Dbg] [SignalHandler.cc:142] Received signal[15].
(2026-04-15T17:51:51.992468691) (2026-04-15T17:51:51.992480588) [Dbg] [ServerPrivate.cc:122] Server received signal[15]
(2026-04-15T17:51:51.992501560) (2026-04-15T17:51:51.992516684) [Dbg] [Sensors.cc:565] SensorsPrivate::Stop
