1776152800.6298306 [INFO] [launch]: All log files can be found below /home/dima/.ros/log/2026-04-14-11-46-40-628143-DESKTOP-6NGNJC6-899
1776152800.6299794 [INFO] [launch]: Default logging verbosity is set to INFO
1776152801.2540016 [INFO] [gazebo-1]: process started with pid [902]
1776152801.2542000 [INFO] [gazebo-2]: process started with pid [903]
1776152801.2543056 [INFO] [robot_state_publisher-3]: process started with pid [905]
1776152801.2544026 [INFO] [create-4]: process started with pid [906]
1776152801.2544951 [INFO] [parameter_bridge-5]: process started with pid [908]
1776152801.2545836 [INFO] [image_bridge-6]: process started with pid [909]
1776152801.6101422 [INFO] [create-4]: process has finished cleanly [pid 906]
1776153109.4671006 [INFO] [gazebo-2]: process has finished cleanly [pid 903]
1776153109.4677234 [INFO] [launch]: process[gazebo-2] was required: shutting down launched system
1776153109.4719930 [INFO] [image_bridge-6]: sending signal 'SIGINT' to process[image_bridge-6]
1776153109.4728742 [INFO] [parameter_bridge-5]: sending signal 'SIGINT' to process[parameter_bridge-5]
1776153109.4741302 [INFO] [robot_state_publisher-3]: sending signal 'SIGINT' to process[robot_state_publisher-3]
1776153109.4751468 [INFO] [gazebo-1]: sending signal 'SIGINT' to process[gazebo-1]
1776153109.5922000 [INFO] [parameter_bridge-5]: process has finished cleanly [pid 908]
1776153109.5938947 [INFO] [robot_state_publisher-3]: process has finished cleanly [pid 905]
1776153110.6164906 [ERROR] [image_bridge-6]: process has died [pid 909, exit code -11, cmd '/opt/ros/jazzy/lib/ros_gz_image/image_bridge /camera/image_raw --ros-args'].
1776153114.4765608 [ERROR] [gazebo-1]: process[gazebo-1] failed to terminate '5' seconds after receiving 'SIGINT', escalating to 'SIGTERM'
1776153114.4770334 [INFO] [gazebo-1]: sending signal 'SIGTERM' to process[gazebo-1]
1776153114.4773493 [ERROR] [gazebo-1]: process has died [pid 902, exit code -15, cmd 'ruby /opt/ros/jazzy/opt/gz_tools_vendor/bin/gz sim -r -s -v2 /home/dima/ros2_ws/src/lab2_world/worlds/lab2_world.sdf --force-version 8'].
1776153114.4775183 [INFO] [launch]: process[gazebo-1] was required: shutting down launched system
