(2026-04-15T16:47:26.87092612) (2026-04-15T16:47:26.87098139) [Msg] Gazebo Sim Server v8.11.0
(2026-04-15T16:47:26.91767383) (2026-04-15T16:47:26.91771784) [Msg] Loading SDF world file[/home/dima/ros2_ws/src/lab2_world/worlds/lab2_world.sdf].
(2026-04-15T16:47:26.331360742) (2026-04-15T16:47:26.331366371) [Msg] Serving entity system service on [/entity/system/add]
(2026-04-15T16:47:26.411839327) (2026-04-15T16:47:26.411845775) [Dbg] [Physics.cc:906] Loaded [gz::physics::dartsim::Plugin] from library [/opt/ros/jazzy/opt/gz_physics_vendor/lib/gz-physics-7/engine-plugins/libgz-physics-dartsim-plugin.so]
(2026-04-15T16:47:26.411927957) (2026-04-15T16:47:26.411931130) [Dbg] [SystemManager.cc:80] Loaded system [gz::sim::systems::Physics] for entity [1]
(2026-04-15T16:47:26.415923573) (2026-04-15T16:47:26.415927462) [Msg] Create service on [/world/lab2_world/create_multiple] (async)
(2026-04-15T16:47:26.415937287) (2026-04-15T16:47:26.415939232) [Msg] Create service on [/world/lab2_world/create_multiple/blocking] (blocking)
(2026-04-15T16:47:26.416051094) (2026-04-15T16:47:26.416054676) [Msg] Remove service on [/world/lab2_world/remove] (async)
(2026-04-15T16:47:26.416062761) (2026-04-15T16:47:26.416064603) [Msg] Remove service on [/world/lab2_world/remove/blocking] (blocking)
(2026-04-15T16:47:26.416169711) (2026-04-15T16:47:26.416172986) [Msg] Pose service on [/world/lab2_world/set_pose] (async)
(2026-04-15T16:47:26.416181173) (2026-04-15T16:47:26.416183118) [Msg] Pose service on [/world/lab2_world/set_pose/blocking] (blocking)
(2026-04-15T16:47:26.416308285) (2026-04-15T16:47:26.416311764) [Msg] Pose service on [/world/lab2_world/set_pose_vector] (async)
(2026-04-15T16:47:26.416319747) (2026-04-15T16:47:26.416321692) [Msg] Pose service on [/world/lab2_world/set_pose_vector/blocking] (blocking)
(2026-04-15T16:47:26.416868209) (2026-04-15T16:47:26.416872405) [Msg] Light configuration service on [/world/lab2_world/light_config] (async)
(2026-04-15T16:47:26.416880593) (2026-04-15T16:47:26.416882435) [Msg] Light configuration service on [/world/lab2_world/light_config/blocking] (blocking)
(2026-04-15T16:47:26.417185374) (2026-04-15T16:47:26.417188751) [Msg] Physics service on [/world/lab2_world/set_physics] (async)
(2026-04-15T16:47:26.417196836) (2026-04-15T16:47:26.417198781) [Msg] Physics service on [/world/lab2_world/set_physics/blocking] (blocking)
(2026-04-15T16:47:26.417318319) (2026-04-15T16:47:26.417322003) [Msg] SphericalCoordinates service on [/world/lab2_world/set_spherical_coordinates] (async)
(2026-04-15T16:47:26.417330805) (2026-04-15T16:47:26.417332749) [Msg] SphericalCoordinates service on [/world/lab2_world/set_spherical_coordinates/blocking] (blocking)
(2026-04-15T16:47:26.417416978) (2026-04-15T16:47:26.417420458) [Msg] Enable collision service on [/world/lab2_world/enable_collision] (async)
(2026-04-15T16:47:26.417428850) (2026-04-15T16:47:26.417430795) [Msg] Enable collision service on [/world/lab2_world/enable_collision/blocking] (blocking)
(2026-04-15T16:47:26.417502640) (2026-04-15T16:47:26.417506120) [Msg] Disable collision service on [/world/lab2_world/disable_collision] (async)
(2026-04-15T16:47:26.417514307) (2026-04-15T16:47:26.417516150) [Msg] Disable collision service on [/world/lab2_world/disable_collision/blocking] (blocking)
(2026-04-15T16:47:26.417663013) (2026-04-15T16:47:26.417666903) [Msg] Material service on [/world/lab2_world/visual_config] (async)
(2026-04-15T16:47:26.417675499) (2026-04-15T16:47:26.417677546) [Msg] Material service on [/world/lab2_world/visual_config/blocking] (blocking)
(2026-04-15T16:47:26.417814380) (2026-04-15T16:47:26.417818065) [Msg] Material service on [/world/lab2_world/wheel_slip] (async)
(2026-04-15T16:47:26.417826764) (2026-04-15T16:47:26.417828709) [Msg] Material service on [/world/lab2_world/wheel_slip/blocking] (blocking)
(2026-04-15T16:47:26.417842627) (2026-04-15T16:47:26.417844470) [Dbg] [SystemManager.cc:80] Loaded system [gz::sim::systems::UserCommands] for entity [1]
(2026-04-15T16:47:26.420462124) (2026-04-15T16:47:26.420465911) [Dbg] [SystemManager.cc:80] Loaded system [gz::sim::systems::SceneBroadcaster] for entity [1]
(2026-04-15T16:47:26.442238389) (2026-04-15T16:47:26.442243916) [Dbg] [Sensors.cc:697] Configuring Sensors system
(2026-04-15T16:47:26.442285979) (2026-04-15T16:47:26.442288128) [Dbg] [Sensors.cc:557] SensorsPrivate::Run
(2026-04-15T16:47:26.442370925) (2026-04-15T16:47:26.442374404) [Dbg] [SystemManager.cc:80] Loaded system [gz::sim::systems::Sensors] for entity [1]
(2026-04-15T16:47:26.442427214) (2026-04-15T16:47:26.442431717) [Dbg] [Sensors.cc:532] SensorsPrivate::RenderThread started
(2026-04-15T16:47:26.442444920) (2026-04-15T16:47:26.442446966) [Dbg] [Sensors.cc:337] Waiting for init
(2026-04-15T16:47:26.443839870) (2026-04-15T16:47:26.443843452) [Dbg] [SystemManager.cc:80] Loaded system [gz::sim::systems::Contact] for entity [1]
(2026-04-15T16:47:26.445141584) (2026-04-15T16:47:26.445145268) [Msg] Loaded level [default]
(2026-04-15T16:47:26.446005880) (2026-04-15T16:47:26.446016012) [Msg] Serving world controls on [/world/lab2_world/control], [/world/lab2_world/control/state] and [/world/lab2_world/playback/control]
(2026-04-15T16:47:26.446130740) (2026-04-15T16:47:26.446134424) [Msg] Serving GUI information on [/world/lab2_world/gui/info]
(2026-04-15T16:47:26.446143840) (2026-04-15T16:47:26.446145682) [Msg] World [lab2_world] initialized with [1ms] physics profile.
(2026-04-15T16:47:26.446873041) (2026-04-15T16:47:26.446877238) [Msg] Serving world SDF generation service on [/world/lab2_world/generate_world_sdf]
(2026-04-15T16:47:26.446998106) (2026-04-15T16:47:26.447001790) [Msg] Serving world names on [/gazebo/worlds]
(2026-04-15T16:47:26.447100450) (2026-04-15T16:47:26.447103827) [Msg] Resource path add service on [/gazebo/resource_paths/add].
(2026-04-15T16:47:26.447189182) (2026-04-15T16:47:26.447192867) [Msg] Resource path get service on [/gazebo/resource_paths/get].
(2026-04-15T16:47:26.447366647) (2026-04-15T16:47:26.447370536) [Msg] Resource path resolve service on [/gazebo/resource_paths/resolve].
(2026-04-15T16:47:26.548149994) (2026-04-15T16:47:26.548156135) [Msg] Resource paths published on [/gazebo/resource_paths].
(2026-04-15T16:47:26.548300644) (2026-04-15T16:47:26.548304738) [Msg] Server control service on [/server_control].
(2026-04-15T16:47:28.89546774) (2026-04-15T16:47:28.89555149) [Msg] Found no publishers on /stats, adding root stats topic
(2026-04-15T16:47:28.89871727) (2026-04-15T16:47:28.89879006) [Msg] Found no publishers on /clock, adding root clock topic
(2026-04-15T16:47:28.90176041) (2026-04-15T16:47:28.90182422) [Dbg] [SimulationRunner.cc:551] Creating PostUpdate worker threads: 4
(2026-04-15T16:47:28.90211039) (2026-04-15T16:47:28.90214329) [Dbg] [SimulationRunner.cc:562] Creating postupdate worker thread (0)
(2026-04-15T16:47:28.90364991) (2026-04-15T16:47:28.90370475) [Dbg] [SimulationRunner.cc:562] Creating postupdate worker thread (1)
(2026-04-15T16:47:28.90427509) (2026-04-15T16:47:28.90430998) [Dbg] [SimulationRunner.cc:562] Creating postupdate worker thread (2)
(2026-04-15T16:47:28.149597765) (2026-04-15T16:47:28.149606140) [Msg] DiffDrive subscribing to twist messages on [cmd_vel]
(2026-04-15T16:47:28.149645825) (2026-04-15T16:47:28.149650710) [Dbg] [SystemManager.cc:80] Loaded system [gz::sim::systems::DiffDrive] for entity [90]
(2026-04-15T16:47:28.151548084) (2026-04-15T16:47:28.151552272) [Dbg] [SystemManager.cc:80] Loaded system [gz::sim::systems::JointStatePublisher] for entity [90]
(2026-04-15T16:47:28.151621570) (2026-04-15T16:47:28.151625159) [Dbg] [UserCommands.cc:1094] Created entity [90] named [waffle]
(2026-04-15T16:47:28.173219761) (2026-04-15T16:47:28.173226542) [Dbg] [Sensors.cc:953] Initialization needed
(2026-04-15T16:47:28.173273405) (2026-04-15T16:47:28.173277792) [Dbg] [Sensors.cc:349] Initializing render context
(2026-04-15T16:47:28.173355665) (2026-04-15T16:47:28.173357959) [Msg] Loading plugin [gz-rendering-ogre2]
(2026-04-15T16:47:28.174102789) (2026-04-15T16:47:28.174109869) [Msg] Serving scene information on [/world/lab2_world/scene/info]
(2026-04-15T16:47:28.174236001) (2026-04-15T16:47:28.174241186) [Msg] Serving graph information on [/world/lab2_world/scene/graph]
(2026-04-15T16:47:28.174436019) (2026-04-15T16:47:28.174441104) [Msg] Serving full state on [/world/lab2_world/state]
(2026-04-15T16:47:28.174551782) (2026-04-15T16:47:28.174557266) [Msg] Serving full state (async) on [/world/lab2_world/state_async]
(2026-04-15T16:47:28.174708625) (2026-04-15T16:47:28.174715604) [Msg] Publishing scene information on [/world/lab2_world/scene/info]
(2026-04-15T16:47:28.174897574) (2026-04-15T16:47:28.174901662) [Msg] Publishing entity deletions on [/world/lab2_world/scene/deletion]
(2026-04-15T16:47:28.174992498) (2026-04-15T16:47:28.174998082) [Msg] Publishing state changes on [/world/lab2_world/state]
(2026-04-15T16:47:28.175081638) (2026-04-15T16:47:28.175084929) [Msg] Publishing pose messages on [/world/lab2_world/pose/info]
(2026-04-15T16:47:28.175171477) (2026-04-15T16:47:28.175176362) [Msg] Publishing dynamic pose messages on [/world/lab2_world/dynamic_pose/info]
(2026-04-15T16:47:28.175580585) (2026-04-15T16:47:28.175583776) [Dbg] [EntityComponentManager.cc:1656] Updated state thread iterators: 16 threads processing around 8 entities each.
(((2026-04-15T16:47:28.187416610) (2026-04-15T16:47:28.187437649) ([Dbg] [SimulationRunner.cc:578] Exiting postupdate worker thread (1)
2026-04-15T16:47:28.187460383) 2026-04-15T16:47:28.187472049() (2026-04-15T16:47:28.187493487) [Dbg] [SimulationRunner.cc:578] Exiting postupdate worker thread (2)
2026-04-15T16:47:28.187503358) [Dbg] [SimulationRunner.cc:578] Exiting postupdate worker thread (0)
(2026-04-15T16:47:28.187728203) (2026-04-15T16:47:28.187733986) [Dbg] [SimulationRunner.cc:551] Creating PostUpdate worker threads: 6
(2026-04-15T16:47:28.187756421) (2026-04-15T16:47:28.187780351) [Dbg] [SimulationRunner.cc:562] Creating postupdate worker thread (0)
(2026-04-15T16:47:28.208199177) (2026-04-15T16:47:28.208205858) [Dbg] [SimulationRunner.cc:562] Creating postupdate worker thread (1)
(2026-04-15T16:47:28.208254815) (2026-04-15T16:47:28.208257906) [Dbg] [SimulationRunner.cc:562] Creating postupdate worker thread (2)
(2026-04-15T16:47:28.208305468) (2026-04-15T16:47:28.208308659) [Dbg] [SimulationRunner.cc:562] Creating postupdate worker thread (3)
(2026-04-15T16:47:28.208349440) (2026-04-15T16:47:28.208352830) [Dbg] [SimulationRunner.cc:562] Creating postupdate worker thread (4)
(2026-04-15T16:47:28.381668417) (2026-04-15T16:47:28.381672705) [Dbg] [RenderUtil.cc:2646] Create scene [scene]
((2026-04-15T16:47:28.469819362(2026-04-15T16:47:28.469819362) 2026-04-15T16:47:28.469837010) 2026-04-15T16:47:28.469837210) (2026-04-15T16:47:28.469847879) [Dbg] [Sensors.cc:391] [Dbg] [Sensors.cc:953] Initialization needed
(2026-04-15T16:47:28.918835023) (2026-04-15T16:47:28.918843100) [Dbg] [CameraSensor.cc:405] Camera images for [waffle::camera_rgb_frame::camera] advertised on [camera/image_raw]
(2026-04-15T16:47:28.918945402) (2026-04-15T16:47:28.918951684) [Dbg] [CameraSensor.cc:695] Camera info for [waffle::camera_rgb_frame::camera] advertised on [camera/camera_info]
(2026-04-15T16:47:28.919229475) (2026-04-15T16:47:28.919234161) [Wrn] [Ogre2Camera.cc:423] Ogre2Camera::SetVisibilityMask: Mask bits c0000000 are set but will be ignored as they conflict with the reserved bits used internally by the ogre2 backend.
(2026-04-15T16:47:28.919693423) (2026-04-15T16:47:28.919699007) [Dbg] [Lidar.cc:139] Laser scans for [waffle::base_scan::hls_lfcd_lds] advertised on [scan]
(2026-04-15T16:47:28.919969120) (2026-04-15T16:47:28.919974505) [Dbg] [GpuLidarSensor.cc:164] Lidar points for [waffle::base_scan::hls_lfcd_lds] advertised on [scan/points]
(2026-04-15T16:47:28.989289113) (2026-04-15T16:47:28.989296691) [Dbg] [CameraSensor.cc:504] Enabling camera sensor: 'waffle::camera_rgb_frame::camera' data generation.
(2026-04-15T16:47:37.350004420) (2026-04-15T16:47:37.350021705) [Wrn] [UserCommands.cc:998] Entity named [waffle] already exists and [allow_renaming] is false. Entity not spawned.
(2026-04-15T16:47:37.875984046) (2026-04-15T16:47:37.875991040) [Dbg] [EntityComponentManager.cc:1656] Updated state thread iterators: 16 threads processing around 8 entities each.
(2026-04-15T16:47:59.198303286) (2026-04-15T16:47:59.198315567) [Dbg] [SignalHandler.cc:142] Received signal[15].
(2026-04-15T16:47:59.198337265) (2026-04-15T16:47:59.198342689) [Dbg] [ServerPrivate.cc:122] Server received signal[15]
(2026-04-15T16:47:59.198365000) (2026-04-15T16:47:59.198369811) [Dbg] [Sensors.cc:565] SensorsPrivate::Stop
