[0.146s] DEBUG:colcon:Command line arguments: ['/usr/bin/colcon', 'build', '--symlink-install']
[0.146s] DEBUG:colcon:Parsed command line arguments: Namespace(log_base=None, log_level=None, verb_name='build', build_base='build', install_base='install', merge_install=False, symlink_install=True, test_result_base=None, continue_on_error=False, executor='parallel', parallel_workers=12, event_handlers=None, ignore_user_meta=False, metas=['./colcon.meta'], base_paths=['.'], packages_ignore=None, packages_ignore_regex=None, paths=None, packages_up_to=None, packages_up_to_regex=None, packages_above=None, packages_above_and_dependencies=None, packages_above_depth=None, packages_select_by_dep=None, packages_skip_by_dep=None, packages_skip_up_to=None, packages_select_build_failed=False, packages_skip_build_finished=False, packages_select_test_failures=False, packages_skip_test_passed=False, packages_select=None, packages_skip=None, packages_select_regex=None, packages_skip_regex=None, packages_start=None, packages_end=None, allow_overriding=[], cmake_args=None, cmake_target=None, cmake_target_skip_unavailable=False, cmake_clean_cache=False, cmake_clean_first=False, cmake_force_configure=False, ament_cmake_args=None, catkin_cmake_args=None, catkin_skip_building_tests=False, verb_parser=<colcon_defaults.argument_parser.defaults.DefaultArgumentsDecorator object at 0x79e419a98470>, verb_extension=<colcon_core.verb.build.BuildVerb object at 0x79e419a98260>, main=<bound method BuildVerb.main of <colcon_core.verb.build.BuildVerb object at 0x79e419a98260>>)
[0.184s] Level 1:colcon.colcon_core.package_discovery:discover_packages(colcon_meta) check parameters
[0.184s] Level 1:colcon.colcon_core.package_discovery:discover_packages(recursive) check parameters
[0.184s] Level 1:colcon.colcon_core.package_discovery:discover_packages(ignore) check parameters
[0.184s] Level 1:colcon.colcon_core.package_discovery:discover_packages(path) check parameters
[0.184s] Level 1:colcon.colcon_core.package_discovery:discover_packages(colcon_meta) discover
[0.184s] Level 1:colcon.colcon_core.package_discovery:discover_packages(recursive) discover
[0.184s] INFO:colcon.colcon_core.package_discovery:Crawling recursively for packages in '/home/dima/ros2_ws'
[0.184s] Level 1:colcon.colcon_core.package_identification:_identify(.) by extensions ['ignore', 'ignore_ament_install']
[0.185s] Level 1:colcon.colcon_core.package_identification:_identify(.) by extension 'ignore'
[0.185s] Level 1:colcon.colcon_core.package_identification:_identify(.) by extension 'ignore_ament_install'
[0.185s] Level 1:colcon.colcon_core.package_identification:_identify(.) by extensions ['colcon_pkg']
[0.185s] Level 1:colcon.colcon_core.package_identification:_identify(.) by extension 'colcon_pkg'
[0.185s] Level 1:colcon.colcon_core.package_identification:_identify(.) by extensions ['colcon_meta']
[0.185s] Level 1:colcon.colcon_core.package_identification:_identify(.) by extension 'colcon_meta'
[0.185s] Level 1:colcon.colcon_core.package_identification:_identify(.) by extensions ['ros']
[0.185s] Level 1:colcon.colcon_core.package_identification:_identify(.) by extension 'ros'
[0.208s] Level 1:colcon.colcon_core.package_identification:_identify(.) by extensions ['cmake', 'python']
[0.208s] Level 1:colcon.colcon_core.package_identification:_identify(.) by extension 'cmake'
[0.208s] Level 1:colcon.colcon_core.package_identification:_identify(.) by extension 'python'
[0.208s] Level 1:colcon.colcon_core.package_identification:_identify(.) by extensions ['python_setup_py']
[0.208s] Level 1:colcon.colcon_core.package_identification:_identify(.) by extension 'python_setup_py'
[0.209s] Level 1:colcon.colcon_core.package_identification:_identify(build) by extensions ['ignore', 'ignore_ament_install']
[0.209s] Level 1:colcon.colcon_core.package_identification:_identify(build) by extension 'ignore'
[0.209s] Level 1:colcon.colcon_core.package_identification:_identify(build) ignored
[0.209s] Level 1:colcon.colcon_core.package_identification:_identify(install) by extensions ['ignore', 'ignore_ament_install']
[0.209s] Level 1:colcon.colcon_core.package_identification:_identify(install) by extension 'ignore'
[0.209s] Level 1:colcon.colcon_core.package_identification:_identify(install) ignored
[0.209s] Level 1:colcon.colcon_core.package_identification:_identify(log) by extensions ['ignore', 'ignore_ament_install']
[0.209s] Level 1:colcon.colcon_core.package_identification:_identify(log) by extension 'ignore'
[0.209s] Level 1:colcon.colcon_core.package_identification:_identify(log) ignored
[0.209s] Level 1:colcon.colcon_core.package_identification:_identify(src) by extensions ['ignore', 'ignore_ament_install']
[0.209s] Level 1:colcon.colcon_core.package_identification:_identify(src) by extension 'ignore'
[0.209s] Level 1:colcon.colcon_core.package_identification:_identify(src) by extension 'ignore_ament_install'
[0.209s] Level 1:colcon.colcon_core.package_identification:_identify(src) by extensions ['colcon_pkg']
[0.209s] Level 1:colcon.colcon_core.package_identification:_identify(src) by extension 'colcon_pkg'
[0.209s] Level 1:colcon.colcon_core.package_identification:_identify(src) by extensions ['colcon_meta']
[0.210s] Level 1:colcon.colcon_core.package_identification:_identify(src) by extension 'colcon_meta'
[0.210s] Level 1:colcon.colcon_core.package_identification:_identify(src) by extensions ['ros']
[0.210s] Level 1:colcon.colcon_core.package_identification:_identify(src) by extension 'ros'
[0.210s] Level 1:colcon.colcon_core.package_identification:_identify(src) by extensions ['cmake', 'python']
[0.210s] Level 1:colcon.colcon_core.package_identification:_identify(src) by extension 'cmake'
[0.210s] Level 1:colcon.colcon_core.package_identification:_identify(src) by extension 'python'
[0.210s] Level 1:colcon.colcon_core.package_identification:_identify(src) by extensions ['python_setup_py']
[0.210s] Level 1:colcon.colcon_core.package_identification:_identify(src) by extension 'python_setup_py'
[0.210s] Level 1:colcon.colcon_core.package_identification:_identify(src/my_lab2_nav) by extensions ['ignore', 'ignore_ament_install']
[0.210s] Level 1:colcon.colcon_core.package_identification:_identify(src/my_lab2_nav) by extension 'ignore'
[0.210s] Level 1:colcon.colcon_core.package_identification:_identify(src/my_lab2_nav) by extension 'ignore_ament_install'
[0.210s] Level 1:colcon.colcon_core.package_identification:_identify(src/my_lab2_nav) by extensions ['colcon_pkg']
[0.210s] Level 1:colcon.colcon_core.package_identification:_identify(src/my_lab2_nav) by extension 'colcon_pkg'
[0.210s] Level 1:colcon.colcon_core.package_identification:_identify(src/my_lab2_nav) by extensions ['colcon_meta']
[0.210s] Level 1:colcon.colcon_core.package_identification:_identify(src/my_lab2_nav) by extension 'colcon_meta'
[0.210s] Level 1:colcon.colcon_core.package_identification:_identify(src/my_lab2_nav) by extensions ['ros']
[0.210s] Level 1:colcon.colcon_core.package_identification:_identify(src/my_lab2_nav) by extension 'ros'
[0.213s] DEBUG:colcon.colcon_core.package_identification:Package 'src/my_lab2_nav' with type 'ros.ament_python' and name 'my_lab2_nav'
[0.213s] Level 1:colcon.colcon_core.package_identification:_identify(src/my_lab2_worlds) by extensions ['ignore', 'ignore_ament_install']
[0.213s] Level 1:colcon.colcon_core.package_identification:_identify(src/my_lab2_worlds) by extension 'ignore'
[0.213s] Level 1:colcon.colcon_core.package_identification:_identify(src/my_lab2_worlds) by extension 'ignore_ament_install'
[0.213s] Level 1:colcon.colcon_core.package_identification:_identify(src/my_lab2_worlds) by extensions ['colcon_pkg']
[0.213s] Level 1:colcon.colcon_core.package_identification:_identify(src/my_lab2_worlds) by extension 'colcon_pkg'
[0.213s] Level 1:colcon.colcon_core.package_identification:_identify(src/my_lab2_worlds) by extensions ['colcon_meta']
[0.213s] Level 1:colcon.colcon_core.package_identification:_identify(src/my_lab2_worlds) by extension 'colcon_meta'
[0.213s] Level 1:colcon.colcon_core.package_identification:_identify(src/my_lab2_worlds) by extensions ['ros']
[0.213s] Level 1:colcon.colcon_core.package_identification:_identify(src/my_lab2_worlds) by extension 'ros'
[0.214s] DEBUG:colcon.colcon_core.package_identification:Package 'src/my_lab2_worlds' with type 'ros.ament_cmake' and name 'my_lab2_worlds'
[0.214s] Level 1:colcon.colcon_core.package_identification:_identify(src/ulstu_turtlesim) by extensions ['ignore', 'ignore_ament_install']
[0.214s] Level 1:colcon.colcon_core.package_identification:_identify(src/ulstu_turtlesim) by extension 'ignore'
[0.214s] Level 1:colcon.colcon_core.package_identification:_identify(src/ulstu_turtlesim) by extension 'ignore_ament_install'
[0.214s] Level 1:colcon.colcon_core.package_identification:_identify(src/ulstu_turtlesim) by extensions ['colcon_pkg']
[0.214s] Level 1:colcon.colcon_core.package_identification:_identify(src/ulstu_turtlesim) by extension 'colcon_pkg'
[0.214s] Level 1:colcon.colcon_core.package_identification:_identify(src/ulstu_turtlesim) by extensions ['colcon_meta']
[0.214s] Level 1:colcon.colcon_core.package_identification:_identify(src/ulstu_turtlesim) by extension 'colcon_meta'
[0.214s] Level 1:colcon.colcon_core.package_identification:_identify(src/ulstu_turtlesim) by extensions ['ros']
[0.214s] Level 1:colcon.colcon_core.package_identification:_identify(src/ulstu_turtlesim) by extension 'ros'
[0.215s] DEBUG:colcon.colcon_core.package_identification:Package 'src/ulstu_turtlesim' with type 'ros.ament_python' and name 'ulstu_turtlesim'
[0.215s] Level 1:colcon.colcon_core.package_discovery:discover_packages(recursive) using defaults
[0.215s] Level 1:colcon.colcon_core.package_discovery:discover_packages(ignore) discover
[0.215s] Level 1:colcon.colcon_core.package_discovery:discover_packages(ignore) using defaults
[0.215s] Level 1:colcon.colcon_core.package_discovery:discover_packages(path) discover
[0.215s] Level 1:colcon.colcon_core.package_discovery:discover_packages(path) using defaults
[0.231s] Level 1:colcon.colcon_core.package_discovery:discover_packages(prefix_path) check parameters
[0.231s] Level 1:colcon.colcon_core.package_discovery:discover_packages(prefix_path) discover
[0.233s] DEBUG:colcon.colcon_installed_package_information.package_discovery:Found 3 installed packages in /home/dima/ros2_ws/install
[0.234s] DEBUG:colcon.colcon_installed_package_information.package_discovery:Found 12 installed packages in /home/dima/turtlebot3_ws/install
[0.236s] DEBUG:colcon.colcon_installed_package_information.package_discovery:Found 385 installed packages in /opt/ros/jazzy
[0.236s] Level 1:colcon.colcon_core.package_discovery:discover_packages(prefix_path) using defaults
[0.289s] Level 5:colcon.colcon_core.verb:set package 'my_lab2_nav' build argument 'cmake_args' from command line to 'None'
[0.289s] Level 5:colcon.colcon_core.verb:set package 'my_lab2_nav' build argument 'cmake_target' from command line to 'None'
[0.289s] Level 5:colcon.colcon_core.verb:set package 'my_lab2_nav' build argument 'cmake_target_skip_unavailable' from command line to 'False'
[0.289s] Level 5:colcon.colcon_core.verb:set package 'my_lab2_nav' build argument 'cmake_clean_cache' from command line to 'False'
[0.289s] Level 5:colcon.colcon_core.verb:set package 'my_lab2_nav' build argument 'cmake_clean_first' from command line to 'False'
[0.289s] Level 5:colcon.colcon_core.verb:set package 'my_lab2_nav' build argument 'cmake_force_configure' from command line to 'False'
[0.289s] Level 5:colcon.colcon_core.verb:set package 'my_lab2_nav' build argument 'ament_cmake_args' from command line to 'None'
[0.289s] Level 5:colcon.colcon_core.verb:set package 'my_lab2_nav' build argument 'catkin_cmake_args' from command line to 'None'
[0.289s] Level 5:colcon.colcon_core.verb:set package 'my_lab2_nav' build argument 'catkin_skip_building_tests' from command line to 'False'
[0.289s] DEBUG:colcon.colcon_core.verb:Building package 'my_lab2_nav' with the following arguments: {'ament_cmake_args': None, 'build_base': '/home/dima/ros2_ws/build/my_lab2_nav', 'catkin_cmake_args': None, 'catkin_skip_building_tests': False, 'cmake_args': None, 'cmake_clean_cache': False, 'cmake_clean_first': False, 'cmake_force_configure': False, 'cmake_target': None, 'cmake_target_skip_unavailable': False, 'install_base': '/home/dima/ros2_ws/install/my_lab2_nav', 'merge_install': False, 'path': '/home/dima/ros2_ws/src/my_lab2_nav', 'symlink_install': True, 'test_result_base': None}
[0.289s] Level 5:colcon.colcon_core.verb:set package 'my_lab2_worlds' build argument 'cmake_args' from command line to 'None'
[0.289s] Level 5:colcon.colcon_core.verb:set package 'my_lab2_worlds' build argument 'cmake_target' from command line to 'None'
[0.289s] Level 5:colcon.colcon_core.verb:set package 'my_lab2_worlds' build argument 'cmake_target_skip_unavailable' from command line to 'False'
[0.289s] Level 5:colcon.colcon_core.verb:set package 'my_lab2_worlds' build argument 'cmake_clean_cache' from command line to 'False'
[0.289s] Level 5:colcon.colcon_core.verb:set package 'my_lab2_worlds' build argument 'cmake_clean_first' from command line to 'False'
[0.289s] Level 5:colcon.colcon_core.verb:set package 'my_lab2_worlds' build argument 'cmake_force_configure' from command line to 'False'
[0.289s] Level 5:colcon.colcon_core.verb:set package 'my_lab2_worlds' build argument 'ament_cmake_args' from command line to 'None'
[0.289s] Level 5:colcon.colcon_core.verb:set package 'my_lab2_worlds' build argument 'catkin_cmake_args' from command line to 'None'
[0.289s] Level 5:colcon.colcon_core.verb:set package 'my_lab2_worlds' build argument 'catkin_skip_building_tests' from command line to 'False'
[0.289s] DEBUG:colcon.colcon_core.verb:Building package 'my_lab2_worlds' with the following arguments: {'ament_cmake_args': None, 'build_base': '/home/dima/ros2_ws/build/my_lab2_worlds', 'catkin_cmake_args': None, 'catkin_skip_building_tests': False, 'cmake_args': None, 'cmake_clean_cache': False, 'cmake_clean_first': False, 'cmake_force_configure': False, 'cmake_target': None, 'cmake_target_skip_unavailable': False, 'install_base': '/home/dima/ros2_ws/install/my_lab2_worlds', 'merge_install': False, 'path': '/home/dima/ros2_ws/src/my_lab2_worlds', 'symlink_install': True, 'test_result_base': None}
[0.290s] Level 5:colcon.colcon_core.verb:set package 'ulstu_turtlesim' build argument 'cmake_args' from command line to 'None'
[0.290s] Level 5:colcon.colcon_core.verb:set package 'ulstu_turtlesim' build argument 'cmake_target' from command line to 'None'
[0.290s] Level 5:colcon.colcon_core.verb:set package 'ulstu_turtlesim' build argument 'cmake_target_skip_unavailable' from command line to 'False'
[0.290s] Level 5:colcon.colcon_core.verb:set package 'ulstu_turtlesim' build argument 'cmake_clean_cache' from command line to 'False'
[0.290s] Level 5:colcon.colcon_core.verb:set package 'ulstu_turtlesim' build argument 'cmake_clean_first' from command line to 'False'
[0.290s] Level 5:colcon.colcon_core.verb:set package 'ulstu_turtlesim' build argument 'cmake_force_configure' from command line to 'False'
[0.290s] Level 5:colcon.colcon_core.verb:set package 'ulstu_turtlesim' build argument 'ament_cmake_args' from command line to 'None'
[0.290s] Level 5:colcon.colcon_core.verb:set package 'ulstu_turtlesim' build argument 'catkin_cmake_args' from command line to 'None'
[0.290s] Level 5:colcon.colcon_core.verb:set package 'ulstu_turtlesim' build argument 'catkin_skip_building_tests' from command line to 'False'
[0.290s] DEBUG:colcon.colcon_core.verb:Building package 'ulstu_turtlesim' with the following arguments: {'ament_cmake_args': None, 'build_base': '/home/dima/ros2_ws/build/ulstu_turtlesim', 'catkin_cmake_args': None, 'catkin_skip_building_tests': False, 'cmake_args': None, 'cmake_clean_cache': False, 'cmake_clean_first': False, 'cmake_force_configure': False, 'cmake_target': None, 'cmake_target_skip_unavailable': False, 'install_base': '/home/dima/ros2_ws/install/ulstu_turtlesim', 'merge_install': False, 'path': '/home/dima/ros2_ws/src/ulstu_turtlesim', 'symlink_install': True, 'test_result_base': None}
[0.290s] INFO:colcon.colcon_core.executor:Executing jobs using 'parallel' executor
[0.291s] DEBUG:colcon.colcon_parallel_executor.executor.parallel:run_until_complete
[0.291s] INFO:colcon.colcon_ros.task.ament_python.build:Building ROS package in '/home/dima/ros2_ws/src/my_lab2_nav' with build type 'ament_python'
[0.291s] Level 1:colcon.colcon_core.shell:create_environment_hook('my_lab2_nav', 'ament_prefix_path')
[0.293s] INFO:colcon.colcon_core.plugin_system:Skipping extension 'colcon_core.shell.bat': Not used on non-Windows systems
[0.294s] INFO:colcon.colcon_core.shell:Creating environment hook '/home/dima/ros2_ws/install/my_lab2_nav/share/my_lab2_nav/hook/ament_prefix_path.ps1'
[0.294s] INFO:colcon.colcon_core.shell:Creating environment descriptor '/home/dima/ros2_ws/install/my_lab2_nav/share/my_lab2_nav/hook/ament_prefix_path.dsv'
[0.295s] INFO:colcon.colcon_core.shell:Creating environment hook '/home/dima/ros2_ws/install/my_lab2_nav/share/my_lab2_nav/hook/ament_prefix_path.sh'
[0.295s] INFO:colcon.colcon_core.shell:Skip shell extension 'powershell' for command environment: Not usable outside of PowerShell
[0.295s] DEBUG:colcon.colcon_core.shell:Skip shell extension 'dsv' for command environment
[0.299s] INFO:colcon.colcon_ros.task.ament_cmake.build:Building ROS package in '/home/dima/ros2_ws/src/my_lab2_worlds' with build type 'ament_cmake'
[0.300s] INFO:colcon.colcon_cmake.task.cmake.build:Building CMake package in '/home/dima/ros2_ws/src/my_lab2_worlds'
[0.300s] INFO:colcon.colcon_core.shell:Skip shell extension 'powershell' for command environment: Not usable outside of PowerShell
[0.300s] DEBUG:colcon.colcon_core.shell:Skip shell extension 'dsv' for command environment
[0.304s] INFO:colcon.colcon_ros.task.ament_python.build:Building ROS package in '/home/dima/ros2_ws/src/ulstu_turtlesim' with build type 'ament_python'
[0.304s] Level 1:colcon.colcon_core.shell:create_environment_hook('ulstu_turtlesim', 'ament_prefix_path')
[0.304s] INFO:colcon.colcon_core.shell:Creating environment hook '/home/dima/ros2_ws/install/ulstu_turtlesim/share/ulstu_turtlesim/hook/ament_prefix_path.ps1'
[0.305s] INFO:colcon.colcon_core.shell:Creating environment descriptor '/home/dima/ros2_ws/install/ulstu_turtlesim/share/ulstu_turtlesim/hook/ament_prefix_path.dsv'
[0.306s] INFO:colcon.colcon_core.shell:Creating environment hook '/home/dima/ros2_ws/install/ulstu_turtlesim/share/ulstu_turtlesim/hook/ament_prefix_path.sh'
[0.306s] INFO:colcon.colcon_core.shell:Skip shell extension 'powershell' for command environment: Not usable outside of PowerShell
[0.306s] DEBUG:colcon.colcon_core.shell:Skip shell extension 'dsv' for command environment
[0.533s] INFO:colcon.colcon_core.task.python.build:Building Python package in '/home/dima/ros2_ws/src/my_lab2_nav'
[0.533s] INFO:colcon.colcon_core.shell:Skip shell extension 'powershell' for command environment: Not usable outside of PowerShell
[0.533s] DEBUG:colcon.colcon_core.shell:Skip shell extension 'dsv' for command environment
[0.542s] DEBUG:colcon.colcon_core.event_handler.log_command:Invoking command in '/home/dima/ros2_ws/build/my_lab2_worlds': CMAKE_PREFIX_PATH=${CMAKE_PREFIX_PATH}:/home/dima/ros2_ws/install/ulstu_turtlesim:/home/dima/ros2_ws/install/my_lab2_nav:/home/dima/turtlebot3_ws/install/turtlebot3_teleop:/home/dima/turtlebot3_ws/install/turtlebot3_example:/opt/ros/jazzy /usr/bin/cmake --build /home/dima/ros2_ws/build/my_lab2_worlds -- -j12 -l12
[0.819s] INFO:colcon.colcon_core.task.python.build:Building Python package in '/home/dima/ros2_ws/src/ulstu_turtlesim'
[0.820s] INFO:colcon.colcon_core.shell:Skip shell extension 'powershell' for command environment: Not usable outside of PowerShell
[0.820s] DEBUG:colcon.colcon_core.shell:Skip shell extension 'dsv' for command environment
[0.833s] DEBUG:colcon.colcon_core.event_handler.log_command:Invoked command in '/home/dima/ros2_ws/build/my_lab2_worlds' returned '0': CMAKE_PREFIX_PATH=${CMAKE_PREFIX_PATH}:/home/dima/ros2_ws/install/ulstu_turtlesim:/home/dima/ros2_ws/install/my_lab2_nav:/home/dima/turtlebot3_ws/install/turtlebot3_teleop:/home/dima/turtlebot3_ws/install/turtlebot3_example:/opt/ros/jazzy /usr/bin/cmake --build /home/dima/ros2_ws/build/my_lab2_worlds -- -j12 -l12
[0.854s] DEBUG:colcon.colcon_core.event_handler.log_command:Invoking command in '/home/dima/ros2_ws/build/my_lab2_worlds': CMAKE_PREFIX_PATH=${CMAKE_PREFIX_PATH}:/home/dima/ros2_ws/install/ulstu_turtlesim:/home/dima/ros2_ws/install/my_lab2_nav:/home/dima/turtlebot3_ws/install/turtlebot3_teleop:/home/dima/turtlebot3_ws/install/turtlebot3_example:/opt/ros/jazzy /usr/bin/cmake --install /home/dima/ros2_ws/build/my_lab2_worlds
[0.893s] Level 1:colcon.colcon_core.environment:create_environment_scripts_only(my_lab2_worlds)
[0.893s] DEBUG:colcon.colcon_core.event_handler.log_command:Invoked command in '/home/dima/ros2_ws/build/my_lab2_worlds' returned '0': CMAKE_PREFIX_PATH=${CMAKE_PREFIX_PATH}:/home/dima/ros2_ws/install/ulstu_turtlesim:/home/dima/ros2_ws/install/my_lab2_nav:/home/dima/turtlebot3_ws/install/turtlebot3_teleop:/home/dima/turtlebot3_ws/install/turtlebot3_example:/opt/ros/jazzy /usr/bin/cmake --install /home/dima/ros2_ws/build/my_lab2_worlds
[0.896s] Level 1:colcon.colcon_core.environment:checking '/home/dima/ros2_ws/install/my_lab2_worlds' for CMake module files
[0.896s] Level 1:colcon.colcon_core.environment:checking '/home/dima/ros2_ws/install/my_lab2_worlds' for CMake config files
[0.896s] Level 1:colcon.colcon_core.shell:create_environment_hook('my_lab2_worlds', 'cmake_prefix_path')
[0.897s] INFO:colcon.colcon_core.shell:Creating environment hook '/home/dima/ros2_ws/install/my_lab2_worlds/share/my_lab2_worlds/hook/cmake_prefix_path.ps1'
[0.897s] INFO:colcon.colcon_core.shell:Creating environment descriptor '/home/dima/ros2_ws/install/my_lab2_worlds/share/my_lab2_worlds/hook/cmake_prefix_path.dsv'
[0.898s] INFO:colcon.colcon_core.shell:Creating environment hook '/home/dima/ros2_ws/install/my_lab2_worlds/share/my_lab2_worlds/hook/cmake_prefix_path.sh'
[0.899s] Level 1:colcon.colcon_core.environment:checking '/home/dima/ros2_ws/install/my_lab2_worlds/bin'
[0.899s] Level 1:colcon.colcon_core.environment:checking '/home/dima/ros2_ws/install/my_lab2_worlds/lib/pkgconfig/my_lab2_worlds.pc'
[0.899s] Level 1:colcon.colcon_core.environment:checking '/home/dima/ros2_ws/install/my_lab2_worlds/lib/python3.12/site-packages'
[0.900s] Level 1:colcon.colcon_core.environment:checking '/home/dima/ros2_ws/install/my_lab2_worlds/bin'
[0.900s] INFO:colcon.colcon_core.shell:Creating package script '/home/dima/ros2_ws/install/my_lab2_worlds/share/my_lab2_worlds/package.ps1'
[0.901s] INFO:colcon.colcon_core.shell:Creating package descriptor '/home/dima/ros2_ws/install/my_lab2_worlds/share/my_lab2_worlds/package.dsv'
[0.901s] INFO:colcon.colcon_core.shell:Creating package script '/home/dima/ros2_ws/install/my_lab2_worlds/share/my_lab2_worlds/package.sh'
[0.902s] INFO:colcon.colcon_core.shell:Creating package script '/home/dima/ros2_ws/install/my_lab2_worlds/share/my_lab2_worlds/package.bash'
[0.903s] INFO:colcon.colcon_core.shell:Creating package script '/home/dima/ros2_ws/install/my_lab2_worlds/share/my_lab2_worlds/package.zsh'
[0.904s] Level 1:colcon.colcon_core.environment:create_file_with_runtime_dependencies(/home/dima/ros2_ws/install/my_lab2_worlds/share/colcon-core/packages/my_lab2_worlds)
[0.905s] Level 1:colcon.colcon_core.environment:create_environment_scripts_only(my_lab2_worlds)
[0.905s] Level 1:colcon.colcon_core.environment:checking '/home/dima/ros2_ws/install/my_lab2_worlds' for CMake module files
[0.906s] Level 1:colcon.colcon_core.environment:checking '/home/dima/ros2_ws/install/my_lab2_worlds' for CMake config files
[0.906s] Level 1:colcon.colcon_core.shell:create_environment_hook('my_lab2_worlds', 'cmake_prefix_path')
[0.907s] INFO:colcon.colcon_core.shell:Creating environment hook '/home/dima/ros2_ws/install/my_lab2_worlds/share/my_lab2_worlds/hook/cmake_prefix_path.ps1'
[0.907s] INFO:colcon.colcon_core.shell:Creating environment descriptor '/home/dima/ros2_ws/install/my_lab2_worlds/share/my_lab2_worlds/hook/cmake_prefix_path.dsv'
[0.907s] INFO:colcon.colcon_core.shell:Creating environment hook '/home/dima/ros2_ws/install/my_lab2_worlds/share/my_lab2_worlds/hook/cmake_prefix_path.sh'
[0.908s] Level 1:colcon.colcon_core.environment:checking '/home/dima/ros2_ws/install/my_lab2_worlds/bin'
[0.908s] Level 1:colcon.colcon_core.environment:checking '/home/dima/ros2_ws/install/my_lab2_worlds/lib/pkgconfig/my_lab2_worlds.pc'
[0.909s] Level 1:colcon.colcon_core.environment:checking '/home/dima/ros2_ws/install/my_lab2_worlds/lib/python3.12/site-packages'
[0.909s] Level 1:colcon.colcon_core.environment:checking '/home/dima/ros2_ws/install/my_lab2_worlds/bin'
[0.909s] INFO:colcon.colcon_core.shell:Creating package script '/home/dima/ros2_ws/install/my_lab2_worlds/share/my_lab2_worlds/package.ps1'
[0.910s] INFO:colcon.colcon_core.shell:Creating package descriptor '/home/dima/ros2_ws/install/my_lab2_worlds/share/my_lab2_worlds/package.dsv'
[0.910s] INFO:colcon.colcon_core.shell:Creating package script '/home/dima/ros2_ws/install/my_lab2_worlds/share/my_lab2_worlds/package.sh'
[0.911s] INFO:colcon.colcon_core.shell:Creating package script '/home/dima/ros2_ws/install/my_lab2_worlds/share/my_lab2_worlds/package.bash'
[0.911s] INFO:colcon.colcon_core.shell:Creating package script '/home/dima/ros2_ws/install/my_lab2_worlds/share/my_lab2_worlds/package.zsh'
[0.911s] Level 1:colcon.colcon_core.environment:create_file_with_runtime_dependencies(/home/dima/ros2_ws/install/my_lab2_worlds/share/colcon-core/packages/my_lab2_worlds)
[1.998s] DEBUG:colcon.colcon_core.event_handler.log_command:Invoking command in '/home/dima/ros2_ws/build/my_lab2_nav': PYTHONPATH=/home/dima/ros2_ws/build/my_lab2_nav/prefix_override:/usr/lib/python3/dist-packages/colcon_core/task/python/colcon_distutils_commands:/home/dima/ros2_ws/install/my_lab2_nav/lib/python3.12/site-packages:${PYTHONPATH} /usr/bin/python3 -W ignore:setup.py install is deprecated -W ignore:easy_install command is deprecated setup.py develop --editable --build-directory /home/dima/ros2_ws/build/my_lab2_nav/build --no-deps symlink_data
[2.002s] DEBUG:colcon.colcon_core.event_handler.log_command:Invoking command in '/home/dima/ros2_ws/build/ulstu_turtlesim': PYTHONPATH=/home/dima/ros2_ws/build/ulstu_turtlesim/prefix_override:/usr/lib/python3/dist-packages/colcon_core/task/python/colcon_distutils_commands:/home/dima/ros2_ws/install/ulstu_turtlesim/lib/python3.12/site-packages:${PYTHONPATH} /usr/bin/python3 -W ignore:setup.py install is deprecated -W ignore:easy_install command is deprecated setup.py develop --editable --build-directory /home/dima/ros2_ws/build/ulstu_turtlesim/build --no-deps symlink_data
[2.679s] Level 1:colcon.colcon_core.shell:create_environment_hook('my_lab2_nav', 'pythonpath_develop')
[2.679s] INFO:colcon.colcon_core.shell:Creating environment hook '/home/dima/ros2_ws/build/my_lab2_nav/share/my_lab2_nav/hook/pythonpath_develop.ps1'
[2.680s] DEBUG:colcon.colcon_core.event_handler.log_command:Invoked command in '/home/dima/ros2_ws/build/my_lab2_nav' returned '0': PYTHONPATH=/home/dima/ros2_ws/build/my_lab2_nav/prefix_override:/usr/lib/python3/dist-packages/colcon_core/task/python/colcon_distutils_commands:/home/dima/ros2_ws/install/my_lab2_nav/lib/python3.12/site-packages:${PYTHONPATH} /usr/bin/python3 -W ignore:setup.py install is deprecated -W ignore:easy_install command is deprecated setup.py develop --editable --build-directory /home/dima/ros2_ws/build/my_lab2_nav/build --no-deps symlink_data
[2.680s] INFO:colcon.colcon_core.shell:Creating environment descriptor '/home/dima/ros2_ws/build/my_lab2_nav/share/my_lab2_nav/hook/pythonpath_develop.dsv'
[2.681s] INFO:colcon.colcon_core.shell:Creating environment hook '/home/dima/ros2_ws/build/my_lab2_nav/share/my_lab2_nav/hook/pythonpath_develop.sh'
[2.681s] Level 1:colcon.colcon_core.environment:checking '/home/dima/ros2_ws/install/my_lab2_nav' for CMake module files
[2.682s] Level 1:colcon.colcon_core.environment:checking '/home/dima/ros2_ws/install/my_lab2_nav' for CMake config files
[2.682s] Level 1:colcon.colcon_core.environment:checking '/home/dima/ros2_ws/install/my_lab2_nav/lib'
[2.682s] Level 1:colcon.colcon_core.environment:checking '/home/dima/ros2_ws/install/my_lab2_nav/bin'
[2.682s] Level 1:colcon.colcon_core.environment:checking '/home/dima/ros2_ws/install/my_lab2_nav/lib/pkgconfig/my_lab2_nav.pc'
[2.683s] Level 1:colcon.colcon_core.environment:checking '/home/dima/ros2_ws/install/my_lab2_nav/lib/python3.12/site-packages'
[2.683s] Level 1:colcon.colcon_core.shell:create_environment_hook('my_lab2_nav', 'pythonpath')
[2.683s] INFO:colcon.colcon_core.shell:Creating environment hook '/home/dima/ros2_ws/install/my_lab2_nav/share/my_lab2_nav/hook/pythonpath.ps1'
[2.684s] INFO:colcon.colcon_core.shell:Creating environment descriptor '/home/dima/ros2_ws/install/my_lab2_nav/share/my_lab2_nav/hook/pythonpath.dsv'
[2.684s] INFO:colcon.colcon_core.shell:Creating environment hook '/home/dima/ros2_ws/install/my_lab2_nav/share/my_lab2_nav/hook/pythonpath.sh'
[2.685s] Level 1:colcon.colcon_core.environment:checking '/home/dima/ros2_ws/install/my_lab2_nav/bin'
[2.685s] Level 1:colcon.colcon_core.environment:create_environment_scripts_only(my_lab2_nav)
[2.685s] INFO:colcon.colcon_core.shell:Creating package script '/home/dima/ros2_ws/install/my_lab2_nav/share/my_lab2_nav/package.ps1'
[2.686s] INFO:colcon.colcon_core.shell:Creating package descriptor '/home/dima/ros2_ws/install/my_lab2_nav/share/my_lab2_nav/package.dsv'
[2.686s] INFO:colcon.colcon_core.shell:Creating package script '/home/dima/ros2_ws/install/my_lab2_nav/share/my_lab2_nav/package.sh'
[2.686s] INFO:colcon.colcon_core.shell:Creating package script '/home/dima/ros2_ws/install/my_lab2_nav/share/my_lab2_nav/package.bash'
[2.687s] INFO:colcon.colcon_core.shell:Creating package script '/home/dima/ros2_ws/install/my_lab2_nav/share/my_lab2_nav/package.zsh'
[2.687s] Level 1:colcon.colcon_core.environment:create_file_with_runtime_dependencies(/home/dima/ros2_ws/install/my_lab2_nav/share/colcon-core/packages/my_lab2_nav)
[2.689s] Level 1:colcon.colcon_core.shell:create_environment_hook('ulstu_turtlesim', 'pythonpath_develop')
[2.689s] INFO:colcon.colcon_core.shell:Creating environment hook '/home/dima/ros2_ws/build/ulstu_turtlesim/share/ulstu_turtlesim/hook/pythonpath_develop.ps1'
[2.689s] DEBUG:colcon.colcon_core.event_handler.log_command:Invoked command in '/home/dima/ros2_ws/build/ulstu_turtlesim' returned '0': PYTHONPATH=/home/dima/ros2_ws/build/ulstu_turtlesim/prefix_override:/usr/lib/python3/dist-packages/colcon_core/task/python/colcon_distutils_commands:/home/dima/ros2_ws/install/ulstu_turtlesim/lib/python3.12/site-packages:${PYTHONPATH} /usr/bin/python3 -W ignore:setup.py install is deprecated -W ignore:easy_install command is deprecated setup.py develop --editable --build-directory /home/dima/ros2_ws/build/ulstu_turtlesim/build --no-deps symlink_data
[2.690s] INFO:colcon.colcon_core.shell:Creating environment descriptor '/home/dima/ros2_ws/build/ulstu_turtlesim/share/ulstu_turtlesim/hook/pythonpath_develop.dsv'
[2.690s] INFO:colcon.colcon_core.shell:Creating environment hook '/home/dima/ros2_ws/build/ulstu_turtlesim/share/ulstu_turtlesim/hook/pythonpath_develop.sh'
[2.691s] Level 1:colcon.colcon_core.environment:checking '/home/dima/ros2_ws/install/ulstu_turtlesim' for CMake module files
[2.691s] Level 1:colcon.colcon_core.environment:checking '/home/dima/ros2_ws/install/ulstu_turtlesim' for CMake config files
[2.692s] Level 1:colcon.colcon_core.environment:checking '/home/dima/ros2_ws/install/ulstu_turtlesim/lib'
[2.692s] Level 1:colcon.colcon_core.environment:checking '/home/dima/ros2_ws/install/ulstu_turtlesim/bin'
[2.692s] Level 1:colcon.colcon_core.environment:checking '/home/dima/ros2_ws/install/ulstu_turtlesim/lib/pkgconfig/ulstu_turtlesim.pc'
[2.692s] Level 1:colcon.colcon_core.environment:checking '/home/dima/ros2_ws/install/ulstu_turtlesim/lib/python3.12/site-packages'
[2.692s] Level 1:colcon.colcon_core.shell:create_environment_hook('ulstu_turtlesim', 'pythonpath')
[2.692s] INFO:colcon.colcon_core.shell:Creating environment hook '/home/dima/ros2_ws/install/ulstu_turtlesim/share/ulstu_turtlesim/hook/pythonpath.ps1'
[2.693s] INFO:colcon.colcon_core.shell:Creating environment descriptor '/home/dima/ros2_ws/install/ulstu_turtlesim/share/ulstu_turtlesim/hook/pythonpath.dsv'
[2.693s] INFO:colcon.colcon_core.shell:Creating environment hook '/home/dima/ros2_ws/install/ulstu_turtlesim/share/ulstu_turtlesim/hook/pythonpath.sh'
[2.694s] Level 1:colcon.colcon_core.environment:checking '/home/dima/ros2_ws/install/ulstu_turtlesim/bin'
[2.694s] Level 1:colcon.colcon_core.environment:create_environment_scripts_only(ulstu_turtlesim)
[2.694s] INFO:colcon.colcon_core.shell:Creating package script '/home/dima/ros2_ws/install/ulstu_turtlesim/share/ulstu_turtlesim/package.ps1'
[2.695s] INFO:colcon.colcon_core.shell:Creating package descriptor '/home/dima/ros2_ws/install/ulstu_turtlesim/share/ulstu_turtlesim/package.dsv'
[2.695s] INFO:colcon.colcon_core.shell:Creating package script '/home/dima/ros2_ws/install/ulstu_turtlesim/share/ulstu_turtlesim/package.sh'
[2.696s] INFO:colcon.colcon_core.shell:Creating package script '/home/dima/ros2_ws/install/ulstu_turtlesim/share/ulstu_turtlesim/package.bash'
[2.696s] INFO:colcon.colcon_core.shell:Creating package script '/home/dima/ros2_ws/install/ulstu_turtlesim/share/ulstu_turtlesim/package.zsh'
[2.696s] Level 1:colcon.colcon_core.environment:create_file_with_runtime_dependencies(/home/dima/ros2_ws/install/ulstu_turtlesim/share/colcon-core/packages/ulstu_turtlesim)
[2.697s] DEBUG:colcon.colcon_parallel_executor.executor.parallel:closing loop
[2.697s] DEBUG:colcon.colcon_parallel_executor.executor.parallel:loop closed
[2.697s] DEBUG:colcon.colcon_parallel_executor.executor.parallel:run_until_complete finished with '0'
[2.697s] DEBUG:colcon.colcon_core.event_reactor:joining thread
[2.724s] INFO:colcon.colcon_core.plugin_system:Skipping extension 'colcon_notification.desktop_notification.notify_send': Could not find 'notify-send'
[2.724s] INFO:colcon.colcon_core.plugin_system:Skipping extension 'colcon_notification.desktop_notification.terminal_notifier': Not used on non-Darwin systems
[2.724s] INFO:colcon.colcon_core.plugin_system:Skipping extension 'colcon_notification.desktop_notification.win32': Not used on non-Windows systems
[2.724s] INFO:colcon.colcon_notification.desktop_notification:Sending desktop notification using 'notify2'
[2.725s] DEBUG:colcon.colcon_notification.desktop_notification.notify2:Failed to initialize notify2: org.freedesktop.DBus.Error.ServiceUnknown: The name org.freedesktop.Notifications was not provided by any .service files
[2.726s] DEBUG:colcon.colcon_core.event_reactor:joined thread
[2.726s] INFO:colcon.colcon_core.shell:Creating prefix script '/home/dima/ros2_ws/install/local_setup.ps1'
[2.727s] INFO:colcon.colcon_core.shell:Creating prefix util module '/home/dima/ros2_ws/install/_local_setup_util_ps1.py'
[2.728s] INFO:colcon.colcon_core.shell:Creating prefix chain script '/home/dima/ros2_ws/install/setup.ps1'
[2.729s] INFO:colcon.colcon_core.shell:Creating prefix script '/home/dima/ros2_ws/install/local_setup.sh'
[2.729s] INFO:colcon.colcon_core.shell:Creating prefix util module '/home/dima/ros2_ws/install/_local_setup_util_sh.py'
[2.730s] INFO:colcon.colcon_core.shell:Creating prefix chain script '/home/dima/ros2_ws/install/setup.sh'
[2.731s] INFO:colcon.colcon_core.shell:Creating prefix script '/home/dima/ros2_ws/install/local_setup.bash'
[2.732s] INFO:colcon.colcon_core.shell:Creating prefix chain script '/home/dima/ros2_ws/install/setup.bash'
[2.733s] INFO:colcon.colcon_core.shell:Creating prefix script '/home/dima/ros2_ws/install/local_setup.zsh'
[2.733s] INFO:colcon.colcon_core.shell:Creating prefix chain script '/home/dima/ros2_ws/install/setup.zsh'
