[0.009s] Invoking command in '/home/dima/ros2_ws/build/lab2_world': CMAKE_PREFIX_PATH=${CMAKE_PREFIX_PATH}:/home/dima/ros2_ws/install/ulstu_turtlesim:/opt/ros/jazzy /usr/bin/cmake --build /home/dima/ros2_ws/build/lab2_world -- -j16 -l16
[0.039s] Invoked command in '/home/dima/ros2_ws/build/lab2_world' returned '0': CMAKE_PREFIX_PATH=${CMAKE_PREFIX_PATH}:/home/dima/ros2_ws/install/ulstu_turtlesim:/opt/ros/jazzy /usr/bin/cmake --build /home/dima/ros2_ws/build/lab2_world -- -j16 -l16
[0.048s] Invoking command in '/home/dima/ros2_ws/build/lab2_world': CMAKE_PREFIX_PATH=${CMAKE_PREFIX_PATH}:/home/dima/ros2_ws/install/ulstu_turtlesim:/opt/ros/jazzy /usr/bin/cmake --install /home/dima/ros2_ws/build/lab2_world
[0.055s] -- Install configuration: ""
[0.055s] -- Up-to-date: /home/dima/ros2_ws/install/lab2_world/share/lab2_world/launch
[0.055s] -- Up-to-date: /home/dima/ros2_ws/install/lab2_world/share/lab2_world/launch/lab2_world.launch.py
[0.055s] -- Up-to-date: /home/dima/ros2_ws/install/lab2_world/share/lab2_world/worlds
[0.055s] -- Up-to-date: /home/dima/ros2_ws/install/lab2_world/share/lab2_world/worlds/lab2_world.sdf
[0.055s] -- Up-to-date: /home/dima/ros2_ws/install/lab2_world/share/ament_index/resource_index/package_run_dependencies/lab2_world
[0.055s] -- Up-to-date: /home/dima/ros2_ws/install/lab2_world/share/ament_index/resource_index/parent_prefix_path/lab2_world
[0.056s] -- Up-to-date: /home/dima/ros2_ws/install/lab2_world/share/lab2_world/environment/ament_prefix_path.sh
[0.056s] -- Up-to-date: /home/dima/ros2_ws/install/lab2_world/share/lab2_world/environment/ament_prefix_path.dsv
[0.056s] -- Up-to-date: /home/dima/ros2_ws/install/lab2_world/share/lab2_world/environment/path.sh
[0.056s] -- Up-to-date: /home/dima/ros2_ws/install/lab2_world/share/lab2_world/environment/path.dsv
[0.056s] -- Up-to-date: /home/dima/ros2_ws/install/lab2_world/share/lab2_world/local_setup.bash
[0.056s] -- Up-to-date: /home/dima/ros2_ws/install/lab2_world/share/lab2_world/local_setup.sh
[0.056s] -- Up-to-date: /home/dima/ros2_ws/install/lab2_world/share/lab2_world/local_setup.zsh
[0.057s] -- Up-to-date: /home/dima/ros2_ws/install/lab2_world/share/lab2_world/local_setup.dsv
[0.057s] -- Installing: /home/dima/ros2_ws/install/lab2_world/share/lab2_world/package.dsv
[0.057s] -- Up-to-date: /home/dima/ros2_ws/install/lab2_world/share/ament_index/resource_index/packages/lab2_world
[0.057s] -- Up-to-date: /home/dima/ros2_ws/install/lab2_world/share/lab2_world/cmake/lab2_worldConfig.cmake
[0.057s] -- Up-to-date: /home/dima/ros2_ws/install/lab2_world/share/lab2_world/cmake/lab2_worldConfig-version.cmake
[0.057s] -- Up-to-date: /home/dima/ros2_ws/install/lab2_world/share/lab2_world/package.xml
[0.058s] Invoked command in '/home/dima/ros2_ws/build/lab2_world' returned '0': CMAKE_PREFIX_PATH=${CMAKE_PREFIX_PATH}:/home/dima/ros2_ws/install/ulstu_turtlesim:/opt/ros/jazzy /usr/bin/cmake --install /home/dima/ros2_ws/build/lab2_world
