(2026-04-15T16:09:47.490652209) (2026-04-15T16:09:47.490658233) [Msg] Gazebo Sim Server v8.11.0
(2026-04-15T16:09:47.494614625) (2026-04-15T16:09:47.494618377) [Msg] Loading SDF world file[/opt/ros/jazzy/share/turtlebot3_gazebo/worlds/empty_world.world].
(2026-04-15T16:09:47.538319302) (2026-04-15T16:09:47.538324535) [Wrn] [LocalCache.cc:104] Server directory does not exist [/home/dima/.gz/fuel/fuel.gazebosim.org]
(2026-04-15T16:09:47.538395042) (2026-04-15T16:09:47.538397807) [Msg] Downloading model [fuel.gazebosim.org/openrobotics/models/ground plane]
(2026-04-15T16:09:48.502945933) (2026-04-15T16:09:48.502951571) [Dbg] [FuelClient.cc:1968] Downloading from a referral link [https://gz-fuel-resources-production.s3.amazonaws.com/OpenRobotics/0e89c80f-c5dd-416f-a365-c776bbf04a3a/.zips/5.zip?X-Amz-Algorithm=AWS4-HMAC-SHA256&X-Amz-Credential=AKIAS5OHIRKDBY6VUUFF%2F20260415%2Fus-east-1%2Fs3%2Faws4_request&X-Amz-Date=20260415T120948Z&X-Amz-Expires=3600&X-Amz-SignedHeaders=host&X-Amz-Signature=eaff8fa73c1ec28c90f4eb6f57762e3d6c7c953af4cf58744f4870133107f38e]
(2026-04-15T16:09:49.174555554) (2026-04-15T16:09:49.174559713) [Dbg] [Zip.cc:180] Created file [/home/dima/.gz/fuel/fuel.gazebosim.org/openrobotics/models/ground plane/5/model-1_2.sdf]
(2026-04-15T16:09:49.174626369) (2026-04-15T16:09:49.174629836) [Dbg] [Zip.cc:180] Created file [/home/dima/.gz/fuel/fuel.gazebosim.org/openrobotics/models/ground plane/5/model-1_3.sdf]
(2026-04-15T16:09:49.174666085) (2026-04-15T16:09:49.174668363) [Dbg] [Zip.cc:180] Created file [/home/dima/.gz/fuel/fuel.gazebosim.org/openrobotics/models/ground plane/5/model-1_4.sdf]
(2026-04-15T16:09:49.174697680) (2026-04-15T16:09:49.174699759) [Dbg] [Zip.cc:180] Created file [/home/dima/.gz/fuel/fuel.gazebosim.org/openrobotics/models/ground plane/5/model.config]
(2026-04-15T16:09:49.174729967) (2026-04-15T16:09:49.174732047) [Dbg] [Zip.cc:180] Created file [/home/dima/.gz/fuel/fuel.gazebosim.org/openrobotics/models/ground plane/5/model.sdf]
(2026-04-15T16:09:49.174883978) (2026-04-15T16:09:49.174886554) [Dbg] [Zip.cc:180] Created file [/home/dima/.gz/fuel/fuel.gazebosim.org/openrobotics/models/ground plane/5/thumbnails/1.png]
(2026-04-15T16:09:49.174923199) (2026-04-15T16:09:49.174925378) [Dbg] [Zip.cc:180] Created file [/home/dima/.gz/fuel/fuel.gazebosim.org/openrobotics/models/ground plane/5/thumbnails/2.png]
(2026-04-15T16:09:49.174952813) (2026-04-15T16:09:49.174954992) [Dbg] [Zip.cc:180] Created file [/home/dima/.gz/fuel/fuel.gazebosim.org/openrobotics/models/ground plane/5/thumbnails/3.png]
(2026-04-15T16:09:49.174982030) (2026-04-15T16:09:49.174984011) [Dbg] [Zip.cc:180] Created file [/home/dima/.gz/fuel/fuel.gazebosim.org/openrobotics/models/ground plane/5/thumbnails/4.png]
(2026-04-15T16:09:49.175053242) (2026-04-15T16:09:49.175056411) [Dbg] [Zip.cc:180] Created file [/home/dima/.gz/fuel/fuel.gazebosim.org/openrobotics/models/ground plane/5/thumbnails/5.png]
(2026-04-15T16:09:49.225015408) (2026-04-15T16:09:49.225020558) [Msg] Downloading model [fuel.gazebosim.org/openrobotics/models/sun]
(2026-04-15T16:09:49.975986095) (2026-04-15T16:09:49.975991610) [Dbg] [FuelClient.cc:1968] Downloading from a referral link [https://gz-fuel-resources-production.s3.amazonaws.com/OpenRobotics/0aa70676-89ef-4553-b1a2-464131ad8155/.zips/3.zip?X-Amz-Algorithm=AWS4-HMAC-SHA256&X-Amz-Credential=AKIAS5OHIRKDBY6VUUFF%2F20260415%2Fus-east-1%2Fs3%2Faws4_request&X-Amz-Date=20260415T120949Z&X-Amz-Expires=3600&X-Amz-SignedHeaders=host&X-Amz-Signature=19addb424eccd63124fa746a869454a6206928852cc8ea998efb59307a7ace39]
(2026-04-15T16:09:50.600848378) (2026-04-15T16:09:50.600852193) [Dbg] [Zip.cc:180] Created file [/home/dima/.gz/fuel/fuel.gazebosim.org/openrobotics/models/sun/3/model-1_2.sdf]
(2026-04-15T16:09:50.600889539) (2026-04-15T16:09:50.600891748) [Dbg] [Zip.cc:180] Created file [/home/dima/.gz/fuel/fuel.gazebosim.org/openrobotics/models/sun/3/model-1_3.sdf]
(2026-04-15T16:09:50.600922568) (2026-04-15T16:09:50.600924877) [Dbg] [Zip.cc:180] Created file [/home/dima/.gz/fuel/fuel.gazebosim.org/openrobotics/models/sun/3/model-1_4.sdf]
(2026-04-15T16:09:50.600967343) (2026-04-15T16:09:50.600970556) [Dbg] [Zip.cc:180] Created file [/home/dima/.gz/fuel/fuel.gazebosim.org/openrobotics/models/sun/3/model.config]
(2026-04-15T16:09:50.601010211) (2026-04-15T16:09:50.601012520) [Dbg] [Zip.cc:180] Created file [/home/dima/.gz/fuel/fuel.gazebosim.org/openrobotics/models/sun/3/model.sdf]
(2026-04-15T16:09:50.714754743) (2026-04-15T16:09:50.714760566) [Msg] Serving entity system service on [/entity/system/add]
(2026-04-15T16:09:50.847144729) (2026-04-15T16:09:50.847150451) [Dbg] [Physics.cc:906] Loaded [gz::physics::dartsim::Plugin] from library [/opt/ros/jazzy/opt/gz_physics_vendor/lib/gz-physics-7/engine-plugins/libgz-physics-dartsim-plugin.so]
(2026-04-15T16:09:50.847188600) (2026-04-15T16:09:50.847190809) [Dbg] [SystemManager.cc:80] Loaded system [gz::sim::systems::Physics] for entity [1]
(2026-04-15T16:09:50.850486185) (2026-04-15T16:09:50.850490401) [Msg] Create service on [/world/default/create_multiple] (async)
(2026-04-15T16:09:50.850499938) (2026-04-15T16:09:50.850501846) [Msg] Create service on [/world/default/create_multiple/blocking] (blocking)
(2026-04-15T16:09:50.850668698) (2026-04-15T16:09:50.850672212) [Msg] Remove service on [/world/default/remove] (async)
(2026-04-15T16:09:50.850680343) (2026-04-15T16:09:50.850682251) [Msg] Remove service on [/world/default/remove/blocking] (blocking)
(2026-04-15T16:09:50.850828020) (2026-04-15T16:09:50.850831635) [Msg] Pose service on [/world/default/set_pose] (async)
(2026-04-15T16:09:50.850840067) (2026-04-15T16:09:50.850842176) [Msg] Pose service on [/world/default/set_pose/blocking] (blocking)
(2026-04-15T16:09:50.850984833) (2026-04-15T16:09:50.850988146) [Msg] Pose service on [/world/default/set_pose_vector] (async)
(2026-04-15T16:09:50.850995876) (2026-04-15T16:09:50.850997683) [Msg] Pose service on [/world/default/set_pose_vector/blocking] (blocking)
(2026-04-15T16:09:50.851489003) (2026-04-15T16:09:50.851492718) [Msg] Light configuration service on [/world/default/light_config] (async)
(2026-04-15T16:09:50.851501150) (2026-04-15T16:09:50.851503158) [Msg] Light configuration service on [/world/default/light_config/blocking] (blocking)
(2026-04-15T16:09:50.851796605) (2026-04-15T16:09:50.851800219) [Msg] Physics service on [/world/default/set_physics] (async)
(2026-04-15T16:09:50.851808451) (2026-04-15T16:09:50.851810359) [Msg] Physics service on [/world/default/set_physics/blocking] (blocking)
(2026-04-15T16:09:50.851972894) (2026-04-15T16:09:50.851976307) [Msg] SphericalCoordinates service on [/world/default/set_spherical_coordinates] (async)
(2026-04-15T16:09:50.851984640) (2026-04-15T16:09:50.851986547) [Msg] SphericalCoordinates service on [/world/default/set_spherical_coordinates/blocking] (blocking)
(2026-04-15T16:09:50.852112640) (2026-04-15T16:09:50.852115953) [Msg] Enable collision service on [/world/default/enable_collision] (async)
(2026-04-15T16:09:50.852124185) (2026-04-15T16:09:50.852126092) [Msg] Enable collision service on [/world/default/enable_collision/blocking] (blocking)
(2026-04-15T16:09:50.852251382) (2026-04-15T16:09:50.852254795) [Msg] Disable collision service on [/world/default/disable_collision] (async)
(2026-04-15T16:09:50.852263228) (2026-04-15T16:09:50.852265136) [Msg] Disable collision service on [/world/default/disable_collision/blocking] (blocking)
(2026-04-15T16:09:50.852426466) (2026-04-15T16:09:50.852429980) [Msg] Material service on [/world/default/visual_config] (async)
(2026-04-15T16:09:50.852437911) (2026-04-15T16:09:50.852439718) [Msg] Material service on [/world/default/visual_config/blocking] (blocking)
(2026-04-15T16:09:50.852601550) (2026-04-15T16:09:50.852605265) [Msg] Material service on [/world/default/wheel_slip] (async)
(2026-04-15T16:09:50.852613497) (2026-04-15T16:09:50.852615304) [Msg] Material service on [/world/default/wheel_slip/blocking] (blocking)
(2026-04-15T16:09:50.852636989) (2026-04-15T16:09:50.852639699) [Dbg] [SystemManager.cc:80] Loaded system [gz::sim::systems::UserCommands] for entity [1]
(2026-04-15T16:09:50.854807268) (2026-04-15T16:09:50.854816103) [Dbg] [SystemManager.cc:80] Loaded system [gz::sim::systems::SceneBroadcaster] for entity [1]
(2026-04-15T16:09:50.870534419) (2026-04-15T16:09:50.870538234) [Dbg] [Sensors.cc:697] Configuring Sensors system
(2026-04-15T16:09:50.870576784) (2026-04-15T16:09:50.870578893) [Dbg] [Sensors.cc:557] SensorsPrivate::Run
(2026-04-15T16:09:50.870644047) (2026-04-15T16:09:50.870647561) [Dbg] [SystemManager.cc:80] Loaded system [gz::sim::systems::Sensors] for entity [1]
(2026-04-15T16:09:50.870667639) (2026-04-15T16:09:50.870671956) [Dbg] [Sensors.cc:532] SensorsPrivate::RenderThread started
(2026-04-15T16:09:50.870684807) (2026-04-15T16:09:50.870686714) [Dbg] [Sensors.cc:337] Waiting for init
(2026-04-15T16:09:50.872628802) (2026-04-15T16:09:50.872632617) [Dbg] [SystemManager.cc:80] Loaded system [gz::sim::systems::Imu] for entity [1]
(2026-04-15T16:09:50.872831595) (2026-04-15T16:09:50.872834707) [Msg] Loaded level [default]
(2026-04-15T16:09:50.872920743) (2026-04-15T16:09:50.872923353) [Wrn] [Conversions.cc:735] <gui><camera> can't be converted yet
(2026-04-15T16:09:50.873346707) (2026-04-15T16:09:50.873350121) [Msg] Serving world controls on [/world/default/control], [/world/default/control/state] and [/world/default/playback/control]
(2026-04-15T16:09:50.873362469) (2026-04-15T16:09:50.873364376) [Wrn] [Conversions.cc:735] <gui><camera> can't be converted yet
(2026-04-15T16:09:50.873471796) (2026-04-15T16:09:50.873475209) [Msg] Serving GUI information on [/world/default/gui/info]
(2026-04-15T16:09:50.873484245) (2026-04-15T16:09:50.873486152) [Msg] World [default] initialized with [default_physics] physics profile.
(2026-04-15T16:09:50.874034394) (2026-04-15T16:09:50.874038109) [Msg] Serving world SDF generation service on [/world/default/generate_world_sdf]
(2026-04-15T16:09:50.874144625) (2026-04-15T16:09:50.874147938) [Msg] Serving world names on [/gazebo/worlds]
(2026-04-15T16:09:50.874210683) (2026-04-15T16:09:50.874214197) [Msg] Resource path add service on [/gazebo/resource_paths/add].
(2026-04-15T16:09:50.874284973) (2026-04-15T16:09:50.874288387) [Msg] Resource path get service on [/gazebo/resource_paths/get].
(2026-04-15T16:09:50.874368901) (2026-04-15T16:09:50.874372415) [Msg] Resource path resolve service on [/gazebo/resource_paths/resolve].
(2026-04-15T16:09:51.75365541) (2026-04-15T16:09:51.75370667) [Msg] Resource paths published on [/gazebo/resource_paths].
(2026-04-15T16:09:51.75521211) (2026-04-15T16:09:51.75524929) [Msg] Server control service on [/server_control].
(2026-04-15T16:09:51.75704518) (2026-04-15T16:09:51.75709542) [Msg] Found no publishers on /stats, adding root stats topic
(2026-04-15T16:09:51.76237654) (2026-04-15T16:09:51.76241674) [Msg] Found no publishers on /clock, adding root clock topic
(2026-04-15T16:09:51.76370712) (2026-04-15T16:09:51.76374632) [Dbg] [SimulationRunner.cc:551] Creating PostUpdate worker threads: 4
(2026-04-15T16:09:51.76386088) (2026-04-15T16:09:51.76388098) [Dbg] [SimulationRunner.cc:562] Creating postupdate worker thread (0)
(2026-04-15T16:09:51.76473621) (2026-04-15T16:09:51.76477641) [Dbg] [SimulationRunner.cc:562] Creating postupdate worker thread (1)
(2026-04-15T16:09:51.76617734) (2026-04-15T16:09:51.76621854) [Dbg] [SimulationRunner.cc:562] Creating postupdate worker thread (2)
(2026-04-15T16:09:51.124473598) (2026-04-15T16:09:51.124478924) [Msg] DiffDrive subscribing to twist messages on [cmd_vel]
(2026-04-15T16:09:51.124491587) (2026-04-15T16:09:51.124493597) [Dbg] [SystemManager.cc:80] Loaded system [gz::sim::systems::DiffDrive] for entity [10]
(2026-04-15T16:09:51.126084162) (2026-04-15T16:09:51.126088082) [Dbg] [SystemManager.cc:80] Loaded system [gz::sim::systems::JointStatePublisher] for entity [10]
(2026-04-15T16:09:51.126126572) (2026-04-15T16:09:51.126128783) [Dbg] [UserCommands.cc:1094] Created entity [10] named [burger]
(2026-04-15T16:09:51.139920387) (2026-04-15T16:09:51.139932849) [Dbg] [Sensors.cc:953] Initialization needed
(2026-04-15T16:09:51.139982897) (2026-04-15T16:09:51.139987218) [Dbg] [Sensors.cc:349] Initializing render context
(2026-04-15T16:09:51.140078067) (2026-04-15T16:09:51.140080781) [Msg] Loading plugin [gz-rendering-ogre2]
(2026-04-15T16:09:51.140403778) (2026-04-15T16:09:51.140407798) [Msg] Serving scene information on [/world/default/scene/info]
(2026-04-15T16:09:51.140494929) (2026-04-15T16:09:51.140500456) [Dbg] [ImuSensor.cc:150] IMU data for [burger::imu_link::tb3_imu] advertised on [imu]
(2026-04-15T16:09:51.140597436) (2026-04-15T16:09:51.140601657) [Msg] Serving graph information on [/world/default/scene/graph]
(2026-04-15T16:09:51.140748181) (2026-04-15T16:09:51.140751598) [Msg] Serving full state on [/world/default/state]
(2026-04-15T16:09:51.140873099) (2026-04-15T16:09:51.140876717) [Msg] Serving full state (async) on [/world/default/state_async]
(2026-04-15T16:09:51.141039622) (2026-04-15T16:09:51.141043441) [Msg] Publishing scene information on [/world/default/scene/info]
(2026-04-15T16:09:51.141146350) (2026-04-15T16:09:51.141150069) [Msg] Publishing entity deletions on [/world/default/scene/deletion]
(2026-04-15T16:09:51.141221723) (2026-04-15T16:09:51.141225240) [Msg] Publishing state changes on [/world/default/state]
(2026-04-15T16:09:51.141293277) (2026-04-15T16:09:51.141296593) [Msg] Publishing pose messages on [/world/default/pose/info]
(2026-04-15T16:09:51.141367142) (2026-04-15T16:09:51.141370760) [Msg] Publishing dynamic pose messages on [/world/default/dynamic_pose/info]
(2026-04-15T16:09:51.141723705) (2026-04-15T16:09:51.1417424982026-04-15T16:09:51.141738277() (2026-04-15T16:09:51.141750036) [Dbg] [SimulationRunner.cc:578] Exiting postupdate worker thread (Exiting postupdate worker thread (Exiting postupdate worker thread () 2026-04-15T16:09:51.141775260) (2026-04-15T16:09:51.141781893) Exiting postupdate worker thread ([Dbg] [SimulationRunner.cc:578] Exiting postupdate worker thread (1)
Exiting postupdate worker thread (2)
)
(2026-04-15T16:09:51.141914248) (2026-04-15T16:09:51.141917765) [Dbg] [SimulationRunner.cc:551] Creating PostUpdate worker threads: 6
(2026-04-15T16:09:51.141948417) (2026-04-15T16:09:51.141951130) [Dbg] [SimulationRunner.cc:562] Creating postupdate worker thread (0)
(2026-04-15T16:09:51.166253715) (2026-04-15T16:09:51.166258438) [Dbg] [SimulationRunner.cc:562] Creating postupdate worker thread (1)
(2026-04-15T16:09:51.166303963) (2026-04-15T16:09:51.166307179) [Dbg] [SimulationRunner.cc:562] Creating postupdate worker thread (2)
(2026-04-15T16:09:51.166349488) (2026-04-15T16:09:51.166353006) [Dbg] [SimulationRunner.cc:562] Creating postupdate worker thread (3)
(2026-04-15T16:09:51.166415013) (2026-04-15T16:09:51.166418630) [Dbg] [SimulationRunner.cc:562] Creating postupdate worker thread (4)
(2026-04-15T16:09:51.420076155) (2026-04-15T16:09:51.420080275) [Dbg] [RenderUtil.cc:2646] Create scene [scene]
(2026-04-15T16:09:51.549781493) (2026-04-15T16:09:51.549789533) ([Dbg] [Sensors.cc:391] ([Dbg] [Sensors.cc:391] Rendering Thread initialized
) (2026-04-15T16:09:51.549835862) [Dbg] [Sensors.cc:953] Initialization needed
(2026-04-15T16:09:51.550989768) (2026-04-15T16:09:51.550993889) [Dbg] [EntityComponentManager.cc:1656] Updated state thread iterators: 16 threads processing around 3 entities each.
(2026-04-15T16:09:51.719919585) (2026-04-15T16:09:51.719925012) [Dbg] [Lidar.cc:139] Laser scans for [burger::base_scan::hls_lfcd_lds] advertised on [scan]
(2026-04-15T16:09:51.720113443) (2026-04-15T16:09:51.720117363) [Dbg] [GpuLidarSensor.cc:164] Lidar points for [burger::base_scan::hls_lfcd_lds] advertised on [scan/points]
(2026-04-15T16:15:56.272189843) (2026-04-15T16:15:56.272198232) [Msg] DiffDrive subscribing to twist messages on [cmd_vel]
(2026-04-15T16:15:56.272213811) (2026-04-15T16:15:56.272217207) [Dbg] [SystemManager.cc:80] Loaded system [gz::sim::systems::DiffDrive] for entity [35]
(2026-04-15T16:15:56.272449798) (2026-04-15T16:15:56.272455091) [Dbg] [SystemManager.cc:80] Loaded system [gz::sim::systems::JointStatePublisher] for entity [35]
(2026-04-15T16:15:56.272502229) (2026-04-15T16:15:56.272506124) [Dbg] [UserCommands.cc:1094] Created entity [35] named [waffle]
(2026-04-15T16:15:56.278668659) (2026-04-15T16:15:56.278674651) [Dbg] [ImuSensor.cc:150] IMU data for [waffle::imu_link::tb3_imu] advertised on [imu]
((((2026-04-15T16:15:56.278937203) 2026-04-15T16:15:56.278937902() ((2026-04-15T16:15:56.278954879) 2026-04-15T16:15:56.278958475) [Dbg] [SimulationRunner.cc:578] ((2026-04-15T16:15:56.279002516) (Exiting postupdate worker thread (2026-04-15T16:15:56.279020692) 2026-04-15T16:15:56.278950385) (2026-04-15T16:15:56.279030879) 3)
2026-04-15T16:15:56.279062337) (2026-04-15T16:15:56.279068229) [Dbg] [SimulationRunner.cc:578] [Dbg] [SimulationRunner.cc:578] Exiting postupdate worker thread ([Dbg] [SimulationRunner.cc:578] 0[Dbg] [SimulationRunner.cc:578] 0Exiting postupdate worker thread (2)
[Dbg] [SimulationRunner.cc:578] [Dbg] [SimulationRunner.cc:578] Exiting postupdate worker thread (1)
Exiting postupdate worker thread ()4)

(2026-04-15T16:15:56.279299722) (2026-04-15T16:15:56.279303118) [Dbg] [SimulationRunner.cc:551] Creating PostUpdate worker threads: 8
(2026-04-15T16:15:56.279312006) (2026-04-15T16:15:56.279313904) [Dbg] [SimulationRunner.cc:562] Creating postupdate worker thread (0)
(2026-04-15T16:15:56.279377120) (2026-04-15T16:15:56.279380615) [Dbg] [SimulationRunner.cc:562] Creating postupdate worker thread (1)
(2026-04-15T16:15:56.279427254) (2026-04-15T16:15:56.279430649) [Dbg] [SimulationRunner.cc:562] Creating postupdate worker thread (2)
(2026-04-15T16:15:56.279472793) (2026-04-15T16:15:56.279476089) [Dbg] [SimulationRunner.cc:562] Creating postupdate worker thread (3)
(2026-04-15T16:15:56.279517234) (2026-04-15T16:15:56.279520530) [Dbg] [SimulationRunner.cc:562] Creating postupdate worker thread (4)
(2026-04-15T16:15:56.279578653) (2026-04-15T16:15:56.279582448) [Dbg] [SimulationRunner.cc:562] Creating postupdate worker thread (5)
(2026-04-15T16:15:56.279638274) (2026-04-15T16:15:56.279641769) [Dbg] [SimulationRunner.cc:562] Creating postupdate worker thread (6)
(2026-04-15T16:15:56.644622385) (2026-04-15T16:15:56.644626779) [Dbg] [CameraSensor.cc:405] Camera images for [waffle::camera_rgb_frame::camera] advertised on [camera/image_raw]
(2026-04-15T16:15:56.644718458) (2026-04-15T16:15:56.644721354) [Dbg] [CameraSensor.cc:695] Camera info for [waffle::camera_rgb_frame::camera] advertised on [camera/camera_info]
(2026-04-15T16:15:56.644804244) (2026-04-15T16:15:56.644806541) [Wrn] [Ogre2Camera.cc:423] Ogre2Camera::SetVisibilityMask: Mask bits c0000000 are set but will be ignored as they conflict with the reserved bits used internally by the ogre2 backend.
(2026-04-15T16:15:56.645157076) (2026-04-15T16:15:56.645160572) [Dbg] [Lidar.cc:139] Laser scans for [waffle::base_scan::hls_lfcd_lds] advertised on [scan]
(2026-04-15T16:15:56.645261039) (2026-04-15T16:15:56.645266531) [Dbg] [GpuLidarSensor.cc:164] Lidar points for [waffle::base_scan::hls_lfcd_lds] advertised on [scan/points]
(2026-04-15T16:15:56.807554307) (2026-04-15T16:15:56.807559100) [Dbg] [CameraSensor.cc:504] Enabling camera sensor: 'waffle::camera_rgb_frame::camera' data generation.
(2026-04-15T16:15:56.995139564) (2026-04-15T16:15:56.995144757) [Dbg] [EntityComponentManager.cc:1656] Updated state thread iterators: 16 threads processing around 5 entities each.
(2026-04-15T16:16:10.920266817) (2026-04-15T16:16:10.920272666) [Dbg] [CameraSensor.cc:493] Disabling camera sensor: 'waffle::camera_rgb_frame::camera' data generation. 
(2026-04-15T16:16:55.752384709) (2026-04-15T16:16:55.752398042) [Dbg] [SignalHandler.cc:142] Received signal[15].
(2026-04-15T16:16:55.752421000) (2026-04-15T16:16:55.752427116) [Dbg] [ServerPrivate.cc:122] Server received signal[15]
(2026-04-15T16:16:55.752448871) (2026-04-15T16:16:55.752454384) [Dbg] [Sensors.cc:565] SensorsPrivate::Stop
