[0.018s] Invoking command in '/home/dima/ros2_ws/build/my_lab2_worlds': CMAKE_PREFIX_PATH=${CMAKE_PREFIX_PATH}:/home/dima/ros2_ws/install/ulstu_turtlesim:/home/dima/ros2_ws/install/my_lab2_nav:/home/dima/turtlebot3_ws/install/turtlebot3_teleop:/home/dima/turtlebot3_ws/install/turtlebot3_example:/opt/ros/jazzy /usr/bin/cmake /home/dima/ros2_ws/src/my_lab2_worlds -DCMAKE_INSTALL_PREFIX=/home/dima/ros2_ws/install/my_lab2_worlds
[0.101s] -- Found ament_cmake: 2.5.5 (/opt/ros/jazzy/share/ament_cmake/cmake)
[0.327s] -- Override CMake install command with custom implementation using symlinks instead of copying resources
[0.352s] -- Found ament_lint_auto: 0.17.4 (/opt/ros/jazzy/share/ament_lint_auto/cmake)
[0.459s] -- Added test 'flake8' to check Python code syntax and style conventions
[0.460s] -- Configured 'flake8' exclude dirs and/or files: 
[0.461s] -- Added test 'lint_cmake' to check CMake code style
[0.462s] -- Added test 'pep257' to check Python code against some of the docstring style conventions in PEP 257
[0.463s] -- Added test 'xmllint' to check XML markup files
[0.465s] -- Configuring done (0.4s)
[0.474s] -- Generating done (0.0s)
[0.476s] -- Build files have been written to: /home/dima/ros2_ws/build/my_lab2_worlds
[0.486s] Invoked command in '/home/dima/ros2_ws/build/my_lab2_worlds' returned '0': CMAKE_PREFIX_PATH=${CMAKE_PREFIX_PATH}:/home/dima/ros2_ws/install/ulstu_turtlesim:/home/dima/ros2_ws/install/my_lab2_nav:/home/dima/turtlebot3_ws/install/turtlebot3_teleop:/home/dima/turtlebot3_ws/install/turtlebot3_example:/opt/ros/jazzy /usr/bin/cmake /home/dima/ros2_ws/src/my_lab2_worlds -DCMAKE_INSTALL_PREFIX=/home/dima/ros2_ws/install/my_lab2_worlds
[0.486s] Invoking command in '/home/dima/ros2_ws/build/my_lab2_worlds': CMAKE_PREFIX_PATH=${CMAKE_PREFIX_PATH}:/home/dima/ros2_ws/install/ulstu_turtlesim:/home/dima/ros2_ws/install/my_lab2_nav:/home/dima/turtlebot3_ws/install/turtlebot3_teleop:/home/dima/turtlebot3_ws/install/turtlebot3_example:/opt/ros/jazzy /usr/bin/cmake --build /home/dima/ros2_ws/build/my_lab2_worlds -- -j12 -l12
[0.531s] Invoked command in '/home/dima/ros2_ws/build/my_lab2_worlds' returned '0': CMAKE_PREFIX_PATH=${CMAKE_PREFIX_PATH}:/home/dima/ros2_ws/install/ulstu_turtlesim:/home/dima/ros2_ws/install/my_lab2_nav:/home/dima/turtlebot3_ws/install/turtlebot3_teleop:/home/dima/turtlebot3_ws/install/turtlebot3_example:/opt/ros/jazzy /usr/bin/cmake --build /home/dima/ros2_ws/build/my_lab2_worlds -- -j12 -l12
[0.541s] Invoking command in '/home/dima/ros2_ws/build/my_lab2_worlds': CMAKE_PREFIX_PATH=${CMAKE_PREFIX_PATH}:/home/dima/ros2_ws/install/ulstu_turtlesim:/home/dima/ros2_ws/install/my_lab2_nav:/home/dima/turtlebot3_ws/install/turtlebot3_teleop:/home/dima/turtlebot3_ws/install/turtlebot3_example:/opt/ros/jazzy /usr/bin/cmake --install /home/dima/ros2_ws/build/my_lab2_worlds
[0.549s] -- Install configuration: ""
[0.549s] -- Execute custom install script
[0.550s] -- Up-to-date symlink: /home/dima/ros2_ws/install/my_lab2_worlds/share/my_lab2_worlds/worlds/lab2_gulyaev.sdf
[0.550s] -- Up-to-date symlink: /home/dima/ros2_ws/install/my_lab2_worlds/share/my_lab2_worlds/launch/lab2_world.launch.py
[0.550s] -- Up-to-date symlink: /home/dima/ros2_ws/install/my_lab2_worlds/share/ament_index/resource_index/package_run_dependencies/my_lab2_worlds
[0.551s] -- Up-to-date symlink: /home/dima/ros2_ws/install/my_lab2_worlds/share/ament_index/resource_index/parent_prefix_path/my_lab2_worlds
[0.551s] -- Up-to-date symlink: /home/dima/ros2_ws/install/my_lab2_worlds/share/my_lab2_worlds/environment/ament_prefix_path.sh
[0.551s] -- Up-to-date symlink: /home/dima/ros2_ws/install/my_lab2_worlds/share/my_lab2_worlds/environment/ament_prefix_path.dsv
[0.551s] -- Up-to-date symlink: /home/dima/ros2_ws/install/my_lab2_worlds/share/my_lab2_worlds/environment/path.sh
[0.552s] -- Up-to-date symlink: /home/dima/ros2_ws/install/my_lab2_worlds/share/my_lab2_worlds/environment/path.dsv
[0.552s] -- Up-to-date symlink: /home/dima/ros2_ws/install/my_lab2_worlds/share/my_lab2_worlds/local_setup.bash
[0.552s] -- Up-to-date symlink: /home/dima/ros2_ws/install/my_lab2_worlds/share/my_lab2_worlds/local_setup.sh
[0.552s] -- Up-to-date symlink: /home/dima/ros2_ws/install/my_lab2_worlds/share/my_lab2_worlds/local_setup.zsh
[0.552s] -- Up-to-date symlink: /home/dima/ros2_ws/install/my_lab2_worlds/share/my_lab2_worlds/local_setup.dsv
[0.552s] -- Symlinking: /home/dima/ros2_ws/install/my_lab2_worlds/share/my_lab2_worlds/package.dsv
[0.562s] -- Up-to-date symlink: /home/dima/ros2_ws/install/my_lab2_worlds/share/ament_index/resource_index/packages/my_lab2_worlds
[0.563s] -- Up-to-date symlink: /home/dima/ros2_ws/install/my_lab2_worlds/share/my_lab2_worlds/cmake/my_lab2_worldsConfig.cmake
[0.563s] -- Up-to-date symlink: /home/dima/ros2_ws/install/my_lab2_worlds/share/my_lab2_worlds/cmake/my_lab2_worldsConfig-version.cmake
[0.563s] -- Up-to-date symlink: /home/dima/ros2_ws/install/my_lab2_worlds/share/my_lab2_worlds/package.xml
[0.564s] Invoked command in '/home/dima/ros2_ws/build/my_lab2_worlds' returned '0': CMAKE_PREFIX_PATH=${CMAKE_PREFIX_PATH}:/home/dima/ros2_ws/install/ulstu_turtlesim:/home/dima/ros2_ws/install/my_lab2_nav:/home/dima/turtlebot3_ws/install/turtlebot3_teleop:/home/dima/turtlebot3_ws/install/turtlebot3_example:/opt/ros/jazzy /usr/bin/cmake --install /home/dima/ros2_ws/build/my_lab2_worlds
