[0.007s] Invoking command in '/home/dima/ros2_ws/build/lab2_world': CMAKE_PREFIX_PATH=${CMAKE_PREFIX_PATH}:/home/dima/ros2_ws/install/ulstu_turtlesim:/opt/ros/jazzy /usr/bin/cmake --build /home/dima/ros2_ws/build/lab2_world -- -j16 -l16
[0.026s] -- Found ament_cmake: 2.5.6 (/opt/ros/jazzy/share/ament_cmake/cmake)
[0.171s] -- Found ament_lint_auto: 0.17.5 (/opt/ros/jazzy/share/ament_lint_auto/cmake)
[0.234s] -- Added test 'flake8' to check Python code syntax and style conventions
[0.234s] -- Configured 'flake8' exclude dirs and/or files: 
[0.235s] -- Added test 'lint_cmake' to check CMake code style
[0.235s] -- Added test 'pep257' to check Python code against some of the docstring style conventions in PEP 257
[0.236s] -- Added test 'xmllint' to check XML markup files
[0.236s] -- Configuring done (0.2s)
[0.238s] -- Generating done (0.0s)
[0.239s] -- Build files have been written to: /home/dima/ros2_ws/build/lab2_world
[0.255s] Invoked command in '/home/dima/ros2_ws/build/lab2_world' returned '0': CMAKE_PREFIX_PATH=${CMAKE_PREFIX_PATH}:/home/dima/ros2_ws/install/ulstu_turtlesim:/opt/ros/jazzy /usr/bin/cmake --build /home/dima/ros2_ws/build/lab2_world -- -j16 -l16
[0.262s] Invoking command in '/home/dima/ros2_ws/build/lab2_world': CMAKE_PREFIX_PATH=${CMAKE_PREFIX_PATH}:/home/dima/ros2_ws/install/ulstu_turtlesim:/opt/ros/jazzy /usr/bin/cmake --install /home/dima/ros2_ws/build/lab2_world
[0.267s] -- Install configuration: ""
[0.268s] -- Installing: /home/dima/ros2_ws/install/lab2_world/share/lab2_world/launch
[0.268s] -- Installing: /home/dima/ros2_ws/install/lab2_world/share/lab2_world/launch/lab2_world.launch.py
[0.268s] -- Installing: /home/dima/ros2_ws/install/lab2_world/share/lab2_world/worlds
[0.268s] -- Installing: /home/dima/ros2_ws/install/lab2_world/share/lab2_world/worlds/lab2_world.sdf
[0.268s] -- Up-to-date: /home/dima/ros2_ws/install/lab2_world/share/ament_index/resource_index/package_run_dependencies/lab2_world
[0.268s] -- Installing: /home/dima/ros2_ws/install/lab2_world/share/ament_index/resource_index/parent_prefix_path/lab2_world
[0.269s] -- Installing: /home/dima/ros2_ws/install/lab2_world/share/lab2_world/environment/ament_prefix_path.sh
[0.269s] -- Up-to-date: /home/dima/ros2_ws/install/lab2_world/share/lab2_world/environment/ament_prefix_path.dsv
[0.269s] -- Installing: /home/dima/ros2_ws/install/lab2_world/share/lab2_world/environment/path.sh
[0.269s] -- Up-to-date: /home/dima/ros2_ws/install/lab2_world/share/lab2_world/environment/path.dsv
[0.269s] -- Up-to-date: /home/dima/ros2_ws/install/lab2_world/share/lab2_world/local_setup.bash
[0.269s] -- Up-to-date: /home/dima/ros2_ws/install/lab2_world/share/lab2_world/local_setup.sh
[0.269s] -- Up-to-date: /home/dima/ros2_ws/install/lab2_world/share/lab2_world/local_setup.zsh
[0.269s] -- Up-to-date: /home/dima/ros2_ws/install/lab2_world/share/lab2_world/local_setup.dsv
[0.269s] -- Up-to-date: /home/dima/ros2_ws/install/lab2_world/share/lab2_world/package.dsv
[0.269s] -- Up-to-date: /home/dima/ros2_ws/install/lab2_world/share/ament_index/resource_index/packages/lab2_world
[0.269s] -- Up-to-date: /home/dima/ros2_ws/install/lab2_world/share/lab2_world/cmake/lab2_worldConfig.cmake
[0.270s] -- Up-to-date: /home/dima/ros2_ws/install/lab2_world/share/lab2_world/cmake/lab2_worldConfig-version.cmake
[0.270s] -- Up-to-date: /home/dima/ros2_ws/install/lab2_world/share/lab2_world/package.xml
[0.271s] Invoked command in '/home/dima/ros2_ws/build/lab2_world' returned '0': CMAKE_PREFIX_PATH=${CMAKE_PREFIX_PATH}:/home/dima/ros2_ws/install/ulstu_turtlesim:/opt/ros/jazzy /usr/bin/cmake --install /home/dima/ros2_ws/build/lab2_world
