(2026-04-16T11:19:31.754796059) (2026-04-16T11:19:31.754806529) [Msg] Gazebo Sim Server v8.11.0
(2026-04-16T11:19:31.760437218) (2026-04-16T11:19:31.760442702) [Msg] Loading SDF world file[/home/dima/ros2_ws/src/lab2_world/worlds/lab2_world.sdf].
(2026-04-16T11:19:31.990777027) (2026-04-16T11:19:31.990782810) [Msg] Serving entity system service on [/entity/system/add]
(2026-04-16T11:19:32.64142793) (2026-04-16T11:19:32.64149175) [Dbg] [Physics.cc:906] Loaded [gz::physics::dartsim::Plugin] from library [/opt/ros/jazzy/opt/gz_physics_vendor/lib/gz-physics-7/engine-plugins/libgz-physics-dartsim-plugin.so]
(2026-04-16T11:19:32.64206310) (2026-04-16T11:19:32.64209701) [Dbg] [SystemManager.cc:80] Loaded system [gz::sim::systems::Physics] for entity [1]
(2026-04-16T11:19:32.69440640) (2026-04-16T11:19:32.69446124) [Msg] Create service on [/world/lab2_world/create_multiple] (async)
(2026-04-16T11:19:32.69455896) (2026-04-16T11:19:32.69457791) [Msg] Create service on [/world/lab2_world/create_multiple/blocking] (blocking)
(2026-04-16T11:19:32.69581933) (2026-04-16T11:19:32.69587318) [Msg] Remove service on [/world/lab2_world/remove] (async)
(2026-04-16T11:19:32.69595295) (2026-04-16T11:19:32.69597189) [Msg] Remove service on [/world/lab2_world/remove/blocking] (blocking)
(2026-04-16T11:19:32.69685136) (2026-04-16T11:19:32.69688726) [Msg] Pose service on [/world/lab2_world/set_pose] (async)
(2026-04-16T11:19:32.69696603) (2026-04-16T11:19:32.69698398) [Msg] Pose service on [/world/lab2_world/set_pose/blocking] (blocking)
(2026-04-16T11:19:32.69789037) (2026-04-16T11:19:32.69792726) [Msg] Pose service on [/world/lab2_world/set_pose_vector] (async)
(2026-04-16T11:19:32.69801002) (2026-04-16T11:19:32.69802997) [Msg] Pose service on [/world/lab2_world/set_pose_vector/blocking] (blocking)
(2026-04-16T11:19:32.70344338) (2026-04-16T11:19:32.70349024) [Msg] Light configuration service on [/world/lab2_world/light_config] (async)
(2026-04-16T11:19:32.70357301) (2026-04-16T11:19:32.70359195) [Msg] Light configuration service on [/world/lab2_world/light_config/blocking] (blocking)
(2026-04-16T11:19:32.70657437) (2026-04-16T11:19:32.70661126) [Msg] Physics service on [/world/lab2_world/set_physics] (async)
(2026-04-16T11:19:32.70669302) (2026-04-16T11:19:32.70671197) [Msg] Physics service on [/world/lab2_world/set_physics/blocking] (blocking)
(2026-04-16T11:19:32.70800923) (2026-04-16T11:19:32.70804413) [Msg] SphericalCoordinates service on [/world/lab2_world/set_spherical_coordinates] (async)
(2026-04-16T11:19:32.70812889) (2026-04-16T11:19:32.70814783) [Msg] SphericalCoordinates service on [/world/lab2_world/set_spherical_coordinates/blocking] (blocking)
(2026-04-16T11:19:32.70886676) (2026-04-16T11:19:32.70889967) [Msg] Enable collision service on [/world/lab2_world/enable_collision] (async)
(2026-04-16T11:19:32.70897346) (2026-04-16T11:19:32.70899141) [Msg] Enable collision service on [/world/lab2_world/enable_collision/blocking] (blocking)
(2026-04-16T11:19:32.70976618) (2026-04-16T11:19:32.70980107) [Msg] Disable collision service on [/world/lab2_world/disable_collision] (async)
(2026-04-16T11:19:32.70988384) (2026-04-16T11:19:32.70990378) [Msg] Disable collision service on [/world/lab2_world/disable_collision/blocking] (blocking)
(2026-04-16T11:19:32.71114321) (2026-04-16T11:19:32.71118010) [Msg] Material service on [/world/lab2_world/visual_config] (async)
(2026-04-16T11:19:32.71126386) (2026-04-16T11:19:32.71128381) [Msg] Material service on [/world/lab2_world/visual_config/blocking] (blocking)
(2026-04-16T11:19:32.71212439) (2026-04-16T11:19:32.71216128) [Msg] Material service on [/world/lab2_world/wheel_slip] (async)
(2026-04-16T11:19:32.71224903) (2026-04-16T11:19:32.71226897) [Msg] Material service on [/world/lab2_world/wheel_slip/blocking] (blocking)
(2026-04-16T11:19:32.71243848) (2026-04-16T11:19:32.71245743) [Dbg] [SystemManager.cc:80] Loaded system [gz::sim::systems::UserCommands] for entity [1]
(2026-04-16T11:19:32.73795402) (2026-04-16T11:19:32.73799191) [Dbg] [SystemManager.cc:80] Loaded system [gz::sim::systems::SceneBroadcaster] for entity [1]
(2026-04-16T11:19:32.95152511) (2026-04-16T11:19:32.95160189) [Dbg] [Sensors.cc:697] Configuring Sensors system
(2026-04-16T11:19:32.95205359) (2026-04-16T11:19:32.95207552) [Dbg] [Sensors.cc:557] SensorsPrivate::Run
(2026-04-16T11:19:32.95279844) (2026-04-16T11:19:32.95287323) [Dbg] [SystemManager.cc:80] Loaded system [gz::sim::systems::Sensors] for entity [1]
(2026-04-16T11:19:32.95336980) (2026-04-16T11:19:32.95341467) [Dbg] [Sensors.cc:532] SensorsPrivate::RenderThread started
(2026-04-16T11:19:32.95354728) (2026-04-16T11:19:32.95356723) [Dbg] [Sensors.cc:337] Waiting for init
(2026-04-16T11:19:32.96888911) (2026-04-16T11:19:32.96892601) [Dbg] [SystemManager.cc:80] Loaded system [gz::sim::systems::Contact] for entity [1]
(2026-04-16T11:19:32.98049869) (2026-04-16T11:19:32.98053558) [Msg] Loaded level [default]
(2026-04-16T11:19:32.99398187) (2026-04-16T11:19:32.99401976) [Msg] Serving world controls on [/world/lab2_world/control], [/world/lab2_world/control/state] and [/world/lab2_world/playback/control]
(2026-04-16T11:19:32.99514950) (2026-04-16T11:19:32.99518640) [Msg] Serving GUI information on [/world/lab2_world/gui/info]
(2026-04-16T11:19:32.99527714) (2026-04-16T11:19:32.99529509) [Msg] World [lab2_world] initialized with [1ms] physics profile.
(2026-04-16T11:19:32.100014014) (2026-04-16T11:19:32.100017703) [Msg] Serving world SDF generation service on [/world/lab2_world/generate_world_sdf]
(2026-04-16T11:19:32.100133569) (2026-04-16T11:19:32.100155706) [Msg] Serving world names on [/gazebo/worlds]
(2026-04-16T11:19:32.100250134) (2026-04-16T11:19:32.100253923) [Msg] Resource path add service on [/gazebo/resource_paths/add].
(2026-04-16T11:19:32.100336884) (2026-04-16T11:19:32.100340374) [Msg] Resource path get service on [/gazebo/resource_paths/get].
(2026-04-16T11:19:32.100435600) (2026-04-16T11:19:32.100439289) [Msg] Resource path resolve service on [/gazebo/resource_paths/resolve].
(2026-04-16T11:19:32.200768024) (2026-04-16T11:19:32.200774206) [Msg] Resource paths published on [/gazebo/resource_paths].
(2026-04-16T11:19:32.200936639) (2026-04-16T11:19:32.200940727) [Msg] Server control service on [/server_control].
(2026-04-16T11:19:33.756967839) (2026-04-16T11:19:33.756973921) [Msg] Found no publishers on /stats, adding root stats topic
(2026-04-16T11:19:33.757262790) (2026-04-16T11:19:33.757268673) [Msg] Found no publishers on /clock, adding root clock topic
(2026-04-16T11:19:33.757548866) (2026-04-16T11:19:33.757552954) [Dbg] [SimulationRunner.cc:551] Creating PostUpdate worker threads: 4
(2026-04-16T11:19:33.757570404) (2026-04-16T11:19:33.757572398) [Dbg] [SimulationRunner.cc:562] Creating postupdate worker thread (0)
(2026-04-16T11:19:33.757664533) (2026-04-16T11:19:33.757676798) [Dbg] [SimulationRunner.cc:562] Creating postupdate worker thread (1)
(2026-04-16T11:19:33.757772123) (2026-04-16T11:19:33.757776012) [Dbg] [SimulationRunner.cc:562] Creating postupdate worker thread (2)
(2026-04-16T11:19:33.818240125) (2026-04-16T11:19:33.818247304) [Msg] DiffDrive subscribing to twist messages on [cmd_vel]
(2026-04-16T11:19:33.818264355) (2026-04-16T11:19:33.818266349) [Dbg] [SystemManager.cc:80] Loaded system [gz::sim::systems::DiffDrive] for entity [90]
(2026-04-16T11:19:33.820156906) (2026-04-16T11:19:33.820162889) [Dbg] [SystemManager.cc:80] Loaded system [gz::sim::systems::JointStatePublisher] for entity [90]
(2026-04-16T11:19:33.820233286) (2026-04-16T11:19:33.820235579) [Dbg] [UserCommands.cc:1094] Created entity [90] named [waffle]
(2026-04-16T11:19:33.842988071) (2026-04-16T11:19:33.842994752) [Dbg] [Sensors.cc:953] Initialization needed
(2026-04-16T11:19:33.843039622) (2026-04-16T11:19:33.843044109) [Dbg] [Sensors.cc:349] Initializing render context
(2026-04-16T11:19:33.843123780) (2026-04-16T11:19:33.843126672) [Msg] Loading plugin [gz-rendering-ogre2]
(2026-04-16T11:19:33.844070953) (2026-04-16T11:19:33.844075839) [Msg] Serving scene information on [/world/lab2_world/scene/info]
(2026-04-16T11:19:33.844173558) (2026-04-16T11:19:33.844177247) [Msg] Serving graph information on [/world/lab2_world/scene/graph]
(2026-04-16T11:19:33.844317044) (2026-04-16T11:19:33.844321033) [Msg] Serving full state on [/world/lab2_world/state]
(2026-04-16T11:19:33.844409578) (2026-04-16T11:19:33.844413267) [Msg] Serving full state (async) on [/world/lab2_world/state_async]
(2026-04-16T11:19:33.844537310) (2026-04-16T11:19:33.844542296) [Msg] Publishing scene information on [/world/lab2_world/scene/info]
(2026-04-16T11:19:33.844668233) (2026-04-16T11:19:33.844673219) [Msg] Publishing entity deletions on [/world/lab2_world/scene/deletion]
(2026-04-16T11:19:33.844728759) (2026-04-16T11:19:33.844734044) [Msg] Publishing state changes on [/world/lab2_world/state]
(2026-04-16T11:19:33.844789185) (2026-04-16T11:19:33.844792476) [Msg] Publishing pose messages on [/world/lab2_world/pose/info]
(2026-04-16T11:19:33.844842631) (2026-04-16T11:19:33.844846321) [Msg] Publishing dynamic pose messages on [/world/lab2_world/dynamic_pose/info]
(2026-04-16T11:19:33.845371907) (2026-04-16T11:19:33.845375696) [Dbg] [EntityComponentManager.cc:1656] Updated state thread iterators: 16 threads processing around 8 entities each.
((((2026-04-16T11:19:33.856454598) (2026-04-16T11:19:33.856466265) ) ) (2026-04-16T11:19:33.856490694) 2026-04-16T11:19:33.856435054[Dbg] [SimulationRunner.cc:578] Exiting postupdate worker thread (1)
) (2026-04-16T11:19:33.856511435) [Dbg] [SimulationRunner.cc:578] Exiting postupdate worker thread (0)
Exiting postupdate worker thread (2)
(2026-04-16T11:19:33.856666588) (2026-04-16T11:19:33.856671873) [Dbg] [SimulationRunner.cc:551] Creating PostUpdate worker threads: 6
(2026-04-16T11:19:33.856684237) (2026-04-16T11:19:33.856686231) [Dbg] [SimulationRunner.cc:562] Creating postupdate worker thread (0)
(2026-04-16T11:19:33.875902803) (2026-04-16T11:19:33.875909584) [Dbg] [SimulationRunner.cc:562] Creating postupdate worker thread (1)
(2026-04-16T11:19:33.875993343) (2026-04-16T11:19:33.875997032) [Dbg] [SimulationRunner.cc:562] Creating postupdate worker thread (2)
(2026-04-16T11:19:33.876031632) (2026-04-16T11:19:33.876034823) [Dbg] [SimulationRunner.cc:562] Creating postupdate worker thread (3)
(2026-04-16T11:19:33.876066931) (2026-04-16T11:19:33.876070321) [Dbg] [SimulationRunner.cc:562] Creating postupdate worker thread (4)
(2026-04-16T11:19:34.50957788) (2026-04-16T11:19:34.50961976) [Dbg] [RenderUtil.cc:2646] Create scene [scene]
(2026-04-16T11:19:34.139755323) (2026-04-16T11:19:34.139764198) (2026-04-16T11:19:34.139786135) (2026-04-16T11:19:34.139792217) [Dbg] [Sensors.cc:391] Rendering Thread initialized
[Dbg] [Sensors.cc:953] Initialization needed
(2026-04-16T11:19:33.939406959) (2026-04-16T11:19:33.939412742) [Dbg] [CameraSensor.cc:405] Camera images for [waffle::camera_rgb_frame::camera] advertised on [camera/image_raw]
(2026-04-16T11:19:33.939530802) (2026-04-16T11:19:33.939535788) [Dbg] [CameraSensor.cc:695] Camera info for [waffle::camera_rgb_frame::camera] advertised on [camera/camera_info]
(2026-04-16T11:19:33.939846493) (2026-04-16T11:19:33.939850482) [Wrn] [Ogre2Camera.cc:423] Ogre2Camera::SetVisibilityMask: Mask bits c0000000 are set but will be ignored as they conflict with the reserved bits used internally by the ogre2 backend.
(2026-04-16T11:19:33.940340770) (2026-04-16T11:19:33.940345557) [Dbg] [Lidar.cc:139] Laser scans for [waffle::base_scan::hls_lfcd_lds] advertised on [scan]
(2026-04-16T11:19:33.940635422) (2026-04-16T11:19:33.940640408) [Dbg] [GpuLidarSensor.cc:164] Lidar points for [waffle::base_scan::hls_lfcd_lds] advertised on [scan/points]
(2026-04-16T11:19:34.25972022) (2026-04-16T11:19:34.25978803) [Dbg] [CameraSensor.cc:504] Enabling camera sensor: 'waffle::camera_rgb_frame::camera' data generation.
(2026-04-16T11:21:49.414775780) (2026-04-16T11:21:49.414786781) [Dbg] [CameraSensor.cc:493] Disabling camera sensor: 'waffle::camera_rgb_frame::camera' data generation. 
(2026-04-16T11:22:13.374152923) (2026-04-16T11:22:13.374166599) [Dbg] [SignalHandler.cc:142] Received signal[15].
(2026-04-16T11:22:13.374191603) (2026-04-16T11:22:13.374197931) [Dbg] [ServerPrivate.cc:122] Server received signal[15]
(2026-04-16T11:22:13.374232835) (2026-04-16T11:22:13.374236305) [Dbg] [Sensors.cc:565] SensorsPrivate::Stop
