[0.012s] Invoking command in '/home/dima/ros2_ws/build/my_lab2_worlds': CMAKE_PREFIX_PATH=${CMAKE_PREFIX_PATH}:/home/dima/ros2_ws/install/ulstu_turtlesim:/home/dima/ros2_ws/install/my_lab2_nav:/home/dima/turtlebot3_ws/install/turtlebot3_teleop:/home/dima/turtlebot3_ws/install/turtlebot3_example:/opt/ros/jazzy /usr/bin/cmake /home/dima/ros2_ws/src/my_lab2_worlds -DAMENT_CMAKE_SYMLINK_INSTALL=1 -DCMAKE_INSTALL_PREFIX=/home/dima/ros2_ws/install/my_lab2_worlds
[0.028s] -- Found ament_cmake: 2.5.5 (/opt/ros/jazzy/share/ament_cmake/cmake)
[0.256s] -- Override CMake install command with custom implementation using symlinks instead of copying resources
[0.263s] -- Found ament_lint_auto: 0.17.4 (/opt/ros/jazzy/share/ament_lint_auto/cmake)
[0.355s] -- Added test 'flake8' to check Python code syntax and style conventions
[0.355s] -- Configured 'flake8' exclude dirs and/or files: 
[0.355s] -- Added test 'lint_cmake' to check CMake code style
[0.356s] -- Added test 'pep257' to check Python code against some of the docstring style conventions in PEP 257
[0.356s] -- Added test 'xmllint' to check XML markup files
[0.357s] -- Configuring done (0.3s)
[0.360s] -- Generating done (0.0s)
[0.362s] -- Build files have been written to: /home/dima/ros2_ws/build/my_lab2_worlds
[0.366s] Invoked command in '/home/dima/ros2_ws/build/my_lab2_worlds' returned '0': CMAKE_PREFIX_PATH=${CMAKE_PREFIX_PATH}:/home/dima/ros2_ws/install/ulstu_turtlesim:/home/dima/ros2_ws/install/my_lab2_nav:/home/dima/turtlebot3_ws/install/turtlebot3_teleop:/home/dima/turtlebot3_ws/install/turtlebot3_example:/opt/ros/jazzy /usr/bin/cmake /home/dima/ros2_ws/src/my_lab2_worlds -DAMENT_CMAKE_SYMLINK_INSTALL=1 -DCMAKE_INSTALL_PREFIX=/home/dima/ros2_ws/install/my_lab2_worlds
[0.366s] Invoking command in '/home/dima/ros2_ws/build/my_lab2_worlds': CMAKE_PREFIX_PATH=${CMAKE_PREFIX_PATH}:/home/dima/ros2_ws/install/ulstu_turtlesim:/home/dima/ros2_ws/install/my_lab2_nav:/home/dima/turtlebot3_ws/install/turtlebot3_teleop:/home/dima/turtlebot3_ws/install/turtlebot3_example:/opt/ros/jazzy /usr/bin/cmake --build /home/dima/ros2_ws/build/my_lab2_worlds -- -j12 -l12
[0.407s] Invoked command in '/home/dima/ros2_ws/build/my_lab2_worlds' returned '0': CMAKE_PREFIX_PATH=${CMAKE_PREFIX_PATH}:/home/dima/ros2_ws/install/ulstu_turtlesim:/home/dima/ros2_ws/install/my_lab2_nav:/home/dima/turtlebot3_ws/install/turtlebot3_teleop:/home/dima/turtlebot3_ws/install/turtlebot3_example:/opt/ros/jazzy /usr/bin/cmake --build /home/dima/ros2_ws/build/my_lab2_worlds -- -j12 -l12
[0.419s] Invoking command in '/home/dima/ros2_ws/build/my_lab2_worlds': CMAKE_PREFIX_PATH=${CMAKE_PREFIX_PATH}:/home/dima/ros2_ws/install/ulstu_turtlesim:/home/dima/ros2_ws/install/my_lab2_nav:/home/dima/turtlebot3_ws/install/turtlebot3_teleop:/home/dima/turtlebot3_ws/install/turtlebot3_example:/opt/ros/jazzy /usr/bin/cmake --install /home/dima/ros2_ws/build/my_lab2_worlds
[0.428s] -- Install configuration: ""
[0.428s] -- Execute custom install script
[0.429s] -- Up-to-date symlink: /home/dima/ros2_ws/install/my_lab2_worlds/share/my_lab2_worlds/worlds/lab2_gulyaev.sdf
[0.429s] -- Up-to-date symlink: /home/dima/ros2_ws/install/my_lab2_worlds/share/my_lab2_worlds/launch/lab2_world.launch.py
[0.429s] -- Up-to-date symlink: /home/dima/ros2_ws/install/my_lab2_worlds/share/ament_index/resource_index/package_run_dependencies/my_lab2_worlds
[0.430s] -- Up-to-date symlink: /home/dima/ros2_ws/install/my_lab2_worlds/share/ament_index/resource_index/parent_prefix_path/my_lab2_worlds
[0.430s] -- Up-to-date symlink: /home/dima/ros2_ws/install/my_lab2_worlds/share/my_lab2_worlds/environment/ament_prefix_path.sh
[0.430s] -- Up-to-date symlink: /home/dima/ros2_ws/install/my_lab2_worlds/share/my_lab2_worlds/environment/ament_prefix_path.dsv
[0.430s] -- Up-to-date symlink: /home/dima/ros2_ws/install/my_lab2_worlds/share/my_lab2_worlds/environment/path.sh
[0.431s] -- Up-to-date symlink: /home/dima/ros2_ws/install/my_lab2_worlds/share/my_lab2_worlds/environment/path.dsv
[0.431s] -- Up-to-date symlink: /home/dima/ros2_ws/install/my_lab2_worlds/share/my_lab2_worlds/local_setup.bash
[0.431s] -- Up-to-date symlink: /home/dima/ros2_ws/install/my_lab2_worlds/share/my_lab2_worlds/local_setup.sh
[0.431s] -- Up-to-date symlink: /home/dima/ros2_ws/install/my_lab2_worlds/share/my_lab2_worlds/local_setup.zsh
[0.431s] -- Up-to-date symlink: /home/dima/ros2_ws/install/my_lab2_worlds/share/my_lab2_worlds/local_setup.dsv
[0.431s] -- Symlinking: /home/dima/ros2_ws/install/my_lab2_worlds/share/my_lab2_worlds/package.dsv
[0.442s] -- Up-to-date symlink: /home/dima/ros2_ws/install/my_lab2_worlds/share/ament_index/resource_index/packages/my_lab2_worlds
[0.442s] -- Up-to-date symlink: /home/dima/ros2_ws/install/my_lab2_worlds/share/my_lab2_worlds/cmake/my_lab2_worldsConfig.cmake
[0.442s] -- Up-to-date symlink: /home/dima/ros2_ws/install/my_lab2_worlds/share/my_lab2_worlds/cmake/my_lab2_worldsConfig-version.cmake
[0.442s] -- Up-to-date symlink: /home/dima/ros2_ws/install/my_lab2_worlds/share/my_lab2_worlds/package.xml
[0.443s] Invoked command in '/home/dima/ros2_ws/build/my_lab2_worlds' returned '0': CMAKE_PREFIX_PATH=${CMAKE_PREFIX_PATH}:/home/dima/ros2_ws/install/ulstu_turtlesim:/home/dima/ros2_ws/install/my_lab2_nav:/home/dima/turtlebot3_ws/install/turtlebot3_teleop:/home/dima/turtlebot3_ws/install/turtlebot3_example:/opt/ros/jazzy /usr/bin/cmake --install /home/dima/ros2_ws/build/my_lab2_worlds
