1776319986.4471445 [INFO] [launch]: All log files can be found below /home/dima/.ros/log/2026-04-16-10-13-06-445592-DESKTOP-6NGNJC6-488
1776319986.4472630 [INFO] [launch]: Default logging verbosity is set to INFO
1776319987.0729902 [INFO] [gazebo-1]: process started with pid [492]
1776319987.0731196 [INFO] [gazebo-2]: process started with pid [493]
1776319987.0732174 [INFO] [robot_state_publisher-3]: process started with pid [494]
1776319987.0732961 [INFO] [create-4]: process started with pid [495]
1776319987.0733652 [INFO] [parameter_bridge-5]: process started with pid [498]
1776319987.0734389 [INFO] [image_bridge-6]: process started with pid [499]
1776319987.9475245 [INFO] [create-4]: process has finished cleanly [pid 495]
1776320191.4785664 [INFO] [gazebo-2]: process has finished cleanly [pid 493]
1776320191.4788568 [INFO] [launch]: process[gazebo-2] was required: shutting down launched system
1776320191.4802806 [INFO] [image_bridge-6]: sending signal 'SIGINT' to process[image_bridge-6]
1776320191.4807162 [INFO] [parameter_bridge-5]: sending signal 'SIGINT' to process[parameter_bridge-5]
1776320191.4811938 [INFO] [robot_state_publisher-3]: sending signal 'SIGINT' to process[robot_state_publisher-3]
1776320191.4817584 [INFO] [gazebo-1]: sending signal 'SIGINT' to process[gazebo-1]
1776320191.5880742 [INFO] [parameter_bridge-5]: process has finished cleanly [pid 498]
1776320191.5961201 [INFO] [robot_state_publisher-3]: process has finished cleanly [pid 494]
1776320191.6050365 [INFO] [image_bridge-6]: process has finished cleanly [pid 499]
1776320196.4816859 [ERROR] [gazebo-1]: process[gazebo-1] failed to terminate '5' seconds after receiving 'SIGINT', escalating to 'SIGTERM'
1776320196.4821441 [INFO] [gazebo-1]: sending signal 'SIGTERM' to process[gazebo-1]
1776320196.4824438 [ERROR] [gazebo-1]: process has died [pid 492, exit code -15, cmd 'ruby /opt/ros/jazzy/opt/gz_tools_vendor/bin/gz sim -r -s -v2 /home/dima/ros2_ws/src/lab2_world/worlds/lab2_world.sdf --force-version 8'].
1776320196.4826345 [INFO] [launch]: process[gazebo-1] was required: shutting down launched system
