[0.013s] Invoking command in '/home/dima/ros2_ws/build/lab2_world': CMAKE_PREFIX_PATH=${CMAKE_PREFIX_PATH}:/home/dima/ros2_ws/install/ulstu_turtlesim:/opt/ros/jazzy /usr/bin/cmake /home/dima/ros2_ws/src/lab2_world -DCMAKE_INSTALL_PREFIX=/home/dima/ros2_ws/install/lab2_world
[0.200s] -- The C compiler identification is GNU 13.3.0
[0.555s] -- The CXX compiler identification is GNU 13.3.0
[0.828s] -- Detecting C compiler ABI info
[0.963s] -- Detecting C compiler ABI info - done
[0.969s] -- Check for working C compiler: /usr/bin/cc - skipped
[0.970s] -- Detecting C compile features
[0.970s] -- Detecting C compile features - done
[1.013s] -- Detecting CXX compiler ABI info
[1.149s] -- Detecting CXX compiler ABI info - done
[1.155s] -- Check for working CXX compiler: /usr/bin/c++ - skipped
[1.155s] -- Detecting CXX compile features
[1.155s] -- Detecting CXX compile features - done
[1.163s] -- Found ament_cmake: 2.5.5 (/opt/ros/jazzy/share/ament_cmake/cmake)
[1.262s] -- Found Python3: /usr/bin/python3 (found version "3.12.3") found components: Interpreter 
[1.348s] -- Found ament_lint_auto: 0.17.4 (/opt/ros/jazzy/share/ament_lint_auto/cmake)
[1.426s] -- Added test 'lint_cmake' to check CMake code style
[1.428s] -- Added test 'xmllint' to check XML markup files
[1.430s] -- Configuring done (1.4s)
[1.432s] -- Generating done (0.0s)
[1.434s] -- Build files have been written to: /home/dima/ros2_ws/build/lab2_world
[1.437s] Invoked command in '/home/dima/ros2_ws/build/lab2_world' returned '0': CMAKE_PREFIX_PATH=${CMAKE_PREFIX_PATH}:/home/dima/ros2_ws/install/ulstu_turtlesim:/opt/ros/jazzy /usr/bin/cmake /home/dima/ros2_ws/src/lab2_world -DCMAKE_INSTALL_PREFIX=/home/dima/ros2_ws/install/lab2_world
[1.438s] Invoking command in '/home/dima/ros2_ws/build/lab2_world': CMAKE_PREFIX_PATH=${CMAKE_PREFIX_PATH}:/home/dima/ros2_ws/install/ulstu_turtlesim:/opt/ros/jazzy /usr/bin/cmake --build /home/dima/ros2_ws/build/lab2_world -- -j16 -l16
[1.462s] Invoked command in '/home/dima/ros2_ws/build/lab2_world' returned '0': CMAKE_PREFIX_PATH=${CMAKE_PREFIX_PATH}:/home/dima/ros2_ws/install/ulstu_turtlesim:/opt/ros/jazzy /usr/bin/cmake --build /home/dima/ros2_ws/build/lab2_world -- -j16 -l16
[1.469s] Invoking command in '/home/dima/ros2_ws/build/lab2_world': CMAKE_PREFIX_PATH=${CMAKE_PREFIX_PATH}:/home/dima/ros2_ws/install/ulstu_turtlesim:/opt/ros/jazzy /usr/bin/cmake --install /home/dima/ros2_ws/build/lab2_world
[1.474s] -- Install configuration: ""
[1.474s] -- Installing: /home/dima/ros2_ws/install/lab2_world/share/ament_index/resource_index/package_run_dependencies/lab2_world
[1.475s] -- Installing: /home/dima/ros2_ws/install/lab2_world/share/ament_index/resource_index/parent_prefix_path/lab2_world
[1.475s] -- Installing: /home/dima/ros2_ws/install/lab2_world/share/lab2_world/environment/ament_prefix_path.sh
[1.475s] -- Installing: /home/dima/ros2_ws/install/lab2_world/share/lab2_world/environment/ament_prefix_path.dsv
[1.475s] -- Installing: /home/dima/ros2_ws/install/lab2_world/share/lab2_world/environment/path.sh
[1.475s] -- Installing: /home/dima/ros2_ws/install/lab2_world/share/lab2_world/environment/path.dsv
[1.475s] -- Installing: /home/dima/ros2_ws/install/lab2_world/share/lab2_world/local_setup.bash
[1.476s] -- Installing: /home/dima/ros2_ws/install/lab2_world/share/lab2_world/local_setup.sh
[1.476s] -- Installing: /home/dima/ros2_ws/install/lab2_world/share/lab2_world/local_setup.zsh
[1.476s] -- Installing: /home/dima/ros2_ws/install/lab2_world/share/lab2_world/local_setup.dsv
[1.476s] -- Installing: /home/dima/ros2_ws/install/lab2_world/share/lab2_world/package.dsv
[1.476s] -- Installing: /home/dima/ros2_ws/install/lab2_world/share/ament_index/resource_index/packages/lab2_world
[1.476s] -- Installing: /home/dima/ros2_ws/install/lab2_world/share/lab2_world/cmake/lab2_worldConfig.cmake
[1.476s] -- Installing: /home/dima/ros2_ws/install/lab2_world/share/lab2_world/cmake/lab2_worldConfig-version.cmake
[1.476s] -- Installing: /home/dima/ros2_ws/install/lab2_world/share/lab2_world/package.xml
[1.477s] Invoked command in '/home/dima/ros2_ws/build/lab2_world' returned '0': CMAKE_PREFIX_PATH=${CMAKE_PREFIX_PATH}:/home/dima/ros2_ws/install/ulstu_turtlesim:/opt/ros/jazzy /usr/bin/cmake --install /home/dima/ros2_ws/build/lab2_world
