-- The C compiler identification is GNU 13.3.0
-- The CXX compiler identification is GNU 13.3.0
-- Detecting C compiler ABI info
-- Detecting C compiler ABI info - done
-- Check for working C compiler: /usr/bin/cc - skipped
-- Detecting C compile features
-- Detecting C compile features - done
-- Detecting CXX compiler ABI info
-- Detecting CXX compiler ABI info - done
-- Check for working CXX compiler: /usr/bin/c++ - skipped
-- Detecting CXX compile features
-- Detecting CXX compile features - done
-- Found ament_cmake: 2.5.5 (/opt/ros/jazzy/share/ament_cmake/cmake)
-- Found Python3: /usr/bin/python3 (found version "3.12.3") found components: Interpreter 
-- Override CMake install command with custom implementation using symlinks instead of copying resources
-- Found ament_lint_auto: 0.17.4 (/opt/ros/jazzy/share/ament_lint_auto/cmake)
-- Added test 'flake8' to check Python code syntax and style conventions
-- Configured 'flake8' exclude dirs and/or files: 
-- Added test 'lint_cmake' to check CMake code style
-- Added test 'pep257' to check Python code against some of the docstring style conventions in PEP 257
-- Added test 'xmllint' to check XML markup files
-- Configuring done (2.1s)
-- Generating done (0.0s)
-- Build files have been written to: /home/dima/ros2_ws/build/my_lab2_worlds
-- Install configuration: ""
-- Execute custom install script
-- Symlinking: /home/dima/ros2_ws/install/my_lab2_worlds/share/my_lab2_worlds/worlds/lab2_gulyaev.sdf
-- Symlinking: /home/dima/ros2_ws/install/my_lab2_worlds/share/my_lab2_worlds/launch/lab2_world.launch.py
-- Symlinking: /home/dima/ros2_ws/install/my_lab2_worlds/share/ament_index/resource_index/package_run_dependencies/my_lab2_worlds
-- Symlinking: /home/dima/ros2_ws/install/my_lab2_worlds/share/ament_index/resource_index/parent_prefix_path/my_lab2_worlds
-- Symlinking: /home/dima/ros2_ws/install/my_lab2_worlds/share/my_lab2_worlds/environment/ament_prefix_path.sh
-- Symlinking: /home/dima/ros2_ws/install/my_lab2_worlds/share/my_lab2_worlds/environment/ament_prefix_path.dsv
-- Symlinking: /home/dima/ros2_ws/install/my_lab2_worlds/share/my_lab2_worlds/environment/path.sh
-- Symlinking: /home/dima/ros2_ws/install/my_lab2_worlds/share/my_lab2_worlds/environment/path.dsv
-- Symlinking: /home/dima/ros2_ws/install/my_lab2_worlds/share/my_lab2_worlds/local_setup.bash
-- Symlinking: /home/dima/ros2_ws/install/my_lab2_worlds/share/my_lab2_worlds/local_setup.sh
-- Symlinking: /home/dima/ros2_ws/install/my_lab2_worlds/share/my_lab2_worlds/local_setup.zsh
-- Symlinking: /home/dima/ros2_ws/install/my_lab2_worlds/share/my_lab2_worlds/local_setup.dsv
-- Symlinking: /home/dima/ros2_ws/install/my_lab2_worlds/share/my_lab2_worlds/package.dsv
-- Symlinking: /home/dima/ros2_ws/install/my_lab2_worlds/share/ament_index/resource_index/packages/my_lab2_worlds
-- Symlinking: /home/dima/ros2_ws/install/my_lab2_worlds/share/my_lab2_worlds/cmake/my_lab2_worldsConfig.cmake
-- Symlinking: /home/dima/ros2_ws/install/my_lab2_worlds/share/my_lab2_worlds/cmake/my_lab2_worldsConfig-version.cmake
-- Symlinking: /home/dima/ros2_ws/install/my_lab2_worlds/share/my_lab2_worlds/package.xml
