[0.236s] Invoking command in '/home/dima/ros2_ws/build/my_lab2_worlds': CMAKE_PREFIX_PATH=${CMAKE_PREFIX_PATH}:/home/dima/turtlebot3_ws/install/turtlebot3_teleop:/home/dima/turtlebot3_ws/install/turtlebot3_example:/home/dima/ros2_ws/install/ulstu_turtlesim:/opt/ros/jazzy /usr/bin/cmake /home/dima/ros2_ws/src/my_lab2_worlds -DAMENT_CMAKE_SYMLINK_INSTALL=1 -DCMAKE_INSTALL_PREFIX=/home/dima/ros2_ws/install/my_lab2_worlds
[0.616s] -- The C compiler identification is GNU 13.3.0
[1.100s] -- The CXX compiler identification is GNU 13.3.0
[1.414s] -- Detecting C compiler ABI info
[1.617s] -- Detecting C compiler ABI info - done
[1.626s] -- Check for working C compiler: /usr/bin/cc - skipped
[1.627s] -- Detecting C compile features
[1.628s] -- Detecting C compile features - done
[1.676s] -- Detecting CXX compiler ABI info
[1.854s] -- Detecting CXX compiler ABI info - done
[1.863s] -- Check for working CXX compiler: /usr/bin/c++ - skipped
[1.863s] -- Detecting CXX compile features
[1.863s] -- Detecting CXX compile features - done
[1.925s] -- Found ament_cmake: 2.5.5 (/opt/ros/jazzy/share/ament_cmake/cmake)
[2.095s] -- Found Python3: /usr/bin/python3 (found version "3.12.3") found components: Interpreter 
[2.183s] -- Override CMake install command with custom implementation using symlinks instead of copying resources
[2.270s] -- Found ament_lint_auto: 0.17.4 (/opt/ros/jazzy/share/ament_lint_auto/cmake)
[2.422s] -- Added test 'flake8' to check Python code syntax and style conventions
[2.422s] -- Configured 'flake8' exclude dirs and/or files: 
[2.423s] -- Added test 'lint_cmake' to check CMake code style
[2.426s] -- Added test 'pep257' to check Python code against some of the docstring style conventions in PEP 257
[2.429s] -- Added test 'xmllint' to check XML markup files
[2.435s] -- Configuring done (2.1s)
[2.440s] -- Generating done (0.0s)
[2.442s] -- Build files have been written to: /home/dima/ros2_ws/build/my_lab2_worlds
[2.446s] Invoked command in '/home/dima/ros2_ws/build/my_lab2_worlds' returned '0': CMAKE_PREFIX_PATH=${CMAKE_PREFIX_PATH}:/home/dima/turtlebot3_ws/install/turtlebot3_teleop:/home/dima/turtlebot3_ws/install/turtlebot3_example:/home/dima/ros2_ws/install/ulstu_turtlesim:/opt/ros/jazzy /usr/bin/cmake /home/dima/ros2_ws/src/my_lab2_worlds -DAMENT_CMAKE_SYMLINK_INSTALL=1 -DCMAKE_INSTALL_PREFIX=/home/dima/ros2_ws/install/my_lab2_worlds
[2.448s] Invoking command in '/home/dima/ros2_ws/build/my_lab2_worlds': CMAKE_PREFIX_PATH=${CMAKE_PREFIX_PATH}:/home/dima/turtlebot3_ws/install/turtlebot3_teleop:/home/dima/turtlebot3_ws/install/turtlebot3_example:/home/dima/ros2_ws/install/ulstu_turtlesim:/opt/ros/jazzy /usr/bin/cmake --build /home/dima/ros2_ws/build/my_lab2_worlds -- -j12 -l12
[2.488s] Invoked command in '/home/dima/ros2_ws/build/my_lab2_worlds' returned '0': CMAKE_PREFIX_PATH=${CMAKE_PREFIX_PATH}:/home/dima/turtlebot3_ws/install/turtlebot3_teleop:/home/dima/turtlebot3_ws/install/turtlebot3_example:/home/dima/ros2_ws/install/ulstu_turtlesim:/opt/ros/jazzy /usr/bin/cmake --build /home/dima/ros2_ws/build/my_lab2_worlds -- -j12 -l12
[2.499s] Invoking command in '/home/dima/ros2_ws/build/my_lab2_worlds': CMAKE_PREFIX_PATH=${CMAKE_PREFIX_PATH}:/home/dima/turtlebot3_ws/install/turtlebot3_teleop:/home/dima/turtlebot3_ws/install/turtlebot3_example:/home/dima/ros2_ws/install/ulstu_turtlesim:/opt/ros/jazzy /usr/bin/cmake --install /home/dima/ros2_ws/build/my_lab2_worlds
[2.507s] -- Install configuration: ""
[2.507s] -- Execute custom install script
[2.509s] -- Symlinking: /home/dima/ros2_ws/install/my_lab2_worlds/share/my_lab2_worlds/worlds/lab2_gulyaev.sdf
[2.519s] -- Symlinking: /home/dima/ros2_ws/install/my_lab2_worlds/share/my_lab2_worlds/launch/lab2_world.launch.py
[2.530s] -- Symlinking: /home/dima/ros2_ws/install/my_lab2_worlds/share/ament_index/resource_index/package_run_dependencies/my_lab2_worlds
[2.541s] -- Symlinking: /home/dima/ros2_ws/install/my_lab2_worlds/share/ament_index/resource_index/parent_prefix_path/my_lab2_worlds
[2.550s] -- Symlinking: /home/dima/ros2_ws/install/my_lab2_worlds/share/my_lab2_worlds/environment/ament_prefix_path.sh
[2.560s] -- Symlinking: /home/dima/ros2_ws/install/my_lab2_worlds/share/my_lab2_worlds/environment/ament_prefix_path.dsv
[2.569s] -- Symlinking: /home/dima/ros2_ws/install/my_lab2_worlds/share/my_lab2_worlds/environment/path.sh
[2.579s] -- Symlinking: /home/dima/ros2_ws/install/my_lab2_worlds/share/my_lab2_worlds/environment/path.dsv
[2.589s] -- Symlinking: /home/dima/ros2_ws/install/my_lab2_worlds/share/my_lab2_worlds/local_setup.bash
[2.599s] -- Symlinking: /home/dima/ros2_ws/install/my_lab2_worlds/share/my_lab2_worlds/local_setup.sh
[2.609s] -- Symlinking: /home/dima/ros2_ws/install/my_lab2_worlds/share/my_lab2_worlds/local_setup.zsh
[2.619s] -- Symlinking: /home/dima/ros2_ws/install/my_lab2_worlds/share/my_lab2_worlds/local_setup.dsv
[2.629s] -- Symlinking: /home/dima/ros2_ws/install/my_lab2_worlds/share/my_lab2_worlds/package.dsv
[2.639s] -- Symlinking: /home/dima/ros2_ws/install/my_lab2_worlds/share/ament_index/resource_index/packages/my_lab2_worlds
[2.649s] -- Symlinking: /home/dima/ros2_ws/install/my_lab2_worlds/share/my_lab2_worlds/cmake/my_lab2_worldsConfig.cmake
[2.658s] -- Symlinking: /home/dima/ros2_ws/install/my_lab2_worlds/share/my_lab2_worlds/cmake/my_lab2_worldsConfig-version.cmake
[2.668s] -- Symlinking: /home/dima/ros2_ws/install/my_lab2_worlds/share/my_lab2_worlds/package.xml
[2.678s] Invoked command in '/home/dima/ros2_ws/build/my_lab2_worlds' returned '0': CMAKE_PREFIX_PATH=${CMAKE_PREFIX_PATH}:/home/dima/turtlebot3_ws/install/turtlebot3_teleop:/home/dima/turtlebot3_ws/install/turtlebot3_example:/home/dima/ros2_ws/install/ulstu_turtlesim:/opt/ros/jazzy /usr/bin/cmake --install /home/dima/ros2_ws/build/my_lab2_worlds
