running develop
running egg_info
creating ulstu_turtlesim.egg-info
writing ulstu_turtlesim.egg-info/PKG-INFO
writing dependency_links to ulstu_turtlesim.egg-info/dependency_links.txt
writing entry points to ulstu_turtlesim.egg-info/entry_points.txt
writing requirements to ulstu_turtlesim.egg-info/requires.txt
writing top-level names to ulstu_turtlesim.egg-info/top_level.txt
writing manifest file 'ulstu_turtlesim.egg-info/SOURCES.txt'
reading manifest file 'ulstu_turtlesim.egg-info/SOURCES.txt'
writing manifest file 'ulstu_turtlesim.egg-info/SOURCES.txt'
running build_ext
Creating /home/dima/ros2_ws/install/ulstu_turtlesim/lib/python3.12/site-packages/ulstu-turtlesim.egg-link (link to .)
Installing sim_node script to /home/dima/ros2_ws/install/ulstu_turtlesim/lib/ulstu_turtlesim

Installed /home/dima/ros2_ws/build/ulstu_turtlesim
running symlink_data
creating /home/dima/ros2_ws/install/ulstu_turtlesim/share/ament_index
creating /home/dima/ros2_ws/install/ulstu_turtlesim/share/ament_index/resource_index
creating /home/dima/ros2_ws/install/ulstu_turtlesim/share/ament_index/resource_index/packages
symbolically linking /home/dima/ros2_ws/build/ulstu_turtlesim/resource/ulstu_turtlesim -> /home/dima/ros2_ws/install/ulstu_turtlesim/share/ament_index/resource_index/packages
symbolically linking /home/dima/ros2_ws/build/ulstu_turtlesim/package.xml -> /home/dima/ros2_ws/install/ulstu_turtlesim/share/ulstu_turtlesim
creating /home/dima/ros2_ws/install/ulstu_turtlesim/share/ulstu_turtlesim/launch
symbolically linking /home/dima/ros2_ws/build/ulstu_turtlesim/launch/robot_launch.py -> /home/dima/ros2_ws/install/ulstu_turtlesim/share/ulstu_turtlesim/launch/
