[0.970s] Invoking command in '/home/dima/ros2_ws/build/ulstu_turtlesim': PYTHONPATH=/home/dima/ros2_ws/build/ulstu_turtlesim/prefix_override:/usr/lib/python3/dist-packages/colcon_core/task/python/colcon_distutils_commands:/home/dima/ros2_ws/install/ulstu_turtlesim/lib/python3.12/site-packages:${PYTHONPATH} /usr/bin/python3 -W ignore:setup.py install is deprecated -W ignore:easy_install command is deprecated setup.py develop --editable --build-directory /home/dima/ros2_ws/build/ulstu_turtlesim/build --no-deps symlink_data
[1.258s] running develop
[1.443s] running egg_info
[1.443s] creating ulstu_turtlesim.egg-info
[1.462s] writing ulstu_turtlesim.egg-info/PKG-INFO
[1.462s] writing dependency_links to ulstu_turtlesim.egg-info/dependency_links.txt
[1.462s] writing entry points to ulstu_turtlesim.egg-info/entry_points.txt
[1.463s] writing requirements to ulstu_turtlesim.egg-info/requires.txt
[1.463s] writing top-level names to ulstu_turtlesim.egg-info/top_level.txt
[1.463s] writing manifest file 'ulstu_turtlesim.egg-info/SOURCES.txt'
[1.500s] reading manifest file 'ulstu_turtlesim.egg-info/SOURCES.txt'
[1.500s] writing manifest file 'ulstu_turtlesim.egg-info/SOURCES.txt'
[1.520s] running build_ext
[1.520s] Creating /home/dima/ros2_ws/install/ulstu_turtlesim/lib/python3.12/site-packages/ulstu-turtlesim.egg-link (link to .)
[1.520s] Installing sim_node script to /home/dima/ros2_ws/install/ulstu_turtlesim/lib/ulstu_turtlesim
[1.521s] 
[1.521s] Installed /home/dima/ros2_ws/build/ulstu_turtlesim
[1.521s] running symlink_data
[1.521s] creating /home/dima/ros2_ws/install/ulstu_turtlesim/share/ament_index
[1.521s] creating /home/dima/ros2_ws/install/ulstu_turtlesim/share/ament_index/resource_index
[1.521s] creating /home/dima/ros2_ws/install/ulstu_turtlesim/share/ament_index/resource_index/packages
[1.522s] symbolically linking /home/dima/ros2_ws/build/ulstu_turtlesim/resource/ulstu_turtlesim -> /home/dima/ros2_ws/install/ulstu_turtlesim/share/ament_index/resource_index/packages
[1.522s] symbolically linking /home/dima/ros2_ws/build/ulstu_turtlesim/package.xml -> /home/dima/ros2_ws/install/ulstu_turtlesim/share/ulstu_turtlesim
[1.522s] creating /home/dima/ros2_ws/install/ulstu_turtlesim/share/ulstu_turtlesim/launch
[1.522s] symbolically linking /home/dima/ros2_ws/build/ulstu_turtlesim/launch/robot_launch.py -> /home/dima/ros2_ws/install/ulstu_turtlesim/share/ulstu_turtlesim/launch/
[1.547s] Invoked command in '/home/dima/ros2_ws/build/ulstu_turtlesim' returned '0': PYTHONPATH=/home/dima/ros2_ws/build/ulstu_turtlesim/prefix_override:/usr/lib/python3/dist-packages/colcon_core/task/python/colcon_distutils_commands:/home/dima/ros2_ws/install/ulstu_turtlesim/lib/python3.12/site-packages:${PYTHONPATH} /usr/bin/python3 -W ignore:setup.py install is deprecated -W ignore:easy_install command is deprecated setup.py develop --editable --build-directory /home/dima/ros2_ws/build/ulstu_turtlesim/build --no-deps symlink_data
