[1.227s] Invoking command in '/home/dima/ros2_ws/src/ulstu_turtlesim': PYTHONPATH=/home/dima/ros2_ws/build/ulstu_turtlesim/prefix_override:/usr/lib/python3/dist-packages/colcon_core/task/python/colcon_distutils_commands:/home/dima/ros2_ws/install/ulstu_turtlesim/lib/python3.12/site-packages:${PYTHONPATH} /usr/bin/python3 -W ignore:setup.py install is deprecated -W ignore:easy_install command is deprecated setup.py egg_info --egg-base ../../build/ulstu_turtlesim build --build-base /home/dima/ros2_ws/build/ulstu_turtlesim/build install --record /home/dima/ros2_ws/build/ulstu_turtlesim/install.log --single-version-externally-managed install_data
[1.580s] running egg_info
[1.581s] creating ../../build/ulstu_turtlesim/ulstu_turtlesim.egg-info
[1.602s] writing ../../build/ulstu_turtlesim/ulstu_turtlesim.egg-info/PKG-INFO
[1.602s] writing dependency_links to ../../build/ulstu_turtlesim/ulstu_turtlesim.egg-info/dependency_links.txt
[1.602s] writing entry points to ../../build/ulstu_turtlesim/ulstu_turtlesim.egg-info/entry_points.txt
[1.602s] writing requirements to ../../build/ulstu_turtlesim/ulstu_turtlesim.egg-info/requires.txt
[1.603s] writing top-level names to ../../build/ulstu_turtlesim/ulstu_turtlesim.egg-info/top_level.txt
[1.603s] writing manifest file '../../build/ulstu_turtlesim/ulstu_turtlesim.egg-info/SOURCES.txt'
[1.656s] reading manifest file '../../build/ulstu_turtlesim/ulstu_turtlesim.egg-info/SOURCES.txt'
[1.657s] writing manifest file '../../build/ulstu_turtlesim/ulstu_turtlesim.egg-info/SOURCES.txt'
[1.658s] running build
[1.658s] running build_py
[1.659s] creating /home/dima/ros2_ws/build/ulstu_turtlesim/build
[1.659s] creating /home/dima/ros2_ws/build/ulstu_turtlesim/build/lib
[1.659s] creating /home/dima/ros2_ws/build/ulstu_turtlesim/build/lib/ulstu_turtlesim
[1.660s] copying ulstu_turtlesim/sim_node.py -> /home/dima/ros2_ws/build/ulstu_turtlesim/build/lib/ulstu_turtlesim
[1.660s] copying ulstu_turtlesim/__init__.py -> /home/dima/ros2_ws/build/ulstu_turtlesim/build/lib/ulstu_turtlesim
[1.660s] copying ulstu_turtlesim/trajectory_node.py -> /home/dima/ros2_ws/build/ulstu_turtlesim/build/lib/ulstu_turtlesim
[1.661s] copying ulstu_turtlesim/teleop_node.py -> /home/dima/ros2_ws/build/ulstu_turtlesim/build/lib/ulstu_turtlesim
[1.662s] running install
[1.672s] running install_lib
[1.695s] creating /home/dima/ros2_ws/install/ulstu_turtlesim/lib/python3.12/site-packages/ulstu_turtlesim
[1.695s] copying /home/dima/ros2_ws/build/ulstu_turtlesim/build/lib/ulstu_turtlesim/sim_node.py -> /home/dima/ros2_ws/install/ulstu_turtlesim/lib/python3.12/site-packages/ulstu_turtlesim
[1.696s] copying /home/dima/ros2_ws/build/ulstu_turtlesim/build/lib/ulstu_turtlesim/__init__.py -> /home/dima/ros2_ws/install/ulstu_turtlesim/lib/python3.12/site-packages/ulstu_turtlesim
[1.696s] copying /home/dima/ros2_ws/build/ulstu_turtlesim/build/lib/ulstu_turtlesim/trajectory_node.py -> /home/dima/ros2_ws/install/ulstu_turtlesim/lib/python3.12/site-packages/ulstu_turtlesim
[1.696s] copying /home/dima/ros2_ws/build/ulstu_turtlesim/build/lib/ulstu_turtlesim/teleop_node.py -> /home/dima/ros2_ws/install/ulstu_turtlesim/lib/python3.12/site-packages/ulstu_turtlesim
[1.697s] byte-compiling /home/dima/ros2_ws/install/ulstu_turtlesim/lib/python3.12/site-packages/ulstu_turtlesim/sim_node.py to sim_node.cpython-312.pyc
[1.698s] byte-compiling /home/dima/ros2_ws/install/ulstu_turtlesim/lib/python3.12/site-packages/ulstu_turtlesim/__init__.py to __init__.cpython-312.pyc
[1.698s] byte-compiling /home/dima/ros2_ws/install/ulstu_turtlesim/lib/python3.12/site-packages/ulstu_turtlesim/trajectory_node.py to trajectory_node.cpython-312.pyc
[1.699s] byte-compiling /home/dima/ros2_ws/install/ulstu_turtlesim/lib/python3.12/site-packages/ulstu_turtlesim/teleop_node.py to teleop_node.cpython-312.pyc
[1.700s] running install_data
[1.700s] creating /home/dima/ros2_ws/install/ulstu_turtlesim/share/ament_index
[1.700s] creating /home/dima/ros2_ws/install/ulstu_turtlesim/share/ament_index/resource_index
[1.701s] creating /home/dima/ros2_ws/install/ulstu_turtlesim/share/ament_index/resource_index/packages
[1.701s] copying resource/ulstu_turtlesim -> /home/dima/ros2_ws/install/ulstu_turtlesim/share/ament_index/resource_index/packages
[1.701s] copying package.xml -> /home/dima/ros2_ws/install/ulstu_turtlesim/share/ulstu_turtlesim
[1.701s] creating /home/dima/ros2_ws/install/ulstu_turtlesim/share/ulstu_turtlesim/launch
[1.701s] copying launch/robot_launch.py -> /home/dima/ros2_ws/install/ulstu_turtlesim/share/ulstu_turtlesim/launch/
[1.702s] running install_egg_info
[1.725s] Copying ../../build/ulstu_turtlesim/ulstu_turtlesim.egg-info to /home/dima/ros2_ws/install/ulstu_turtlesim/lib/python3.12/site-packages/ulstu_turtlesim-0.0.0-py3.12.egg-info
[1.726s] running install_scripts
[1.889s] Installing sim_node script to /home/dima/ros2_ws/install/ulstu_turtlesim/lib/ulstu_turtlesim
[1.890s] Installing teleop_node script to /home/dima/ros2_ws/install/ulstu_turtlesim/lib/ulstu_turtlesim
[1.890s] Installing trajectory_node script to /home/dima/ros2_ws/install/ulstu_turtlesim/lib/ulstu_turtlesim
[1.891s] writing list of installed files to '/home/dima/ros2_ws/build/ulstu_turtlesim/install.log'
[1.918s] Invoked command in '/home/dima/ros2_ws/src/ulstu_turtlesim' returned '0': PYTHONPATH=/home/dima/ros2_ws/build/ulstu_turtlesim/prefix_override:/usr/lib/python3/dist-packages/colcon_core/task/python/colcon_distutils_commands:/home/dima/ros2_ws/install/ulstu_turtlesim/lib/python3.12/site-packages:${PYTHONPATH} /usr/bin/python3 -W ignore:setup.py install is deprecated -W ignore:easy_install command is deprecated setup.py egg_info --egg-base ../../build/ulstu_turtlesim build --build-base /home/dima/ros2_ws/build/ulstu_turtlesim/build install --record /home/dima/ros2_ws/build/ulstu_turtlesim/install.log --single-version-externally-managed install_data
