(2026-04-14T09:42:22.653300641) (2026-04-14T09:42:22.653307426) [Msg] Gazebo Sim Server v8.11.0
(2026-04-14T09:42:22.657903025) (2026-04-14T09:42:22.657908696) [Msg] Loading SDF world file[/home/dima/ros2_ws/src/lab2_world/worlds/lab2_world.sdf].
(2026-04-14T09:42:22.888027401) (2026-04-14T09:42:22.888033780) [Msg] Serving entity system service on [/entity/system/add]
(2026-04-14T09:42:22.965333198) (2026-04-14T09:42:22.965339274) [Dbg] [Physics.cc:906] Loaded [gz::physics::dartsim::Plugin] from library [/opt/ros/jazzy/opt/gz_physics_vendor/lib/gz-physics-7/engine-plugins/libgz-physics-dartsim-plugin.so]
(2026-04-14T09:42:22.965383525) (2026-04-14T09:42:22.965385752) [Dbg] [SystemManager.cc:80] Loaded system [gz::sim::systems::Physics] for entity [1]
(2026-04-14T09:42:22.969531554) (2026-04-14T09:42:22.969537427) [Msg] Create service on [/world/lab2_world/create_multiple] (async)
(2026-04-14T09:42:22.969547958) (2026-04-14T09:42:22.969549882) [Msg] Create service on [/world/lab2_world/create_multiple/blocking] (blocking)
(2026-04-14T09:42:22.969662585) (2026-04-14T09:42:22.969666027) [Msg] Remove service on [/world/lab2_world/remove] (async)
(2026-04-14T09:42:22.969674229) (2026-04-14T09:42:22.969676052) [Msg] Remove service on [/world/lab2_world/remove/blocking] (blocking)
(2026-04-14T09:42:22.969778426) (2026-04-14T09:42:22.969781869) [Msg] Pose service on [/world/lab2_world/set_pose] (async)
(2026-04-14T09:42:22.969789869) (2026-04-14T09:42:22.969791793) [Msg] Pose service on [/world/lab2_world/set_pose/blocking] (blocking)
(2026-04-14T09:42:22.969898116) (2026-04-14T09:42:22.969901660) [Msg] Pose service on [/world/lab2_world/set_pose_vector] (async)
(2026-04-14T09:42:22.969910166) (2026-04-14T09:42:22.969912191) [Msg] Pose service on [/world/lab2_world/set_pose_vector/blocking] (blocking)
(2026-04-14T09:42:22.970448466) (2026-04-14T09:42:22.970452213) [Msg] Light configuration service on [/world/lab2_world/light_config] (async)
(2026-04-14T09:42:22.970460617) (2026-04-14T09:42:22.970462440) [Msg] Light configuration service on [/world/lab2_world/light_config/blocking] (blocking)
(2026-04-14T09:42:22.970776651) (2026-04-14T09:42:22.970780701) [Msg] Physics service on [/world/lab2_world/set_physics] (async)
(2026-04-14T09:42:22.970788600) (2026-04-14T09:42:22.970790524) [Msg] Physics service on [/world/lab2_world/set_physics/blocking] (blocking)
(2026-04-14T09:42:22.970921352) (2026-04-14T09:42:22.970924896) [Msg] SphericalCoordinates service on [/world/lab2_world/set_spherical_coordinates] (async)
(2026-04-14T09:42:22.970933098) (2026-04-14T09:42:22.970935022) [Msg] SphericalCoordinates service on [/world/lab2_world/set_spherical_coordinates/blocking] (blocking)
(2026-04-14T09:42:22.971009550) (2026-04-14T09:42:22.971012790) [Msg] Enable collision service on [/world/lab2_world/enable_collision] (async)
(2026-04-14T09:42:22.971020891) (2026-04-14T09:42:22.971022815) [Msg] Enable collision service on [/world/lab2_world/enable_collision/blocking] (blocking)
(2026-04-14T09:42:22.971098355) (2026-04-14T09:42:22.971101798) [Msg] Disable collision service on [/world/lab2_world/disable_collision] (async)
(2026-04-14T09:42:22.971110506) (2026-04-14T09:42:22.971112531) [Msg] Disable collision service on [/world/lab2_world/disable_collision/blocking] (blocking)
(2026-04-14T09:42:22.971259055) (2026-04-14T09:42:22.971262802) [Msg] Material service on [/world/lab2_world/visual_config] (async)
(2026-04-14T09:42:22.971271409) (2026-04-14T09:42:22.971273333) [Msg] Material service on [/world/lab2_world/visual_config/blocking] (blocking)
(2026-04-14T09:42:22.971378340) (2026-04-14T09:42:22.971381985) [Msg] Material service on [/world/lab2_world/wheel_slip] (async)
(2026-04-14T09:42:22.971390997) (2026-04-14T09:42:22.971393023) [Msg] Material service on [/world/lab2_world/wheel_slip/blocking] (blocking)
(2026-04-14T09:42:22.971407604) (2026-04-14T09:42:22.971409528) [Dbg] [SystemManager.cc:80] Loaded system [gz::sim::systems::UserCommands] for entity [1]
(2026-04-14T09:42:22.974267298) (2026-04-14T09:42:22.974271652) [Dbg] [SystemManager.cc:80] Loaded system [gz::sim::systems::SceneBroadcaster] for entity [1]
(2026-04-14T09:42:22.995060706) (2026-04-14T09:42:22.995066680) [Dbg] [Sensors.cc:697] Configuring Sensors system
(2026-04-14T09:42:22.995121968) (2026-04-14T09:42:22.995125310) [Dbg] [Sensors.cc:557] SensorsPrivate::Run
(2026-04-14T09:42:22.995215938) (2026-04-14T09:42:22.995219583) [Dbg] [SystemManager.cc:80] Loaded system [gz::sim::systems::Sensors] for entity [1]
(2026-04-14T09:42:22.995272441) (2026-04-14T09:42:22.995277200) [Dbg] [Sensors.cc:532] SensorsPrivate::RenderThread started
(2026-04-14T09:42:22.995290972) (2026-04-14T09:42:22.995293098) [Dbg] [Sensors.cc:337] Waiting for init
(2026-04-14T09:42:22.997030523) (2026-04-14T09:42:22.997034169) [Dbg] [SystemManager.cc:80] Loaded system [gz::sim::systems::Contact] for entity [1]
(2026-04-14T09:42:22.998258204) (2026-04-14T09:42:22.998261748) [Msg] Loaded level [default]
(2026-04-14T09:42:22.999643952) (2026-04-14T09:42:22.999650027) [Msg] Serving world controls on [/world/lab2_world/control], [/world/lab2_world/control/state] and [/world/lab2_world/playback/control]
(2026-04-14T09:42:22.999786425) (2026-04-14T09:42:22.999791286) [Msg] Serving GUI information on [/world/lab2_world/gui/info]
(2026-04-14T09:42:22.999805260) (2026-04-14T09:42:22.999808601) [Msg] World [lab2_world] initialized with [1ms] physics profile.
(2026-04-14T09:42:23.365736) (2026-04-14T09:42:23.371406) [Msg] Serving world SDF generation service on [/world/lab2_world/generate_world_sdf]
(2026-04-14T09:42:23.493324) (2026-04-14T09:42:23.498589) [Msg] Serving world names on [/gazebo/worlds]
(2026-04-14T09:42:23.608052) (2026-04-14T09:42:23.613418) [Msg] Resource path add service on [/gazebo/resource_paths/add].
(2026-04-14T09:42:23.724197) (2026-04-14T09:42:23.728349) [Msg] Resource path get service on [/gazebo/resource_paths/get].
(2026-04-14T09:42:23.900795) (2026-04-14T09:42:23.910820) [Msg] Resource path resolve service on [/gazebo/resource_paths/resolve].
(2026-04-14T09:42:23.101209499) (2026-04-14T09:42:23.101216576) [Msg] Resource paths published on [/gazebo/resource_paths].
(2026-04-14T09:42:23.101372072) (2026-04-14T09:42:23.101376015) [Msg] Server control service on [/server_control].
(2026-04-14T09:42:24.655918636) (2026-04-14T09:42:24.655926309) [Msg] Found no publishers on /stats, adding root stats topic
(2026-04-14T09:42:24.656138033) (2026-04-14T09:42:24.656144495) [Msg] Found no publishers on /clock, adding root clock topic
(2026-04-14T09:42:24.656355107) (2026-04-14T09:42:24.656359651) [Dbg] [SimulationRunner.cc:551] Creating PostUpdate worker threads: 4
(2026-04-14T09:42:24.656394888) (2026-04-14T09:42:24.656399027) [Dbg] [SimulationRunner.cc:562] Creating postupdate worker thread (0)
(2026-04-14T09:42:24.656590255) (2026-04-14T09:42:24.656595000) [Dbg] [SimulationRunner.cc:562] Creating postupdate worker thread (1)
(2026-04-14T09:42:24.656743822) (2026-04-14T09:42:24.656747962) [Dbg] [SimulationRunner.cc:562] Creating postupdate worker thread (2)
(2026-04-14T09:42:24.716929942) (2026-04-14T09:42:24.716970530) [Msg] DiffDrive subscribing to twist messages on [cmd_vel]
(2026-04-14T09:42:24.717000920) (2026-04-14T09:42:24.717003040) [Dbg] [SystemManager.cc:80] Loaded system [gz::sim::systems::DiffDrive] for entity [90]
(2026-04-14T09:42:24.719404795) (2026-04-14T09:42:24.719411155) [Dbg] [SystemManager.cc:80] Loaded system [gz::sim::systems::JointStatePublisher] for entity [90]
(2026-04-14T09:42:24.719573002) (2026-04-14T09:42:24.719579060) [Dbg] [UserCommands.cc:1094] Created entity [90] named [waffle]
(2026-04-14T09:42:24.744497211) (2026-04-14T09:42:24.744507005) [Dbg] [Sensors.cc:953] Initialization needed
(2026-04-14T09:42:24.744585960) (2026-04-14T09:42:24.744591412) [Dbg] [Sensors.cc:349] Initializing render context
(2026-04-14T09:42:24.744701363) (2026-04-14T09:42:24.744705502) [Msg] Loading plugin [gz-rendering-ogre2]
(2026-04-14T09:42:24.745636702) (2026-04-14T09:42:24.745645486) [Msg] Serving scene information on [/world/lab2_world/scene/info]
(2026-04-14T09:42:24.745760586) (2026-04-14T09:42:24.745771490) [Msg] Serving graph information on [/world/lab2_world/scene/graph]
(2026-04-14T09:42:24.745989272) (2026-04-14T09:42:24.745994724) [Msg] Serving full state on [/world/lab2_world/state]
(2026-04-14T09:42:24.746098011) (2026-04-14T09:42:24.746103261) [Msg] Serving full state (async) on [/world/lab2_world/state_async]
(2026-04-14T09:42:24.746243501) (2026-04-14T09:42:24.746248852) [Msg] Publishing scene information on [/world/lab2_world/scene/info]
(2026-04-14T09:42:24.746393434) (2026-04-14T09:42:24.746399593) [Msg] Publishing entity deletions on [/world/lab2_world/scene/deletion]
(2026-04-14T09:42:24.746510453) (2026-04-14T09:42:24.746515905) [Msg] Publishing state changes on [/world/lab2_world/state]
(2026-04-14T09:42:24.746582441) (2026-04-14T09:42:24.746586984) [Msg] Publishing pose messages on [/world/lab2_world/pose/info]
(2026-04-14T09:42:24.746719450) (2026-04-14T09:42:24.746725508) [Msg] Publishing dynamic pose messages on [/world/lab2_world/dynamic_pose/info]
(2026-04-14T09:42:24.747421863) (2026-04-14T09:42:24.747427618) [Dbg] [EntityComponentManager.cc:1656] Updated state thread iterators: 16 threads processing around 8 entities each.
((2026-04-14T09:42:24.760604757) (2026-04-14T09:42:24.7606122282026-04-14T09:42:24.760612228) ) () (2026-04-14T09:42:24.760621315[Dbg] [SimulationRunner.cc:578] Exiting postupdate worker thread (0)
) (2026-04-14T09:42:24.760673817) 2026-04-14T09:42:24.760674927) [Dbg] [SimulationRunner.cc:578] (2026-04-14T09:42:24.760693606) Exiting postupdate worker thread (2)
[Dbg] [SimulationRunner.cc:578] Exiting postupdate worker thread (1)
(2026-04-14T09:42:24.760850909) (2026-04-14T09:42:24.760855150) [Dbg] [SimulationRunner.cc:551] Creating PostUpdate worker threads: 6
(2026-04-14T09:42:24.760878776) (2026-04-14T09:42:24.760881502) [Dbg] [SimulationRunner.cc:562] Creating postupdate worker thread (0)
(2026-04-14T09:42:24.781552158) (2026-04-14T09:42:24.781558822) [Dbg] [SimulationRunner.cc:562] Creating postupdate worker thread (1)
(2026-04-14T09:42:24.781624348) (2026-04-14T09:42:24.781627983) [Dbg] [SimulationRunner.cc:562] Creating postupdate worker thread (2)
(2026-04-14T09:42:24.781673821) (2026-04-14T09:42:24.781677052) [Dbg] [SimulationRunner.cc:562] Creating postupdate worker thread (3)
(2026-04-14T09:42:24.781720669) (2026-04-14T09:42:24.781724202) [Dbg] [SimulationRunner.cc:562] Creating postupdate worker thread (4)
(2026-04-14T09:42:24.957581127) (2026-04-14T09:42:24.957584963) [Dbg] [RenderUtil.cc:2646] Create scene [scene]
((2026-04-14T09:42:25.45665335) (2026-04-14T09:42:25.45638511) (2026-04-14T09:42:25.45692462) ) [Dbg] [Sensors.cc:391] [Dbg] [Sensors.cc:953] Initialization needed

(2026-04-14T09:42:25.517315509) (2026-04-14T09:42:25.517320450) [Dbg] [CameraSensor.cc:405] Camera images for [waffle::camera_rgb_frame::camera] advertised on [camera/image_raw]
(2026-04-14T09:42:25.517423614) (2026-04-14T09:42:25.517427143) [Dbg] [CameraSensor.cc:695] Camera info for [waffle::camera_rgb_frame::camera] advertised on [camera/camera_info]
(2026-04-14T09:42:25.517671993) (2026-04-14T09:42:25.517675422) [Wrn] [Ogre2Camera.cc:423] Ogre2Camera::SetVisibilityMask: Mask bits c0000000 are set but will be ignored as they conflict with the reserved bits used internally by the ogre2 backend.
(2026-04-14T09:42:25.518077993) (2026-04-14T09:42:25.518081321) [Dbg] [Lidar.cc:139] Laser scans for [waffle::base_scan::hls_lfcd_lds] advertised on [scan]
(2026-04-14T09:42:25.518302069) (2026-04-14T09:42:25.518305800) [Dbg] [GpuLidarSensor.cc:164] Lidar points for [waffle::base_scan::hls_lfcd_lds] advertised on [scan/points]
(2026-04-14T09:42:25.588364983) (2026-04-14T09:42:25.588371033) [Dbg] [CameraSensor.cc:504] Enabling camera sensor: 'waffle::camera_rgb_frame::camera' data generation.
(2026-04-14T10:13:41.489849044) (2026-04-14T10:13:41.489861173) [Dbg] [CameraSensor.cc:493] Disabling camera sensor: 'waffle::camera_rgb_frame::camera' data generation. 
(2026-04-14T10:14:10.125045570) (2026-04-14T10:14:10.125068025) [Dbg] [SignalHandler.cc:142] Received signal[15].
(2026-04-14T10:14:10.125112339) (2026-04-14T10:14:10.125133502) [Dbg] [ServerPrivate.cc:122] Server received signal[15]
(2026-04-14T10:14:10.125169470) (2026-04-14T10:14:10.125174140) [Dbg] [Sensors.cc:565] SensorsPrivate::Stop
