(2026-04-14T09:13:20.291403228) (2026-04-14T09:13:20.291407901) [Msg] Gazebo Sim Server v8.11.0
(2026-04-14T09:13:20.292289672) (2026-04-14T09:13:20.292293053) [Msg] Loading SDF world file[/opt/ros/jazzy/opt/gz_sim_vendor/share/gz/gz-sim8/worlds/shapes.sdf].
(2026-04-14T09:13:20.445213901) (2026-04-14T09:13:20.445220463) [Msg] Serving entity system service on [/entity/system/add]
(2026-04-14T09:13:20.446639509) (2026-04-14T09:13:20.446645474) [Dbg] [SdfEntityCreator.cc:531] Link has auto-inertial enabled: cone::cone_link
(2026-04-14T09:13:20.446656112) (2026-04-14T09:13:20.446658001) [Dbg] [SdfEntityCreator.cc:533]   pose: 0 0 -0.25 0 0 0
(2026-04-14T09:13:20.446714970) (2026-04-14T09:13:20.446718350) [Dbg] [SdfEntityCreator.cc:534]   mass: 0.261799
(2026-04-14T09:13:20.446726006) (2026-04-14T09:13:20.446727895) [Dbg] [SdfEntityCreator.cc:535]   ixx iyy izz: 0.019635 0.019635 0.019635
(2026-04-14T09:13:20.446736743) (2026-04-14T09:13:20.446738433) [Dbg] [SdfEntityCreator.cc:537]   ixy ixz iyz: 0 0 0
(2026-04-14T09:13:20.446871062) (2026-04-14T09:13:20.446873647) [Msg] Loaded level [default]
(2026-04-14T09:13:20.446884186) (2026-04-14T09:13:20.446886174) [Msg] No systems loaded from SDF, loading defaults
(2026-04-14T09:13:20.446999316) (2026-04-14T09:13:20.447001702) [Dbg] [ServerConfig.cc:1034] Loaded (3) plugins from file [/home/dima/.gz/sim/8/server.config]
(2026-04-14T09:13:20.491850940) (2026-04-14T09:13:20.491860882) [Dbg] [Physics.cc:906] Loaded [gz::physics::dartsim::Plugin] from library [/opt/ros/jazzy/opt/gz_physics_vendor/lib/gz-physics-7/engine-plugins/libgz-physics-dartsim-plugin.so]
(2026-04-14T09:13:20.491913775) (2026-04-14T09:13:20.491916161) [Dbg] [SystemManager.cc:80] Loaded system [gz::sim::systems::Physics] for entity [1]
(2026-04-14T09:13:20.493801097) (2026-04-14T09:13:20.493806864) [Msg] Create service on [/world/shapes/create_multiple] (async)
(2026-04-14T09:13:20.493816806) (2026-04-14T09:13:20.493818695) [Msg] Create service on [/world/shapes/create_multiple/blocking] (blocking)
(2026-04-14T09:13:20.493941978) (2026-04-14T09:13:20.493945458) [Msg] Remove service on [/world/shapes/remove] (async)
(2026-04-14T09:13:20.493953312) (2026-04-14T09:13:20.493955101) [Msg] Remove service on [/world/shapes/remove/blocking] (blocking)
(2026-04-14T09:13:20.494050248) (2026-04-14T09:13:20.494053728) [Msg] Pose service on [/world/shapes/set_pose] (async)
(2026-04-14T09:13:20.494061582) (2026-04-14T09:13:20.494063471) [Msg] Pose service on [/world/shapes/set_pose/blocking] (blocking)
(2026-04-14T09:13:20.494156828) (2026-04-14T09:13:20.494160308) [Msg] Pose service on [/world/shapes/set_pose_vector] (async)
(2026-04-14T09:13:20.494168361) (2026-04-14T09:13:20.494170349) [Msg] Pose service on [/world/shapes/set_pose_vector/blocking] (blocking)
(2026-04-14T09:13:20.494295820) (2026-04-14T09:13:20.494299697) [Msg] Light configuration service on [/world/shapes/light_config] (async)
(2026-04-14T09:13:20.494308347) (2026-04-14T09:13:20.494310236) [Msg] Light configuration service on [/world/shapes/light_config/blocking] (blocking)
(2026-04-14T09:13:20.494500728) (2026-04-14T09:13:20.494504307) [Msg] Physics service on [/world/shapes/set_physics] (async)
(2026-04-14T09:13:20.494512460) (2026-04-14T09:13:20.494514249) [Msg] Physics service on [/world/shapes/set_physics/blocking] (blocking)
(2026-04-14T09:13:20.494627093) (2026-04-14T09:13:20.494630771) [Msg] SphericalCoordinates service on [/world/shapes/set_spherical_coordinates] (async)
(2026-04-14T09:13:20.494639521) (2026-04-14T09:13:20.494641310) [Msg] SphericalCoordinates service on [/world/shapes/set_spherical_coordinates/blocking] (blocking)
(2026-04-14T09:13:20.494720251) (2026-04-14T09:13:20.494723830) [Msg] Enable collision service on [/world/shapes/enable_collision] (async)
(2026-04-14T09:13:20.494732082) (2026-04-14T09:13:20.494734071) [Msg] Enable collision service on [/world/shapes/enable_collision/blocking] (blocking)
(2026-04-14T09:13:20.494804759) (2026-04-14T09:13:20.494808040) [Msg] Disable collision service on [/world/shapes/disable_collision] (async)
(2026-04-14T09:13:20.494823550) (2026-04-14T09:13:20.494825340) [Msg] Disable collision service on [/world/shapes/disable_collision/blocking] (blocking)
(2026-04-14T09:13:20.494938681) (2026-04-14T09:13:20.494942160) [Msg] Material service on [/world/shapes/visual_config] (async)
(2026-04-14T09:13:20.494950313) (2026-04-14T09:13:20.494952301) [Msg] Material service on [/world/shapes/visual_config/blocking] (blocking)
(2026-04-14T09:13:20.495047150) (2026-04-14T09:13:20.495050729) [Msg] Material service on [/world/shapes/wheel_slip] (async)
(2026-04-14T09:13:20.495059180) (2026-04-14T09:13:20.495061168) [Msg] Material service on [/world/shapes/wheel_slip/blocking] (blocking)
(2026-04-14T09:13:20.495074789) (2026-04-14T09:13:20.495076678) [Dbg] [SystemManager.cc:80] Loaded system [gz::sim::systems::UserCommands] for entity [1]
(2026-04-14T09:13:20.495999510) (2026-04-14T09:13:20.496003388) [Dbg] [SystemManager.cc:80] Loaded system [gz::sim::systems::SceneBroadcaster] for entity [1]
(2026-04-14T09:13:20.496453569) (2026-04-14T09:13:20.496457248) [Msg] Serving world controls on [/world/shapes/control], [/world/shapes/control/state] and [/world/shapes/playback/control]
(2026-04-14T09:13:20.496528136) (2026-04-14T09:13:20.496532013) [Msg] Serving GUI information on [/world/shapes/gui/info]
(2026-04-14T09:13:20.496541060) (2026-04-14T09:13:20.496542850) [Msg] World [shapes] initialized with [default_physics] physics profile.
(2026-04-14T09:13:20.496621791) (2026-04-14T09:13:20.496625271) [Msg] Serving world SDF generation service on [/world/shapes/generate_world_sdf]
(2026-04-14T09:13:20.496695661) (2026-04-14T09:13:20.496699141) [Msg] Serving world names on [/gazebo/worlds]
(2026-04-14T09:13:20.496741395) (2026-04-14T09:13:20.496744776) [Msg] Resource path add service on [/gazebo/resource_paths/add].
(2026-04-14T09:13:20.496785041) (2026-04-14T09:13:20.496788322) [Msg] Resource path get service on [/gazebo/resource_paths/get].
(2026-04-14T09:13:20.496828489) (2026-04-14T09:13:20.496831869) [Msg] Resource path resolve service on [/gazebo/resource_paths/resolve].
(2026-04-14T09:13:20.496896394) (2026-04-14T09:13:20.496900072) [Msg] Resource paths published on [/gazebo/resource_paths].
(2026-04-14T09:13:20.496971556) (2026-04-14T09:13:20.496975235) [Msg] Server control service on [/server_control].
(2026-04-14T09:13:22.189684879) (2026-04-14T09:13:22.189694221) [Msg] Found no publishers on /stats, adding root stats topic
(2026-04-14T09:13:22.189856406) (2026-04-14T09:13:22.189861474) [Msg] Found no publishers on /clock, adding root clock topic
(2026-04-14T09:13:22.190013126) (2026-04-14T09:13:22.190017001) [Dbg] [SimulationRunner.cc:551] Creating PostUpdate worker threads: 2
(2026-04-14T09:13:22.190029921) (2026-04-14T09:13:22.190031809) [Dbg] [SimulationRunner.cc:562] Creating postupdate worker thread (0)
(2026-04-14T09:13:22.192231150) (2026-04-14T09:13:22.192237510) [Wrn] [SDFFeatures.cc:365] DART: Ellipsoid is not a supported collision geomerty primitive, using generated mesh of an ellipsoid instead
(2026-04-14T09:13:22.193519988) (2026-04-14T09:13:22.193525652) [Wrn] [SDFFeatures.cc:350] DART: Cone is not a supported collision geomerty primitive, using generated mesh of a cone instead
(2026-04-14T09:13:22.194984128) (2026-04-14T09:13:22.194989991) [Msg] Serving scene information on [/world/shapes/scene/info]
(2026-04-14T09:13:22.195055780) (2026-04-14T09:13:22.195060749) [Msg] Serving graph information on [/world/shapes/scene/graph]
(2026-04-14T09:13:22.195262089) (2026-04-14T09:13:22.195266363) [Msg] Serving full state on [/world/shapes/state]
(2026-04-14T09:13:22.195331952) (2026-04-14T09:13:22.195335530) [Msg] Serving full state (async) on [/world/shapes/state_async]
(2026-04-14T09:13:22.195419604) (2026-04-14T09:13:22.195425169) [Msg] Publishing scene information on [/world/shapes/scene/info]
(2026-04-14T09:13:22.195519380) (2026-04-14T09:13:22.195524150) [Msg] Publishing entity deletions on [/world/shapes/scene/deletion]
(2026-04-14T09:13:22.195584274) (2026-04-14T09:13:22.195587851) [Msg] Publishing state changes on [/world/shapes/state]
(2026-04-14T09:13:22.195650162) (2026-04-14T09:13:22.195653839) [Msg] Publishing pose messages on [/world/shapes/pose/info]
(2026-04-14T09:13:22.195725590) (2026-04-14T09:13:22.195729068) [Msg] Publishing dynamic pose messages on [/world/shapes/dynamic_pose/info]
(2026-04-14T09:13:22.195950880) (2026-04-14T09:13:22.195953762) [Dbg] [EntityComponentManager.cc:1656] Updated state thread iterators: 16 threads processing around 3 entities each.
(2026-04-14T09:13:24.777600826) (2026-04-14T09:13:24.777606290) [Dbg] [SignalHandler.cc:142] Received signal[2].
(2026-04-14T09:13:24.777617019) (2026-04-14T09:13:24.777618907) [Dbg] [ServerPrivate.cc:122] Server received signal[2]
(2026-04-14T09:13:24.778490262) (2026-04-14T09:13:24.778493541) [Dbg] [gz.cc:434] Shutting down gz-sim-server
(2026-04-14T09:13:24.780276983) (2026-04-14T09:13:24.780281454) [Dbg] [SimulationRunner.cc:578] Exiting postupdate worker thread (0)
