running egg_info
writing ../../build/lab3_ellipse/lab3_ellipse.egg-info/PKG-INFO
writing dependency_links to ../../build/lab3_ellipse/lab3_ellipse.egg-info/dependency_links.txt
writing entry points to ../../build/lab3_ellipse/lab3_ellipse.egg-info/entry_points.txt
writing requirements to ../../build/lab3_ellipse/lab3_ellipse.egg-info/requires.txt
writing top-level names to ../../build/lab3_ellipse/lab3_ellipse.egg-info/top_level.txt
reading manifest file '../../build/lab3_ellipse/lab3_ellipse.egg-info/SOURCES.txt'
writing manifest file '../../build/lab3_ellipse/lab3_ellipse.egg-info/SOURCES.txt'
running build
running build_py
copying lab3_ellipse/ellipse_motion.py -> /home/dima/ros2_ws/build/lab3_ellipse/build/lib/lab3_ellipse
running install
running install_lib
copying /home/dima/ros2_ws/build/lab3_ellipse/build/lib/lab3_ellipse/ellipse_motion.py -> /home/dima/ros2_ws/install/lab3_ellipse/lib/python3.12/site-packages/lab3_ellipse
byte-compiling /home/dima/ros2_ws/install/lab3_ellipse/lib/python3.12/site-packages/lab3_ellipse/ellipse_motion.py to ellipse_motion.cpython-312.pyc
running install_data
running install_egg_info
removing '/home/dima/ros2_ws/install/lab3_ellipse/lib/python3.12/site-packages/lab3_ellipse-0.0.1-py3.12.egg-info' (and everything under it)
Copying ../../build/lab3_ellipse/lab3_ellipse.egg-info to /home/dima/ros2_ws/install/lab3_ellipse/lib/python3.12/site-packages/lab3_ellipse-0.0.1-py3.12.egg-info
running install_scripts
Installing robot script to /home/dima/ros2_ws/install/lab3_ellipse/lib/lab3_ellipse
writing list of installed files to '/home/dima/ros2_ws/build/lab3_ellipse/install.log'
