[0.286s] DEBUG:colcon:Command line arguments: ['/usr/bin/colcon', 'build', '--packages-select', 'lab2_world']
[0.286s] DEBUG:colcon:Parsed command line arguments: Namespace(log_base=None, log_level=None, verb_name='build', build_base='build', install_base='install', merge_install=False, symlink_install=False, test_result_base=None, continue_on_error=False, executor='parallel', parallel_workers=12, event_handlers=None, ignore_user_meta=False, metas=['./colcon.meta'], base_paths=['.'], packages_ignore=None, packages_ignore_regex=None, paths=None, packages_up_to=None, packages_up_to_regex=None, packages_above=None, packages_above_and_dependencies=None, packages_above_depth=None, packages_select_by_dep=None, packages_skip_by_dep=None, packages_skip_up_to=None, packages_select_build_failed=False, packages_skip_build_finished=False, packages_select_test_failures=False, packages_skip_test_passed=False, packages_select=['lab2_world'], packages_skip=None, packages_select_regex=None, packages_skip_regex=None, packages_start=None, packages_end=None, allow_overriding=[], cmake_args=None, cmake_target=None, cmake_target_skip_unavailable=False, cmake_clean_cache=False, cmake_clean_first=False, cmake_force_configure=False, ament_cmake_args=None, catkin_cmake_args=None, catkin_skip_building_tests=False, verb_parser=<colcon_defaults.argument_parser.defaults.DefaultArgumentsDecorator object at 0x7c697e56bec0>, verb_extension=<colcon_core.verb.build.BuildVerb object at 0x7c697e7d4b90>, main=<bound method BuildVerb.main of <colcon_core.verb.build.BuildVerb object at 0x7c697e7d4b90>>)
[0.386s] Level 1:colcon.colcon_core.package_discovery:discover_packages(colcon_meta) check parameters
[0.386s] Level 1:colcon.colcon_core.package_discovery:discover_packages(recursive) check parameters
[0.386s] Level 1:colcon.colcon_core.package_discovery:discover_packages(ignore) check parameters
[0.386s] Level 1:colcon.colcon_core.package_discovery:discover_packages(path) check parameters
[0.386s] Level 1:colcon.colcon_core.package_discovery:discover_packages(colcon_meta) discover
[0.387s] Level 1:colcon.colcon_core.package_discovery:discover_packages(recursive) discover
[0.387s] INFO:colcon.colcon_core.package_discovery:Crawling recursively for packages in '/home/dima/ros2_ws'
[0.387s] Level 1:colcon.colcon_core.package_identification:_identify(.) by extensions ['ignore', 'ignore_ament_install']
[0.387s] Level 1:colcon.colcon_core.package_identification:_identify(.) by extension 'ignore'
[0.387s] Level 1:colcon.colcon_core.package_identification:_identify(.) by extension 'ignore_ament_install'
[0.387s] Level 1:colcon.colcon_core.package_identification:_identify(.) by extensions ['colcon_pkg']
[0.387s] Level 1:colcon.colcon_core.package_identification:_identify(.) by extension 'colcon_pkg'
[0.387s] Level 1:colcon.colcon_core.package_identification:_identify(.) by extensions ['colcon_meta']
[0.387s] Level 1:colcon.colcon_core.package_identification:_identify(.) by extension 'colcon_meta'
[0.387s] Level 1:colcon.colcon_core.package_identification:_identify(.) by extensions ['ros']
[0.387s] Level 1:colcon.colcon_core.package_identification:_identify(.) by extension 'ros'
[0.429s] Level 1:colcon.colcon_core.package_identification:_identify(.) by extensions ['cmake', 'python']
[0.429s] Level 1:colcon.colcon_core.package_identification:_identify(.) by extension 'cmake'
[0.429s] Level 1:colcon.colcon_core.package_identification:_identify(.) by extension 'python'
[0.429s] Level 1:colcon.colcon_core.package_identification:_identify(.) by extensions ['python_setup_py']
[0.429s] Level 1:colcon.colcon_core.package_identification:_identify(.) by extension 'python_setup_py'
[0.430s] Level 1:colcon.colcon_core.package_identification:_identify(build) by extensions ['ignore', 'ignore_ament_install']
[0.430s] Level 1:colcon.colcon_core.package_identification:_identify(build) by extension 'ignore'
[0.430s] Level 1:colcon.colcon_core.package_identification:_identify(build) ignored
[0.431s] Level 1:colcon.colcon_core.package_identification:_identify(install) by extensions ['ignore', 'ignore_ament_install']
[0.431s] Level 1:colcon.colcon_core.package_identification:_identify(install) by extension 'ignore'
[0.431s] Level 1:colcon.colcon_core.package_identification:_identify(install) ignored
[0.431s] Level 1:colcon.colcon_core.package_identification:_identify(log) by extensions ['ignore', 'ignore_ament_install']
[0.431s] Level 1:colcon.colcon_core.package_identification:_identify(log) by extension 'ignore'
[0.431s] Level 1:colcon.colcon_core.package_identification:_identify(log) ignored
[0.431s] Level 1:colcon.colcon_core.package_identification:_identify(src) by extensions ['ignore', 'ignore_ament_install']
[0.432s] Level 1:colcon.colcon_core.package_identification:_identify(src) by extension 'ignore'
[0.432s] Level 1:colcon.colcon_core.package_identification:_identify(src) by extension 'ignore_ament_install'
[0.432s] Level 1:colcon.colcon_core.package_identification:_identify(src) by extensions ['colcon_pkg']
[0.432s] Level 1:colcon.colcon_core.package_identification:_identify(src) by extension 'colcon_pkg'
[0.432s] Level 1:colcon.colcon_core.package_identification:_identify(src) by extensions ['colcon_meta']
[0.432s] Level 1:colcon.colcon_core.package_identification:_identify(src) by extension 'colcon_meta'
[0.432s] Level 1:colcon.colcon_core.package_identification:_identify(src) by extensions ['ros']
[0.432s] Level 1:colcon.colcon_core.package_identification:_identify(src) by extension 'ros'
[0.432s] Level 1:colcon.colcon_core.package_identification:_identify(src) by extensions ['cmake', 'python']
[0.432s] Level 1:colcon.colcon_core.package_identification:_identify(src) by extension 'cmake'
[0.433s] Level 1:colcon.colcon_core.package_identification:_identify(src) by extension 'python'
[0.433s] Level 1:colcon.colcon_core.package_identification:_identify(src) by extensions ['python_setup_py']
[0.433s] Level 1:colcon.colcon_core.package_identification:_identify(src) by extension 'python_setup_py'
[0.433s] Level 1:colcon.colcon_core.package_identification:_identify(src/lab2_world) by extensions ['ignore', 'ignore_ament_install']
[0.433s] Level 1:colcon.colcon_core.package_identification:_identify(src/lab2_world) by extension 'ignore'
[0.433s] Level 1:colcon.colcon_core.package_identification:_identify(src/lab2_world) by extension 'ignore_ament_install'
[0.433s] Level 1:colcon.colcon_core.package_identification:_identify(src/lab2_world) by extensions ['colcon_pkg']
[0.433s] Level 1:colcon.colcon_core.package_identification:_identify(src/lab2_world) by extension 'colcon_pkg'
[0.433s] Level 1:colcon.colcon_core.package_identification:_identify(src/lab2_world) by extensions ['colcon_meta']
[0.433s] Level 1:colcon.colcon_core.package_identification:_identify(src/lab2_world) by extension 'colcon_meta'
[0.433s] Level 1:colcon.colcon_core.package_identification:_identify(src/lab2_world) by extensions ['ros']
[0.433s] Level 1:colcon.colcon_core.package_identification:_identify(src/lab2_world) by extension 'ros'
[0.438s] DEBUG:colcon.colcon_core.package_identification:Package 'src/lab2_world' with type 'ros.ament_cmake' and name 'lab2_world'
[0.438s] Level 1:colcon.colcon_core.package_identification:_identify(src/ulstu_turtlesim) by extensions ['ignore', 'ignore_ament_install']
[0.438s] Level 1:colcon.colcon_core.package_identification:_identify(src/ulstu_turtlesim) by extension 'ignore'
[0.438s] Level 1:colcon.colcon_core.package_identification:_identify(src/ulstu_turtlesim) by extension 'ignore_ament_install'
[0.439s] Level 1:colcon.colcon_core.package_identification:_identify(src/ulstu_turtlesim) by extensions ['colcon_pkg']
[0.439s] Level 1:colcon.colcon_core.package_identification:_identify(src/ulstu_turtlesim) by extension 'colcon_pkg'
[0.439s] Level 1:colcon.colcon_core.package_identification:_identify(src/ulstu_turtlesim) by extensions ['colcon_meta']
[0.439s] Level 1:colcon.colcon_core.package_identification:_identify(src/ulstu_turtlesim) by extension 'colcon_meta'
[0.439s] Level 1:colcon.colcon_core.package_identification:_identify(src/ulstu_turtlesim) by extensions ['ros']
[0.439s] Level 1:colcon.colcon_core.package_identification:_identify(src/ulstu_turtlesim) by extension 'ros'
[0.440s] DEBUG:colcon.colcon_core.package_identification:Package 'src/ulstu_turtlesim' with type 'ros.ament_python' and name 'ulstu_turtlesim'
[0.440s] Level 1:colcon.colcon_core.package_discovery:discover_packages(recursive) using defaults
[0.440s] Level 1:colcon.colcon_core.package_discovery:discover_packages(ignore) discover
[0.440s] Level 1:colcon.colcon_core.package_discovery:discover_packages(ignore) using defaults
[0.440s] Level 1:colcon.colcon_core.package_discovery:discover_packages(path) discover
[0.440s] Level 1:colcon.colcon_core.package_discovery:discover_packages(path) using defaults
[0.472s] INFO:colcon.colcon_core.package_selection:Skipping not selected package 'ulstu_turtlesim' in 'src/ulstu_turtlesim'
[0.473s] Level 1:colcon.colcon_core.package_discovery:discover_packages(prefix_path) check parameters
[0.473s] Level 1:colcon.colcon_core.package_discovery:discover_packages(prefix_path) discover
[0.477s] DEBUG:colcon.colcon_installed_package_information.package_discovery:Found 2 installed packages in /home/dima/ros2_ws/install
[0.480s] DEBUG:colcon.colcon_installed_package_information.package_discovery:Found 486 installed packages in /opt/ros/jazzy
[0.482s] Level 1:colcon.colcon_core.package_discovery:discover_packages(prefix_path) using defaults
[0.554s] Level 5:colcon.colcon_core.verb:set package 'lab2_world' build argument 'cmake_args' from command line to 'None'
[0.554s] Level 5:colcon.colcon_core.verb:set package 'lab2_world' build argument 'cmake_target' from command line to 'None'
[0.554s] Level 5:colcon.colcon_core.verb:set package 'lab2_world' build argument 'cmake_target_skip_unavailable' from command line to 'False'
[0.554s] Level 5:colcon.colcon_core.verb:set package 'lab2_world' build argument 'cmake_clean_cache' from command line to 'False'
[0.554s] Level 5:colcon.colcon_core.verb:set package 'lab2_world' build argument 'cmake_clean_first' from command line to 'False'
[0.554s] Level 5:colcon.colcon_core.verb:set package 'lab2_world' build argument 'cmake_force_configure' from command line to 'False'
[0.554s] Level 5:colcon.colcon_core.verb:set package 'lab2_world' build argument 'ament_cmake_args' from command line to 'None'
[0.554s] Level 5:colcon.colcon_core.verb:set package 'lab2_world' build argument 'catkin_cmake_args' from command line to 'None'
[0.554s] Level 5:colcon.colcon_core.verb:set package 'lab2_world' build argument 'catkin_skip_building_tests' from command line to 'False'
[0.554s] DEBUG:colcon.colcon_core.verb:Building package 'lab2_world' with the following arguments: {'ament_cmake_args': None, 'build_base': '/home/dima/ros2_ws/build/lab2_world', 'catkin_cmake_args': None, 'catkin_skip_building_tests': False, 'cmake_args': None, 'cmake_clean_cache': False, 'cmake_clean_first': False, 'cmake_force_configure': False, 'cmake_target': None, 'cmake_target_skip_unavailable': False, 'install_base': '/home/dima/ros2_ws/install/lab2_world', 'merge_install': False, 'path': '/home/dima/ros2_ws/src/lab2_world', 'symlink_install': False, 'test_result_base': None}
[0.555s] INFO:colcon.colcon_core.executor:Executing jobs using 'parallel' executor
[0.556s] DEBUG:colcon.colcon_parallel_executor.executor.parallel:run_until_complete
[0.556s] INFO:colcon.colcon_ros.task.ament_cmake.build:Building ROS package in '/home/dima/ros2_ws/src/lab2_world' with build type 'ament_cmake'
[0.557s] INFO:colcon.colcon_cmake.task.cmake.build:Building CMake package in '/home/dima/ros2_ws/src/lab2_world'
[0.562s] INFO:colcon.colcon_core.plugin_system:Skipping extension 'colcon_core.shell.bat': Not used on non-Windows systems
[0.563s] INFO:colcon.colcon_core.shell:Skip shell extension 'powershell' for command environment: Not usable outside of PowerShell
[0.563s] DEBUG:colcon.colcon_core.shell:Skip shell extension 'dsv' for command environment
[0.581s] DEBUG:colcon.colcon_core.event_handler.log_command:Invoking command in '/home/dima/ros2_ws/build/lab2_world': CMAKE_PREFIX_PATH=${CMAKE_PREFIX_PATH}:/home/dima/ros2_ws/install/ulstu_turtlesim:/opt/ros/jazzy /usr/bin/cmake --build /home/dima/ros2_ws/build/lab2_world -- -j12 -l12
[1.218s] DEBUG:colcon.colcon_core.event_handler.log_command:Invoked command in '/home/dima/ros2_ws/build/lab2_world' returned '0': CMAKE_PREFIX_PATH=${CMAKE_PREFIX_PATH}:/home/dima/ros2_ws/install/ulstu_turtlesim:/opt/ros/jazzy /usr/bin/cmake --build /home/dima/ros2_ws/build/lab2_world -- -j12 -l12
[1.238s] DEBUG:colcon.colcon_core.event_handler.log_command:Invoking command in '/home/dima/ros2_ws/build/lab2_world': CMAKE_PREFIX_PATH=${CMAKE_PREFIX_PATH}:/home/dima/ros2_ws/install/ulstu_turtlesim:/opt/ros/jazzy /usr/bin/cmake --install /home/dima/ros2_ws/build/lab2_world
[1.261s] Level 1:colcon.colcon_core.environment:create_environment_scripts_only(lab2_world)
[1.262s] DEBUG:colcon.colcon_core.event_handler.log_command:Invoked command in '/home/dima/ros2_ws/build/lab2_world' returned '0': CMAKE_PREFIX_PATH=${CMAKE_PREFIX_PATH}:/home/dima/ros2_ws/install/ulstu_turtlesim:/opt/ros/jazzy /usr/bin/cmake --install /home/dima/ros2_ws/build/lab2_world
[1.272s] Level 1:colcon.colcon_core.environment:checking '/home/dima/ros2_ws/install/lab2_world' for CMake module files
[1.273s] Level 1:colcon.colcon_core.environment:checking '/home/dima/ros2_ws/install/lab2_world' for CMake config files
[1.275s] Level 1:colcon.colcon_core.shell:create_environment_hook('lab2_world', 'cmake_prefix_path')
[1.275s] INFO:colcon.colcon_core.shell:Creating environment hook '/home/dima/ros2_ws/install/lab2_world/share/lab2_world/hook/cmake_prefix_path.ps1'
[1.277s] INFO:colcon.colcon_core.shell:Creating environment descriptor '/home/dima/ros2_ws/install/lab2_world/share/lab2_world/hook/cmake_prefix_path.dsv'
[1.278s] INFO:colcon.colcon_core.shell:Creating environment hook '/home/dima/ros2_ws/install/lab2_world/share/lab2_world/hook/cmake_prefix_path.sh'
[1.280s] Level 1:colcon.colcon_core.environment:checking '/home/dima/ros2_ws/install/lab2_world/bin'
[1.280s] Level 1:colcon.colcon_core.environment:checking '/home/dima/ros2_ws/install/lab2_world/lib/pkgconfig/lab2_world.pc'
[1.280s] Level 1:colcon.colcon_core.environment:checking '/home/dima/ros2_ws/install/lab2_world/lib/python3.12/site-packages'
[1.280s] Level 1:colcon.colcon_core.environment:checking '/home/dima/ros2_ws/install/lab2_world/bin'
[1.280s] INFO:colcon.colcon_core.shell:Creating package script '/home/dima/ros2_ws/install/lab2_world/share/lab2_world/package.ps1'
[1.282s] INFO:colcon.colcon_core.shell:Creating package descriptor '/home/dima/ros2_ws/install/lab2_world/share/lab2_world/package.dsv'
[1.284s] INFO:colcon.colcon_core.shell:Creating package script '/home/dima/ros2_ws/install/lab2_world/share/lab2_world/package.sh'
[1.285s] INFO:colcon.colcon_core.shell:Creating package script '/home/dima/ros2_ws/install/lab2_world/share/lab2_world/package.bash'
[1.286s] INFO:colcon.colcon_core.shell:Creating package script '/home/dima/ros2_ws/install/lab2_world/share/lab2_world/package.zsh'
[1.287s] Level 1:colcon.colcon_core.environment:create_file_with_runtime_dependencies(/home/dima/ros2_ws/install/lab2_world/share/colcon-core/packages/lab2_world)
[1.288s] Level 1:colcon.colcon_core.environment:create_environment_scripts_only(lab2_world)
[1.288s] Level 1:colcon.colcon_core.environment:checking '/home/dima/ros2_ws/install/lab2_world' for CMake module files
[1.288s] Level 1:colcon.colcon_core.environment:checking '/home/dima/ros2_ws/install/lab2_world' for CMake config files
[1.289s] Level 1:colcon.colcon_core.shell:create_environment_hook('lab2_world', 'cmake_prefix_path')
[1.289s] INFO:colcon.colcon_core.shell:Creating environment hook '/home/dima/ros2_ws/install/lab2_world/share/lab2_world/hook/cmake_prefix_path.ps1'
[1.289s] INFO:colcon.colcon_core.shell:Creating environment descriptor '/home/dima/ros2_ws/install/lab2_world/share/lab2_world/hook/cmake_prefix_path.dsv'
[1.290s] INFO:colcon.colcon_core.shell:Creating environment hook '/home/dima/ros2_ws/install/lab2_world/share/lab2_world/hook/cmake_prefix_path.sh'
[1.290s] Level 1:colcon.colcon_core.environment:checking '/home/dima/ros2_ws/install/lab2_world/bin'
[1.290s] Level 1:colcon.colcon_core.environment:checking '/home/dima/ros2_ws/install/lab2_world/lib/pkgconfig/lab2_world.pc'
[1.290s] Level 1:colcon.colcon_core.environment:checking '/home/dima/ros2_ws/install/lab2_world/lib/python3.12/site-packages'
[1.291s] Level 1:colcon.colcon_core.environment:checking '/home/dima/ros2_ws/install/lab2_world/bin'
[1.291s] INFO:colcon.colcon_core.shell:Creating package script '/home/dima/ros2_ws/install/lab2_world/share/lab2_world/package.ps1'
[1.292s] INFO:colcon.colcon_core.shell:Creating package descriptor '/home/dima/ros2_ws/install/lab2_world/share/lab2_world/package.dsv'
[1.292s] INFO:colcon.colcon_core.shell:Creating package script '/home/dima/ros2_ws/install/lab2_world/share/lab2_world/package.sh'
[1.293s] INFO:colcon.colcon_core.shell:Creating package script '/home/dima/ros2_ws/install/lab2_world/share/lab2_world/package.bash'
[1.293s] INFO:colcon.colcon_core.shell:Creating package script '/home/dima/ros2_ws/install/lab2_world/share/lab2_world/package.zsh'
[1.293s] Level 1:colcon.colcon_core.environment:create_file_with_runtime_dependencies(/home/dima/ros2_ws/install/lab2_world/share/colcon-core/packages/lab2_world)
[1.294s] DEBUG:colcon.colcon_parallel_executor.executor.parallel:closing loop
[1.294s] DEBUG:colcon.colcon_parallel_executor.executor.parallel:loop closed
[1.294s] DEBUG:colcon.colcon_parallel_executor.executor.parallel:run_until_complete finished with '0'
[1.295s] DEBUG:colcon.colcon_core.event_reactor:joining thread
[1.348s] INFO:colcon.colcon_core.plugin_system:Skipping extension 'colcon_notification.desktop_notification.notify_send': Could not find 'notify-send'
[1.348s] INFO:colcon.colcon_core.plugin_system:Skipping extension 'colcon_notification.desktop_notification.terminal_notifier': Not used on non-Darwin systems
[1.348s] INFO:colcon.colcon_core.plugin_system:Skipping extension 'colcon_notification.desktop_notification.win32': Not used on non-Windows systems
[1.348s] INFO:colcon.colcon_notification.desktop_notification:Sending desktop notification using 'notify2'
[1.349s] DEBUG:colcon.colcon_notification.desktop_notification.notify2:Failed to initialize notify2: org.freedesktop.DBus.Error.ServiceUnknown: The name org.freedesktop.Notifications was not provided by any .service files
[1.350s] DEBUG:colcon.colcon_core.event_reactor:joined thread
[1.350s] INFO:colcon.colcon_core.shell:Creating prefix script '/home/dima/ros2_ws/install/local_setup.ps1'
[1.351s] INFO:colcon.colcon_core.shell:Creating prefix util module '/home/dima/ros2_ws/install/_local_setup_util_ps1.py'
[1.354s] INFO:colcon.colcon_core.shell:Creating prefix chain script '/home/dima/ros2_ws/install/setup.ps1'
[1.356s] INFO:colcon.colcon_core.shell:Creating prefix script '/home/dima/ros2_ws/install/local_setup.sh'
[1.357s] INFO:colcon.colcon_core.shell:Creating prefix util module '/home/dima/ros2_ws/install/_local_setup_util_sh.py'
[1.357s] INFO:colcon.colcon_core.shell:Creating prefix chain script '/home/dima/ros2_ws/install/setup.sh'
[1.359s] INFO:colcon.colcon_core.shell:Creating prefix script '/home/dima/ros2_ws/install/local_setup.bash'
[1.360s] INFO:colcon.colcon_core.shell:Creating prefix chain script '/home/dima/ros2_ws/install/setup.bash'
[1.361s] INFO:colcon.colcon_core.shell:Creating prefix script '/home/dima/ros2_ws/install/local_setup.zsh'
[1.362s] INFO:colcon.colcon_core.shell:Creating prefix chain script '/home/dima/ros2_ws/install/setup.zsh'
