(2026-04-15T17:07:18.496988211) (2026-04-15T17:07:18.496994101) [Msg] Gazebo Sim Server v8.11.0
(2026-04-15T17:07:18.501090852) (2026-04-15T17:07:18.501094745) [Msg] Loading SDF world file[/home/dima/ros2_ws/src/lab2_world/worlds/lab2_world.sdf].
(2026-04-15T17:07:18.725612575) (2026-04-15T17:07:18.725617666) [Msg] Serving entity system service on [/entity/system/add]
(2026-04-15T17:07:18.797902333) (2026-04-15T17:07:18.797910918) [Dbg] [Physics.cc:906] Loaded [gz::physics::dartsim::Plugin] from library [/opt/ros/jazzy/opt/gz_physics_vendor/lib/gz-physics-7/engine-plugins/libgz-physics-dartsim-plugin.so]
(2026-04-15T17:07:18.797954043) (2026-04-15T17:07:18.797956139) [Dbg] [SystemManager.cc:80] Loaded system [gz::sim::systems::Physics] for entity [1]
(2026-04-15T17:07:18.802953120) (2026-04-15T17:07:18.802957512) [Msg] Create service on [/world/lab2_world/create_multiple] (async)
(2026-04-15T17:07:18.802967495) (2026-04-15T17:07:18.802969392) [Msg] Create service on [/world/lab2_world/create_multiple/blocking] (blocking)
(2026-04-15T17:07:18.803093874) (2026-04-15T17:07:18.803097368) [Msg] Remove service on [/world/lab2_world/remove] (async)
(2026-04-15T17:07:18.803113141) (2026-04-15T17:07:18.803115636) [Msg] Remove service on [/world/lab2_world/remove/blocking] (blocking)
(2026-04-15T17:07:18.803222750) (2026-04-15T17:07:18.803226443) [Msg] Pose service on [/world/lab2_world/set_pose] (async)
(2026-04-15T17:07:18.803235028) (2026-04-15T17:07:18.803236925) [Msg] Pose service on [/world/lab2_world/set_pose/blocking] (blocking)
(2026-04-15T17:07:18.803317884) (2026-04-15T17:07:18.803321377) [Msg] Pose service on [/world/lab2_world/set_pose_vector] (async)
(2026-04-15T17:07:18.803329663) (2026-04-15T17:07:18.803331659) [Msg] Pose service on [/world/lab2_world/set_pose_vector/blocking] (blocking)
(2026-04-15T17:07:18.803944091) (2026-04-15T17:07:18.803949282) [Msg] Light configuration service on [/world/lab2_world/light_config] (async)
(2026-04-15T17:07:18.803962259) (2026-04-15T17:07:18.803965354) [Msg] Light configuration service on [/world/lab2_world/light_config/blocking] (blocking)
(2026-04-15T17:07:18.804259441) (2026-04-15T17:07:18.804264432) [Msg] Physics service on [/world/lab2_world/set_physics] (async)
(2026-04-15T17:07:18.804277110) (2026-04-15T17:07:18.804280304) [Msg] Physics service on [/world/lab2_world/set_physics/blocking] (blocking)
(2026-04-15T17:07:18.804412973) (2026-04-15T17:07:18.804417864) [Msg] SphericalCoordinates service on [/world/lab2_world/set_spherical_coordinates] (async)
(2026-04-15T17:07:18.804430742) (2026-04-15T17:07:18.804434036) [Msg] SphericalCoordinates service on [/world/lab2_world/set_spherical_coordinates/blocking] (blocking)
(2026-04-15T17:07:18.804547338) (2026-04-15T17:07:18.804552230) [Msg] Enable collision service on [/world/lab2_world/enable_collision] (async)
(2026-04-15T17:07:18.804564808) (2026-04-15T17:07:18.804567803) [Msg] Enable collision service on [/world/lab2_world/enable_collision/blocking] (blocking)
(2026-04-15T17:07:18.804670124) (2026-04-15T17:07:18.804675115) [Msg] Disable collision service on [/world/lab2_world/disable_collision] (async)
(2026-04-15T17:07:18.804688192) (2026-04-15T17:07:18.804691487) [Msg] Disable collision service on [/world/lab2_world/disable_collision/blocking] (blocking)
(2026-04-15T17:07:18.804829446) (2026-04-15T17:07:18.804834337) [Msg] Material service on [/world/lab2_world/visual_config] (async)
(2026-04-15T17:07:18.804847115) (2026-04-15T17:07:18.804850310) [Msg] Material service on [/world/lab2_world/visual_config/blocking] (blocking)
(2026-04-15T17:07:18.804960318) (2026-04-15T17:07:18.804965509) [Msg] Material service on [/world/lab2_world/wheel_slip] (async)
(2026-04-15T17:07:18.804977188) (2026-04-15T17:07:18.804979185) [Msg] Material service on [/world/lab2_world/wheel_slip/blocking] (blocking)
(2026-04-15T17:07:18.804993060) (2026-04-15T17:07:18.804994857) [Dbg] [SystemManager.cc:80] Loaded system [gz::sim::systems::UserCommands] for entity [1]
(2026-04-15T17:07:18.807619877) (2026-04-15T17:07:18.807623371) [Dbg] [SystemManager.cc:80] Loaded system [gz::sim::systems::SceneBroadcaster] for entity [1]
(2026-04-15T17:07:18.828473988) (2026-04-15T17:07:18.828480376) [Dbg] [Sensors.cc:697] Configuring Sensors system
(2026-04-15T17:07:18.828527195) (2026-04-15T17:07:18.828529591) [Dbg] [Sensors.cc:557] SensorsPrivate::Run
(2026-04-15T17:07:18.828608653) (2026-04-15T17:07:18.828612047) [Dbg] [SystemManager.cc:80] Loaded system [gz::sim::systems::Sensors] for entity [1]
(2026-04-15T17:07:18.828641196) (2026-04-15T17:07:18.828644989) [Dbg] [Sensors.cc:532] SensorsPrivate::RenderThread started
(2026-04-15T17:07:18.828657467) (2026-04-15T17:07:18.828659464) [Dbg] [Sensors.cc:337] Waiting for init
(2026-04-15T17:07:18.830087073) (2026-04-15T17:07:18.830090167) [Dbg] [SystemManager.cc:80] Loaded system [gz::sim::systems::Contact] for entity [1]
(2026-04-15T17:07:18.831255534) (2026-04-15T17:07:18.831259228) [Msg] Loaded level [default]
(2026-04-15T17:07:18.832075703) (2026-04-15T17:07:18.832078997) [Msg] Serving world controls on [/world/lab2_world/control], [/world/lab2_world/control/state] and [/world/lab2_world/playback/control]
(2026-04-15T17:07:18.832187408) (2026-04-15T17:07:18.832191002) [Msg] Serving GUI information on [/world/lab2_world/gui/info]
(2026-04-15T17:07:18.832199886) (2026-04-15T17:07:18.832201683) [Msg] World [lab2_world] initialized with [1ms] physics profile.
(2026-04-15T17:07:18.832686237) (2026-04-15T17:07:18.832691428) [Msg] Serving world SDF generation service on [/world/lab2_world/generate_world_sdf]
(2026-04-15T17:07:18.832827391) (2026-04-15T17:07:18.832831185) [Msg] Serving world names on [/gazebo/worlds]
(2026-04-15T17:07:18.832935403) (2026-04-15T17:07:18.832950776) [Msg] Resource path add service on [/gazebo/resource_paths/add].
(2026-04-15T17:07:18.833104807) (2026-04-15T17:07:18.833109998) [Msg] Resource path get service on [/gazebo/resource_paths/get].
(2026-04-15T17:07:18.934166732) (2026-04-15T17:07:18.934175582) [Msg] Resource path resolve service on [/gazebo/resource_paths/resolve].
(2026-04-15T17:07:18.934301014) (2026-04-15T17:07:18.934304676) [Msg] Resource paths published on [/gazebo/resource_paths].
(2026-04-15T17:07:18.934431228) (2026-04-15T17:07:18.934436009) [Msg] Server control service on [/server_control].
(2026-04-15T17:07:20.499216401) (2026-04-15T17:07:20.499223423) [Msg] Found no publishers on /stats, adding root stats topic
(2026-04-15T17:07:20.499502273) (2026-04-15T17:07:20.499508888) [Msg] Found no publishers on /clock, adding root clock topic
(2026-04-15T17:07:20.499747539) (2026-04-15T17:07:20.499753849) [Dbg] [SimulationRunner.cc:551] Creating PostUpdate worker threads: 4
(2026-04-15T17:07:20.499772269) (2026-04-15T17:07:20.499775627) [Dbg] [SimulationRunner.cc:562] Creating postupdate worker thread (0)
(2026-04-15T17:07:20.499925942) (2026-04-15T17:07:20.499934083) [Dbg] [SimulationRunner.cc:562] Creating postupdate worker thread (1)
(2026-04-15T17:07:20.500019468) (2026-04-15T17:07:20.500027508) [Dbg] [SimulationRunner.cc:562] Creating postupdate worker thread (2)
(2026-04-15T17:07:20.559629953) (2026-04-15T17:07:20.559637179) [Msg] DiffDrive subscribing to twist messages on [cmd_vel]
(2026-04-15T17:07:20.559655396) (2026-04-15T17:07:20.559658856) [Dbg] [SystemManager.cc:80] Loaded system [gz::sim::systems::DiffDrive] for entity [90]
(2026-04-15T17:07:20.561839687) (2026-04-15T17:07:20.561857293) [Dbg] [SystemManager.cc:80] Loaded system [gz::sim::systems::JointStatePublisher] for entity [90]
(2026-04-15T17:07:20.561935350) (2026-04-15T17:07:20.561939218) [Dbg] [UserCommands.cc:1094] Created entity [90] named [waffle]
(2026-04-15T17:07:20.585516184) (2026-04-15T17:07:20.585524224) [Dbg] [Sensors.cc:953] Initialization needed
(2026-04-15T17:07:20.585576432) (2026-04-15T17:07:20.585582640) [Dbg] [Sensors.cc:349] Initializing render context
(2026-04-15T17:07:20.585680848) (2026-04-15T17:07:20.585687361) [Msg] Loading plugin [gz-rendering-ogre2]
(2026-04-15T17:07:20.586394154) (2026-04-15T17:07:20.586400464) [Msg] Serving scene information on [/world/lab2_world/scene/info]
(2026-04-15T17:07:20.586490327) (2026-04-15T17:07:20.586505389) [Msg] Serving graph information on [/world/lab2_world/scene/graph]
(2026-04-15T17:07:20.586645730) (2026-04-15T17:07:20.586650309) [Msg] Serving full state on [/world/lab2_world/state]
(2026-04-15T17:07:20.586730402) (2026-04-15T17:07:20.586735694) [Msg] Serving full state (async) on [/world/lab2_world/state_async]
(2026-04-15T17:07:20.586861584) (2026-04-15T17:07:20.586866978) [Msg] Publishing scene information on [/world/lab2_world/scene/info]
(2026-04-15T17:07:20.587044058) (2026-04-15T17:07:20.587048739) [Msg] Publishing entity deletions on [/world/lab2_world/scene/deletion]
(2026-04-15T17:07:20.587159974) (2026-04-15T17:07:20.587165673) [Msg] Publishing state changes on [/world/lab2_world/state]
(2026-04-15T17:07:20.587242611) (2026-04-15T17:07:20.587256452) [Msg] Publishing pose messages on [/world/lab2_world/pose/info]
(2026-04-15T17:07:20.587366974) (2026-04-15T17:07:20.587370739) [Msg] Publishing dynamic pose messages on [/world/lab2_world/dynamic_pose/info]
(2026-04-15T17:07:20.588023493) (2026-04-15T17:07:20.588027258) [Dbg] [EntityComponentManager.cc:1656] Updated state thread iterators: 16 threads processing around 8 entities each.
((2026-04-15T17:07:20.600014345) (2026-04-15T17:07:20.600023098) [Dbg] [SimulationRunner.cc:578] Exiting postupdate worker thread (1)
(2026-04-15T17:07:20.600108279) (2026-04-15T17:07:20.600113368) ) [Dbg] [SimulationRunner.cc:578] Exiting postupdate worker thread (0)
2026-04-15T17:07:20.600123036) (2026-04-15T17:07:20.600138912) [Dbg] [SimulationRunner.cc:578] Exiting postupdate worker thread (2)
(2026-04-15T17:07:20.600250248) (2026-04-15T17:07:20.600254217) [Dbg] [SimulationRunner.cc:551] Creating PostUpdate worker threads: 6
(2026-04-15T17:07:20.600268262) (2026-04-15T17:07:20.600270195) [Dbg] [SimulationRunner.cc:562] Creating postupdate worker thread (0)
(2026-04-15T17:07:20.620373953) (2026-04-15T17:07:20.620379551) [Dbg] [SimulationRunner.cc:562] Creating postupdate worker thread (1)
(2026-04-15T17:07:20.620428909) (2026-04-15T17:07:20.620431962) [Dbg] [SimulationRunner.cc:562] Creating postupdate worker thread (2)
(2026-04-15T17:07:20.620478471) (2026-04-15T17:07:20.620481728) [Dbg] [SimulationRunner.cc:562] Creating postupdate worker thread (3)
(2026-04-15T17:07:20.620536073) (2026-04-15T17:07:20.620539431) [Dbg] [SimulationRunner.cc:562] Creating postupdate worker thread (4)
(2026-04-15T17:07:20.797323883) (2026-04-15T17:07:20.797327751) [Dbg] [RenderUtil.cc:2646] Create scene [scene]
(2026-04-15T17:07:20.885371465) ((2026-04-15T17:07:20.885378793) [Dbg] [Sensors.cc:391] Rendering Thread initialized
2026-04-15T17:07:20.885383169) (2026-04-15T17:07:20.885395687) [Dbg] [Sensors.cc:953] Initialization needed
(2026-04-15T17:07:21.373068958) (2026-04-15T17:07:21.373073640) [Dbg] [CameraSensor.cc:405] Camera images for [waffle::camera_rgb_frame::camera] advertised on [camera/image_raw]
(2026-04-15T17:07:21.373210136) (2026-04-15T17:07:21.373213597) [Dbg] [CameraSensor.cc:695] Camera info for [waffle::camera_rgb_frame::camera] advertised on [camera/camera_info]
(2026-04-15T17:07:21.373459005) (2026-04-15T17:07:21.373461549) [Wrn] [Ogre2Camera.cc:423] Ogre2Camera::SetVisibilityMask: Mask bits c0000000 are set but will be ignored as they conflict with the reserved bits used internally by the ogre2 backend.
(2026-04-15T17:07:21.373886305) (2026-04-15T17:07:21.373890988) [Dbg] [Lidar.cc:139] Laser scans for [waffle::base_scan::hls_lfcd_lds] advertised on [scan]
(2026-04-15T17:07:21.374147388) (2026-04-15T17:07:21.374151155) [Dbg] [GpuLidarSensor.cc:164] Lidar points for [waffle::base_scan::hls_lfcd_lds] advertised on [scan/points]
(2026-04-15T17:07:21.445397585) (2026-04-15T17:07:21.445404303) [Dbg] [CameraSensor.cc:504] Enabling camera sensor: 'waffle::camera_rgb_frame::camera' data generation.
(2026-04-15T17:09:39.182069534) (2026-04-15T17:09:39.182077789) [Dbg] [CameraSensor.cc:493] Disabling camera sensor: 'waffle::camera_rgb_frame::camera' data generation. 
(2026-04-15T17:22:37.208904299) (2026-04-15T17:22:37.208919326) [Dbg] [SignalHandler.cc:142] Received signal[15].
(2026-04-15T17:22:37.208958035) (2026-04-15T17:22:37.208961817) [Dbg] [ServerPrivate.cc:122] Server received signal[15]
(2026-04-15T17:22:37.208985102) (2026-04-15T17:22:37.208986894) [Dbg] [Sensors.cc:565] SensorsPrivate::Stop
