running egg_info
writing ../../build/lab2_navigator/lab2_navigator.egg-info/PKG-INFO
writing dependency_links to ../../build/lab2_navigator/lab2_navigator.egg-info/dependency_links.txt
writing entry points to ../../build/lab2_navigator/lab2_navigator.egg-info/entry_points.txt
writing requirements to ../../build/lab2_navigator/lab2_navigator.egg-info/requires.txt
writing top-level names to ../../build/lab2_navigator/lab2_navigator.egg-info/top_level.txt
reading manifest file '../../build/lab2_navigator/lab2_navigator.egg-info/SOURCES.txt'
writing manifest file '../../build/lab2_navigator/lab2_navigator.egg-info/SOURCES.txt'
running build
running build_py
copying lab2_navigator/cmd_vel_bridge.py -> /home/dima/ros2_ws/build/lab2_navigator/build/lib/lab2_navigator
running install
running install_lib
copying /home/dima/ros2_ws/build/lab2_navigator/build/lib/lab2_navigator/cmd_vel_bridge.py -> /home/dima/ros2_ws/install/lab2_navigator/lib/python3.12/site-packages/lab2_navigator
byte-compiling /home/dima/ros2_ws/install/lab2_navigator/lib/python3.12/site-packages/lab2_navigator/cmd_vel_bridge.py to cmd_vel_bridge.cpython-312.pyc
running install_data
running install_egg_info
removing '/home/dima/ros2_ws/install/lab2_navigator/lib/python3.12/site-packages/lab2_navigator-0.0.0-py3.12.egg-info' (and everything under it)
Copying ../../build/lab2_navigator/lab2_navigator.egg-info to /home/dima/ros2_ws/install/lab2_navigator/lib/python3.12/site-packages/lab2_navigator-0.0.0-py3.12.egg-info
running install_scripts
Installing cmd_vel_bridge script to /home/dima/ros2_ws/install/lab2_navigator/lib/lab2_navigator
Installing go_to_point script to /home/dima/ros2_ws/install/lab2_navigator/lib/lab2_navigator
writing list of installed files to '/home/dima/ros2_ws/build/lab2_navigator/install.log'
