[1.603s] Invoking command in '/home/dima/ros2_ws/src/lab2_navigator': PYTHONPATH=/home/dima/ros2_ws/build/lab2_navigator/prefix_override:/usr/lib/python3/dist-packages/colcon_core/task/python/colcon_distutils_commands:/home/dima/ros2_ws/install/lab2_navigator/lib/python3.12/site-packages:${PYTHONPATH} /usr/bin/python3 -W ignore:setup.py install is deprecated -W ignore:easy_install command is deprecated setup.py egg_info --egg-base ../../build/lab2_navigator build --build-base /home/dima/ros2_ws/build/lab2_navigator/build install --record /home/dima/ros2_ws/build/lab2_navigator/install.log --single-version-externally-managed install_data
[1.943s] running egg_info
[1.961s] writing ../../build/lab2_navigator/lab2_navigator.egg-info/PKG-INFO
[1.962s] writing dependency_links to ../../build/lab2_navigator/lab2_navigator.egg-info/dependency_links.txt
[1.963s] writing entry points to ../../build/lab2_navigator/lab2_navigator.egg-info/entry_points.txt
[1.963s] writing requirements to ../../build/lab2_navigator/lab2_navigator.egg-info/requires.txt
[1.963s] writing top-level names to ../../build/lab2_navigator/lab2_navigator.egg-info/top_level.txt
[2.011s] reading manifest file '../../build/lab2_navigator/lab2_navigator.egg-info/SOURCES.txt'
[2.013s] writing manifest file '../../build/lab2_navigator/lab2_navigator.egg-info/SOURCES.txt'
[2.013s] running build
[2.013s] running build_py
[2.014s] copying lab2_navigator/cmd_vel_bridge.py -> /home/dima/ros2_ws/build/lab2_navigator/build/lib/lab2_navigator
[2.014s] running install
[2.020s] running install_lib
[2.047s] copying /home/dima/ros2_ws/build/lab2_navigator/build/lib/lab2_navigator/cmd_vel_bridge.py -> /home/dima/ros2_ws/install/lab2_navigator/lib/python3.12/site-packages/lab2_navigator
[2.048s] byte-compiling /home/dima/ros2_ws/install/lab2_navigator/lib/python3.12/site-packages/lab2_navigator/cmd_vel_bridge.py to cmd_vel_bridge.cpython-312.pyc
[2.050s] running install_data
[2.050s] running install_egg_info
[2.079s] removing '/home/dima/ros2_ws/install/lab2_navigator/lib/python3.12/site-packages/lab2_navigator-0.0.0-py3.12.egg-info' (and everything under it)
[2.079s] Copying ../../build/lab2_navigator/lab2_navigator.egg-info to /home/dima/ros2_ws/install/lab2_navigator/lib/python3.12/site-packages/lab2_navigator-0.0.0-py3.12.egg-info
[2.079s] running install_scripts
[2.251s] Installing cmd_vel_bridge script to /home/dima/ros2_ws/install/lab2_navigator/lib/lab2_navigator
[2.252s] Installing go_to_point script to /home/dima/ros2_ws/install/lab2_navigator/lib/lab2_navigator
[2.252s] writing list of installed files to '/home/dima/ros2_ws/build/lab2_navigator/install.log'
[2.284s] Invoked command in '/home/dima/ros2_ws/src/lab2_navigator' returned '0': PYTHONPATH=/home/dima/ros2_ws/build/lab2_navigator/prefix_override:/usr/lib/python3/dist-packages/colcon_core/task/python/colcon_distutils_commands:/home/dima/ros2_ws/install/lab2_navigator/lib/python3.12/site-packages:${PYTHONPATH} /usr/bin/python3 -W ignore:setup.py install is deprecated -W ignore:easy_install command is deprecated setup.py egg_info --egg-base ../../build/lab2_navigator build --build-base /home/dima/ros2_ws/build/lab2_navigator/build install --record /home/dima/ros2_ws/build/lab2_navigator/install.log --single-version-externally-managed install_data
