[0.277s] DEBUG:colcon:Command line arguments: ['/usr/bin/colcon', 'build']
[0.277s] DEBUG:colcon:Parsed command line arguments: Namespace(log_base=None, log_level=None, verb_name='build', build_base='build', install_base='install', merge_install=False, symlink_install=False, test_result_base=None, continue_on_error=False, executor='parallel', parallel_workers=12, event_handlers=None, ignore_user_meta=False, metas=['./colcon.meta'], base_paths=['.'], packages_ignore=None, packages_ignore_regex=None, paths=None, packages_up_to=None, packages_up_to_regex=None, packages_above=None, packages_above_and_dependencies=None, packages_above_depth=None, packages_select_by_dep=None, packages_skip_by_dep=None, packages_skip_up_to=None, packages_select_build_failed=False, packages_skip_build_finished=False, packages_select_test_failures=False, packages_skip_test_passed=False, packages_select=None, packages_skip=None, packages_select_regex=None, packages_skip_regex=None, packages_start=None, packages_end=None, allow_overriding=[], cmake_args=None, cmake_target=None, cmake_target_skip_unavailable=False, cmake_clean_cache=False, cmake_clean_first=False, cmake_force_configure=False, ament_cmake_args=None, catkin_cmake_args=None, catkin_skip_building_tests=False, verb_parser=<colcon_defaults.argument_parser.defaults.DefaultArgumentsDecorator object at 0x768b3e77a060>, verb_extension=<colcon_core.verb.build.BuildVerb object at 0x768b3e89e4e0>, main=<bound method BuildVerb.main of <colcon_core.verb.build.BuildVerb object at 0x768b3e89e4e0>>)
[0.335s] Level 1:colcon.colcon_core.package_discovery:discover_packages(colcon_meta) check parameters
[0.335s] Level 1:colcon.colcon_core.package_discovery:discover_packages(recursive) check parameters
[0.335s] Level 1:colcon.colcon_core.package_discovery:discover_packages(ignore) check parameters
[0.335s] Level 1:colcon.colcon_core.package_discovery:discover_packages(path) check parameters
[0.335s] Level 1:colcon.colcon_core.package_discovery:discover_packages(colcon_meta) discover
[0.336s] Level 1:colcon.colcon_core.package_discovery:discover_packages(recursive) discover
[0.336s] INFO:colcon.colcon_core.package_discovery:Crawling recursively for packages in '/home/dima/ros2_ws'
[0.336s] Level 1:colcon.colcon_core.package_identification:_identify(.) by extensions ['ignore', 'ignore_ament_install']
[0.336s] Level 1:colcon.colcon_core.package_identification:_identify(.) by extension 'ignore'
[0.336s] Level 1:colcon.colcon_core.package_identification:_identify(.) by extension 'ignore_ament_install'
[0.336s] Level 1:colcon.colcon_core.package_identification:_identify(.) by extensions ['colcon_pkg']
[0.336s] Level 1:colcon.colcon_core.package_identification:_identify(.) by extension 'colcon_pkg'
[0.336s] Level 1:colcon.colcon_core.package_identification:_identify(.) by extensions ['colcon_meta']
[0.336s] Level 1:colcon.colcon_core.package_identification:_identify(.) by extension 'colcon_meta'
[0.336s] Level 1:colcon.colcon_core.package_identification:_identify(.) by extensions ['ros']
[0.336s] Level 1:colcon.colcon_core.package_identification:_identify(.) by extension 'ros'
[0.366s] Level 1:colcon.colcon_core.package_identification:_identify(.) by extensions ['cmake', 'python']
[0.366s] Level 1:colcon.colcon_core.package_identification:_identify(.) by extension 'cmake'
[0.366s] Level 1:colcon.colcon_core.package_identification:_identify(.) by extension 'python'
[0.366s] Level 1:colcon.colcon_core.package_identification:_identify(.) by extensions ['python_setup_py']
[0.366s] Level 1:colcon.colcon_core.package_identification:_identify(.) by extension 'python_setup_py'
[0.366s] Level 1:colcon.colcon_core.package_identification:_identify(build) by extensions ['ignore', 'ignore_ament_install']
[0.366s] Level 1:colcon.colcon_core.package_identification:_identify(build) by extension 'ignore'
[0.367s] Level 1:colcon.colcon_core.package_identification:_identify(build) ignored
[0.367s] Level 1:colcon.colcon_core.package_identification:_identify(install) by extensions ['ignore', 'ignore_ament_install']
[0.367s] Level 1:colcon.colcon_core.package_identification:_identify(install) by extension 'ignore'
[0.367s] Level 1:colcon.colcon_core.package_identification:_identify(install) ignored
[0.367s] Level 1:colcon.colcon_core.package_identification:_identify(log) by extensions ['ignore', 'ignore_ament_install']
[0.367s] Level 1:colcon.colcon_core.package_identification:_identify(log) by extension 'ignore'
[0.367s] Level 1:colcon.colcon_core.package_identification:_identify(log) ignored
[0.367s] Level 1:colcon.colcon_core.package_identification:_identify(src) by extensions ['ignore', 'ignore_ament_install']
[0.367s] Level 1:colcon.colcon_core.package_identification:_identify(src) by extension 'ignore'
[0.367s] Level 1:colcon.colcon_core.package_identification:_identify(src) by extension 'ignore_ament_install'
[0.367s] Level 1:colcon.colcon_core.package_identification:_identify(src) by extensions ['colcon_pkg']
[0.367s] Level 1:colcon.colcon_core.package_identification:_identify(src) by extension 'colcon_pkg'
[0.367s] Level 1:colcon.colcon_core.package_identification:_identify(src) by extensions ['colcon_meta']
[0.367s] Level 1:colcon.colcon_core.package_identification:_identify(src) by extension 'colcon_meta'
[0.367s] Level 1:colcon.colcon_core.package_identification:_identify(src) by extensions ['ros']
[0.367s] Level 1:colcon.colcon_core.package_identification:_identify(src) by extension 'ros'
[0.367s] Level 1:colcon.colcon_core.package_identification:_identify(src) by extensions ['cmake', 'python']
[0.367s] Level 1:colcon.colcon_core.package_identification:_identify(src) by extension 'cmake'
[0.368s] Level 1:colcon.colcon_core.package_identification:_identify(src) by extension 'python'
[0.368s] Level 1:colcon.colcon_core.package_identification:_identify(src) by extensions ['python_setup_py']
[0.368s] Level 1:colcon.colcon_core.package_identification:_identify(src) by extension 'python_setup_py'
[0.368s] Level 1:colcon.colcon_core.package_identification:_identify(src/lab2_world) by extensions ['ignore', 'ignore_ament_install']
[0.368s] Level 1:colcon.colcon_core.package_identification:_identify(src/lab2_world) by extension 'ignore'
[0.368s] Level 1:colcon.colcon_core.package_identification:_identify(src/lab2_world) by extension 'ignore_ament_install'
[0.368s] Level 1:colcon.colcon_core.package_identification:_identify(src/lab2_world) by extensions ['colcon_pkg']
[0.368s] Level 1:colcon.colcon_core.package_identification:_identify(src/lab2_world) by extension 'colcon_pkg'
[0.368s] Level 1:colcon.colcon_core.package_identification:_identify(src/lab2_world) by extensions ['colcon_meta']
[0.368s] Level 1:colcon.colcon_core.package_identification:_identify(src/lab2_world) by extension 'colcon_meta'
[0.368s] Level 1:colcon.colcon_core.package_identification:_identify(src/lab2_world) by extensions ['ros']
[0.368s] Level 1:colcon.colcon_core.package_identification:_identify(src/lab2_world) by extension 'ros'
[0.373s] DEBUG:colcon.colcon_core.package_identification:Package 'src/lab2_world' with type 'ros.ament_cmake' and name 'lab2_world'
[0.374s] Level 1:colcon.colcon_core.package_identification:_identify(src/ulstu_turtlesim) by extensions ['ignore', 'ignore_ament_install']
[0.374s] Level 1:colcon.colcon_core.package_identification:_identify(src/ulstu_turtlesim) by extension 'ignore'
[0.374s] Level 1:colcon.colcon_core.package_identification:_identify(src/ulstu_turtlesim) by extension 'ignore_ament_install'
[0.374s] Level 1:colcon.colcon_core.package_identification:_identify(src/ulstu_turtlesim) by extensions ['colcon_pkg']
[0.374s] Level 1:colcon.colcon_core.package_identification:_identify(src/ulstu_turtlesim) by extension 'colcon_pkg'
[0.374s] Level 1:colcon.colcon_core.package_identification:_identify(src/ulstu_turtlesim) by extensions ['colcon_meta']
[0.374s] Level 1:colcon.colcon_core.package_identification:_identify(src/ulstu_turtlesim) by extension 'colcon_meta'
[0.374s] Level 1:colcon.colcon_core.package_identification:_identify(src/ulstu_turtlesim) by extensions ['ros']
[0.374s] Level 1:colcon.colcon_core.package_identification:_identify(src/ulstu_turtlesim) by extension 'ros'
[0.375s] DEBUG:colcon.colcon_core.package_identification:Package 'src/ulstu_turtlesim' with type 'ros.ament_python' and name 'ulstu_turtlesim'
[0.375s] Level 1:colcon.colcon_core.package_discovery:discover_packages(recursive) using defaults
[0.375s] Level 1:colcon.colcon_core.package_discovery:discover_packages(ignore) discover
[0.375s] Level 1:colcon.colcon_core.package_discovery:discover_packages(ignore) using defaults
[0.375s] Level 1:colcon.colcon_core.package_discovery:discover_packages(path) discover
[0.375s] Level 1:colcon.colcon_core.package_discovery:discover_packages(path) using defaults
[0.408s] Level 1:colcon.colcon_core.package_discovery:discover_packages(prefix_path) check parameters
[0.408s] Level 1:colcon.colcon_core.package_discovery:discover_packages(prefix_path) discover
[0.413s] DEBUG:colcon.colcon_installed_package_information.package_discovery:Found 1 installed packages in /home/dima/ros2_ws/install
[0.415s] DEBUG:colcon.colcon_installed_package_information.package_discovery:Found 286 installed packages in /opt/ros/jazzy
[0.416s] Level 1:colcon.colcon_core.package_discovery:discover_packages(prefix_path) using defaults
[0.465s] Level 5:colcon.colcon_core.verb:set package 'lab2_world' build argument 'cmake_args' from command line to 'None'
[0.465s] Level 5:colcon.colcon_core.verb:set package 'lab2_world' build argument 'cmake_target' from command line to 'None'
[0.465s] Level 5:colcon.colcon_core.verb:set package 'lab2_world' build argument 'cmake_target_skip_unavailable' from command line to 'False'
[0.465s] Level 5:colcon.colcon_core.verb:set package 'lab2_world' build argument 'cmake_clean_cache' from command line to 'False'
[0.465s] Level 5:colcon.colcon_core.verb:set package 'lab2_world' build argument 'cmake_clean_first' from command line to 'False'
[0.465s] Level 5:colcon.colcon_core.verb:set package 'lab2_world' build argument 'cmake_force_configure' from command line to 'False'
[0.465s] Level 5:colcon.colcon_core.verb:set package 'lab2_world' build argument 'ament_cmake_args' from command line to 'None'
[0.465s] Level 5:colcon.colcon_core.verb:set package 'lab2_world' build argument 'catkin_cmake_args' from command line to 'None'
[0.465s] Level 5:colcon.colcon_core.verb:set package 'lab2_world' build argument 'catkin_skip_building_tests' from command line to 'False'
[0.466s] DEBUG:colcon.colcon_core.verb:Building package 'lab2_world' with the following arguments: {'ament_cmake_args': None, 'build_base': '/home/dima/ros2_ws/build/lab2_world', 'catkin_cmake_args': None, 'catkin_skip_building_tests': False, 'cmake_args': None, 'cmake_clean_cache': False, 'cmake_clean_first': False, 'cmake_force_configure': False, 'cmake_target': None, 'cmake_target_skip_unavailable': False, 'install_base': '/home/dima/ros2_ws/install/lab2_world', 'merge_install': False, 'path': '/home/dima/ros2_ws/src/lab2_world', 'symlink_install': False, 'test_result_base': None}
[0.466s] Level 5:colcon.colcon_core.verb:set package 'ulstu_turtlesim' build argument 'cmake_args' from command line to 'None'
[0.466s] Level 5:colcon.colcon_core.verb:set package 'ulstu_turtlesim' build argument 'cmake_target' from command line to 'None'
[0.466s] Level 5:colcon.colcon_core.verb:set package 'ulstu_turtlesim' build argument 'cmake_target_skip_unavailable' from command line to 'False'
[0.466s] Level 5:colcon.colcon_core.verb:set package 'ulstu_turtlesim' build argument 'cmake_clean_cache' from command line to 'False'
[0.466s] Level 5:colcon.colcon_core.verb:set package 'ulstu_turtlesim' build argument 'cmake_clean_first' from command line to 'False'
[0.466s] Level 5:colcon.colcon_core.verb:set package 'ulstu_turtlesim' build argument 'cmake_force_configure' from command line to 'False'
[0.466s] Level 5:colcon.colcon_core.verb:set package 'ulstu_turtlesim' build argument 'ament_cmake_args' from command line to 'None'
[0.466s] Level 5:colcon.colcon_core.verb:set package 'ulstu_turtlesim' build argument 'catkin_cmake_args' from command line to 'None'
[0.466s] Level 5:colcon.colcon_core.verb:set package 'ulstu_turtlesim' build argument 'catkin_skip_building_tests' from command line to 'False'
[0.466s] DEBUG:colcon.colcon_core.verb:Building package 'ulstu_turtlesim' with the following arguments: {'ament_cmake_args': None, 'build_base': '/home/dima/ros2_ws/build/ulstu_turtlesim', 'catkin_cmake_args': None, 'catkin_skip_building_tests': False, 'cmake_args': None, 'cmake_clean_cache': False, 'cmake_clean_first': False, 'cmake_force_configure': False, 'cmake_target': None, 'cmake_target_skip_unavailable': False, 'install_base': '/home/dima/ros2_ws/install/ulstu_turtlesim', 'merge_install': False, 'path': '/home/dima/ros2_ws/src/ulstu_turtlesim', 'symlink_install': False, 'test_result_base': None}
[0.466s] INFO:colcon.colcon_core.executor:Executing jobs using 'parallel' executor
[0.468s] DEBUG:colcon.colcon_parallel_executor.executor.parallel:run_until_complete
[0.468s] INFO:colcon.colcon_ros.task.ament_cmake.build:Building ROS package in '/home/dima/ros2_ws/src/lab2_world' with build type 'ament_cmake'
[0.469s] INFO:colcon.colcon_cmake.task.cmake.build:Building CMake package in '/home/dima/ros2_ws/src/lab2_world'
[0.477s] INFO:colcon.colcon_core.plugin_system:Skipping extension 'colcon_core.shell.bat': Not used on non-Windows systems
[0.477s] INFO:colcon.colcon_core.shell:Skip shell extension 'powershell' for command environment: Not usable outside of PowerShell
[0.477s] DEBUG:colcon.colcon_core.shell:Skip shell extension 'dsv' for command environment
[0.482s] INFO:colcon.colcon_ros.task.ament_python.build:Building ROS package in '/home/dima/ros2_ws/src/ulstu_turtlesim' with build type 'ament_python'
[0.482s] Level 1:colcon.colcon_core.shell:create_environment_hook('ulstu_turtlesim', 'ament_prefix_path')
[0.482s] INFO:colcon.colcon_core.shell:Creating environment hook '/home/dima/ros2_ws/install/ulstu_turtlesim/share/ulstu_turtlesim/hook/ament_prefix_path.ps1'
[0.484s] INFO:colcon.colcon_core.shell:Creating environment descriptor '/home/dima/ros2_ws/install/ulstu_turtlesim/share/ulstu_turtlesim/hook/ament_prefix_path.dsv'
[0.485s] INFO:colcon.colcon_core.shell:Creating environment hook '/home/dima/ros2_ws/install/ulstu_turtlesim/share/ulstu_turtlesim/hook/ament_prefix_path.sh'
[0.486s] INFO:colcon.colcon_core.shell:Skip shell extension 'powershell' for command environment: Not usable outside of PowerShell
[0.486s] DEBUG:colcon.colcon_core.shell:Skip shell extension 'dsv' for command environment
[0.498s] DEBUG:colcon.colcon_core.event_handler.log_command:Invoking command in '/home/dima/ros2_ws/build/lab2_world': CMAKE_PREFIX_PATH=${CMAKE_PREFIX_PATH}:/home/dima/ros2_ws/install/ulstu_turtlesim:/opt/ros/jazzy /usr/bin/cmake /home/dima/ros2_ws/src/lab2_world -DCMAKE_INSTALL_PREFIX=/home/dima/ros2_ws/install/lab2_world
[0.785s] INFO:colcon.colcon_core.task.python.build:Building Python package in '/home/dima/ros2_ws/src/ulstu_turtlesim'
[0.785s] INFO:colcon.colcon_core.shell:Skip shell extension 'powershell' for command environment: Not usable outside of PowerShell
[0.785s] DEBUG:colcon.colcon_core.shell:Skip shell extension 'dsv' for command environment
[1.806s] DEBUG:colcon.colcon_core.event_handler.log_command:Invoking command in '/home/dima/ros2_ws/build/ulstu_turtlesim': PYTHONPATH=/home/dima/ros2_ws/build/ulstu_turtlesim/prefix_override:/usr/lib/python3/dist-packages/colcon_core/task/python/colcon_distutils_commands:/home/dima/ros2_ws/install/ulstu_turtlesim/lib/python3.12/site-packages:${PYTHONPATH} /usr/bin/python3 -W ignore:setup.py install is deprecated -W ignore:easy_install command is deprecated setup.py develop --uninstall --editable --build-directory /home/dima/ros2_ws/build/ulstu_turtlesim/build
[2.446s] DEBUG:colcon.colcon_core.event_handler.log_command:Invoked command in '/home/dima/ros2_ws/build/ulstu_turtlesim' returned '0': PYTHONPATH=/home/dima/ros2_ws/build/ulstu_turtlesim/prefix_override:/usr/lib/python3/dist-packages/colcon_core/task/python/colcon_distutils_commands:/home/dima/ros2_ws/install/ulstu_turtlesim/lib/python3.12/site-packages:${PYTHONPATH} /usr/bin/python3 -W ignore:setup.py install is deprecated -W ignore:easy_install command is deprecated setup.py develop --uninstall --editable --build-directory /home/dima/ros2_ws/build/ulstu_turtlesim/build
[2.448s] DEBUG:colcon.colcon_core.event_handler.log_command:Invoking command in '/home/dima/ros2_ws/src/ulstu_turtlesim': PYTHONPATH=/home/dima/ros2_ws/build/ulstu_turtlesim/prefix_override:/usr/lib/python3/dist-packages/colcon_core/task/python/colcon_distutils_commands:/home/dima/ros2_ws/install/ulstu_turtlesim/lib/python3.12/site-packages:${PYTHONPATH} /usr/bin/python3 -W ignore:setup.py install is deprecated -W ignore:easy_install command is deprecated setup.py egg_info --egg-base ../../build/ulstu_turtlesim build --build-base /home/dima/ros2_ws/build/ulstu_turtlesim/build install --record /home/dima/ros2_ws/build/ulstu_turtlesim/install.log --single-version-externally-managed install_data --force
[3.137s] DEBUG:colcon.colcon_core.event_handler.log_command:Invoked command in '/home/dima/ros2_ws/src/ulstu_turtlesim' returned '0': PYTHONPATH=/home/dima/ros2_ws/build/ulstu_turtlesim/prefix_override:/usr/lib/python3/dist-packages/colcon_core/task/python/colcon_distutils_commands:/home/dima/ros2_ws/install/ulstu_turtlesim/lib/python3.12/site-packages:${PYTHONPATH} /usr/bin/python3 -W ignore:setup.py install is deprecated -W ignore:easy_install command is deprecated setup.py egg_info --egg-base ../../build/ulstu_turtlesim build --build-base /home/dima/ros2_ws/build/ulstu_turtlesim/build install --record /home/dima/ros2_ws/build/ulstu_turtlesim/install.log --single-version-externally-managed install_data --force
[3.147s] Level 1:colcon.colcon_core.environment:checking '/home/dima/ros2_ws/install/ulstu_turtlesim' for CMake module files
[3.148s] Level 1:colcon.colcon_core.environment:checking '/home/dima/ros2_ws/install/ulstu_turtlesim' for CMake config files
[3.149s] Level 1:colcon.colcon_core.environment:checking '/home/dima/ros2_ws/install/ulstu_turtlesim/lib'
[3.149s] Level 1:colcon.colcon_core.environment:checking '/home/dima/ros2_ws/install/ulstu_turtlesim/bin'
[3.149s] Level 1:colcon.colcon_core.environment:checking '/home/dima/ros2_ws/install/ulstu_turtlesim/lib/pkgconfig/ulstu_turtlesim.pc'
[3.149s] Level 1:colcon.colcon_core.environment:checking '/home/dima/ros2_ws/install/ulstu_turtlesim/lib/python3.12/site-packages'
[3.149s] Level 1:colcon.colcon_core.shell:create_environment_hook('ulstu_turtlesim', 'pythonpath')
[3.150s] INFO:colcon.colcon_core.shell:Creating environment hook '/home/dima/ros2_ws/install/ulstu_turtlesim/share/ulstu_turtlesim/hook/pythonpath.ps1'
[3.150s] INFO:colcon.colcon_core.shell:Creating environment descriptor '/home/dima/ros2_ws/install/ulstu_turtlesim/share/ulstu_turtlesim/hook/pythonpath.dsv'
[3.150s] INFO:colcon.colcon_core.shell:Creating environment hook '/home/dima/ros2_ws/install/ulstu_turtlesim/share/ulstu_turtlesim/hook/pythonpath.sh'
[3.151s] Level 1:colcon.colcon_core.environment:checking '/home/dima/ros2_ws/install/ulstu_turtlesim/bin'
[3.151s] Level 1:colcon.colcon_core.environment:create_environment_scripts_only(ulstu_turtlesim)
[3.151s] INFO:colcon.colcon_core.shell:Creating package script '/home/dima/ros2_ws/install/ulstu_turtlesim/share/ulstu_turtlesim/package.ps1'
[3.153s] INFO:colcon.colcon_core.shell:Creating package descriptor '/home/dima/ros2_ws/install/ulstu_turtlesim/share/ulstu_turtlesim/package.dsv'
[3.154s] INFO:colcon.colcon_core.shell:Creating package script '/home/dima/ros2_ws/install/ulstu_turtlesim/share/ulstu_turtlesim/package.sh'
[3.155s] INFO:colcon.colcon_core.shell:Creating package script '/home/dima/ros2_ws/install/ulstu_turtlesim/share/ulstu_turtlesim/package.bash'
[3.157s] INFO:colcon.colcon_core.shell:Creating package script '/home/dima/ros2_ws/install/ulstu_turtlesim/share/ulstu_turtlesim/package.zsh'
[3.158s] Level 1:colcon.colcon_core.environment:create_file_with_runtime_dependencies(/home/dima/ros2_ws/install/ulstu_turtlesim/share/colcon-core/packages/ulstu_turtlesim)
[3.217s] DEBUG:colcon.colcon_core.event_handler.log_command:Invoked command in '/home/dima/ros2_ws/build/lab2_world' returned '0': CMAKE_PREFIX_PATH=${CMAKE_PREFIX_PATH}:/home/dima/ros2_ws/install/ulstu_turtlesim:/opt/ros/jazzy /usr/bin/cmake /home/dima/ros2_ws/src/lab2_world -DCMAKE_INSTALL_PREFIX=/home/dima/ros2_ws/install/lab2_world
[3.219s] DEBUG:colcon.colcon_core.event_handler.log_command:Invoking command in '/home/dima/ros2_ws/build/lab2_world': CMAKE_PREFIX_PATH=${CMAKE_PREFIX_PATH}:/home/dima/ros2_ws/install/ulstu_turtlesim:/opt/ros/jazzy /usr/bin/cmake --build /home/dima/ros2_ws/build/lab2_world -- -j12 -l12
[3.283s] DEBUG:colcon.colcon_core.event_handler.log_command:Invoked command in '/home/dima/ros2_ws/build/lab2_world' returned '0': CMAKE_PREFIX_PATH=${CMAKE_PREFIX_PATH}:/home/dima/ros2_ws/install/ulstu_turtlesim:/opt/ros/jazzy /usr/bin/cmake --build /home/dima/ros2_ws/build/lab2_world -- -j12 -l12
[3.300s] DEBUG:colcon.colcon_core.event_handler.log_command:Invoking command in '/home/dima/ros2_ws/build/lab2_world': CMAKE_PREFIX_PATH=${CMAKE_PREFIX_PATH}:/home/dima/ros2_ws/install/ulstu_turtlesim:/opt/ros/jazzy /usr/bin/cmake --install /home/dima/ros2_ws/build/lab2_world
[3.326s] Level 1:colcon.colcon_core.environment:create_environment_scripts_only(lab2_world)
[3.327s] Level 1:colcon.colcon_core.environment:checking '/home/dima/ros2_ws/install/lab2_world' for CMake module files
[3.328s] DEBUG:colcon.colcon_core.event_handler.log_command:Invoked command in '/home/dima/ros2_ws/build/lab2_world' returned '0': CMAKE_PREFIX_PATH=${CMAKE_PREFIX_PATH}:/home/dima/ros2_ws/install/ulstu_turtlesim:/opt/ros/jazzy /usr/bin/cmake --install /home/dima/ros2_ws/build/lab2_world
[3.329s] Level 1:colcon.colcon_core.environment:checking '/home/dima/ros2_ws/install/lab2_world' for CMake config files
[3.329s] Level 1:colcon.colcon_core.shell:create_environment_hook('lab2_world', 'cmake_prefix_path')
[3.329s] INFO:colcon.colcon_core.shell:Creating environment hook '/home/dima/ros2_ws/install/lab2_world/share/lab2_world/hook/cmake_prefix_path.ps1'
[3.330s] INFO:colcon.colcon_core.shell:Creating environment descriptor '/home/dima/ros2_ws/install/lab2_world/share/lab2_world/hook/cmake_prefix_path.dsv'
[3.331s] INFO:colcon.colcon_core.shell:Creating environment hook '/home/dima/ros2_ws/install/lab2_world/share/lab2_world/hook/cmake_prefix_path.sh'
[3.332s] Level 1:colcon.colcon_core.environment:checking '/home/dima/ros2_ws/install/lab2_world/bin'
[3.332s] Level 1:colcon.colcon_core.environment:checking '/home/dima/ros2_ws/install/lab2_world/lib/pkgconfig/lab2_world.pc'
[3.332s] Level 1:colcon.colcon_core.environment:checking '/home/dima/ros2_ws/install/lab2_world/lib/python3.12/site-packages'
[3.332s] Level 1:colcon.colcon_core.environment:checking '/home/dima/ros2_ws/install/lab2_world/bin'
[3.332s] INFO:colcon.colcon_core.shell:Creating package script '/home/dima/ros2_ws/install/lab2_world/share/lab2_world/package.ps1'
[3.333s] INFO:colcon.colcon_core.shell:Creating package descriptor '/home/dima/ros2_ws/install/lab2_world/share/lab2_world/package.dsv'
[3.334s] INFO:colcon.colcon_core.shell:Creating package script '/home/dima/ros2_ws/install/lab2_world/share/lab2_world/package.sh'
[3.334s] INFO:colcon.colcon_core.shell:Creating package script '/home/dima/ros2_ws/install/lab2_world/share/lab2_world/package.bash'
[3.334s] INFO:colcon.colcon_core.shell:Creating package script '/home/dima/ros2_ws/install/lab2_world/share/lab2_world/package.zsh'
[3.335s] Level 1:colcon.colcon_core.environment:create_file_with_runtime_dependencies(/home/dima/ros2_ws/install/lab2_world/share/colcon-core/packages/lab2_world)
[3.337s] Level 1:colcon.colcon_core.environment:create_environment_scripts_only(lab2_world)
[3.337s] Level 1:colcon.colcon_core.environment:checking '/home/dima/ros2_ws/install/lab2_world' for CMake module files
[3.337s] Level 1:colcon.colcon_core.environment:checking '/home/dima/ros2_ws/install/lab2_world' for CMake config files
[3.338s] Level 1:colcon.colcon_core.shell:create_environment_hook('lab2_world', 'cmake_prefix_path')
[3.338s] INFO:colcon.colcon_core.shell:Creating environment hook '/home/dima/ros2_ws/install/lab2_world/share/lab2_world/hook/cmake_prefix_path.ps1'
[3.338s] INFO:colcon.colcon_core.shell:Creating environment descriptor '/home/dima/ros2_ws/install/lab2_world/share/lab2_world/hook/cmake_prefix_path.dsv'
[3.339s] INFO:colcon.colcon_core.shell:Creating environment hook '/home/dima/ros2_ws/install/lab2_world/share/lab2_world/hook/cmake_prefix_path.sh'
[3.339s] Level 1:colcon.colcon_core.environment:checking '/home/dima/ros2_ws/install/lab2_world/bin'
[3.339s] Level 1:colcon.colcon_core.environment:checking '/home/dima/ros2_ws/install/lab2_world/lib/pkgconfig/lab2_world.pc'
[3.339s] Level 1:colcon.colcon_core.environment:checking '/home/dima/ros2_ws/install/lab2_world/lib/python3.12/site-packages'
[3.340s] Level 1:colcon.colcon_core.environment:checking '/home/dima/ros2_ws/install/lab2_world/bin'
[3.340s] INFO:colcon.colcon_core.shell:Creating package script '/home/dima/ros2_ws/install/lab2_world/share/lab2_world/package.ps1'
[3.340s] INFO:colcon.colcon_core.shell:Creating package descriptor '/home/dima/ros2_ws/install/lab2_world/share/lab2_world/package.dsv'
[3.341s] INFO:colcon.colcon_core.shell:Creating package script '/home/dima/ros2_ws/install/lab2_world/share/lab2_world/package.sh'
[3.341s] INFO:colcon.colcon_core.shell:Creating package script '/home/dima/ros2_ws/install/lab2_world/share/lab2_world/package.bash'
[3.342s] INFO:colcon.colcon_core.shell:Creating package script '/home/dima/ros2_ws/install/lab2_world/share/lab2_world/package.zsh'
[3.342s] Level 1:colcon.colcon_core.environment:create_file_with_runtime_dependencies(/home/dima/ros2_ws/install/lab2_world/share/colcon-core/packages/lab2_world)
[3.342s] DEBUG:colcon.colcon_parallel_executor.executor.parallel:closing loop
[3.343s] DEBUG:colcon.colcon_parallel_executor.executor.parallel:loop closed
[3.344s] DEBUG:colcon.colcon_parallel_executor.executor.parallel:run_until_complete finished with '0'
[3.344s] DEBUG:colcon.colcon_core.event_reactor:joining thread
[3.391s] INFO:colcon.colcon_core.plugin_system:Skipping extension 'colcon_notification.desktop_notification.notify_send': Could not find 'notify-send'
[3.392s] INFO:colcon.colcon_core.plugin_system:Skipping extension 'colcon_notification.desktop_notification.terminal_notifier': Not used on non-Darwin systems
[3.392s] INFO:colcon.colcon_core.plugin_system:Skipping extension 'colcon_notification.desktop_notification.win32': Not used on non-Windows systems
[3.392s] INFO:colcon.colcon_notification.desktop_notification:Sending desktop notification using 'notify2'
[3.427s] DEBUG:colcon.colcon_notification.desktop_notification.notify2:Failed to initialize notify2: org.freedesktop.DBus.Error.ServiceUnknown: The name org.freedesktop.Notifications was not provided by any .service files
[3.428s] DEBUG:colcon.colcon_core.event_reactor:joined thread
[3.428s] INFO:colcon.colcon_core.shell:Creating prefix script '/home/dima/ros2_ws/install/local_setup.ps1'
[3.430s] INFO:colcon.colcon_core.shell:Creating prefix util module '/home/dima/ros2_ws/install/_local_setup_util_ps1.py'
[3.431s] INFO:colcon.colcon_core.shell:Creating prefix chain script '/home/dima/ros2_ws/install/setup.ps1'
[3.433s] INFO:colcon.colcon_core.shell:Creating prefix script '/home/dima/ros2_ws/install/local_setup.sh'
[3.434s] INFO:colcon.colcon_core.shell:Creating prefix util module '/home/dima/ros2_ws/install/_local_setup_util_sh.py'
[3.435s] INFO:colcon.colcon_core.shell:Creating prefix chain script '/home/dima/ros2_ws/install/setup.sh'
[3.437s] INFO:colcon.colcon_core.shell:Creating prefix script '/home/dima/ros2_ws/install/local_setup.bash'
[3.438s] INFO:colcon.colcon_core.shell:Creating prefix chain script '/home/dima/ros2_ws/install/setup.bash'
[3.440s] INFO:colcon.colcon_core.shell:Creating prefix script '/home/dima/ros2_ws/install/local_setup.zsh'
[3.441s] INFO:colcon.colcon_core.shell:Creating prefix chain script '/home/dima/ros2_ws/install/setup.zsh'
