(2026-04-16T11:02:38.591335392) (2026-04-16T11:02:38.591341892) [Msg] Gazebo Sim Server v8.11.0
(2026-04-16T11:02:38.595916192) (2026-04-16T11:02:38.595920692) [Msg] Loading SDF world file[/home/dima/ros2_ws/src/lab2_world/worlds/lab2_world.sdf].
(2026-04-16T11:02:38.821123755) (2026-04-16T11:02:38.821129955) [Msg] Serving entity system service on [/entity/system/add]
(2026-04-16T11:02:38.894942342) (2026-04-16T11:02:38.894949242) [Dbg] [Physics.cc:906] Loaded [gz::physics::dartsim::Plugin] from library [/opt/ros/jazzy/opt/gz_physics_vendor/lib/gz-physics-7/engine-plugins/libgz-physics-dartsim-plugin.so]
(2026-04-16T11:02:38.894993742) (2026-04-16T11:02:38.894995942) [Dbg] [SystemManager.cc:80] Loaded system [gz::sim::systems::Physics] for entity [1]
(2026-04-16T11:02:38.899684442) (2026-04-16T11:02:38.899688342) [Msg] Create service on [/world/lab2_world/create_multiple] (async)
(2026-04-16T11:02:38.899697542) (2026-04-16T11:02:38.899699442) [Msg] Create service on [/world/lab2_world/create_multiple/blocking] (blocking)
(2026-04-16T11:02:38.899804542) (2026-04-16T11:02:38.899808142) [Msg] Remove service on [/world/lab2_world/remove] (async)
(2026-04-16T11:02:38.899815942) (2026-04-16T11:02:38.899817742) [Msg] Remove service on [/world/lab2_world/remove/blocking] (blocking)
(2026-04-16T11:02:38.899926042) (2026-04-16T11:02:38.899929642) [Msg] Pose service on [/world/lab2_world/set_pose] (async)
(2026-04-16T11:02:38.899937742) (2026-04-16T11:02:38.899939642) [Msg] Pose service on [/world/lab2_world/set_pose/blocking] (blocking)
(2026-04-16T11:02:38.900030942) (2026-04-16T11:02:38.900034442) [Msg] Pose service on [/world/lab2_world/set_pose_vector] (async)
(2026-04-16T11:02:38.900042941) (2026-04-16T11:02:38.900044941) [Msg] Pose service on [/world/lab2_world/set_pose_vector/blocking] (blocking)
(2026-04-16T11:02:38.900545741) (2026-04-16T11:02:38.900549641) [Msg] Light configuration service on [/world/lab2_world/light_config] (async)
(2026-04-16T11:02:38.900557741) (2026-04-16T11:02:38.900559641) [Msg] Light configuration service on [/world/lab2_world/light_config/blocking] (blocking)
(2026-04-16T11:02:38.900782441) (2026-04-16T11:02:38.900785841) [Msg] Physics service on [/world/lab2_world/set_physics] (async)
(2026-04-16T11:02:38.900793341) (2026-04-16T11:02:38.900795241) [Msg] Physics service on [/world/lab2_world/set_physics/blocking] (blocking)
(2026-04-16T11:02:38.900949041) (2026-04-16T11:02:38.900952741) [Msg] SphericalCoordinates service on [/world/lab2_world/set_spherical_coordinates] (async)
(2026-04-16T11:02:38.900961041) (2026-04-16T11:02:38.900962941) [Msg] SphericalCoordinates service on [/world/lab2_world/set_spherical_coordinates/blocking] (blocking)
(2026-04-16T11:02:38.901059341) (2026-04-16T11:02:38.901062741) [Msg] Enable collision service on [/world/lab2_world/enable_collision] (async)
(2026-04-16T11:02:38.901070541) (2026-04-16T11:02:38.901072441) [Msg] Enable collision service on [/world/lab2_world/enable_collision/blocking] (blocking)
(2026-04-16T11:02:38.901151641) (2026-04-16T11:02:38.901155041) [Msg] Disable collision service on [/world/lab2_world/disable_collision] (async)
(2026-04-16T11:02:38.901173341) (2026-04-16T11:02:38.901176141) [Msg] Disable collision service on [/world/lab2_world/disable_collision/blocking] (blocking)
(2026-04-16T11:02:38.901296441) (2026-04-16T11:02:38.901299841) [Msg] Material service on [/world/lab2_world/visual_config] (async)
(2026-04-16T11:02:38.901308341) (2026-04-16T11:02:38.901310241) [Msg] Material service on [/world/lab2_world/visual_config/blocking] (blocking)
(2026-04-16T11:02:38.901413941) (2026-04-16T11:02:38.901417541) [Msg] Material service on [/world/lab2_world/wheel_slip] (async)
(2026-04-16T11:02:38.901426341) (2026-04-16T11:02:38.901428241) [Msg] Material service on [/world/lab2_world/wheel_slip/blocking] (blocking)
(2026-04-16T11:02:38.901441141) (2026-04-16T11:02:38.901442941) [Dbg] [SystemManager.cc:80] Loaded system [gz::sim::systems::UserCommands] for entity [1]
(2026-04-16T11:02:38.904018741) (2026-04-16T11:02:38.904022841) [Dbg] [SystemManager.cc:80] Loaded system [gz::sim::systems::SceneBroadcaster] for entity [1]
(2026-04-16T11:02:38.924785137) (2026-04-16T11:02:38.924790837) [Dbg] [Sensors.cc:697] Configuring Sensors system
(2026-04-16T11:02:38.924831137) (2026-04-16T11:02:38.924833237) [Dbg] [Sensors.cc:557] SensorsPrivate::Run
(2026-04-16T11:02:38.924902537) (2026-04-16T11:02:38.924906037) [Dbg] [SystemManager.cc:80] Loaded system [gz::sim::systems::Sensors] for entity [1]
(2026-04-16T11:02:38.924936937) (2026-04-16T11:02:38.924960537) [Dbg] [Sensors.cc:532] SensorsPrivate::RenderThread started
(2026-04-16T11:02:38.924975937) (2026-04-16T11:02:38.924978237) [Dbg] [Sensors.cc:337] Waiting for init
(2026-04-16T11:02:38.926414937) (2026-04-16T11:02:38.926418337) [Dbg] [SystemManager.cc:80] Loaded system [gz::sim::systems::Contact] for entity [1]
(2026-04-16T11:02:38.927594537) (2026-04-16T11:02:38.927598137) [Msg] Loaded level [default]
(2026-04-16T11:02:38.928692637) (2026-04-16T11:02:38.928696237) [Msg] Serving world controls on [/world/lab2_world/control], [/world/lab2_world/control/state] and [/world/lab2_world/playback/control]
(2026-04-16T11:02:38.928806437) (2026-04-16T11:02:38.928809937) [Msg] Serving GUI information on [/world/lab2_world/gui/info]
(2026-04-16T11:02:38.928818737) (2026-04-16T11:02:38.928820537) [Msg] World [lab2_world] initialized with [1ms] physics profile.
(2026-04-16T11:02:38.929367937) (2026-04-16T11:02:38.929371437) [Msg] Serving world SDF generation service on [/world/lab2_world/generate_world_sdf]
(2026-04-16T11:02:38.929501037) (2026-04-16T11:02:38.929504537) [Msg] Serving world names on [/gazebo/worlds]
(2026-04-16T11:02:38.929580637) (2026-04-16T11:02:38.929584237) [Msg] Resource path add service on [/gazebo/resource_paths/add].
(2026-04-16T11:02:38.929655737) (2026-04-16T11:02:38.929659037) [Msg] Resource path get service on [/gazebo/resource_paths/get].
(2026-04-16T11:02:38.929786637) (2026-04-16T11:02:38.929790237) [Msg] Resource path resolve service on [/gazebo/resource_paths/resolve].
(2026-04-16T11:02:38.929906837) (2026-04-16T11:02:38.929910237) [Msg] Resource paths published on [/gazebo/resource_paths].
(2026-04-16T11:02:39.30294720) (2026-04-16T11:02:39.30301220) [Msg] Server control service on [/server_control].
(2026-04-16T11:02:40.593586262) (2026-04-16T11:02:40.593594162) [Msg] Found no publishers on /stats, adding root stats topic
(2026-04-16T11:02:40.593893062) (2026-04-16T11:02:40.593897462) [Msg] Found no publishers on /clock, adding root clock topic
(2026-04-16T11:02:40.594067362) (2026-04-16T11:02:40.594071462) [Dbg] [SimulationRunner.cc:551] Creating PostUpdate worker threads: 4
(2026-04-16T11:02:40.594084862) (2026-04-16T11:02:40.594086762) [Dbg] [SimulationRunner.cc:562] Creating postupdate worker thread (0)
(2026-04-16T11:02:40.594162562) (2026-04-16T11:02:40.594166362) [Dbg] [SimulationRunner.cc:562] Creating postupdate worker thread (1)
(2026-04-16T11:02:40.594260262) (2026-04-16T11:02:40.594264262) [Dbg] [SimulationRunner.cc:562] Creating postupdate worker thread (2)
(2026-04-16T11:02:40.656902052) (2026-04-16T11:02:40.656909452) [Msg] DiffDrive subscribing to twist messages on [cmd_vel]
(2026-04-16T11:02:40.656926752) (2026-04-16T11:02:40.656929852) [Dbg] [SystemManager.cc:80] Loaded system [gz::sim::systems::DiffDrive] for entity [90]
(2026-04-16T11:02:40.659289251) (2026-04-16T11:02:40.659295551) [Dbg] [SystemManager.cc:80] Loaded system [gz::sim::systems::JointStatePublisher] for entity [90]
(2026-04-16T11:02:40.659385951) (2026-04-16T11:02:40.659388351) [Dbg] [UserCommands.cc:1094] Created entity [90] named [waffle]
(2026-04-16T11:02:40.683259347) (2026-04-16T11:02:40.683266547) [Dbg] [Sensors.cc:953] Initialization needed
(2026-04-16T11:02:40.683324047) (2026-04-16T11:02:40.683329247) [Dbg] [Sensors.cc:349] Initializing render context
(2026-04-16T11:02:40.683444547) (2026-04-16T11:02:40.683449047) [Msg] Loading plugin [gz-rendering-ogre2]
(2026-04-16T11:02:40.684216447) (2026-04-16T11:02:40.684221147) [Msg] Serving scene information on [/world/lab2_world/scene/info]
(2026-04-16T11:02:40.684311047) (2026-04-16T11:02:40.684326447) [Msg] Serving graph information on [/world/lab2_world/scene/graph]
(2026-04-16T11:02:40.684455147) (2026-04-16T11:02:40.684460747) [Msg] Serving full state on [/world/lab2_world/state]
(2026-04-16T11:02:40.684557047) (2026-04-16T11:02:40.684562547) [Msg] Serving full state (async) on [/world/lab2_world/state_async]
(2026-04-16T11:02:40.684678047) (2026-04-16T11:02:40.684683447) [Msg] Publishing scene information on [/world/lab2_world/scene/info]
(2026-04-16T11:02:40.684813747) (2026-04-16T11:02:40.684817547) [Msg] Publishing entity deletions on [/world/lab2_world/scene/deletion]
(2026-04-16T11:02:40.684897847) (2026-04-16T11:02:40.684903447) [Msg] Publishing state changes on [/world/lab2_world/state]
(2026-04-16T11:02:40.684966647) (2026-04-16T11:02:40.684970647) [Msg] Publishing pose messages on [/world/lab2_world/pose/info]
(2026-04-16T11:02:40.685068347) (2026-04-16T11:02:40.685073247) [Msg] Publishing dynamic pose messages on [/world/lab2_world/dynamic_pose/info]
(2026-04-16T11:02:40.685412247) (2026-04-16T11:02:40.685417547) [Dbg] [EntityComponentManager.cc:1656] Updated state thread iterators: 16 threads processing around 8 entities each.
(2026-04-16T11:02:40.697647645) (2026-04-16T11:02:40.697671345) ([Dbg] [SimulationRunner.cc:578] Exiting postupdate worker thread (2)
(2026-04-16T11:02:40.697698345) (2026-04-16T11:02:40.697721045) [Dbg] [SimulationRunner.cc:578] Exiting postupdate worker thread (1)
2026-04-16T11:02:40.697892345) (2026-04-16T11:02:40.697899945) [Dbg] [SimulationRunner.cc:578] Exiting postupdate worker thread (0)
(2026-04-16T11:02:40.698024045) (2026-04-16T11:02:40.698027545) [Dbg] [SimulationRunner.cc:551] Creating PostUpdate worker threads: 6
(2026-04-16T11:02:40.698039345) (2026-04-16T11:02:40.698041245) [Dbg] [SimulationRunner.cc:562] Creating postupdate worker thread (0)
(2026-04-16T11:02:40.718597441) (2026-04-16T11:02:40.718605441) [Dbg] [SimulationRunner.cc:562] Creating postupdate worker thread (1)
(2026-04-16T11:02:40.718644441) (2026-04-16T11:02:40.718647541) [Dbg] [SimulationRunner.cc:562] Creating postupdate worker thread (2)
(2026-04-16T11:02:40.718685641) (2026-04-16T11:02:40.718689041) [Dbg] [SimulationRunner.cc:562] Creating postupdate worker thread (3)
(2026-04-16T11:02:40.718727541) (2026-04-16T11:02:40.718730941) [Dbg] [SimulationRunner.cc:562] Creating postupdate worker thread (4)
(2026-04-16T11:02:40.893129113) (2026-04-16T11:02:40.893133913) [Dbg] [RenderUtil.cc:2646] Create scene [scene]
((2026-04-16T11:02:40.982162398) (2026-04-16T11:02:40.9821713982026-04-16T11:02:40.9821713982026-04-16T11:02:40.982191998) (2026-04-16T11:02:40.982198098) ) [Dbg] [Sensors.cc:953] Initialization needed
[Dbg] [Sensors.cc:391] Rendering Thread initialized
(2026-04-16T11:02:41.449227321) (2026-04-16T11:02:41.449232421) [Dbg] [CameraSensor.cc:405] Camera images for [waffle::camera_rgb_frame::camera] advertised on [camera/image_raw]
(2026-04-16T11:02:41.449344321) (2026-04-16T11:02:41.449348021) [Dbg] [CameraSensor.cc:695] Camera info for [waffle::camera_rgb_frame::camera] advertised on [camera/camera_info]
(2026-04-16T11:02:41.449644221) (2026-04-16T11:02:41.449647821) [Wrn] [Ogre2Camera.cc:423] Ogre2Camera::SetVisibilityMask: Mask bits c0000000 are set but will be ignored as they conflict with the reserved bits used internally by the ogre2 backend.
(2026-04-16T11:02:41.450084321) (2026-04-16T11:02:41.450088121) [Dbg] [Lidar.cc:139] Laser scans for [waffle::base_scan::hls_lfcd_lds] advertised on [scan]
(2026-04-16T11:02:41.450432121) (2026-04-16T11:02:41.450437921) [Dbg] [GpuLidarSensor.cc:164] Lidar points for [waffle::base_scan::hls_lfcd_lds] advertised on [scan/points]
(2026-04-16T11:02:41.519621209) (2026-04-16T11:02:41.519632109) [Dbg] [CameraSensor.cc:504] Enabling camera sensor: 'waffle::camera_rgb_frame::camera' data generation.
(2026-04-16T11:03:37.815699975) (2026-04-16T11:03:37.815712754) [Dbg] [SignalHandler.cc:142] Received signal[15].
(2026-04-16T11:03:37.815736925) (2026-04-16T11:03:37.815742769) [Dbg] [ServerPrivate.cc:122] Server received signal[15]
(2026-04-16T11:03:37.815774271) (2026-04-16T11:03:37.815777639) [Dbg] [Sensors.cc:565] SensorsPrivate::Stop
