(2026-04-14T11:35:52.165767544) (2026-04-14T11:35:52.165773111) [Msg] Gazebo Sim Server v8.11.0
(2026-04-14T11:35:52.167565806) (2026-04-14T11:35:52.167569584) [Msg] Loading SDF world file[/home/dima/ros2_ws/src/lab2_world/worlds/lab2_world.sdf].
(2026-04-14T11:35:52.458442176) (2026-04-14T11:35:52.458448836) [Msg] Serving entity system service on [/entity/system/add]
(2026-04-14T11:35:52.493819028) (2026-04-14T11:35:52.493824197) [Dbg] [Physics.cc:906] Loaded [gz::physics::dartsim::Plugin] from library [/opt/ros/jazzy/opt/gz_physics_vendor/lib/gz-physics-7/engine-plugins/libgz-physics-dartsim-plugin.so]
(2026-04-14T11:35:52.493853323) (2026-04-14T11:35:52.493855212) [Dbg] [SystemManager.cc:80] Loaded system [gz::sim::systems::Physics] for entity [1]
(2026-04-14T11:35:52.495576732) (2026-04-14T11:35:52.495580410) [Msg] Create service on [/world/lab2_world/create_multiple] (async)
(2026-04-14T11:35:52.495590251) (2026-04-14T11:35:52.495592040) [Msg] Create service on [/world/lab2_world/create_multiple/blocking] (blocking)
(2026-04-14T11:35:52.495759739) (2026-04-14T11:35:52.495763119) [Msg] Remove service on [/world/lab2_world/remove] (async)
(2026-04-14T11:35:52.495770773) (2026-04-14T11:35:52.495772562) [Msg] Remove service on [/world/lab2_world/remove/blocking] (blocking)
(2026-04-14T11:35:52.495923561) (2026-04-14T11:35:52.495927139) [Msg] Pose service on [/world/lab2_world/set_pose] (async)
(2026-04-14T11:35:52.495935092) (2026-04-14T11:35:52.495936981) [Msg] Pose service on [/world/lab2_world/set_pose/blocking] (blocking)
(2026-04-14T11:35:52.496095534) (2026-04-14T11:35:52.496099212) [Msg] Pose service on [/world/lab2_world/set_pose_vector] (async)
(2026-04-14T11:35:52.496107661) (2026-04-14T11:35:52.496109649) [Msg] Pose service on [/world/lab2_world/set_pose_vector/blocking] (blocking)
(2026-04-14T11:35:52.496286394) (2026-04-14T11:35:52.496289476) [Msg] Light configuration service on [/world/lab2_world/light_config] (async)
(2026-04-14T11:35:52.496297229) (2026-04-14T11:35:52.496299019) [Msg] Light configuration service on [/world/lab2_world/light_config/blocking] (blocking)
(2026-04-14T11:35:52.496617417) (2026-04-14T11:35:52.496621294) [Msg] Physics service on [/world/lab2_world/set_physics] (async)
(2026-04-14T11:35:52.496629644) (2026-04-14T11:35:52.496631533) [Msg] Physics service on [/world/lab2_world/set_physics/blocking] (blocking)
(2026-04-14T11:35:52.496800425) (2026-04-14T11:35:52.496803506) [Msg] SphericalCoordinates service on [/world/lab2_world/set_spherical_coordinates] (async)
(2026-04-14T11:35:52.496810962) (2026-04-14T11:35:52.496812751) [Msg] SphericalCoordinates service on [/world/lab2_world/set_spherical_coordinates/blocking] (blocking)
(2026-04-14T11:35:52.496947844) (2026-04-14T11:35:52.496951324) [Msg] Enable collision service on [/world/lab2_world/enable_collision] (async)
(2026-04-14T11:35:52.496959674) (2026-04-14T11:35:52.496961662) [Msg] Enable collision service on [/world/lab2_world/enable_collision/blocking] (blocking)
(2026-04-14T11:35:52.497086616) (2026-04-14T11:35:52.497089797) [Msg] Disable collision service on [/world/lab2_world/disable_collision] (async)
(2026-04-14T11:35:52.497097849) (2026-04-14T11:35:52.497099737) [Msg] Disable collision service on [/world/lab2_world/disable_collision/blocking] (blocking)
(2026-04-14T11:35:52.497268828) (2026-04-14T11:35:52.497272406) [Msg] Material service on [/world/lab2_world/visual_config] (async)
(2026-04-14T11:35:52.497280856) (2026-04-14T11:35:52.497282844) [Msg] Material service on [/world/lab2_world/visual_config/blocking] (blocking)
(2026-04-14T11:35:52.497437421) (2026-04-14T11:35:52.497441695) [Msg] Material service on [/world/lab2_world/wheel_slip] (async)
(2026-04-14T11:35:52.497450045) (2026-04-14T11:35:52.497452034) [Msg] Material service on [/world/lab2_world/wheel_slip/blocking] (blocking)
(2026-04-14T11:35:52.497467243) (2026-04-14T11:35:52.497469132) [Dbg] [SystemManager.cc:80] Loaded system [gz::sim::systems::UserCommands] for entity [1]
(2026-04-14T11:35:52.498189927) (2026-04-14T11:35:52.498193208) [Dbg] [SystemManager.cc:80] Loaded system [gz::sim::systems::SceneBroadcaster] for entity [1]
(2026-04-14T11:35:52.502035663) (2026-04-14T11:35:52.502039739) [Dbg] [Sensors.cc:697] Configuring Sensors system
(2026-04-14T11:35:52.502077414) (2026-04-14T11:35:52.502079700) [Dbg] [Sensors.cc:557] SensorsPrivate::Run
(2026-04-14T11:35:52.502159225) (2026-04-14T11:35:52.502162605) [Dbg] [SystemManager.cc:80] Loaded system [gz::sim::systems::Sensors] for entity [1]
(2026-04-14T11:35:52.502208531) (2026-04-14T11:35:52.502212706) [Dbg] [Sensors.cc:532] SensorsPrivate::RenderThread started
(2026-04-14T11:35:52.502234376) (2026-04-14T11:35:52.502237657) [Dbg] [Sensors.cc:337] Waiting for init
(2026-04-14T11:35:52.502841153) (2026-04-14T11:35:52.502844632) [Dbg] [SystemManager.cc:80] Loaded system [gz::sim::systems::Contact] for entity [1]
(2026-04-14T11:35:52.503816728) (2026-04-14T11:35:52.503820008) [Msg] Loaded level [default]
(2026-04-14T11:35:52.504537126) (2026-04-14T11:35:52.504540605) [Msg] Serving world controls on [/world/lab2_world/control], [/world/lab2_world/control/state] and [/world/lab2_world/playback/control]
(2026-04-14T11:35:52.504640608) (2026-04-14T11:35:52.504644087) [Msg] Serving GUI information on [/world/lab2_world/gui/info]
(2026-04-14T11:35:52.504652835) (2026-04-14T11:35:52.504654724) [Msg] World [lab2_world] initialized with [1ms] physics profile.
(2026-04-14T11:35:52.504759796) (2026-04-14T11:35:52.504763275) [Msg] Serving world SDF generation service on [/world/lab2_world/generate_world_sdf]
(2026-04-14T11:35:52.504863179) (2026-04-14T11:35:52.504866956) [Msg] Serving world names on [/gazebo/worlds]
(2026-04-14T11:35:52.504944593) (2026-04-14T11:35:52.504947873) [Msg] Resource path add service on [/gazebo/resource_paths/add].
(2026-04-14T11:35:52.505016563) (2026-04-14T11:35:52.505019843) [Msg] Resource path get service on [/gazebo/resource_paths/get].
(2026-04-14T11:35:52.505088831) (2026-04-14T11:35:52.505092112) [Msg] Resource path resolve service on [/gazebo/resource_paths/resolve].
(2026-04-14T11:35:52.505206827) (2026-04-14T11:35:52.505210803) [Msg] Resource paths published on [/gazebo/resource_paths].
(2026-04-14T11:35:52.505339137) (2026-04-14T11:35:52.505343511) [Msg] Server control service on [/server_control].
(2026-04-14T11:35:54.167204219) (2026-04-14T11:35:54.167209577) [Wrn] [SimulationRunner.cc:734] Found additional publishers on /stats, using namespaced stats topic only
(2026-04-14T11:35:54.167252547) (2026-04-14T11:35:54.167255226) [Dbg] [SimulationRunner.cc:736] Publishers [Address, Message Type]:
(2026-04-14T11:35:54.167259891) (2026-04-14T11:35:54.167261776) [Dbg] [SimulationRunner.cc:741]   tcp://172.18.250.120:35151, gz.msgs.WorldStatistics
(2026-04-14T11:35:54.167465510) (2026-04-14T11:35:54.167469082) [Wrn] [SimulationRunner.cc:768] Found additional publishers on /clock, using namespaced clock topic only
(2026-04-14T11:35:54.167483372) (2026-04-14T11:35:54.167485258) [Dbg] [SimulationRunner.cc:770] Publishers [Address, Message Type]:
(2026-04-14T11:35:54.167489327) (2026-04-14T11:35:54.167491113) [Dbg] [SimulationRunner.cc:775]   tcp://172.18.250.120:35151, gz.msgs.Clock
(2026-04-14T11:35:54.167598983) (2026-04-14T11:35:54.167602854) [Dbg] [SimulationRunner.cc:551] Creating PostUpdate worker threads: 4
(2026-04-14T11:35:54.167614266) (2026-04-14T11:35:54.167616251) [Dbg] [SimulationRunner.cc:562] Creating postupdate worker thread (0)
(2026-04-14T11:35:54.167703778) (2026-04-14T11:35:54.167708938) [Dbg] [SimulationRunner.cc:562] Creating postupdate worker thread (1)
(2026-04-14T11:35:54.167801229) (2026-04-14T11:35:54.167806091) [Dbg] [SimulationRunner.cc:562] Creating postupdate worker thread (2)
(2026-04-14T11:35:54.176421650) (2026-04-14T11:35:54.176427703) [Msg] Serving scene information on [/world/lab2_world/scene/info]
(2026-04-14T11:35:54.176530910) (2026-04-14T11:35:54.176534482) [Msg] Serving graph information on [/world/lab2_world/scene/graph]
(2026-04-14T11:35:54.176667956) (2026-04-14T11:35:54.176673414) [Msg] Serving full state on [/world/lab2_world/state]
(2026-04-14T11:35:54.176789918) (2026-04-14T11:35:54.176803414) [Msg] Serving full state (async) on [/world/lab2_world/state_async]
(2026-04-14T11:35:54.176921804) (2026-04-14T11:35:54.176926369) [Msg] Publishing scene information on [/world/lab2_world/scene/info]
(2026-04-14T11:35:54.177052301) (2026-04-14T11:35:54.177057163) [Msg] Publishing entity deletions on [/world/lab2_world/scene/deletion]
(2026-04-14T11:35:54.177151240) (2026-04-14T11:35:54.177155706) [Msg] Publishing state changes on [/world/lab2_world/state]
(2026-04-14T11:35:54.177290172) (2026-04-14T11:35:54.177293744) [Msg] Publishing pose messages on [/world/lab2_world/pose/info]
(2026-04-14T11:35:54.177382661) (2026-04-14T11:35:54.177386035) [Msg] Publishing dynamic pose messages on [/world/lab2_world/dynamic_pose/info]
(2026-04-14T11:40:42.710136392) (2026-04-14T11:40:42.710146351) [Dbg] [SignalHandler.cc:142] Received signal[15].
(2026-04-14T11:40:42.710170950) (2026-04-14T11:40:42.710176129) [Dbg] [ServerPrivate.cc:122] Server received signal[15]
(2026-04-14T11:40:42.710199234) (2026-04-14T11:40:42.710204712) [Dbg] [Sensors.cc:565] SensorsPrivate::Stop
(2026-04-14T11:40:42.710241361) (2026-04-14T11:40:42.710325117) (2026-04-14T11:40:42.710374016) (2026-04-14T11:40:42.710389651) Shutting down gz-sim-server
