(2026-04-16T11:58:28.613346845) (2026-04-16T11:58:28.613353670) [Msg] Gazebo Sim Server v8.11.0
(2026-04-16T11:58:28.619061211) (2026-04-16T11:58:28.619067711) [Msg] Loading SDF world file[/home/dima/ros2_ws/src/lab2_world/worlds/lab2_world.sdf].
(2026-04-16T11:58:28.855253218) (2026-04-16T11:58:28.855258851) [Msg] Serving entity system service on [/entity/system/add]
(2026-04-16T11:58:28.937216156) (2026-04-16T11:58:28.937223306) [Dbg] [Physics.cc:906] Loaded [gz::physics::dartsim::Plugin] from library [/opt/ros/jazzy/opt/gz_physics_vendor/lib/gz-physics-7/engine-plugins/libgz-physics-dartsim-plugin.so]
(2026-04-16T11:58:28.937269998) (2026-04-16T11:58:28.937272165) [Dbg] [SystemManager.cc:80] Loaded system [gz::sim::systems::Physics] for entity [1]
(2026-04-16T11:58:28.941622289) (2026-04-16T11:58:28.941626514) [Msg] Create service on [/world/lab2_world/create_multiple] (async)
(2026-04-16T11:58:28.941637023) (2026-04-16T11:58:28.941639189) [Msg] Create service on [/world/lab2_world/create_multiple/blocking] (blocking)
(2026-04-16T11:58:28.941778181) (2026-04-16T11:58:28.941782081) [Msg] Remove service on [/world/lab2_world/remove] (async)
(2026-04-16T11:58:28.941790856) (2026-04-16T11:58:28.941792914) [Msg] Remove service on [/world/lab2_world/remove/blocking] (blocking)
(2026-04-16T11:58:28.941890848) (2026-04-16T11:58:28.941894639) [Msg] Pose service on [/world/lab2_world/set_pose] (async)
(2026-04-16T11:58:28.941903414) (2026-04-16T11:58:28.941905473) [Msg] Pose service on [/world/lab2_world/set_pose/blocking] (blocking)
(2026-04-16T11:58:28.941986506) (2026-04-16T11:58:28.941990298) [Msg] Pose service on [/world/lab2_world/set_pose_vector] (async)
(2026-04-16T11:58:28.941999289) (2026-04-16T11:58:28.942001456) [Msg] Pose service on [/world/lab2_world/set_pose_vector/blocking] (blocking)
(2026-04-16T11:58:28.942617981) (2026-04-16T11:58:28.942622531) [Msg] Light configuration service on [/world/lab2_world/light_config] (async)
(2026-04-16T11:58:28.942630873) (2026-04-16T11:58:28.942632931) [Msg] Light configuration service on [/world/lab2_world/light_config/blocking] (blocking)
(2026-04-16T11:58:28.942928356) (2026-04-16T11:58:28.942932364) [Msg] Physics service on [/world/lab2_world/set_physics] (async)
(2026-04-16T11:58:28.942941248) (2026-04-16T11:58:28.942943414) [Msg] Physics service on [/world/lab2_world/set_physics/blocking] (blocking)
(2026-04-16T11:58:28.943069948) (2026-04-16T11:58:28.943074064) [Msg] SphericalCoordinates service on [/world/lab2_world/set_spherical_coordinates] (async)
(2026-04-16T11:58:28.943083273) (2026-04-16T11:58:28.943085331) [Msg] SphericalCoordinates service on [/world/lab2_world/set_spherical_coordinates/blocking] (blocking)
(2026-04-16T11:58:28.943167989) (2026-04-16T11:58:28.943171673) [Msg] Enable collision service on [/world/lab2_world/enable_collision] (async)
(2026-04-16T11:58:28.943180231) (2026-04-16T11:58:28.943182181) [Msg] Enable collision service on [/world/lab2_world/enable_collision/blocking] (blocking)
(2026-04-16T11:58:28.943253248) (2026-04-16T11:58:28.943256931) [Msg] Disable collision service on [/world/lab2_world/disable_collision] (async)
(2026-04-16T11:58:28.943266681) (2026-04-16T11:58:28.943269064) [Msg] Disable collision service on [/world/lab2_world/disable_collision/blocking] (blocking)
(2026-04-16T11:58:28.943389098) (2026-04-16T11:58:28.943392998) [Msg] Material service on [/world/lab2_world/visual_config] (async)
(2026-04-16T11:58:28.943402098) (2026-04-16T11:58:28.943404156) [Msg] Material service on [/world/lab2_world/visual_config/blocking] (blocking)
(2026-04-16T11:58:28.943537406) (2026-04-16T11:58:28.943541198) [Msg] Material service on [/world/lab2_world/wheel_slip] (async)
(2026-04-16T11:58:28.943549756) (2026-04-16T11:58:28.943551814) [Msg] Material service on [/world/lab2_world/wheel_slip/blocking] (blocking)
(2026-04-16T11:58:28.943566439) (2026-04-16T11:58:28.943568498) [Dbg] [SystemManager.cc:80] Loaded system [gz::sim::systems::UserCommands] for entity [1]
(2026-04-16T11:58:28.946532931) (2026-04-16T11:58:28.946537156) [Dbg] [SystemManager.cc:80] Loaded system [gz::sim::systems::SceneBroadcaster] for entity [1]
(2026-04-16T11:58:28.969122705) (2026-04-16T11:58:28.969128230) [Dbg] [Sensors.cc:697] Configuring Sensors system
(2026-04-16T11:58:28.969181422) (2026-04-16T11:58:28.969184997) [Dbg] [Sensors.cc:557] SensorsPrivate::Run
(2026-04-16T11:58:28.969251513) (2026-04-16T11:58:28.969255413) [Dbg] [SystemManager.cc:80] Loaded system [gz::sim::systems::Sensors] for entity [1]
(2026-04-16T11:58:28.969311313) (2026-04-16T11:58:28.969316080) [Dbg] [Sensors.cc:532] SensorsPrivate::RenderThread started
(2026-04-16T11:58:28.969329838) (2026-04-16T11:58:28.969332113) [Dbg] [Sensors.cc:337] Waiting for init
(2026-04-16T11:58:28.971085488) (2026-04-16T11:58:28.971089063) [Dbg] [SystemManager.cc:80] Loaded system [gz::sim::systems::Contact] for entity [1]
(2026-04-16T11:58:28.972396105) (2026-04-16T11:58:28.972399896) [Msg] Loaded level [default]
(2026-04-16T11:58:28.973306863) (2026-04-16T11:58:28.973310655) [Msg] Serving world controls on [/world/lab2_world/control], [/world/lab2_world/control/state] and [/world/lab2_world/playback/control]
(2026-04-16T11:58:28.973430255) (2026-04-16T11:58:28.973434155) [Msg] Serving GUI information on [/world/lab2_world/gui/info]
(2026-04-16T11:58:28.973443796) (2026-04-16T11:58:28.973445746) [Msg] World [lab2_world] initialized with [1ms] physics profile.
(2026-04-16T11:58:28.973976471) (2026-04-16T11:58:28.973980588) [Msg] Serving world SDF generation service on [/world/lab2_world/generate_world_sdf]
(2026-04-16T11:58:28.974108530) (2026-04-16T11:58:28.974112321) [Msg] Serving world names on [/gazebo/worlds]
(2026-04-16T11:58:28.974256730) (2026-04-16T11:58:28.974260196) [Msg] Resource path add service on [/gazebo/resource_paths/add].
(2026-04-16T11:58:28.974367013) (2026-04-16T11:58:28.974370696) [Msg] Resource path get service on [/gazebo/resource_paths/get].
(2026-04-16T11:58:28.974465488) (2026-04-16T11:58:28.974469280) [Msg] Resource path resolve service on [/gazebo/resource_paths/resolve].
(2026-04-16T11:58:29.79840884) (2026-04-16T11:58:29.79848142) [Msg] Resource paths published on [/gazebo/resource_paths].
(2026-04-16T11:58:29.80045634) (2026-04-16T11:58:29.80050400) [Msg] Server control service on [/server_control].
(2026-04-16T11:58:30.615543604) (2026-04-16T11:58:30.615550104) [Msg] Found no publishers on /stats, adding root stats topic
(2026-04-16T11:58:30.615843579) (2026-04-16T11:58:30.615849212) [Msg] Found no publishers on /clock, adding root clock topic
(2026-04-16T11:58:30.616091662) (2026-04-16T11:58:30.616095779) [Dbg] [SimulationRunner.cc:551] Creating PostUpdate worker threads: 4
(2026-04-16T11:58:30.616109320) (2026-04-16T11:58:30.616111379) [Dbg] [SimulationRunner.cc:562] Creating postupdate worker thread (0)
(2026-04-16T11:58:30.616202162) (2026-04-16T11:58:30.616206387) [Dbg] [SimulationRunner.cc:562] Creating postupdate worker thread (1)
(2026-04-16T11:58:30.616267379) (2026-04-16T11:58:30.616271279) [Dbg] [SimulationRunner.cc:562] Creating postupdate worker thread (2)
(2026-04-16T11:58:30.680878784) (2026-04-16T11:58:30.680886584) [Msg] DiffDrive subscribing to twist messages on [cmd_vel]
(2026-04-16T11:58:30.680908468) (2026-04-16T11:58:30.680911826) [Dbg] [SystemManager.cc:80] Loaded system [gz::sim::systems::DiffDrive] for entity [90]
(2026-04-16T11:58:30.683249009) (2026-04-16T11:58:30.683257676) [Dbg] [SystemManager.cc:80] Loaded system [gz::sim::systems::JointStatePublisher] for entity [90]
(2026-04-16T11:58:30.683386592) (2026-04-16T11:58:30.683392984) [Dbg] [UserCommands.cc:1094] Created entity [90] named [waffle]
(2026-04-16T11:58:30.709995533) (2026-04-16T11:58:30.710004308) [Dbg] [Sensors.cc:953] Initialization needed
(2026-04-16T11:58:30.710057825) (2026-04-16T11:58:30.710062700) [Dbg] [Sensors.cc:349] Initializing render context
(2026-04-16T11:58:30.710178725) (2026-04-16T11:58:30.710181866) [Msg] Loading plugin [gz-rendering-ogre2]
(2026-04-16T11:58:30.710956125) (2026-04-16T11:58:30.710960783) [Msg] Serving scene information on [/world/lab2_world/scene/info]
(2026-04-16T11:58:30.711067275) (2026-04-16T11:58:30.711082441) [Msg] Serving graph information on [/world/lab2_world/scene/graph]
(2026-04-16T11:58:30.711225333) (2026-04-16T11:58:30.711229558) [Msg] Serving full state on [/world/lab2_world/state]
(2026-04-16T11:58:30.711318283) (2026-04-16T11:58:30.711322616) [Msg] Serving full state (async) on [/world/lab2_world/state_async]
(2026-04-16T11:58:30.711439183) (2026-04-16T11:58:30.711445033) [Msg] Publishing scene information on [/world/lab2_world/scene/info]
(2026-04-16T11:58:30.711623675) (2026-04-16T11:58:30.711627900) [Msg] Publishing entity deletions on [/world/lab2_world/scene/deletion]
(2026-04-16T11:58:30.711722041) (2026-04-16T11:58:30.711727458) [Msg] Publishing state changes on [/world/lab2_world/state]
(2026-04-16T11:58:30.711796466) (2026-04-16T11:58:30.711800475) [Msg] Publishing pose messages on [/world/lab2_world/pose/info]
(2026-04-16T11:58:30.711899708) (2026-04-16T11:58:30.711905450) [Msg] Publishing dynamic pose messages on [/world/lab2_world/dynamic_pose/info]
(2026-04-16T11:58:30.712369658) (2026-04-16T11:58:30.712374966) [Dbg] [EntityComponentManager.cc:1656] Updated state thread iterators: 16 threads processing around 8 entities each.
(((((2026-04-16T11:58:30.724299541) (2026-04-16T11:58:30.724320341) [Dbg] [SimulationRunner.cc:578] Exiting postupdate worker thread (1)
2026-04-16T11:58:30.724382632) (2026-04-16T11:58:30.724392816) [Dbg] [SimulationRunner.cc:578] Exiting postupdate worker thread (0)
2026-04-16T11:58:30.724453591) (2026-04-16T11:58:30.724463232) [Dbg] [SimulationRunner.cc:578] Exiting postupdate worker thread (2)
(2026-04-16T11:58:30.724678599) (2026-04-16T11:58:30.724683582) [Dbg] [SimulationRunner.cc:551] Creating PostUpdate worker threads: 6
(2026-04-16T11:58:30.724697449) (2026-04-16T11:58:30.724699399) [Dbg] [SimulationRunner.cc:562] Creating postupdate worker thread (0)
(2026-04-16T11:58:30.746520007) (2026-04-16T11:58:30.746526615) [Dbg] [SimulationRunner.cc:562] Creating postupdate worker thread (1)
(2026-04-16T11:58:30.746614257) (2026-04-16T11:58:30.746618048) [Dbg] [SimulationRunner.cc:562] Creating postupdate worker thread (2)
(2026-04-16T11:58:30.746655315) (2026-04-16T11:58:30.746658998) [Dbg] [SimulationRunner.cc:562] Creating postupdate worker thread (3)
(2026-04-16T11:58:30.746702007) (2026-04-16T11:58:30.746705365) [Dbg] [SimulationRunner.cc:562] Creating postupdate worker thread (4)
(2026-04-16T11:58:30.938177807) (2026-04-16T11:58:30.938181924) [Dbg] [RenderUtil.cc:2646] Create scene [scene]
(2026-04-16T11:58:31.33785436() (2026-04-16T11:58:31.33795511) [Dbg] [Sensors.cc:391] Rendering Thread initialized
2026-04-16T11:58:31.33799411) (2026-04-16T11:58:31.33813928) [Dbg] [Sensors.cc:953] Initialization needed
(2026-04-16T11:58:31.509307217) (2026-04-16T11:58:31.509313283) [Dbg] [CameraSensor.cc:405] Camera images for [waffle::camera_rgb_frame::camera] advertised on [camera/image_raw]
(2026-04-16T11:58:31.509459533) (2026-04-16T11:58:31.509464733) [Dbg] [CameraSensor.cc:695] Camera info for [waffle::camera_rgb_frame::camera] advertised on [camera/camera_info]
(2026-04-16T11:58:31.509765792) (2026-04-16T11:58:31.509769150) [Wrn] [Ogre2Camera.cc:423] Ogre2Camera::SetVisibilityMask: Mask bits c0000000 are set but will be ignored as they conflict with the reserved bits used internally by the ogre2 backend.
(2026-04-16T11:58:31.510252317) (2026-04-16T11:58:31.510257842) [Dbg] [Lidar.cc:139] Laser scans for [waffle::base_scan::hls_lfcd_lds] advertised on [scan]
(2026-04-16T11:58:31.510545900) (2026-04-16T11:58:31.510551533) [Dbg] [GpuLidarSensor.cc:164] Lidar points for [waffle::base_scan::hls_lfcd_lds] advertised on [scan/points]
(2026-04-16T11:58:31.596256088) (2026-04-16T11:58:31.596268546) [Dbg] [CameraSensor.cc:504] Enabling camera sensor: 'waffle::camera_rgb_frame::camera' data generation.
(2026-04-16T12:02:42.702598040) (2026-04-16T12:02:42.702607547) [Dbg] [CameraSensor.cc:493] Disabling camera sensor: 'waffle::camera_rgb_frame::camera' data generation. 
(2026-04-16T12:02:50.202534889) (2026-04-16T12:02:50.202546805) [Dbg] [SignalHandler.cc:142] Received signal[15].
(2026-04-16T12:02:50.202577769) (2026-04-16T12:02:50.202580926) [Dbg] [ServerPrivate.cc:122] Server received signal[15]
(2026-04-16T12:02:50.202598547) (2026-04-16T12:02:50.202601705) [Dbg] [Sensors.cc:565] SensorsPrivate::Stop
