(2026-04-14T09:19:04.395135564) (2026-04-14T09:19:04.395141769) [Msg] Gazebo Sim Server v8.11.0
(2026-04-14T09:19:04.396860050) (2026-04-14T09:19:04.396864253) [Msg] Loading SDF world file[/home/dima/ros2_ws/src/lab2_world/worlds/lab2_world.sdf].
(2026-04-14T09:19:04.697448062) (2026-04-14T09:19:04.697453867) [Msg] Serving entity system service on [/entity/system/add]
(2026-04-14T09:19:04.731915467) (2026-04-14T09:19:04.731921672) [Dbg] [Physics.cc:906] Loaded [gz::physics::dartsim::Plugin] from library [/opt/ros/jazzy/opt/gz_physics_vendor/lib/gz-physics-7/engine-plugins/libgz-physics-dartsim-plugin.so]
(2026-04-14T09:19:04.731947593) (2026-04-14T09:19:04.731949495) [Dbg] [SystemManager.cc:80] Loaded system [gz::sim::systems::Physics] for entity [1]
(2026-04-14T09:19:04.733458908) (2026-04-14T09:19:04.733463211) [Msg] Create service on [/world/lab2_world/create_multiple] (async)
(2026-04-14T09:19:04.733473019) (2026-04-14T09:19:04.733474921) [Msg] Create service on [/world/lab2_world/create_multiple/blocking] (blocking)
(2026-04-14T09:19:04.733585710) (2026-04-14T09:19:04.733589313) [Msg] Remove service on [/world/lab2_world/remove] (async)
(2026-04-14T09:19:04.733597419) (2026-04-14T09:19:04.733599321) [Msg] Remove service on [/world/lab2_world/remove/blocking] (blocking)
(2026-04-14T09:19:04.733695198) (2026-04-14T09:19:04.733698901) [Msg] Pose service on [/world/lab2_world/set_pose] (async)
(2026-04-14T09:19:04.733707508) (2026-04-14T09:19:04.733709409) [Msg] Pose service on [/world/lab2_world/set_pose/blocking] (blocking)
(2026-04-14T09:19:04.733806087) (2026-04-14T09:19:04.733809390) [Msg] Pose service on [/world/lab2_world/set_pose_vector] (async)
(2026-04-14T09:19:04.733817496) (2026-04-14T09:19:04.733819398) [Msg] Pose service on [/world/lab2_world/set_pose_vector/blocking] (blocking)
(2026-04-14T09:19:04.733935891) (2026-04-14T09:19:04.733939594) [Msg] Light configuration service on [/world/lab2_world/light_config] (async)
(2026-04-14T09:19:04.733948201) (2026-04-14T09:19:04.733950203) [Msg] Light configuration service on [/world/lab2_world/light_config/blocking] (blocking)
(2026-04-14T09:19:04.734225224) (2026-04-14T09:19:04.734228727) [Msg] Physics service on [/world/lab2_world/set_physics] (async)
(2026-04-14T09:19:04.734236933) (2026-04-14T09:19:04.734238835) [Msg] Physics service on [/world/lab2_world/set_physics/blocking] (blocking)
(2026-04-14T09:19:04.734350825) (2026-04-14T09:19:04.734354528) [Msg] SphericalCoordinates service on [/world/lab2_world/set_spherical_coordinates] (async)
(2026-04-14T09:19:04.734363235) (2026-04-14T09:19:04.734365236) [Msg] SphericalCoordinates service on [/world/lab2_world/set_spherical_coordinates/blocking] (blocking)
(2026-04-14T09:19:04.734442498) (2026-04-14T09:19:04.734445801) [Msg] Enable collision service on [/world/lab2_world/enable_collision] (async)
(2026-04-14T09:19:04.734453808) (2026-04-14T09:19:04.734455709) [Msg] Enable collision service on [/world/lab2_world/enable_collision/blocking] (blocking)
(2026-04-14T09:19:04.734527867) (2026-04-14T09:19:04.734531170) [Msg] Disable collision service on [/world/lab2_world/disable_collision] (async)
(2026-04-14T09:19:04.734539476) (2026-04-14T09:19:04.734541478) [Msg] Disable collision service on [/world/lab2_world/disable_collision/blocking] (blocking)
(2026-04-14T09:19:04.734657671) (2026-04-14T09:19:04.734661174) [Msg] Material service on [/world/lab2_world/visual_config] (async)
(2026-04-14T09:19:04.734669181) (2026-04-14T09:19:04.734671082) [Msg] Material service on [/world/lab2_world/visual_config/blocking] (blocking)
(2026-04-14T09:19:04.734782071) (2026-04-14T09:19:04.734785674) [Msg] Material service on [/world/lab2_world/wheel_slip] (async)
(2026-04-14T09:19:04.734794081) (2026-04-14T09:19:04.734795983) [Msg] Material service on [/world/lab2_world/wheel_slip/blocking] (blocking)
(2026-04-14T09:19:04.734809493) (2026-04-14T09:19:04.734811295) [Dbg] [SystemManager.cc:80] Loaded system [gz::sim::systems::UserCommands] for entity [1]
(2026-04-14T09:19:04.735580213) (2026-04-14T09:19:04.735583716) [Dbg] [SystemManager.cc:80] Loaded system [gz::sim::systems::SceneBroadcaster] for entity [1]
(2026-04-14T09:19:04.739424203) (2026-04-14T09:19:04.739428006) [Dbg] [Sensors.cc:697] Configuring Sensors system
(2026-04-14T09:19:04.739463434) (2026-04-14T09:19:04.739465736) [Dbg] [Sensors.cc:557] SensorsPrivate::Run
(2026-04-14T09:19:04.739537794) (2026-04-14T09:19:04.739541297) [Dbg] [SystemManager.cc:80] Loaded system [gz::sim::systems::Sensors] for entity [1]
(2026-04-14T09:19:04.739581829) (2026-04-14T09:19:04.739586433) [Dbg] [Sensors.cc:532] SensorsPrivate::RenderThread started
(2026-04-14T09:19:04.739601445) (2026-04-14T09:19:04.739603547) [Dbg] [Sensors.cc:337] Waiting for init
(2026-04-14T09:19:04.740126267) (2026-04-14T09:19:04.740129870) [Dbg] [SystemManager.cc:80] Loaded system [gz::sim::systems::Contact] for entity [1]
(2026-04-14T09:19:04.741065122) (2026-04-14T09:19:04.741068524) [Msg] Loaded level [default]
(2026-04-14T09:19:04.741682218) (2026-04-14T09:19:04.741685520) [Msg] Serving world controls on [/world/lab2_world/control], [/world/lab2_world/control/state] and [/world/lab2_world/playback/control]
(2026-04-14T09:19:04.741756678) (2026-04-14T09:19:04.741760180) [Msg] Serving GUI information on [/world/lab2_world/gui/info]
(2026-04-14T09:19:04.741768987) (2026-04-14T09:19:04.741770789) [Msg] World [lab2_world] initialized with [1ms] physics profile.
(2026-04-14T09:19:04.741846250) (2026-04-14T09:19:04.741849752) [Msg] Serving world SDF generation service on [/world/lab2_world/generate_world_sdf]
(2026-04-14T09:19:04.741921510) (2026-04-14T09:19:04.741924813) [Msg] Serving world names on [/gazebo/worlds]
(2026-04-14T09:19:04.741968648) (2026-04-14T09:19:04.741971951) [Msg] Resource path add service on [/gazebo/resource_paths/add].
(2026-04-14T09:19:04.742013684) (2026-04-14T09:19:04.742016887) [Msg] Resource path get service on [/gazebo/resource_paths/get].
(2026-04-14T09:19:04.742057519) (2026-04-14T09:19:04.742060822) [Msg] Resource path resolve service on [/gazebo/resource_paths/resolve].
(2026-04-14T09:19:04.742152396) (2026-04-14T09:19:04.742155898) [Msg] Resource paths published on [/gazebo/resource_paths].
(2026-04-14T09:19:04.742226856) (2026-04-14T09:19:04.742230358) [Msg] Server control service on [/server_control].
(2026-04-14T09:19:06.400543544) (2026-04-14T09:19:06.400550137) [Wrn] [SimulationRunner.cc:734] Found additional publishers on /stats, using namespaced stats topic only
(2026-04-14T09:19:06.400621556) (2026-04-14T09:19:06.400626251) [Dbg] [SimulationRunner.cc:736] Publishers [Address, Message Type]:
(2026-04-14T09:19:06.400633743) (2026-04-14T09:19:06.400636839) [Dbg] [SimulationRunner.cc:741]   tcp://172.18.250.120:42875, gz.msgs.WorldStatistics
(2026-04-14T09:19:06.400845904) (2026-04-14T09:19:06.400851398) [Wrn] [SimulationRunner.cc:768] Found additional publishers on /clock, using namespaced clock topic only
(2026-04-14T09:19:06.400872274) (2026-04-14T09:19:06.400875570) [Dbg] [SimulationRunner.cc:770] Publishers [Address, Message Type]:
(2026-04-14T09:19:06.400882862) (2026-04-14T09:19:06.400886258) [Dbg] [SimulationRunner.cc:775]   tcp://172.18.250.120:42875, gz.msgs.Clock
(2026-04-14T09:19:06.401023903) (2026-04-14T09:19:06.401027799) [Dbg] [SimulationRunner.cc:551] Creating PostUpdate worker threads: 4
(2026-04-14T09:19:06.401042383) (2026-04-14T09:19:06.401045579) [Dbg] [SimulationRunner.cc:562] Creating postupdate worker thread (0)
(2026-04-14T09:19:06.401145367) (2026-04-14T09:19:06.401150761) [Dbg] [SimulationRunner.cc:562] Creating postupdate worker thread (1)
(2026-04-14T09:19:06.401787144) (2026-04-14T09:19:06.401794536) [Dbg] [SimulationRunner.cc:562] Creating postupdate worker thread (2)
(2026-04-14T09:19:06.412323881) (2026-04-14T09:19:06.412334070) [Msg] Serving scene information on [/world/lab2_world/scene/info]
(2026-04-14T09:19:06.412409485) (2026-04-14T09:19:06.412413480) [Msg] Serving graph information on [/world/lab2_world/scene/graph]
(2026-04-14T09:19:06.412532247) (2026-04-14T09:19:06.412536442) [Msg] Serving full state on [/world/lab2_world/state]
(2026-04-14T09:19:06.412596175) (2026-04-14T09:19:06.412610059) [Msg] Serving full state (async) on [/world/lab2_world/state_async]
(2026-04-14T09:19:06.412673687) (2026-04-14T09:19:06.412677583) [Msg] Publishing scene information on [/world/lab2_world/scene/info]
(2026-04-14T09:19:06.412738714) (2026-04-14T09:19:06.412742510) [Msg] Publishing entity deletions on [/world/lab2_world/scene/deletion]
(2026-04-14T09:19:06.412778170) (2026-04-14T09:19:06.412781766) [Msg] Publishing state changes on [/world/lab2_world/state]
(2026-04-14T09:19:06.412817925) (2026-04-14T09:19:06.412821221) [Msg] Publishing pose messages on [/world/lab2_world/pose/info]
(2026-04-14T09:19:06.412858979) (2026-04-14T09:19:06.412862475) [Msg] Publishing dynamic pose messages on [/world/lab2_world/dynamic_pose/info]
(2026-04-14T09:41:15.377405911) (2026-04-14T09:41:15.377417348) [Dbg] [SignalHandler.cc:142] Received signal[15].
(2026-04-14T09:41:15.377439327) (2026-04-14T09:41:15.377444996) [Dbg] [ServerPrivate.cc:122] Server received signal[15]
(2026-04-14T09:41:15.377465384) (2026-04-14T09:41:15.377470954) [Dbg] [Sensors.cc:565] SensorsPrivate::Stop
(2026-04-14T09:41:15.377543853) (2026-04-14T09:41:15.377550119) [Dbg] [Sensors.cc:391] Rendering Thread initialized
(2026-04-14T09:41:15.377606012) (2026-04-14T09:41:15.377611681) [Dbg] [Sensors.cc:551] SensorsPrivate::RenderThread stopped
(2026-04-14T09:41:15.377930232) (2026-04-14T09:41:15.377937691) [Dbg] [gz.cc:434] Shutting down gz-sim-server
