[1.647s] Invoking command in '/home/dima/ros2_ws/build/my_lab2_nav': PYTHONPATH=/home/dima/ros2_ws/build/my_lab2_nav/prefix_override:/usr/lib/python3/dist-packages/colcon_core/task/python/colcon_distutils_commands:/home/dima/ros2_ws/install/my_lab2_nav/lib/python3.12/site-packages:${PYTHONPATH} /usr/bin/python3 -W ignore:setup.py install is deprecated -W ignore:easy_install command is deprecated setup.py develop --editable --build-directory /home/dima/ros2_ws/build/my_lab2_nav/build --no-deps symlink_data
[1.983s] running develop
[2.203s] running egg_info
[2.203s] creating my_lab2_nav.egg-info
[2.224s] writing my_lab2_nav.egg-info/PKG-INFO
[2.225s] writing dependency_links to my_lab2_nav.egg-info/dependency_links.txt
[2.225s] writing entry points to my_lab2_nav.egg-info/entry_points.txt
[2.225s] writing requirements to my_lab2_nav.egg-info/requires.txt
[2.225s] writing top-level names to my_lab2_nav.egg-info/top_level.txt
[2.225s] writing manifest file 'my_lab2_nav.egg-info/SOURCES.txt'
[2.267s] reading manifest file 'my_lab2_nav.egg-info/SOURCES.txt'
[2.268s] writing manifest file 'my_lab2_nav.egg-info/SOURCES.txt'
[2.292s] running build_ext
[2.292s] Creating /home/dima/ros2_ws/install/my_lab2_nav/lib/python3.12/site-packages/my-lab2-nav.egg-link (link to .)
[2.292s] Installing go_to_points script to /home/dima/ros2_ws/install/my_lab2_nav/lib/my_lab2_nav
[2.293s] 
[2.293s] Installed /home/dima/ros2_ws/build/my_lab2_nav
[2.293s] running symlink_data
[2.294s] creating /home/dima/ros2_ws/install/my_lab2_nav/share/ament_index
[2.294s] creating /home/dima/ros2_ws/install/my_lab2_nav/share/ament_index/resource_index
[2.294s] creating /home/dima/ros2_ws/install/my_lab2_nav/share/ament_index/resource_index/packages
[2.294s] symbolically linking /home/dima/ros2_ws/build/my_lab2_nav/resource/my_lab2_nav -> /home/dima/ros2_ws/install/my_lab2_nav/share/ament_index/resource_index/packages
[2.294s] symbolically linking /home/dima/ros2_ws/build/my_lab2_nav/package.xml -> /home/dima/ros2_ws/install/my_lab2_nav/share/my_lab2_nav
[2.345s] Invoked command in '/home/dima/ros2_ws/build/my_lab2_nav' returned '0': PYTHONPATH=/home/dima/ros2_ws/build/my_lab2_nav/prefix_override:/usr/lib/python3/dist-packages/colcon_core/task/python/colcon_distutils_commands:/home/dima/ros2_ws/install/my_lab2_nav/lib/python3.12/site-packages:${PYTHONPATH} /usr/bin/python3 -W ignore:setup.py install is deprecated -W ignore:easy_install command is deprecated setup.py develop --editable --build-directory /home/dima/ros2_ws/build/my_lab2_nav/build --no-deps symlink_data
