-- Install configuration: ""
-- Up-to-date: /home/dima/ros2_ws/install/lab2_world/share/lab2_world/launch
-- Up-to-date: /home/dima/ros2_ws/install/lab2_world/share/lab2_world/launch/lab2_world.launch.py
-- Up-to-date: /home/dima/ros2_ws/install/lab2_world/share/lab2_world/worlds
-- Up-to-date: /home/dima/ros2_ws/install/lab2_world/share/lab2_world/worlds/lab2_world.sdf
-- Up-to-date: /home/dima/ros2_ws/install/lab2_world/share/ament_index/resource_index/package_run_dependencies/lab2_world
-- Up-to-date: /home/dima/ros2_ws/install/lab2_world/share/ament_index/resource_index/parent_prefix_path/lab2_world
-- Up-to-date: /home/dima/ros2_ws/install/lab2_world/share/lab2_world/environment/ament_prefix_path.sh
-- Up-to-date: /home/dima/ros2_ws/install/lab2_world/share/lab2_world/environment/ament_prefix_path.dsv
-- Up-to-date: /home/dima/ros2_ws/install/lab2_world/share/lab2_world/environment/path.sh
-- Up-to-date: /home/dima/ros2_ws/install/lab2_world/share/lab2_world/environment/path.dsv
-- Up-to-date: /home/dima/ros2_ws/install/lab2_world/share/lab2_world/local_setup.bash
-- Up-to-date: /home/dima/ros2_ws/install/lab2_world/share/lab2_world/local_setup.sh
-- Up-to-date: /home/dima/ros2_ws/install/lab2_world/share/lab2_world/local_setup.zsh
-- Up-to-date: /home/dima/ros2_ws/install/lab2_world/share/lab2_world/local_setup.dsv
-- Installing: /home/dima/ros2_ws/install/lab2_world/share/lab2_world/package.dsv
-- Up-to-date: /home/dima/ros2_ws/install/lab2_world/share/ament_index/resource_index/packages/lab2_world
-- Up-to-date: /home/dima/ros2_ws/install/lab2_world/share/lab2_world/cmake/lab2_worldConfig.cmake
-- Up-to-date: /home/dima/ros2_ws/install/lab2_world/share/lab2_world/cmake/lab2_worldConfig-version.cmake
-- Up-to-date: /home/dima/ros2_ws/install/lab2_world/share/lab2_world/package.xml
