[INFO] [1776150944.649906901] [nav2_container]: Load Library: /opt/ros/jazzy/lib/libamcl_core.so
[INFO] [1776150944.677817494] [nav2_container]: Found class: rclcpp_components::NodeFactoryTemplate<nav2_amcl::AmclNode>
[INFO] [1776150944.677877740] [nav2_container]: Instantiate class: rclcpp_components::NodeFactoryTemplate<nav2_amcl::AmclNode>
[INFO] [1776150944.706102602] [amcl]: 
	amcl lifecycle node launched. 
	Waiting on external lifecycle transitions to activate
	See https://design.ros2.org/articles/node_lifecycle.html for more information.
[INFO] [1776150944.707303481] [amcl]: Creating
[INFO] [1776150944.721026137] [nav2_container]: Load Library: /opt/ros/jazzy/lib/libnav2_lifecycle_manager_core.so
[INFO] [1776150944.730572036] [nav2_container]: Found class: rclcpp_components::NodeFactoryTemplate<nav2_lifecycle_manager::LifecycleManager>
[INFO] [1776150944.730626554] [nav2_container]: Instantiate class: rclcpp_components::NodeFactoryTemplate<nav2_lifecycle_manager::LifecycleManager>
[INFO] [1776150944.745245598] [lifecycle_manager_localization]: Creating
[INFO] [1776150944.755584380] [lifecycle_manager_localization]: [34m[1mCreating and initializing lifecycle service clients[0m[0m
[INFO] [1776150944.756034154] [nav2_container]: Load Library: /opt/ros/jazzy/lib/libmap_server_core.so
[INFO] [1776150944.778803652] [nav2_container]: Found class: rclcpp_components::NodeFactoryTemplate<nav2_map_server::CostmapFilterInfoServer>
[INFO] [1776150944.778849676] [nav2_container]: Found class: rclcpp_components::NodeFactoryTemplate<nav2_map_server::MapSaver>
[INFO] [1776150944.778853034] [nav2_container]: Found class: rclcpp_components::NodeFactoryTemplate<nav2_map_server::MapServer>
[INFO] [1776150944.778865676] [nav2_container]: Instantiate class: rclcpp_components::NodeFactoryTemplate<nav2_map_server::MapServer>
[INFO] [1776150944.795319174] [lifecycle_manager_localization]: [34m[1mStarting managed nodes bringup...[0m[0m
[INFO] [1776150944.795414778] [lifecycle_manager_localization]: [34m[1mConfiguring map_server[0m[0m
[INFO] [1776150944.797183061] [map_server]: 
	map_server lifecycle node launched. 
	Waiting on external lifecycle transitions to activate
	See https://design.ros2.org/articles/node_lifecycle.html for more information.
[INFO] [1776150944.797234616] [map_server]: Creating
[INFO] [1776150944.797934758] [map_server]: Configuring
[INFO] [1776150944.797997178] [map_io]: Loading yaml file: /home/dima/ros2_ws/src/lab2_world/maps/lab2_map.yaml
[INFO] [1776150944.798163201] [nav2_container]: Load Library: /opt/ros/jazzy/lib/libcontroller_server_core.so
[INFO] [1776150944.798548087] [map_io]: resolution: 0.05
[INFO] [1776150944.798560926] [map_io]: origin[0]: -5.746
[INFO] [1776150944.798563988] [map_io]: origin[1]: -7.328
[INFO] [1776150944.798566062] [map_io]: origin[2]: 0
[INFO] [1776150944.798568235] [map_io]: free_thresh: 0.196
[INFO] [1776150944.798570210] [map_io]: occupied_thresh: 0.65
[INFO] [1776150944.798573371] [map_io]: mode: trinary
[INFO] [1776150944.798575938] [map_io]: negate: 0
[INFO] [1776150944.802498376] [map_io]: Loading image_file: /home/dima/ros2_ws/src/lab2_world/maps/lab2_map.pgm
[INFO] [1776150944.805334304] [map_io]: Read map /home/dima/ros2_ws/src/lab2_world/maps/lab2_map.pgm: 236 X 266 map @ 0.05 m/cell
[INFO] [1776150944.808085492] [nav2_container]: Found class: rclcpp_components::NodeFactoryTemplate<nav2_controller::ControllerServer>
[INFO] [1776150944.808148010] [nav2_container]: Instantiate class: rclcpp_components::NodeFactoryTemplate<nav2_controller::ControllerServer>
[INFO] [1776150944.811751142] [lifecycle_manager_localization]: [34m[1mConfiguring amcl[0m[0m
[INFO] [1776150944.811897116] [amcl]: Configuring
[INFO] [1776150944.812021362] [amcl]: initTransforms
[INFO] [1776150944.821692396] [amcl]: initPubSub
[INFO] [1776150944.832621593] [amcl]: Subscribed to map topic.
[INFO] [1776150944.838820358] [controller_server]: 
	controller_server lifecycle node launched. 
	Waiting on external lifecycle transitions to activate
	See https://design.ros2.org/articles/node_lifecycle.html for more information.
[INFO] [1776150944.841414412] [lifecycle_manager_localization]: [34m[1mActivating map_server[0m[0m
[INFO] [1776150944.841589916] [map_server]: Activating
[INFO] [1776150944.841853717] [map_server]: Creating bond (map_server) to lifecycle manager.
[INFO] [1776150944.842004234] [amcl]: Received a 236 X 266 map @ 0.050 m/pix
[INFO] [1776150944.867355736] [controller_server]: Creating controller server
[INFO] [1776150944.890527205] [local_costmap.local_costmap]: 
	local_costmap lifecycle node launched. 
	Waiting on external lifecycle transitions to activate
	See https://design.ros2.org/articles/node_lifecycle.html for more information.
[INFO] [1776150944.895536054] [local_costmap.local_costmap]: Creating Costmap
[INFO] [1776150944.902448197] [nav2_container]: Load Library: /opt/ros/jazzy/lib/libsmoother_server_core.so
[INFO] [1776150944.909423153] [nav2_container]: Found class: rclcpp_components::NodeFactoryTemplate<nav2_smoother::SmootherServer>
[INFO] [1776150944.909472733] [nav2_container]: Instantiate class: rclcpp_components::NodeFactoryTemplate<nav2_smoother::SmootherServer>
[INFO] [1776150944.928463100] [smoother_server]: 
	smoother_server lifecycle node launched. 
	Waiting on external lifecycle transitions to activate
	See https://design.ros2.org/articles/node_lifecycle.html for more information.
[INFO] [1776150944.929637017] [smoother_server]: Creating smoother server
[INFO] [1776150944.933630467] [nav2_container]: Load Library: /opt/ros/jazzy/lib/libplanner_server_core.so
[INFO] [1776150944.944864056] [nav2_container]: Found class: rclcpp_components::NodeFactoryTemplate<nav2_planner::PlannerServer>
[INFO] [1776150944.944927167] [nav2_container]: Instantiate class: rclcpp_components::NodeFactoryTemplate<nav2_planner::PlannerServer>
[INFO] [1776150944.958150172] [lifecycle_manager_localization]: Server map_server connected with bond.
[INFO] [1776150944.958206962] [lifecycle_manager_localization]: [34m[1mActivating amcl[0m[0m
[INFO] [1776150944.958357183] [amcl]: Activating
[INFO] [1776150944.958389973] [amcl]: Creating bond (amcl) to lifecycle manager.
[INFO] [1776150944.980693598] [planner_server]: 
	planner_server lifecycle node launched. 
	Waiting on external lifecycle transitions to activate
	See https://design.ros2.org/articles/node_lifecycle.html for more information.
[INFO] [1776150944.981910971] [planner_server]: Creating
[INFO] [1776150945.001437729] [global_costmap.global_costmap]: 
	global_costmap lifecycle node launched. 
	Waiting on external lifecycle transitions to activate
	See https://design.ros2.org/articles/node_lifecycle.html for more information.
[INFO] [1776150945.001955058] [global_costmap.global_costmap]: Creating Costmap
[INFO] [1776150945.008605529] [nav2_container]: Load Library: /opt/ros/jazzy/lib/libroute_server_core.so
[INFO] [1776150945.011290002] [nav2_container]: Found class: rclcpp_components::NodeFactoryTemplate<nav2_route::RouteServer>
[INFO] [1776150945.011380857] [nav2_container]: Instantiate class: rclcpp_components::NodeFactoryTemplate<nav2_route::RouteServer>
[INFO] [1776150945.036289188] [route_server]: 
	route_server lifecycle node launched. 
	Waiting on external lifecycle transitions to activate
	See https://design.ros2.org/articles/node_lifecycle.html for more information.
[INFO] [1776150945.039801826] [nav2_container]: Load Library: /opt/ros/jazzy/lib/libbehavior_server_core.so
[INFO] [1776150945.051586527] [nav2_container]: Found class: rclcpp_components::NodeFactoryTemplate<behavior_server::BehaviorServer>
[INFO] [1776150945.051677777] [nav2_container]: Instantiate class: rclcpp_components::NodeFactoryTemplate<behavior_server::BehaviorServer>
[INFO] [1776150945.068748569] [lifecycle_manager_localization]: Server amcl connected with bond.
[INFO] [1776150945.068796268] [lifecycle_manager_localization]: [34m[1mManaged nodes are active[0m[0m
[INFO] [1776150945.068809106] [lifecycle_manager_localization]: [34m[1mCreating bond timer...[0m[0m
[INFO] [1776150945.073147340] [behavior_server]: 
	behavior_server lifecycle node launched. 
	Waiting on external lifecycle transitions to activate
	See https://design.ros2.org/articles/node_lifecycle.html for more information.
[INFO] [1776150945.078579391] [nav2_container]: Load Library: /opt/ros/jazzy/lib/libbt_navigator_core.so
[INFO] [1776150945.088402510] [nav2_container]: Found class: rclcpp_components::NodeFactoryTemplate<nav2_bt_navigator::BtNavigator>
[INFO] [1776150945.088444877] [nav2_container]: Instantiate class: rclcpp_components::NodeFactoryTemplate<nav2_bt_navigator::BtNavigator>
[WARN] [1776150945.109893306] [amcl]: New subscription discovered on topic '/particle_cloud', requesting incompatible QoS. No messages will be sent to it. Last incompatible policy: RELIABILITY_QOS_POLICY
[INFO] [1776150945.110537192] [bt_navigator]: 
	bt_navigator lifecycle node launched. 
	Waiting on external lifecycle transitions to activate
	See https://design.ros2.org/articles/node_lifecycle.html for more information.
[INFO] [1776150945.112059510] [bt_navigator]: Creating
[INFO] [1776150945.114742501] [nav2_container]: Load Library: /opt/ros/jazzy/lib/libwaypoint_follower_core.so
[INFO] [1776150945.119902086] [nav2_container]: Found class: rclcpp_components::NodeFactoryTemplate<nav2_waypoint_follower::WaypointFollower>
[INFO] [1776150945.119958673] [nav2_container]: Instantiate class: rclcpp_components::NodeFactoryTemplate<nav2_waypoint_follower::WaypointFollower>
[INFO] [1776150945.137104420] [amcl]: createLaserObject
[INFO] [1776150945.147939981] [waypoint_follower]: 
	waypoint_follower lifecycle node launched. 
	Waiting on external lifecycle transitions to activate
	See https://design.ros2.org/articles/node_lifecycle.html for more information.
[INFO] [1776150945.149857913] [waypoint_follower]: Creating
[INFO] [1776150945.153907781] [nav2_container]: Load Library: /opt/ros/jazzy/lib/libvelocity_smoother_core.so
[INFO] [1776150945.157676788] [nav2_container]: Found class: rclcpp_components::NodeFactoryTemplate<nav2_velocity_smoother::VelocitySmoother>
[INFO] [1776150945.157734955] [nav2_container]: Instantiate class: rclcpp_components::NodeFactoryTemplate<nav2_velocity_smoother::VelocitySmoother>
[INFO] [1776150945.185189304] [velocity_smoother]: 
	velocity_smoother lifecycle node launched. 
	Waiting on external lifecycle transitions to activate
	See https://design.ros2.org/articles/node_lifecycle.html for more information.
[INFO] [1776150945.204097246] [nav2_container]: Load Library: /opt/ros/jazzy/lib/libcollision_monitor_core.so
[INFO] [1776150945.213004506] [nav2_container]: Found class: rclcpp_components::NodeFactoryTemplate<nav2_collision_monitor::CollisionMonitor>
[INFO] [1776150945.213057044] [nav2_container]: Instantiate class: rclcpp_components::NodeFactoryTemplate<nav2_collision_monitor::CollisionMonitor>
[INFO] [1776150945.249827303] [collision_monitor]: 
	collision_monitor lifecycle node launched. 
	Waiting on external lifecycle transitions to activate
	See https://design.ros2.org/articles/node_lifecycle.html for more information.
[INFO] [1776150945.252931883] [nav2_container]: Load Library: /opt/ros/jazzy/lib/libopennav_docking_core.so
[INFO] [1776150945.260295494] [nav2_container]: Found class: rclcpp_components::NodeFactoryTemplate<opennav_docking::DockingServer>
[INFO] [1776150945.260346946] [nav2_container]: Instantiate class: rclcpp_components::NodeFactoryTemplate<opennav_docking::DockingServer>
[INFO] [1776150945.315896765] [docking_server]: 
	docking_server lifecycle node launched. 
	Waiting on external lifecycle transitions to activate
	See https://design.ros2.org/articles/node_lifecycle.html for more information.
[INFO] [1776150945.315964807] [docking_server]: Creating docking_server
[INFO] [1776150945.320987912] [nav2_container]: Found class: rclcpp_components::NodeFactoryTemplate<nav2_lifecycle_manager::LifecycleManager>
[INFO] [1776150945.321031364] [nav2_container]: Instantiate class: rclcpp_components::NodeFactoryTemplate<nav2_lifecycle_manager::LifecycleManager>
[INFO] [1776150945.346041907] [lifecycle_manager_navigation]: Creating
[INFO] [1776150945.358943633] [lifecycle_manager_navigation]: [34m[1mCreating and initializing lifecycle service clients[0m[0m
[INFO] [1776150945.413088555] [lifecycle_manager_navigation]: [34m[1mStarting managed nodes bringup...[0m[0m
[INFO] [1776150945.413149092] [lifecycle_manager_navigation]: [34m[1mConfiguring controller_server[0m[0m
[INFO] [1776150945.413355788] [controller_server]: Configuring controller interface
[INFO] [1776150945.413398055] [controller_server]: getting progress checker plugins..
[INFO] [1776150945.414071667] [controller_server]: getting goal checker plugins..
[INFO] [1776150945.414534831] [controller_server]: Controller frequency set to 20.0000Hz
[INFO] [1776150945.414595269] [local_costmap.local_costmap]: Configuring
[INFO] [1776150945.425318348] [local_costmap.local_costmap]: Using plugin "voxel_layer"
[INFO] [1776150945.437726889] [local_costmap.local_costmap]: Subscribed to Topics: scan
[INFO] [1776150945.454136117] [local_costmap.local_costmap]: Initialized plugin "voxel_layer"
[INFO] [1776150945.454162089] [local_costmap.local_costmap]: Using plugin "inflation_layer"
[INFO] [1776150945.456372042] [local_costmap.local_costmap]: Initialized plugin "inflation_layer"
[INFO] [1776150945.478657030] [controller_server]: Created progress_checker : progress_checker of type nav2_controller::SimpleProgressChecker
[INFO] [1776150945.479797360] [controller_server]: Controller Server has progress_checker  progress checkers available.
[INFO] [1776150945.481833898] [controller_server]: Created goal checker : general_goal_checker of type nav2_controller::SimpleGoalChecker
[INFO] [1776150945.483528840] [controller_server]: Controller Server has general_goal_checker  goal checkers available.
[INFO] [1776150945.488806141] [controller_server]: Created controller : FollowPath of type nav2_mppi_controller::MPPIController
[INFO] [1776150945.498634889] [controller_server]: Controller period is equal to model dt. Control sequence shifting is ON
[INFO] [1776150945.506072370] [controller_server]: ConstraintCritic instantiated with 1 power and 4.000000 weight.
[INFO] [1776150945.506183075] [controller_server]: Critic loaded : mppi::critics::ConstraintCritic
[INFO] [1776150945.510523185] [controller_server]: InflationCostCritic instantiated with 1 power and 300.000000 / 0.015000 weights. Critic will collision check based on circular cost.
[INFO] [1776150945.510769383] [controller_server]: Critic loaded : mppi::critics::CostCritic
[INFO] [1776150945.514014393] [controller_server]: GoalCritic instantiated with 1 power and 5.000000 weight.
[INFO] [1776150945.514141985] [controller_server]: Critic loaded : mppi::critics::GoalCritic
[INFO] [1776150945.516945557] [controller_server]: GoalAngleCritic instantiated with 1 power, 3.000000 weight, 0.500000 angular threshold and symmetric_yaw_tolerance disabled
[INFO] [1776150945.516996614] [controller_server]: Critic loaded : mppi::critics::GoalAngleCritic
[INFO] [1776150945.520163311] [controller_server]: ReferenceTrajectoryCritic instantiated with 1 power and 14.000000 weight
[INFO] [1776150945.520212096] [controller_server]: Critic loaded : mppi::critics::PathAlignCritic
[INFO] [1776150945.521938245] [controller_server]: Critic loaded : mppi::critics::PathFollowCritic
[INFO] [1776150945.523801960] [controller_server]: PathAngleCritic instantiated with 1 power and 2.000000 weight. Mode set to: Forward Preference
[INFO] [1776150945.523895383] [controller_server]: Critic loaded : mppi::critics::PathAngleCritic
[INFO] [1776150945.524906739] [controller_server]: PreferForwardCritic instantiated with 1 power and 5.000000 weight.
[INFO] [1776150945.524941106] [controller_server]: Critic loaded : mppi::critics::PreferForwardCritic
[INFO] [1776150945.529026131] [controller_server]: Optimizer reset
[INFO] [1776150945.542407216] [MPPIController]: Configured MPPI Controller: FollowPath
[INFO] [1776150945.542437139] [controller_server]: Controller Server has FollowPath  controllers available.
[INFO] [1776150945.572711468] [lifecycle_manager_navigation]: [34m[1mConfiguring smoother_server[0m[0m
[INFO] [1776150945.573682966] [smoother_server]: Configuring smoother server
[INFO] [1776150945.593239492] [smoother_server]: Created smoother : simple_smoother of type nav2_smoother::SimpleSmoother
[INFO] [1776150945.596413688] [smoother_server]: Smoother Server has simple_smoother  smoothers available.
[INFO] [1776150945.606692017] [lifecycle_manager_navigation]: [34m[1mConfiguring planner_server[0m[0m
[INFO] [1776150945.606879735] [planner_server]: Configuring
[INFO] [1776150945.606910358] [global_costmap.global_costmap]: Configuring
[INFO] [1776150945.617454057] [global_costmap.global_costmap]: Using plugin "static_layer"
[INFO] [1776150945.619586162] [global_costmap.global_costmap]: Subscribing to the map topic (/map) with transient local durability
[INFO] [1776150945.620607373] [global_costmap.global_costmap]: Initialized plugin "static_layer"
[INFO] [1776150945.620653109] [global_costmap.global_costmap]: Using plugin "obstacle_layer"
[INFO] [1776150945.622488128] [global_costmap.global_costmap]: Subscribed to Topics: scan
[INFO] [1776150945.633448822] [global_costmap.global_costmap]: Initialized plugin "obstacle_layer"
[INFO] [1776150945.633580264] [global_costmap.global_costmap]: Using plugin "inflation_layer"
[INFO] [1776150945.636799898] [global_costmap.global_costmap]: Initialized plugin "inflation_layer"
[INFO] [1776150945.673963988] [global_costmap.global_costmap]: StaticLayer: Resizing costmap to 236 X 266 at 0.050000 m/pix
[INFO] [1776150945.676246327] [planner_server]: Created global planner plugin GridBased of type nav2_navfn_planner::NavfnPlanner
[INFO] [1776150945.676367628] [planner_server]: Configuring plugin GridBased of type NavfnPlanner
[INFO] [1776150945.679214113] [planner_server]: Planner Server has GridBased  planners available.
[INFO] [1776150945.698431097] [lifecycle_manager_navigation]: [34m[1mConfiguring route_server[0m[0m
[INFO] [1776150945.698615235] [route_server]: Configuring
[INFO] [1776150945.741170835] [route_server]: Created GraphFileLoader GeoJsonGraphFileLoader of type nav2_route::GeoJsonGraphFileLoader
[INFO] [1776150945.741235065] [route_server]: Configuring geojson graph file loader
[INFO] [1776150945.741244013] [route_server]: No graph file provided to load yet.
[INFO] [1776150945.765616269] [route_server]: Created edge cost function plugin DistanceScorer of type nav2_route::DistanceScorer
[INFO] [1776150945.765690441] [route_server]: Configuring distance scorer.
[INFO] [1776150945.770012716] [route_server]: Created edge cost function plugin CostmapScorer of type nav2_route::CostmapScorer
[INFO] [1776150945.770073267] [route_server]: Configuring costmap scorer.
[INFO] [1776150945.776765078] [route_server]: Created route operation AdjustSpeedLimit of type nav2_route::AdjustSpeedLimit
[INFO] [1776150945.776867090] [route_server]: Configuring Adjust speed limit operation.
[INFO] [1776150945.779852176] [route_server]: Created route operation ReroutingService of type nav2_route::ReroutingService
[INFO] [1776150945.779920482] [route_server]: Configuring Rerouting service operation.
[INFO] [1776150945.783623926] [route_server]: Created route operation CollisionMonitor of type nav2_route::CollisionMonitor
[INFO] [1776150945.784042115] [route_server]: Using costmap topic: local_costmap/costmap_raw instead of server costmap topic: global_costmap/costmap_raw for CollisionMonitor.
[INFO] [1776150945.792808165] [lifecycle_manager_navigation]: [34m[1mConfiguring behavior_server[0m[0m
[INFO] [1776150945.793129412] [behavior_server]: Configuring
[INFO] [1776150945.798480157] [behavior_server]: Creating behavior plugin spin of type nav2_behaviors::Spin
[INFO] [1776150945.800975169] [behavior_server]: Creating behavior plugin backup of type nav2_behaviors::BackUp
[INFO] [1776150945.803820859] [behavior_server]: Creating behavior plugin drive_on_heading of type nav2_behaviors::DriveOnHeading
[INFO] [1776150945.807065449] [behavior_server]: Creating behavior plugin assisted_teleop of type nav2_behaviors::AssistedTeleop
[INFO] [1776150945.812250250] [behavior_server]: Creating behavior plugin wait of type nav2_behaviors::Wait
[INFO] [1776150945.818069792] [behavior_server]: Configuring spin
[INFO] [1776150945.829765845] [behavior_server]: Configuring backup
[INFO] [1776150945.836537496] [behavior_server]: Configuring drive_on_heading
[INFO] [1776150945.842688426] [behavior_server]: Configuring assisted_teleop
[INFO] [1776150945.852970832] [behavior_server]: Configuring wait
[INFO] [1776150945.862288899] [lifecycle_manager_navigation]: [34m[1mConfiguring velocity_smoother[0m[0m
[INFO] [1776150945.862700625] [velocity_smoother]: Configuring velocity smoother
[INFO] [1776150945.870646703] [lifecycle_manager_navigation]: [34m[1mConfiguring collision_monitor[0m[0m
[INFO] [1776150945.870849335] [collision_monitor]: Configuring
[INFO] [1776150945.882066947] [collision_monitor]: [scan]: Creating Scan
[INFO] [1776150945.887103703] [collision_monitor]: [FootprintApproach]: Creating Polygon
[INFO] [1776150945.891277335] [collision_monitor]: [FootprintApproach]: Polygon points are not defined. Using dynamic subscription instead.
[INFO] [1776150945.892880093] [collision_monitor]: [FootprintApproach]: Making footprint subscriber on /local_costmap/published_footprint topic
[INFO] [1776150945.906000731] [lifecycle_manager_navigation]: [34m[1mConfiguring bt_navigator[0m[0m
[INFO] [1776150945.908775630] [bt_navigator]: Configuring
[INFO] [1776150945.925077325] [bt_navigator]: Creating navigator id navigate_to_pose of type nav2_bt_navigator::NavigateToPoseNavigator
[INFO] [1776150946.176977027] [bt_navigator]: Creating navigator id navigate_through_poses of type nav2_bt_navigator::NavigateThroughPosesNavigator
[INFO] [1776150946.223625882] [lifecycle_manager_navigation]: [34m[1mConfiguring waypoint_follower[0m[0m
[INFO] [1776150946.223845199] [waypoint_follower]: Configuring
[INFO] [1776150946.277523654] [waypoint_follower]: Created waypoint_task_executor : wait_at_waypoint of type nav2_waypoint_follower::WaitAtWaypoint
[INFO] [1776150946.280281728] [lifecycle_manager_navigation]: [34m[1mConfiguring docking_server[0m[0m
[INFO] [1776150946.280684075] [docking_server]: Configuring docking_server
[INFO] [1776150946.280761423] [docking_server]: Controller frequency set to 50.0000Hz
[INFO] [1776150946.342037954] [docking_server]: Created charging dock plugin simple_charging_dock of type opennav_docking::SimpleChargingDock
[WARN] [1776150946.361046316] [docking_server]: Dock database filepath nor dock parameters set. Docking actions can only be executed specifying the dock pose via the action request. Or update the dock database via the reload_database service.
[INFO] [1776150946.361150209] [docking_server]: Docking Server has 1 dock types and 0 dock instances available.
[INFO] [1776150946.374370214] [lifecycle_manager_navigation]: [34m[1mActivating controller_server[0m[0m
[INFO] [1776150946.375007389] [controller_server]: Activating
[INFO] [1776150946.375056601] [local_costmap.local_costmap]: Activating
[INFO] [1776150946.375066046] [local_costmap.local_costmap]: Checking transform
[INFO] [1776150946.375204735] [local_costmap.local_costmap]: start
[WARN] [1776150946.583118809] [controller_server]: Parameter controller_server.verbose not found
[INFO] [1776150946.584878620] [controller_server]: Optimizer reset
[INFO] [1776150946.585345192] [MPPIController]: Activated MPPI Controller: FollowPath
[INFO] [1776150946.585385059] [controller_server]: Creating bond (controller_server) to lifecycle manager.
[INFO] [1776150946.695698482] [lifecycle_manager_navigation]: Server controller_server connected with bond.
[INFO] [1776150946.695743121] [lifecycle_manager_navigation]: [34m[1mActivating smoother_server[0m[0m
[INFO] [1776150946.696052810] [smoother_server]: Activating
[INFO] [1776150946.696091683] [smoother_server]: Creating bond (smoother_server) to lifecycle manager.
[INFO] [1776150946.806971395] [lifecycle_manager_navigation]: Server smoother_server connected with bond.
[INFO] [1776150946.807054708] [lifecycle_manager_navigation]: [34m[1mActivating planner_server[0m[0m
[INFO] [1776150946.807556474] [planner_server]: Activating
[INFO] [1776150946.807606183] [global_costmap.global_costmap]: Activating
[INFO] [1776150946.807642770] [global_costmap.global_costmap]: Checking transform
[INFO] [1776150946.807661858] [global_costmap.global_costmap]: Timed out waiting for transform from base_link to map to become available, tf error: Invalid frame ID "map" passed to canTransform argument target_frame - frame does not exist
[INFO] [1776150947.312997573] [global_costmap.global_costmap]: Timed out waiting for transform from base_link to map to become available, tf error: Invalid frame ID "map" passed to canTransform argument target_frame - frame does not exist
[INFO] [1776150947.807756011] [global_costmap.global_costmap]: Timed out waiting for transform from base_link to map to become available, tf error: Invalid frame ID "map" passed to canTransform argument target_frame - frame does not exist
[INFO] [1776150948.307812394] [global_costmap.global_costmap]: Timed out waiting for transform from base_link to map to become available, tf error: Invalid frame ID "map" passed to canTransform argument target_frame - frame does not exist
[INFO] [1776150948.807734629] [global_costmap.global_costmap]: Timed out waiting for transform from base_link to map to become available, tf error: Invalid frame ID "map" passed to canTransform argument target_frame - frame does not exist
[INFO] [1776150949.307737379] [global_costmap.global_costmap]: Timed out waiting for transform from base_link to map to become available, tf error: Invalid frame ID "map" passed to canTransform argument target_frame - frame does not exist
[INFO] [1776150949.807723241] [global_costmap.global_costmap]: Timed out waiting for transform from base_link to map to become available, tf error: Invalid frame ID "map" passed to canTransform argument target_frame - frame does not exist
[INFO] [1776150950.308560194] [global_costmap.global_costmap]: Timed out waiting for transform from base_link to map to become available, tf error: Invalid frame ID "map" passed to canTransform argument target_frame - frame does not exist
[INFO] [1776150950.808656049] [global_costmap.global_costmap]: Timed out waiting for transform from base_link to map to become available, tf error: Invalid frame ID "map" passed to canTransform argument target_frame - frame does not exist
[INFO] [1776150951.308952151] [global_costmap.global_costmap]: Timed out waiting for transform from base_link to map to become available, tf error: Invalid frame ID "map" passed to canTransform argument target_frame - frame does not exist
[INFO] [1776150951.807904867] [global_costmap.global_costmap]: Timed out waiting for transform from base_link to map to become available, tf error: Invalid frame ID "map" passed to canTransform argument target_frame - frame does not exist
[WARN] [1776150951.814232474] [amcl]: AMCL cannot publish a pose or update the transform. Please set the initial pose...
[INFO] [1776150952.307847976] [global_costmap.global_costmap]: Timed out waiting for transform from base_link to map to become available, tf error: Invalid frame ID "map" passed to canTransform argument target_frame - frame does not exist
[INFO] [1776150952.808061639] [global_costmap.global_costmap]: Timed out waiting for transform from base_link to map to become available, tf error: Invalid frame ID "map" passed to canTransform argument target_frame - frame does not exist
[INFO] [1776150953.307776284] [global_costmap.global_costmap]: Timed out waiting for transform from base_link to map to become available, tf error: Invalid frame ID "map" passed to canTransform argument target_frame - frame does not exist
[INFO] [1776150953.807775718] [global_costmap.global_costmap]: Timed out waiting for transform from base_link to map to become available, tf error: Invalid frame ID "map" passed to canTransform argument target_frame - frame does not exist
[INFO] [1776150954.308018107] [global_costmap.global_costmap]: Timed out waiting for transform from base_link to map to become available, tf error: Invalid frame ID "map" passed to canTransform argument target_frame - frame does not exist
[INFO] [1776150954.809749568] [global_costmap.global_costmap]: Timed out waiting for transform from base_link to map to become available, tf error: Invalid frame ID "map" passed to canTransform argument target_frame - frame does not exist
[INFO] [1776150955.307804706] [global_costmap.global_costmap]: Timed out waiting for transform from base_link to map to become available, tf error: Invalid frame ID "map" passed to canTransform argument target_frame - frame does not exist
[INFO] [1776150955.807762539] [global_costmap.global_costmap]: Timed out waiting for transform from base_link to map to become available, tf error: Invalid frame ID "map" passed to canTransform argument target_frame - frame does not exist
[INFO] [1776150956.307771421] [global_costmap.global_costmap]: Timed out waiting for transform from base_link to map to become available, tf error: Invalid frame ID "map" passed to canTransform argument target_frame - frame does not exist
[INFO] [1776150956.807774017] [global_costmap.global_costmap]: Timed out waiting for transform from base_link to map to become available, tf error: Invalid frame ID "map" passed to canTransform argument target_frame - frame does not exist
[INFO] [1776150957.307751884] [global_costmap.global_costmap]: Timed out waiting for transform from base_link to map to become available, tf error: Invalid frame ID "map" passed to canTransform argument target_frame - frame does not exist
[INFO] [1776150957.807768701] [global_costmap.global_costmap]: Timed out waiting for transform from base_link to map to become available, tf error: Invalid frame ID "map" passed to canTransform argument target_frame - frame does not exist
[INFO] [1776150958.308261740] [global_costmap.global_costmap]: Timed out waiting for transform from base_link to map to become available, tf error: Invalid frame ID "map" passed to canTransform argument target_frame - frame does not exist
[WARN] [1776150958.510613600] [amcl]: AMCL cannot publish a pose or update the transform. Please set the initial pose...
[INFO] [1776150958.807756567] [global_costmap.global_costmap]: Timed out waiting for transform from base_link to map to become available, tf error: Invalid frame ID "map" passed to canTransform argument target_frame - frame does not exist
[INFO] [1776150959.307767279] [global_costmap.global_costmap]: Timed out waiting for transform from base_link to map to become available, tf error: Invalid frame ID "map" passed to canTransform argument target_frame - frame does not exist
[INFO] [1776150959.807739315] [global_costmap.global_costmap]: Timed out waiting for transform from base_link to map to become available, tf error: Invalid frame ID "map" passed to canTransform argument target_frame - frame does not exist
[INFO] [1776150960.308945590] [global_costmap.global_costmap]: Timed out waiting for transform from base_link to map to become available, tf error: Invalid frame ID "map" passed to canTransform argument target_frame - frame does not exist
[INFO] [1776150960.807760556] [global_costmap.global_costmap]: Timed out waiting for transform from base_link to map to become available, tf error: Invalid frame ID "map" passed to canTransform argument target_frame - frame does not exist
[INFO] [1776150961.307761923] [global_costmap.global_costmap]: Timed out waiting for transform from base_link to map to become available, tf error: Invalid frame ID "map" passed to canTransform argument target_frame - frame does not exist
[INFO] [1776150961.807752714] [global_costmap.global_costmap]: Timed out waiting for transform from base_link to map to become available, tf error: Invalid frame ID "map" passed to canTransform argument target_frame - frame does not exist
[INFO] [1776150962.310386183] [global_costmap.global_costmap]: Timed out waiting for transform from base_link to map to become available, tf error: Invalid frame ID "map" passed to canTransform argument target_frame - frame does not exist
[INFO] [1776150962.807747502] [global_costmap.global_costmap]: Timed out waiting for transform from base_link to map to become available, tf error: Invalid frame ID "map" passed to canTransform argument target_frame - frame does not exist
[INFO] [1776150963.307768087] [global_costmap.global_costmap]: Timed out waiting for transform from base_link to map to become available, tf error: Invalid frame ID "map" passed to canTransform argument target_frame - frame does not exist
[INFO] [1776150963.807773647] [global_costmap.global_costmap]: Timed out waiting for transform from base_link to map to become available, tf error: Invalid frame ID "map" passed to canTransform argument target_frame - frame does not exist
[INFO] [1776150964.307754107] [global_costmap.global_costmap]: Timed out waiting for transform from base_link to map to become available, tf error: Invalid frame ID "map" passed to canTransform argument target_frame - frame does not exist
[INFO] [1776150964.807754635] [global_costmap.global_costmap]: Timed out waiting for transform from base_link to map to become available, tf error: Invalid frame ID "map" passed to canTransform argument target_frame - frame does not exist
[INFO] [1776150965.307806632] [global_costmap.global_costmap]: Timed out waiting for transform from base_link to map to become available, tf error: Invalid frame ID "map" passed to canTransform argument target_frame - frame does not exist
[WARN] [1776150965.516732340] [amcl]: AMCL cannot publish a pose or update the transform. Please set the initial pose...
[INFO] [1776150965.807736913] [global_costmap.global_costmap]: Timed out waiting for transform from base_link to map to become available, tf error: Invalid frame ID "map" passed to canTransform argument target_frame - frame does not exist
[INFO] [1776150966.307742528] [global_costmap.global_costmap]: Timed out waiting for transform from base_link to map to become available, tf error: Invalid frame ID "map" passed to canTransform argument target_frame - frame does not exist
[INFO] [1776150966.807725395] [global_costmap.global_costmap]: Timed out waiting for transform from base_link to map to become available, tf error: Invalid frame ID "map" passed to canTransform argument target_frame - frame does not exist
[INFO] [1776150967.312430116] [global_costmap.global_costmap]: Timed out waiting for transform from base_link to map to become available, tf error: Invalid frame ID "map" passed to canTransform argument target_frame - frame does not exist
[INFO] [1776150967.807724050] [global_costmap.global_costmap]: Timed out waiting for transform from base_link to map to become available, tf error: Invalid frame ID "map" passed to canTransform argument target_frame - frame does not exist
[INFO] [1776150968.307736563] [global_costmap.global_costmap]: Timed out waiting for transform from base_link to map to become available, tf error: Invalid frame ID "map" passed to canTransform argument target_frame - frame does not exist
[INFO] [1776150968.807741881] [global_costmap.global_costmap]: Timed out waiting for transform from base_link to map to become available, tf error: Invalid frame ID "map" passed to canTransform argument target_frame - frame does not exist
[INFO] [1776150969.307711533] [global_costmap.global_costmap]: Timed out waiting for transform from base_link to map to become available, tf error: Invalid frame ID "map" passed to canTransform argument target_frame - frame does not exist
[INFO] [1776150969.807748887] [global_costmap.global_costmap]: Timed out waiting for transform from base_link to map to become available, tf error: Invalid frame ID "map" passed to canTransform argument target_frame - frame does not exist
[INFO] [1776150970.307774619] [global_costmap.global_costmap]: Timed out waiting for transform from base_link to map to become available, tf error: Invalid frame ID "map" passed to canTransform argument target_frame - frame does not exist
[INFO] [1776150970.807739289] [global_costmap.global_costmap]: Timed out waiting for transform from base_link to map to become available, tf error: Invalid frame ID "map" passed to canTransform argument target_frame - frame does not exist
[INFO] [1776150971.307745638] [global_costmap.global_costmap]: Timed out waiting for transform from base_link to map to become available, tf error: Invalid frame ID "map" passed to canTransform argument target_frame - frame does not exist
[INFO] [1776150971.812975478] [global_costmap.global_costmap]: Timed out waiting for transform from base_link to map to become available, tf error: Invalid frame ID "map" passed to canTransform argument target_frame - frame does not exist
[INFO] [1776150972.307718604] [global_costmap.global_costmap]: Timed out waiting for transform from base_link to map to become available, tf error: Invalid frame ID "map" passed to canTransform argument target_frame - frame does not exist
[WARN] [1776150972.403189368] [amcl]: AMCL cannot publish a pose or update the transform. Please set the initial pose...
[INFO] [1776150972.807761157] [global_costmap.global_costmap]: Timed out waiting for transform from base_link to map to become available, tf error: Invalid frame ID "map" passed to canTransform argument target_frame - frame does not exist
[INFO] [1776150973.307765690] [global_costmap.global_costmap]: Timed out waiting for transform from base_link to map to become available, tf error: Invalid frame ID "map" passed to canTransform argument target_frame - frame does not exist
[INFO] [1776150973.807742471] [global_costmap.global_costmap]: Timed out waiting for transform from base_link to map to become available, tf error: Invalid frame ID "map" passed to canTransform argument target_frame - frame does not exist
[INFO] [1776150974.308090306] [global_costmap.global_costmap]: Timed out waiting for transform from base_link to map to become available, tf error: Invalid frame ID "map" passed to canTransform argument target_frame - frame does not exist
[INFO] [1776150974.807730742] [global_costmap.global_costmap]: Timed out waiting for transform from base_link to map to become available, tf error: Invalid frame ID "map" passed to canTransform argument target_frame - frame does not exist
[INFO] [1776150975.307748451] [global_costmap.global_costmap]: Timed out waiting for transform from base_link to map to become available, tf error: Invalid frame ID "map" passed to canTransform argument target_frame - frame does not exist
[INFO] [1776150975.809256759] [global_costmap.global_costmap]: Timed out waiting for transform from base_link to map to become available, tf error: Invalid frame ID "map" passed to canTransform argument target_frame - frame does not exist
[INFO] [1776150976.307788549] [global_costmap.global_costmap]: Timed out waiting for transform from base_link to map to become available, tf error: Invalid frame ID "map" passed to canTransform argument target_frame - frame does not exist
[INFO] [1776150976.807782247] [global_costmap.global_costmap]: Timed out waiting for transform from base_link to map to become available, tf error: Invalid frame ID "map" passed to canTransform argument target_frame - frame does not exist
[INFO] [1776150977.308288350] [global_costmap.global_costmap]: Timed out waiting for transform from base_link to map to become available, tf error: Invalid frame ID "map" passed to canTransform argument target_frame - frame does not exist
[INFO] [1776150977.807749374] [global_costmap.global_costmap]: Timed out waiting for transform from base_link to map to become available, tf error: Invalid frame ID "map" passed to canTransform argument target_frame - frame does not exist
[INFO] [1776150978.307855929] [global_costmap.global_costmap]: Timed out waiting for transform from base_link to map to become available, tf error: Invalid frame ID "map" passed to canTransform argument target_frame - frame does not exist
[INFO] [1776150978.807775687] [global_costmap.global_costmap]: Timed out waiting for transform from base_link to map to become available, tf error: Invalid frame ID "map" passed to canTransform argument target_frame - frame does not exist
[WARN] [1776150979.028128313] [amcl]: AMCL cannot publish a pose or update the transform. Please set the initial pose...
[INFO] [1776150979.307732476] [global_costmap.global_costmap]: Timed out waiting for transform from base_link to map to become available, tf error: Invalid frame ID "map" passed to canTransform argument target_frame - frame does not exist
[INFO] [1776150979.807734529] [global_costmap.global_costmap]: Timed out waiting for transform from base_link to map to become available, tf error: Invalid frame ID "map" passed to canTransform argument target_frame - frame does not exist
[INFO] [1776150980.307724839] [global_costmap.global_costmap]: Timed out waiting for transform from base_link to map to become available, tf error: Invalid frame ID "map" passed to canTransform argument target_frame - frame does not exist
[INFO] [1776150980.812972548] [global_costmap.global_costmap]: Timed out waiting for transform from base_link to map to become available, tf error: Invalid frame ID "map" passed to canTransform argument target_frame - frame does not exist
[INFO] [1776150981.307716118] [global_costmap.global_costmap]: Timed out waiting for transform from base_link to map to become available, tf error: Invalid frame ID "map" passed to canTransform argument target_frame - frame does not exist
[INFO] [1776150981.807850768] [global_costmap.global_costmap]: Timed out waiting for transform from base_link to map to become available, tf error: Invalid frame ID "map" passed to canTransform argument target_frame - frame does not exist
[INFO] [1776150982.308099142] [global_costmap.global_costmap]: Timed out waiting for transform from base_link to map to become available, tf error: Invalid frame ID "map" passed to canTransform argument target_frame - frame does not exist
[INFO] [1776150982.807712259] [global_costmap.global_costmap]: Timed out waiting for transform from base_link to map to become available, tf error: Invalid frame ID "map" passed to canTransform argument target_frame - frame does not exist
[INFO] [1776150983.307825889] [global_costmap.global_costmap]: Timed out waiting for transform from base_link to map to become available, tf error: Invalid frame ID "map" passed to canTransform argument target_frame - frame does not exist
[INFO] [1776150983.808672138] [global_costmap.global_costmap]: Timed out waiting for transform from base_link to map to become available, tf error: Invalid frame ID "map" passed to canTransform argument target_frame - frame does not exist
[INFO] [1776150984.307820217] [global_costmap.global_costmap]: Timed out waiting for transform from base_link to map to become available, tf error: Invalid frame ID "map" passed to canTransform argument target_frame - frame does not exist
[INFO] [1776150984.807815258] [global_costmap.global_costmap]: Timed out waiting for transform from base_link to map to become available, tf error: Invalid frame ID "map" passed to canTransform argument target_frame - frame does not exist
[INFO] [1776150985.307781862] [global_costmap.global_costmap]: Timed out waiting for transform from base_link to map to become available, tf error: Invalid frame ID "map" passed to canTransform argument target_frame - frame does not exist
[WARN] [1776150985.692956985] [amcl]: AMCL cannot publish a pose or update the transform. Please set the initial pose...
[INFO] [1776150985.807826603] [global_costmap.global_costmap]: Timed out waiting for transform from base_link to map to become available, tf error: Invalid frame ID "map" passed to canTransform argument target_frame - frame does not exist
[INFO] [1776150986.307840613] [global_costmap.global_costmap]: Timed out waiting for transform from base_link to map to become available, tf error: Invalid frame ID "map" passed to canTransform argument target_frame - frame does not exist
[INFO] [1776150986.807768687] [global_costmap.global_costmap]: Timed out waiting for transform from base_link to map to become available, tf error: Invalid frame ID "map" passed to canTransform argument target_frame - frame does not exist
[INFO] [1776150987.307786166] [global_costmap.global_costmap]: Timed out waiting for transform from base_link to map to become available, tf error: Invalid frame ID "map" passed to canTransform argument target_frame - frame does not exist
[INFO] [1776150987.807785350] [global_costmap.global_costmap]: Timed out waiting for transform from base_link to map to become available, tf error: Invalid frame ID "map" passed to canTransform argument target_frame - frame does not exist
[INFO] [1776150988.307771107] [global_costmap.global_costmap]: Timed out waiting for transform from base_link to map to become available, tf error: Invalid frame ID "map" passed to canTransform argument target_frame - frame does not exist
[INFO] [1776150988.807818800] [global_costmap.global_costmap]: Timed out waiting for transform from base_link to map to become available, tf error: Invalid frame ID "map" passed to canTransform argument target_frame - frame does not exist
[INFO] [1776150989.309629043] [global_costmap.global_costmap]: Timed out waiting for transform from base_link to map to become available, tf error: Invalid frame ID "map" passed to canTransform argument target_frame - frame does not exist
[INFO] [1776150989.807747569] [global_costmap.global_costmap]: Timed out waiting for transform from base_link to map to become available, tf error: Invalid frame ID "map" passed to canTransform argument target_frame - frame does not exist
[INFO] [1776150990.307762999] [global_costmap.global_costmap]: Timed out waiting for transform from base_link to map to become available, tf error: Invalid frame ID "map" passed to canTransform argument target_frame - frame does not exist
[INFO] [1776150990.807744858] [global_costmap.global_costmap]: Timed out waiting for transform from base_link to map to become available, tf error: Invalid frame ID "map" passed to canTransform argument target_frame - frame does not exist
[INFO] [1776150991.307760661] [global_costmap.global_costmap]: Timed out waiting for transform from base_link to map to become available, tf error: Invalid frame ID "map" passed to canTransform argument target_frame - frame does not exist
[INFO] [1776150991.807743345] [global_costmap.global_costmap]: Timed out waiting for transform from base_link to map to become available, tf error: Invalid frame ID "map" passed to canTransform argument target_frame - frame does not exist
[WARN] [1776150991.928680844] [amcl]: AMCL cannot publish a pose or update the transform. Please set the initial pose...
[INFO] [1776150992.307737630] [global_costmap.global_costmap]: Timed out waiting for transform from base_link to map to become available, tf error: Invalid frame ID "map" passed to canTransform argument target_frame - frame does not exist
[INFO] [1776150992.807739636] [global_costmap.global_costmap]: Timed out waiting for transform from base_link to map to become available, tf error: Invalid frame ID "map" passed to canTransform argument target_frame - frame does not exist
[INFO] [1776150993.307748360] [global_costmap.global_costmap]: Timed out waiting for transform from base_link to map to become available, tf error: Invalid frame ID "map" passed to canTransform argument target_frame - frame does not exist
[INFO] [1776150993.808150510] [global_costmap.global_costmap]: Timed out waiting for transform from base_link to map to become available, tf error: Invalid frame ID "map" passed to canTransform argument target_frame - frame does not exist
[INFO] [1776150994.307775757] [global_costmap.global_costmap]: Timed out waiting for transform from base_link to map to become available, tf error: Invalid frame ID "map" passed to canTransform argument target_frame - frame does not exist
[INFO] [1776150994.807739944] [global_costmap.global_costmap]: Timed out waiting for transform from base_link to map to become available, tf error: Invalid frame ID "map" passed to canTransform argument target_frame - frame does not exist
[INFO] [1776150995.307975823] [global_costmap.global_costmap]: Timed out waiting for transform from base_link to map to become available, tf error: Invalid frame ID "map" passed to canTransform argument target_frame - frame does not exist
[INFO] [1776150995.807740751] [global_costmap.global_costmap]: Timed out waiting for transform from base_link to map to become available, tf error: Invalid frame ID "map" passed to canTransform argument target_frame - frame does not exist
[INFO] [1776150996.307740120] [global_costmap.global_costmap]: Timed out waiting for transform from base_link to map to become available, tf error: Invalid frame ID "map" passed to canTransform argument target_frame - frame does not exist
[INFO] [1776150996.807740280] [global_costmap.global_costmap]: Timed out waiting for transform from base_link to map to become available, tf error: Invalid frame ID "map" passed to canTransform argument target_frame - frame does not exist
[INFO] [1776150997.307732041] [global_costmap.global_costmap]: Timed out waiting for transform from base_link to map to become available, tf error: Invalid frame ID "map" passed to canTransform argument target_frame - frame does not exist
[INFO] [1776150997.807721981] [global_costmap.global_costmap]: Timed out waiting for transform from base_link to map to become available, tf error: Invalid frame ID "map" passed to canTransform argument target_frame - frame does not exist
[WARN] [1776150998.114724228] [amcl]: AMCL cannot publish a pose or update the transform. Please set the initial pose...
[INFO] [1776150998.308540327] [global_costmap.global_costmap]: Timed out waiting for transform from base_link to map to become available, tf error: Invalid frame ID "map" passed to canTransform argument target_frame - frame does not exist
[INFO] [1776150998.325078632] [amcl]: initialPoseReceived
[WARN] [1776150998.328003894] [amcl]: Failed to transform initial pose in time (Lookup would require extrapolation into the future.  Requested time 1776150995.284567 but the latest data is at time 23.500000, when looking up transform from frame [odom] to frame [base_footprint])
[INFO] [1776150998.328061117] [amcl]: Setting pose (23.500000): 0.000 0.000 0.000
[INFO] [1776150998.807754890] [global_costmap.global_costmap]: Timed out waiting for transform from base_link to map to become available, tf error: Lookup would require extrapolation into the past.  Requested time 23.660000 but the earliest data is at time 24.500000, when looking up transform from frame [base_link] to frame [map]
[INFO] [1776150999.307752449] [global_costmap.global_costmap]: Timed out waiting for transform from base_link to map to become available, tf error: Lookup would require extrapolation into the past.  Requested time 23.820000 but the earliest data is at time 24.500000, when looking up transform from frame [base_link] to frame [map]
[INFO] [1776150999.807739591] [global_costmap.global_costmap]: Timed out waiting for transform from base_link to map to become available, tf error: Lookup would require extrapolation into the past.  Requested time 24.000000 but the earliest data is at time 24.500000, when looking up transform from frame [base_link] to frame [map]
[INFO] [1776151000.307768474] [global_costmap.global_costmap]: Timed out waiting for transform from base_link to map to become available, tf error: Lookup would require extrapolation into the past.  Requested time 24.140000 but the earliest data is at time 24.500000, when looking up transform from frame [base_link] to frame [map]
[INFO] [1776151000.807865373] [global_costmap.global_costmap]: Timed out waiting for transform from base_link to map to become available, tf error: Lookup would require extrapolation into the past.  Requested time 24.320000 but the earliest data is at time 24.500000, when looking up transform from frame [base_link] to frame [map]
[INFO] [1776151001.307747376] [global_costmap.global_costmap]: Timed out waiting for transform from base_link to map to become available, tf error: Lookup would require extrapolation into the past.  Requested time 24.480000 but the earliest data is at time 24.500000, when looking up transform from frame [base_link] to frame [map]
[INFO] [1776151001.807977994] [global_costmap.global_costmap]: start
[INFO] [1776151002.859495759] [planner_server]: Activating plugin GridBased of type NavfnPlanner
[INFO] [1776151002.865991486] [planner_server]: Creating bond (planner_server) to lifecycle manager.
[INFO] [1776151002.979119796] [lifecycle_manager_navigation]: Server planner_server connected with bond.
[INFO] [1776151002.979174353] [lifecycle_manager_navigation]: [34m[1mActivating route_server[0m[0m
[INFO] [1776151002.979535144] [route_server]: Activating
[INFO] [1776151002.979679002] [route_server]: Creating bond (route_server) to lifecycle manager.
[INFO] [1776151003.091808339] [lifecycle_manager_navigation]: Server route_server connected with bond.
[INFO] [1776151003.091877713] [lifecycle_manager_navigation]: [34m[1mActivating behavior_server[0m[0m
[INFO] [1776151003.092206466] [behavior_server]: Activating
[INFO] [1776151003.092234335] [behavior_server]: Activating spin
[INFO] [1776151003.092253644] [behavior_server]: Activating backup
[INFO] [1776151003.092261308] [behavior_server]: Activating drive_on_heading
[INFO] [1776151003.092266783] [behavior_server]: Activating assisted_teleop
[INFO] [1776151003.092272655] [behavior_server]: Activating wait
[INFO] [1776151003.092281016] [behavior_server]: Creating bond (behavior_server) to lifecycle manager.
[INFO] [1776151003.204280632] [lifecycle_manager_navigation]: Server behavior_server connected with bond.
[INFO] [1776151003.204329701] [lifecycle_manager_navigation]: [34m[1mActivating velocity_smoother[0m[0m
[INFO] [1776151003.204675475] [velocity_smoother]: Activating
[INFO] [1776151003.205459089] [velocity_smoother]: Creating bond (velocity_smoother) to lifecycle manager.
[INFO] [1776151003.314745964] [lifecycle_manager_navigation]: Server velocity_smoother connected with bond.
[INFO] [1776151003.314807176] [lifecycle_manager_navigation]: [34m[1mActivating collision_monitor[0m[0m
[INFO] [1776151003.315166586] [collision_monitor]: Activating
[INFO] [1776151003.315227798] [collision_monitor]: Creating bond (collision_monitor) to lifecycle manager.
[INFO] [1776151003.430457223] [lifecycle_manager_navigation]: Server collision_monitor connected with bond.
[INFO] [1776151003.430514254] [lifecycle_manager_navigation]: [34m[1mActivating bt_navigator[0m[0m
[INFO] [1776151003.433035795] [bt_navigator]: Activating
[INFO] [1776151003.585046720] [bt_navigator]: Creating bond (bt_navigator) to lifecycle manager.
[INFO] [1776151003.696883303] [lifecycle_manager_navigation]: Server bt_navigator connected with bond.
[INFO] [1776151003.696930381] [lifecycle_manager_navigation]: [34m[1mActivating waypoint_follower[0m[0m
[INFO] [1776151003.697552256] [waypoint_follower]: Activating
[INFO] [1776151003.697616554] [waypoint_follower]: Creating bond (waypoint_follower) to lifecycle manager.
[INFO] [1776151003.813221114] [lifecycle_manager_navigation]: Server waypoint_follower connected with bond.
[INFO] [1776151003.813343538] [lifecycle_manager_navigation]: [34m[1mActivating docking_server[0m[0m
[INFO] [1776151003.814371404] [docking_server]: Activating docking_server
[INFO] [1776151003.837045955] [docking_server]: Creating bond (docking_server) to lifecycle manager.
[INFO] [1776151003.949944145] [lifecycle_manager_navigation]: Server docking_server connected with bond.
[INFO] [1776151003.950008244] [lifecycle_manager_navigation]: [34m[1mManaged nodes are active[0m[0m
[INFO] [1776151003.950015111] [lifecycle_manager_navigation]: [34m[1mCreating bond timer...[0m[0m
[INFO] [1776151006.442873836] [bt_navigator]: Begin navigating from current location (-0.00, 0.00) to (3.00, 4.00)
[WARN] [1776151006.446248637] [planner_server]: GridBased plugin failed to plan from (-0.00, 0.00) to (3.00, 4.00): "Failed to create plan with tolerance of: 0.500000"
[WARN] [1776151006.446340948] [planner_server]: [compute_path_to_pose] [ActionServer] Aborting handle.
[INFO] [1776151006.463454085] [global_costmap.global_costmap]: Received request to clear entirely the global_costmap
[WARN] [1776151006.816106924] [planner_server]: GridBased plugin failed to plan from (-0.00, 0.00) to (3.00, 4.00): "Failed to create plan with tolerance of: 0.500000"
[WARN] [1776151006.816169194] [planner_server]: [compute_path_to_pose] [ActionServer] Aborting handle.
[INFO] [1776151006.833548917] [local_costmap.local_costmap]: Received request to clear entirely the local_costmap
[INFO] [1776151006.834004601] [global_costmap.global_costmap]: Received request to clear entirely the global_costmap
[WARN] [1776151007.816818176] [planner_server]: GridBased plugin failed to plan from (-0.00, 0.00) to (3.00, 4.00): "Failed to create plan with tolerance of: 0.500000"
[WARN] [1776151007.816889786] [planner_server]: [compute_path_to_pose] [ActionServer] Aborting handle.
[INFO] [1776151007.834020982] [global_costmap.global_costmap]: Received request to clear entirely the global_costmap
[WARN] [1776151008.812771372] [planner_server]: GridBased plugin failed to plan from (-0.00, 0.00) to (3.00, 4.00): "Failed to create plan with tolerance of: 0.500000"
[WARN] [1776151008.812827658] [planner_server]: [compute_path_to_pose] [ActionServer] Aborting handle.
[INFO] [1776151008.824882894] [behavior_server]: Running spin
[INFO] [1776151008.824982639] [behavior_server]: Turning 1.57 for spin behavior.
[WARN] [1776151044.225144727] [behavior_server]: Exceeded time allowance before reaching the Spin goal - Exiting Spin
[WARN] [1776151044.225214622] [behavior_server]: spin failed
[WARN] [1776151044.225235601] [behavior_server]: [spin] [ActionServer] Aborting handle.
[INFO] [1776151044.243471334] [behavior_server]: Running wait
[INFO] [1776151062.445117254] [behavior_server]: wait completed successfully
[WARN] [1776151062.452282509] [planner_server]: GridBased plugin failed to plan from (-0.00, 0.00) to (3.00, 4.00): "Failed to create plan with tolerance of: 0.500000"
[WARN] [1776151062.452352834] [planner_server]: [compute_path_to_pose] [ActionServer] Aborting handle.
[INFO] [1776151062.463534885] [global_costmap.global_costmap]: Received request to clear entirely the global_costmap
[WARN] [1776151062.816709107] [planner_server]: GridBased plugin failed to plan from (-0.00, 0.00) to (3.00, 4.00): "Failed to create plan with tolerance of: 0.500000"
[WARN] [1776151062.816804170] [planner_server]: [compute_path_to_pose] [ActionServer] Aborting handle.
[INFO] [1776151062.833772710] [behavior_server]: Running backup
[WARN] [1776151097.834001188] [behavior_server]: Exceeded time allowance before reaching the DriveOnHeading goal - Exiting DriveOnHeading
[WARN] [1776151097.834089499] [behavior_server]: backup failed
[WARN] [1776151097.834111677] [behavior_server]: [backup] [ActionServer] Aborting handle.
[INFO] [1776151097.853306305] [local_costmap.local_costmap]: Received request to clear entirely the local_costmap
[INFO] [1776151097.853622386] [global_costmap.global_costmap]: Received request to clear entirely the global_costmap
[WARN] [1776151098.815938838] [planner_server]: GridBased plugin failed to plan from (-0.00, 0.00) to (3.00, 4.00): "Failed to create plan with tolerance of: 0.500000"
[WARN] [1776151098.816007537] [planner_server]: [compute_path_to_pose] [ActionServer] Aborting handle.
[INFO] [1776151098.833617916] [global_costmap.global_costmap]: Received request to clear entirely the global_costmap
[WARN] [1776151099.818910143] [planner_server]: GridBased plugin failed to plan from (-0.00, 0.00) to (3.00, 4.00): "Failed to create plan with tolerance of: 0.500000"
[WARN] [1776151099.818991171] [planner_server]: [compute_path_to_pose] [ActionServer] Aborting handle.
[INFO] [1776151099.833794056] [behavior_server]: Running spin
[INFO] [1776151099.833880750] [behavior_server]: Turning 1.57 for spin behavior.
[WARN] [1776151135.336959398] [behavior_server]: Exceeded time allowance before reaching the Spin goal - Exiting Spin
[WARN] [1776151135.337040123] [behavior_server]: spin failed
[WARN] [1776151135.337053924] [behavior_server]: [spin] [ActionServer] Aborting handle.
[INFO] [1776151135.353351836] [behavior_server]: Running wait
[INFO] [1776151151.753763788] [behavior_server]: wait completed successfully
[WARN] [1776151151.767731471] [planner_server]: GridBased plugin failed to plan from (-0.00, -0.00) to (3.00, 4.00): "Failed to create plan with tolerance of: 0.500000"
[WARN] [1776151151.767803091] [planner_server]: [compute_path_to_pose] [ActionServer] Aborting handle.
[INFO] [1776151151.783742226] [global_costmap.global_costmap]: Received request to clear entirely the global_costmap
[WARN] [1776151151.818759735] [planner_server]: GridBased plugin failed to plan from (-0.00, -0.00) to (3.00, 4.00): "Failed to create plan with tolerance of: 0.500000"
[WARN] [1776151151.818837875] [planner_server]: [compute_path_to_pose] [ActionServer] Aborting handle.
[INFO] [1776151151.833494974] [behavior_server]: Running backup
[WARN] [1776151186.233703139] [behavior_server]: Exceeded time allowance before reaching the DriveOnHeading goal - Exiting DriveOnHeading
[WARN] [1776151186.233783324] [behavior_server]: backup failed
[WARN] [1776151186.233798640] [behavior_server]: [backup] [ActionServer] Aborting handle.
[INFO] [1776151186.253269978] [local_costmap.local_costmap]: Received request to clear entirely the local_costmap
[INFO] [1776151186.253914854] [global_costmap.global_costmap]: Received request to clear entirely the global_costmap
[WARN] [1776151186.816357914] [planner_server]: GridBased plugin failed to plan from (-0.00, -0.00) to (3.00, 4.00): "Failed to create plan with tolerance of: 0.500000"
[WARN] [1776151186.816440501] [planner_server]: [compute_path_to_pose] [ActionServer] Aborting handle.
[INFO] [1776151186.835029212] [global_costmap.global_costmap]: Received request to clear entirely the global_costmap
[WARN] [1776151187.817362816] [planner_server]: GridBased plugin failed to plan from (-0.00, -0.00) to (3.00, 4.00): "Failed to create plan with tolerance of: 0.500000"
[WARN] [1776151187.817445133] [planner_server]: [compute_path_to_pose] [ActionServer] Aborting handle.
[INFO] [1776151187.834161805] [behavior_server]: Running spin
[INFO] [1776151187.834300833] [behavior_server]: Turning 1.57 for spin behavior.
[WARN] [1776151224.634428165] [behavior_server]: Exceeded time allowance before reaching the Spin goal - Exiting Spin
[WARN] [1776151224.634568466] [behavior_server]: spin failed
[WARN] [1776151224.634582526] [behavior_server]: [spin] [ActionServer] Aborting handle.
[INFO] [1776151224.656139949] [behavior_server]: Running wait
[INFO] [1776151243.456467847] [behavior_server]: wait completed successfully
[WARN] [1776151243.480822339] [planner_server]: GridBased plugin failed to plan from (-0.00, -0.00) to (3.00, 4.00): "Failed to create plan with tolerance of: 0.500000"
[WARN] [1776151243.480913631] [planner_server]: [compute_path_to_pose] [ActionServer] Aborting handle.
[INFO] [1776151243.499775203] [global_costmap.global_costmap]: Received request to clear entirely the global_costmap
[WARN] [1776151243.816970226] [planner_server]: GridBased plugin failed to plan from (-0.00, -0.00) to (3.00, 4.00): "Failed to create plan with tolerance of: 0.500000"
[WARN] [1776151243.817138034] [planner_server]: [compute_path_to_pose] [ActionServer] Aborting handle.
[WARN] [1776151243.843171313] [bt_navigator]: [navigate_to_pose] [ActionServer] Aborting handle.
[ERROR] [1776151243.843412701] [bt_navigator]: Goal failed
[INFO] [1776151344.084319702] [amcl]: initialPoseReceived
[WARN] [1776151344.084431242] [amcl]: Failed to transform initial pose in time (Lookup would require extrapolation into the future.  Requested time 122.810000 but the latest data is at time 122.800000, when looking up transform from frame [base_footprint] to frame [odom])
[INFO] [1776151344.084459501] [amcl]: Setting pose (122.810000): 0.036 -0.006 0.042
[INFO] [1776151357.845087604] [amcl]: initialPoseReceived
[WARN] [1776151357.845263432] [amcl]: Failed to transform initial pose in time (Lookup would require extrapolation into the future.  Requested time 126.688000 but the latest data is at time 126.680000, when looking up transform from frame [base_footprint] to frame [odom])
[INFO] [1776151357.845306020] [amcl]: Setting pose (126.688000): 0.056 0.052 -0.011
[INFO] [1776151363.552412082] [amcl]: initialPoseReceived
[WARN] [1776151363.552468501] [amcl]: Failed to transform initial pose in time (Lookup would require extrapolation into the future.  Requested time 128.295000 but the latest data is at time 128.280000, when looking up transform from frame [base_footprint] to frame [odom])
[INFO] [1776151363.552478153] [amcl]: Setting pose (128.295000): 0.071 -0.038 0.049
[INFO] [1776151389.564715158] [amcl]: initialPoseReceived
[WARN] [1776151389.564813792] [amcl]: Failed to transform initial pose in time (Lookup would require extrapolation into the future.  Requested time 1776151389.536329 but the latest data is at time 136.300000, when looking up transform from frame [odom] to frame [base_footprint])
[INFO] [1776151389.564825296] [amcl]: Setting pose (135.400000): 0.000 0.000 0.000
[INFO] [1776151393.593922823] [bt_navigator]: Begin navigating from current location (-0.00, -0.00) to (3.00, 4.00)
[WARN] [1776151393.596856270] [planner_server]: GridBased plugin failed to plan from (-0.00, -0.00) to (3.00, 4.00): "Failed to create plan with tolerance of: 0.500000"
[WARN] [1776151393.596945969] [planner_server]: [compute_path_to_pose] [ActionServer] Aborting handle.
[INFO] [1776151393.614444354] [global_costmap.global_costmap]: Received request to clear entirely the global_costmap
[WARN] [1776151393.827027336] [planner_server]: GridBased plugin failed to plan from (-0.00, -0.00) to (3.00, 4.00): "Failed to create plan with tolerance of: 0.500000"
[WARN] [1776151393.827128135] [planner_server]: [compute_path_to_pose] [ActionServer] Aborting handle.
[INFO] [1776151393.844919215] [local_costmap.local_costmap]: Received request to clear entirely the local_costmap
[INFO] [1776151393.845292608] [global_costmap.global_costmap]: Received request to clear entirely the global_costmap
[WARN] [1776151394.818418610] [planner_server]: GridBased plugin failed to plan from (-0.00, -0.00) to (3.00, 4.00): "Failed to create plan with tolerance of: 0.500000"
[WARN] [1776151394.818564908] [planner_server]: [compute_path_to_pose] [ActionServer] Aborting handle.
[INFO] [1776151394.834532721] [global_costmap.global_costmap]: Received request to clear entirely the global_costmap
[WARN] [1776151395.818353509] [planner_server]: GridBased plugin failed to plan from (-0.00, -0.00) to (3.00, 4.00): "Failed to create plan with tolerance of: 0.500000"
[WARN] [1776151395.818494306] [planner_server]: [compute_path_to_pose] [ActionServer] Aborting handle.
[INFO] [1776151395.835823694] [behavior_server]: Running spin
[INFO] [1776151395.835921993] [behavior_server]: Turning 1.57 for spin behavior.
[INFO] [1776151399.904992258] [amcl]: initialPoseReceived
[WARN] [1776151399.905110058] [amcl]: Failed to transform initial pose in time (Lookup would require extrapolation into the future.  Requested time 138.271000 but the latest data is at time 138.260000, when looking up transform from frame [base_footprint] to frame [odom])
[INFO] [1776151399.905128458] [amcl]: Setting pose (138.271000): 0.012 0.037 0.026
[WARN] [1776151429.736082404] [behavior_server]: Exceeded time allowance before reaching the Spin goal - Exiting Spin
[WARN] [1776151429.736147804] [behavior_server]: spin failed
[WARN] [1776151429.736158304] [behavior_server]: [spin] [ActionServer] Aborting handle.
[INFO] [1776151429.754911305] [behavior_server]: Running wait
[INFO] [1776151446.655101804] [behavior_server]: wait completed successfully
[WARN] [1776151446.677307437] [planner_server]: GridBased plugin failed to plan from (0.02, 0.02) to (3.00, 4.00): "Failed to create plan with tolerance of: 0.500000"
[WARN] [1776151446.677416499] [planner_server]: [compute_path_to_pose] [ActionServer] Aborting handle.
[INFO] [1776151446.695224951] [global_costmap.global_costmap]: Received request to clear entirely the global_costmap
[WARN] [1776151446.820435746] [planner_server]: GridBased plugin failed to plan from (0.02, 0.02) to (3.00, 4.00): "Failed to create plan with tolerance of: 0.500000"
[WARN] [1776151446.820627682] [planner_server]: [compute_path_to_pose] [ActionServer] Aborting handle.
[INFO] [1776151446.840981374] [behavior_server]: Running backup
[WARN] [1776151479.341262519] [behavior_server]: Exceeded time allowance before reaching the DriveOnHeading goal - Exiting DriveOnHeading
[WARN] [1776151479.341318835] [behavior_server]: backup failed
[WARN] [1776151479.341328056] [behavior_server]: [backup] [ActionServer] Aborting handle.
[INFO] [1776151479.354356495] [local_costmap.local_costmap]: Received request to clear entirely the local_costmap
[INFO] [1776151479.355147299] [global_costmap.global_costmap]: Received request to clear entirely the global_costmap
[WARN] [1776151479.818189506] [planner_server]: GridBased plugin failed to plan from (0.02, 0.02) to (3.00, 4.00): "Failed to create plan with tolerance of: 0.500000"
[WARN] [1776151479.818291331] [planner_server]: [compute_path_to_pose] [ActionServer] Aborting handle.
[INFO] [1776151479.834445608] [global_costmap.global_costmap]: Received request to clear entirely the global_costmap
[WARN] [1776151480.819027126] [planner_server]: GridBased plugin failed to plan from (0.02, 0.02) to (3.00, 4.00): "Failed to create plan with tolerance of: 0.500000"
[WARN] [1776151480.819108371] [planner_server]: [compute_path_to_pose] [ActionServer] Aborting handle.
[INFO] [1776151480.840300918] [behavior_server]: Running spin
[INFO] [1776151480.840436428] [behavior_server]: Turning 1.57 for spin behavior.
[WARN] [1776151513.340679830] [behavior_server]: Exceeded time allowance before reaching the Spin goal - Exiting Spin
[WARN] [1776151513.340756973] [behavior_server]: spin failed
[WARN] [1776151513.340771820] [behavior_server]: [spin] [ActionServer] Aborting handle.
[INFO] [1776151513.355294225] [behavior_server]: Running wait
[INFO] [1776151530.257053661] [behavior_server]: wait completed successfully
[WARN] [1776151530.270054323] [planner_server]: GridBased plugin failed to plan from (0.02, 0.02) to (3.00, 4.00): "Failed to create plan with tolerance of: 0.500000"
[WARN] [1776151530.270140841] [planner_server]: [compute_path_to_pose] [ActionServer] Aborting handle.
[INFO] [1776151530.284912592] [global_costmap.global_costmap]: Received request to clear entirely the global_costmap
[WARN] [1776151530.818596948] [planner_server]: GridBased plugin failed to plan from (0.02, 0.02) to (3.00, 4.00): "Failed to create plan with tolerance of: 0.500000"
[WARN] [1776151530.818672116] [planner_server]: [compute_path_to_pose] [ActionServer] Aborting handle.
[INFO] [1776151530.834812929] [behavior_server]: Running backup
[INFO] [1776151534.928988632] [rclcpp]: signal_handler(SIGINT/SIGTERM)
[INFO] [1776151534.929100750] [amcl]: Running Nav2 LifecycleNode rcl preshutdown (amcl)
[INFO] [1776151534.929198412] [amcl]: Deactivating
[INFO] [1776151534.929222979] [amcl]: Destroying bond (amcl) to lifecycle manager.
[INFO] [1776151534.939692863] [amcl]: Cleaning up
[INFO] [1776151534.979761319] [amcl]: Destroying bond (amcl) to lifecycle manager.
[INFO] [1776151534.979808127] [lifecycle_manager_localization]: Running Nav2 LifecycleManager rcl preshutdown (lifecycle_manager_localization)
[INFO] [1776151534.979836536] [lifecycle_manager_localization]: [34m[1mTerminating bond timer...[0m[0m
[INFO] [1776151535.021003647] [map_server]: Running Nav2 LifecycleNode rcl preshutdown (map_server)
[INFO] [1776151535.021096477] [map_server]: Deactivating
[INFO] [1776151535.021125840] [map_server]: Destroying bond (map_server) to lifecycle manager.
[INFO] [1776151535.031293820] [map_server]: Cleaning up
[INFO] [1776151535.031369497] [map_server]: Destroying bond (map_server) to lifecycle manager.
[INFO] [1776151535.031378780] [controller_server]: Running Nav2 LifecycleNode rcl preshutdown (controller_server)
[INFO] [1776151535.031404813] [controller_server]: Deactivating
[INFO] [1776151535.031460310] [MPPIController]: Deactivated MPPI Controller: FollowPath
[INFO] [1776151535.031492498] [local_costmap.local_costmap]: Deactivating
[INFO] [1776151535.175907075] [controller_server]: Destroying bond (controller_server) to lifecycle manager.
[INFO] [1776151535.186406521] [controller_server]: Cleaning up
[INFO] [1776151535.188719718] [MPPIController]: Cleaned up MPPI Controller: FollowPath
[INFO] [1776151535.189330786] [local_costmap.local_costmap]: Cleaning up
[INFO] [1776151535.287792592] [controller_server]: Destroying bond (controller_server) to lifecycle manager.
[INFO] [1776151535.287876644] [smoother_server]: Running Nav2 LifecycleNode rcl preshutdown (smoother_server)
[INFO] [1776151535.287929214] [smoother_server]: Deactivating
[INFO] [1776151535.287971291] [smoother_server]: Destroying bond (smoother_server) to lifecycle manager.
[INFO] [1776151535.305039714] [smoother_server]: Cleaning up
[INFO] [1776151535.340007495] [smoother_server]: Destroying bond (smoother_server) to lifecycle manager.
[INFO] [1776151535.340064606] [planner_server]: Running Nav2 LifecycleNode rcl preshutdown (planner_server)
[INFO] [1776151535.340088419] [planner_server]: Deactivating
[INFO] [1776151535.340129486] [global_costmap.global_costmap]: Deactivating
[INFO] [1776151535.350151561] [lifecycle_manager_navigation]: [34m[1mHave not received a heartbeat from controller_server.[0m[0m
[ERROR] [1776151535.350212809] [lifecycle_manager_navigation]: CRITICAL FAILURE: SERVER controller_server IS DOWN after not receiving a heartbeat for 4000 ms. Shutting down related nodes.
[INFO] [1776151535.350261948] [lifecycle_manager_navigation]: [34m[1mTerminating bond timer...[0m[0m
[INFO] [1776151535.350267902] [lifecycle_manager_navigation]: [34m[1mResetting managed nodes...[0m[0m
[INFO] [1776151535.350271534] [lifecycle_manager_navigation]: [34m[1mDeactivating docking_server[0m[0m
[INFO] [1776151535.350578481] [docking_server]: Deactivating docking_server
[INFO] [1776151535.365394449] [docking_server]: Destroying bond (docking_server) to lifecycle manager.
[INFO] [1776151535.483101556] [lifecycle_manager_navigation]: [34m[1mDeactivating waypoint_follower[0m[0m
[INFO] [1776151535.483434737] [waypoint_follower]: Deactivating
[INFO] [1776151535.483491445] [waypoint_follower]: Destroying bond (waypoint_follower) to lifecycle manager.
[INFO] [1776151535.605936546] [lifecycle_manager_navigation]: [34m[1mDeactivating bt_navigator[0m[0m
[INFO] [1776151535.607073721] [bt_navigator]: Deactivating
[WARN] [1776151535.607158479] [bt_navigator]: [navigate_to_pose] [ActionServer] Requested to deactivate server but goal is still executing. Should check if action server is running before deactivating.
[ERROR] [1776151535.634794054] [bt_navigator_navigate_to_pose_rclcpp_node]: Failed to get result for backup in node halt!
