[INFO] [1776257908.105510724] [ellipse_controller]: Эллипс: a=1.5, b=0.7, speed=0.15, loops=1
[INFO] [1776257908.168620471] [ellipse_controller]: Длина эллипса ≈ 7.14 м
[INFO] [1776257908.169253578] [ellipse_controller]: Время одного оборота ≈ 47.6 сек
[INFO] [1776257908.220252011] [ellipse_controller]: t=0° v=0.150 w=0.459
[INFO] [1776257909.269506846] [ellipse_controller]: t=8° v=0.150 w=0.416
[INFO] [1776257910.272091613] [ellipse_controller]: t=15° v=0.150 w=0.326
[INFO] [1776257911.272313471] [ellipse_controller]: t=23° v=0.150 w=0.238
[INFO] [1776257912.320403748] [ellipse_controller]: t=31° v=0.150 w=0.168
[INFO] [1776257913.369184970] [ellipse_controller]: t=39° v=0.150 w=0.122
[INFO] [1776257914.418949133] [ellipse_controller]: t=47° v=0.150 w=0.092
[INFO] [1776257915.422973425] [ellipse_controller]: t=54° v=0.150 w=0.074
[INFO] [1776257916.468789684] [ellipse_controller]: t=62° v=0.150 w=0.062
[INFO] [1776257917.469539750] [ellipse_controller]: t=70° v=0.150 w=0.054
[INFO] [1776257918.523795922] [ellipse_controller]: t=78° v=0.150 w=0.049
[INFO] [1776257919.523964364] [ellipse_controller]: t=85° v=0.150 w=0.047
[INFO] [1776257920.569270102] [ellipse_controller]: t=93° v=0.150 w=0.047
[INFO] [1776257921.569501291] [ellipse_controller]: t=101° v=0.150 w=0.049
[INFO] [1776257922.624801338] [ellipse_controller]: t=109° v=0.150 w=0.053
[INFO] [1776257923.669034977] [ellipse_controller]: t=117° v=0.150 w=0.061
[INFO] [1776257924.670363870] [ellipse_controller]: t=124° v=0.150 w=0.072
[INFO] [1776257925.718929748] [ellipse_controller]: t=132° v=0.150 w=0.090
[INFO] [1776257926.719622934] [ellipse_controller]: t=140° v=0.150 w=0.117
[INFO] [1776257927.768898979] [ellipse_controller]: t=148° v=0.150 w=0.160
[INFO] [1776257928.769349288] [ellipse_controller]: t=155° v=0.150 w=0.222
[INFO] [1776257929.819479150] [ellipse_controller]: t=163° v=0.150 w=0.311
[INFO] [1776257930.869137105] [ellipse_controller]: t=171° v=0.150 w=0.407
[INFO] [1776257931.869323561] [ellipse_controller]: t=179° v=0.150 w=0.458
[INFO] [1776257932.919043476] [ellipse_controller]: t=187° v=0.150 w=0.427
[INFO] [1776257933.919106301] [ellipse_controller]: t=194° v=0.150 w=0.341
[INFO] [1776257934.919168587] [ellipse_controller]: t=202° v=0.150 w=0.250
[INFO] [1776257935.969008111] [ellipse_controller]: t=210° v=0.150 w=0.177
[INFO] [1776257937.023064439] [ellipse_controller]: t=218° v=0.150 w=0.128
[INFO] [1776257938.069760985] [ellipse_controller]: t=226° v=0.150 w=0.096
[INFO] [1776257939.119092157] [ellipse_controller]: t=234° v=0.150 w=0.076
[INFO] [1776257940.174500805] [ellipse_controller]: t=242° v=0.150 w=0.063
[INFO] [1776257941.220173597] [ellipse_controller]: t=250° v=0.150 w=0.054
[INFO] [1776257942.268798088] [ellipse_controller]: t=257° v=0.150 w=0.049
[INFO] [1776257943.269702039] [ellipse_controller]: t=265° v=0.150 w=0.047
[INFO] [1776257944.319481466] [ellipse_controller]: t=273° v=0.150 w=0.047
[INFO] [1776257945.369082599] [ellipse_controller]: t=281° v=0.150 w=0.049
[INFO] [1776257946.369654067] [ellipse_controller]: t=288° v=0.150 w=0.053
[INFO] [1776257947.418999222] [ellipse_controller]: t=296° v=0.150 w=0.060
[INFO] [1776257948.419122704] [ellipse_controller]: t=304° v=0.150 w=0.071
[INFO] [1776257949.468761277] [ellipse_controller]: t=312° v=0.150 w=0.089
[INFO] [1776257950.470103591] [ellipse_controller]: t=319° v=0.150 w=0.115
[INFO] [1776257951.519297762] [ellipse_controller]: t=327° v=0.150 w=0.157
[INFO] [1776257952.569972532] [ellipse_controller]: t=335° v=0.150 w=0.222
[INFO] [1776257953.620114435] [ellipse_controller]: t=343° v=0.150 w=0.311
[INFO] [1776257954.668903651] [ellipse_controller]: t=351° v=0.150 w=0.407
[INFO] [1776257955.718839491] [ellipse_controller]: t=359° v=0.150 w=0.459
[INFO] [1776257955.819525153] [ellipse_controller]: Эллипс завершён! Останавливаюсь.
