[INFO] [1776323191.309531905] [robot_controller]: Поток клавиатуры запущен.
[INFO] [1776323194.131024176] [robot_controller]: Режим: РУЧНОЕ УПРАВЛЕНИЕ
[INFO] [1776323199.310272888] [robot_controller]: Режим: ДВИЖЕНИЕ ВДОЛЬ СТЕНЫ
[INFO] [1776323199.346058268] [robot_controller]: 🚀 Ищу стену... еду вперёд. front=1.47
[INFO] [1776323199.696264841] [robot_controller]: 🚀 Ищу стену... еду вперёд. front=1.47
[INFO] [1776323200.045786919] [robot_controller]: 🚀 Ищу стену... еду вперёд. front=1.46
[INFO] [1776323200.346110137] [robot_controller]: 🚀 Ищу стену... еду вперёд. front=1.43
[INFO] [1776323200.696947004] [robot_controller]: 🚀 Ищу стену... еду вперёд. front=1.43
[INFO] [1776323201.046052687] [robot_controller]: 🚀 Ищу стену... еду вперёд. front=1.39
[INFO] [1776323201.395794763] [robot_controller]: 🚀 Ищу стену... еду вперёд. front=1.37
[INFO] [1776323201.695801884] [robot_controller]: 🚀 Ищу стену... еду вперёд. front=1.32
[INFO] [1776323201.996043903] [robot_controller]: 🚀 Ищу стену... еду вперёд. front=1.28
[INFO] [1776323202.346036677] [robot_controller]: 🚀 Ищу стену... еду вперёд. front=1.26
[INFO] [1776323202.700834309] [robot_controller]: 🚀 Ищу стену... еду вперёд. front=1.22
[INFO] [1776323203.049014399] [robot_controller]: 🚀 Ищу стену... еду вперёд. front=1.21
[INFO] [1776323203.395765303] [robot_controller]: 🚀 Ищу стену... еду вперёд. front=1.15
[INFO] [1776323203.695805723] [robot_controller]: 🚀 Ищу стену... еду вперёд. front=1.14
[INFO] [1776323203.996066342] [robot_controller]: 🚀 Ищу стену... еду вперёд. front=1.11
[INFO] [1776323204.346033416] [robot_controller]: 🚀 Ищу стену... еду вперёд. front=1.10
[INFO] [1776323204.648729613] [robot_controller]: 🚀 Ищу стену... еду вперёд. front=1.05
[INFO] [1776323204.996401508] [robot_controller]: 🚀 Ищу стену... еду вперёд. front=1.04
[INFO] [1776323205.345809388] [robot_controller]: 🚀 Ищу стену... еду вперёд. front=1.01
[INFO] [1776323205.696810853] [robot_controller]: 🚀 Ищу стену... еду вперёд. front=0.96
[INFO] [1776323206.048945608] [robot_controller]: 🚀 Ищу стену... еду вперёд. front=0.93
[INFO] [1776323206.396037447] [robot_controller]: 🚀 Ищу стену... еду вперёд. front=0.91
[INFO] [1776323206.745998411] [robot_controller]: 🚀 Ищу стену... еду вперёд. front=0.81
[INFO] [1776323207.096076772] [robot_controller]: 🚀 Ищу стену... еду вперёд. front=0.80
[INFO] [1776323207.448335170] [robot_controller]: 🚀 Ищу стену... еду вперёд. front=0.76
[INFO] [1776323207.795817187] [robot_controller]: 🚀 Ищу стену... еду вперёд. front=0.74
[INFO] [1776323208.145932149] [robot_controller]: 🚀 Ищу стену... еду вперёд. front=0.68
[INFO] [1776323208.500015877] [robot_controller]: 🚀 Ищу стену... еду вперёд. front=0.67
[INFO] [1776323208.848317508] [robot_controller]: 🚀 Ищу стену... еду вперёд. front=0.64
[INFO] [1776323209.195946628] [robot_controller]: 🚀 Ищу стену... еду вперёд. front=0.61
[INFO] [1776323209.496047952] [robot_controller]: 🎯 НАШЛИ СТЕНУ ВПЕРЕДИ! Поворот вправо...
[INFO] [1776323209.798058008] [robot_controller]: 🎯 НАШЛИ СТЕНУ ВПЕРЕДИ! Поворот вправо...
[INFO] [1776323210.146064134] [robot_controller]: 🎯 НАШЛИ СТЕНУ ВПЕРЕДИ! Поворот вправо...
[INFO] [1776323210.495896591] [robot_controller]: 🎯 НАШЛИ СТЕНУ ВПЕРЕДИ! Поворот вправо...
[INFO] [1776323210.796060417] [robot_controller]: 🎯 НАШЛИ СТЕНУ ВПЕРЕДИ! Поворот вправо...
[INFO] [1776323211.147363298] [robot_controller]: 🎯 НАШЛИ СТЕНУ ВПЕРЕДИ! Поворот вправо...
[INFO] [1776323211.497946167] [robot_controller]: 🎯 НАШЛИ СТЕНУ ВПЕРЕДИ! Поворот вправо...
[INFO] [1776323211.845914993] [robot_controller]: 🎯 НАШЛИ СТЕНУ ВПЕРЕДИ! Поворот вправо...
[INFO] [1776323212.195820551] [robot_controller]: 🎯 НАШЛИ СТЕНУ ВПЕРЕДИ! Поворот вправо...
[INFO] [1776323212.500814457] [robot_controller]: 🎯 НАШЛИ СТЕНУ ВПЕРЕДИ! Поворот вправо...
[INFO] [1776323212.846419043] [robot_controller]: ⚠️ СТЕНА ВПЕРЕДИ (0.52м) → поворот вправо
[INFO] [1776323213.198421736] [robot_controller]: ⚠️ СТЕНА ВПЕРЕДИ (0.51м) → поворот вправо
[INFO] [1776323213.545818452] [robot_controller]: ⚠️ СТЕНА ВПЕРЕДИ (0.53м) → поворот вправо
