[INFO] [1776315425.561176508] [basic_navigator]: Publishing Initial Pose
[INFO] [1776315425.563029582] [basic_navigator]: Ожидание активации Nav2...
[INFO] [1776315429.583369817] [basic_navigator]: Nav2 is ready for use!
[INFO] [1776315429.583850213] [basic_navigator]: Nav2 активирован!
[INFO] [1776315429.584272781] [basic_navigator]: [1/4] Еду в: Кабинет (x=3.0, y=-3.0)
[INFO] [1776315429.585295195] [basic_navigator]: Navigating to goal: 3.0 -3.0...
[INFO] [1776315429.695643278] [basic_navigator]:   Осталось: 4.32 м
[INFO] [1776315430.204705746] [basic_navigator]:   Осталось: 4.32 м
[INFO] [1776315431.306392332] [basic_navigator]:   Осталось: 4.29 м
[INFO] [1776315432.407810157] [basic_navigator]:   Осталось: 4.17 м
[INFO] [1776315433.509600313] [basic_navigator]:   Осталось: 4.05 м
[INFO] [1776315434.611017938] [basic_navigator]:   Осталось: 3.92 м
[INFO] [1776315435.712110172] [basic_navigator]:   Осталось: 3.82 м
[INFO] [1776315436.818128908] [basic_navigator]:   Осталось: 3.65 м
[INFO] [1776315437.919958909] [basic_navigator]:   Осталось: 3.52 м
[INFO] [1776315439.022353775] [basic_navigator]:   Осталось: 3.40 м
[INFO] [1776315440.123384290] [basic_navigator]:   Осталось: 3.30 м
[INFO] [1776315441.225731814] [basic_navigator]:   Осталось: 3.15 м
[INFO] [1776315442.328128305] [basic_navigator]:   Осталось: 3.05 м
[INFO] [1776315443.429763270] [basic_navigator]:   Осталось: 2.90 м
[INFO] [1776315444.532048218] [basic_navigator]:   Осталось: 2.75 м
[INFO] [1776315445.634914314] [basic_navigator]:   Осталось: 2.60 м
[INFO] [1776315446.737669740] [basic_navigator]:   Осталось: 2.47 м
[INFO] [1776315447.840649128] [basic_navigator]:   Осталось: 2.40 м
[INFO] [1776315448.943374749] [basic_navigator]:   Осталось: 2.22 м
[INFO] [1776315450.047490996] [basic_navigator]:   Осталось: 2.10 м
[INFO] [1776315451.148312244] [basic_navigator]:   Осталось: 1.95 м
[INFO] [1776315452.249649192] [basic_navigator]:   Осталось: 1.85 м
[INFO] [1776315453.351531896] [basic_navigator]:   Осталось: 1.72 м
[INFO] [1776315454.454253358] [basic_navigator]:   Осталось: 1.62 м
[INFO] [1776315455.556492736] [basic_navigator]:   Осталось: 1.47 м
[INFO] [1776315456.658609689] [basic_navigator]:   Осталось: 1.35 м
[INFO] [1776315457.759709979] [basic_navigator]:   Осталось: 1.22 м
[INFO] [1776315458.860741643] [basic_navigator]:   Осталось: 1.10 м
[INFO] [1776315459.962054022] [basic_navigator]:   Осталось: 0.97 м
[INFO] [1776315461.066202600] [basic_navigator]:   Осталось: 0.87 м
[INFO] [1776315462.169945748] [basic_navigator]:   Осталось: 0.72 м
[INFO] [1776315462.702244150] [basic_navigator]:   Осталось: 0.62 м
[INFO] [1776315463.804136599] [basic_navigator]:   Осталось: 0.50 м
[INFO] [1776315464.905294023] [basic_navigator]:   Осталось: 0.42 м
[INFO] [1776315466.006412702] [basic_navigator]:   Осталось: 0.32 м
[INFO] [1776315467.110191398] [basic_navigator]:   Осталось: 0.22 м
[INFO] [1776315468.214587042] [basic_navigator]:   Осталось: 0.17 м
[INFO] [1776315469.315994491] [basic_navigator]:   Осталось: 0.10 м
[INFO] [1776315470.417652965] [basic_navigator]:   Осталось: 0.07 м
[INFO] [1776315471.520730547] [basic_navigator]:   Осталось: 0.07 м
[INFO] [1776315472.522371635] [basic_navigator]: ✅ Точка "Кабинет" достигнута!
[INFO] [1776315474.523131594] [basic_navigator]: [2/4] Еду в: Коридор (x=0.0, y=0.0)
[INFO] [1776315474.523937994] [basic_navigator]: Navigating to goal: 0.0 0.0...
[INFO] [1776315474.627239679] [basic_navigator]:   Осталось: 4.28 м
[INFO] [1776315475.728210428] [basic_navigator]:   Осталось: 4.25 м
[INFO] [1776315476.829487177] [basic_navigator]:   Осталось: 4.23 м
[INFO] [1776315477.932028201] [basic_navigator]:   Осталось: 4.23 м
[INFO] [1776315479.039652207] [basic_navigator]:   Осталось: 4.21 м
[INFO] [1776315480.144338362] [basic_navigator]:   Осталось: 4.21 м
[INFO] [1776315481.246047607] [basic_navigator]:   Осталось: 4.21 м
[INFO] [1776315482.348556053] [basic_navigator]:   Осталось: 4.18 м
[INFO] [1776315483.450382998] [basic_navigator]:   Осталось: 4.18 м
[INFO] [1776315484.556071343] [basic_navigator]:   Осталось: 4.21 м
[INFO] [1776315485.662273100] [basic_navigator]:   Осталось: 4.15 м
[INFO] [1776315486.764166869] [basic_navigator]:   Осталось: 4.15 м
[INFO] [1776315487.871695364] [basic_navigator]:   Осталось: 4.08 м
[INFO] [1776315488.975763227] [basic_navigator]:   Осталось: 3.97 м
[INFO] [1776315490.077206763] [basic_navigator]:   Осталось: 3.82 м
[INFO] [1776315491.178129196] [basic_navigator]:   Осталось: 3.70 м
[INFO] [1776315492.279162637] [basic_navigator]:   Осталось: 3.60 м
[INFO] [1776315493.383458734] [basic_navigator]:   Осталось: 3.47 м
[INFO] [1776315493.882414423] [basic_navigator]:   Осталось: 3.35 м
[INFO] [1776315494.983705604] [basic_navigator]:   Осталось: 3.22 м
[INFO] [1776315496.086941504] [basic_navigator]:   Осталось: 3.11 м
[INFO] [1776315497.189029351] [basic_navigator]:   Осталось: 2.97 м
[INFO] [1776315498.290152997] [basic_navigator]:   Осталось: 2.86 м
[INFO] [1776315499.391081244] [basic_navigator]:   Осталось: 2.71 м
[INFO] [1776315500.494163991] [basic_navigator]:   Осталось: 2.57 м
[INFO] [1776315501.595351771] [basic_navigator]:   Осталось: 2.42 м
[INFO] [1776315502.698662703] [basic_navigator]:   Осталось: 2.30 м
[INFO] [1776315503.800860185] [basic_navigator]:   Осталось: 2.17 м
[INFO] [1776315504.903271192] [basic_navigator]:   Осталось: 2.05 м
[INFO] [1776315506.008500707] [basic_navigator]:   Осталось: 1.92 м
[INFO] [1776315507.110539698] [basic_navigator]:   Осталось: 1.77 м
[INFO] [1776315508.212825029] [basic_navigator]:   Осталось: 1.65 м
[INFO] [1776315509.314206877] [basic_navigator]:   Осталось: 1.48 м
[INFO] [1776315510.414966856] [basic_navigator]:   Осталось: 1.36 м
[INFO] [1776315511.520074005] [basic_navigator]:   Осталось: 1.20 м
[INFO] [1776315512.623891936] [basic_navigator]:   Осталось: 1.05 м
[INFO] [1776315513.724780283] [basic_navigator]:   Осталось: 0.92 м
[INFO] [1776315514.825927593] [basic_navigator]:   Осталось: 0.77 м
[INFO] [1776315515.931158924] [basic_navigator]:   Осталось: 0.62 м
[INFO] [1776315517.032286836] [basic_navigator]:   Осталось: 0.55 м
[INFO] [1776315518.135507231] [basic_navigator]:   Осталось: 0.42 м
[INFO] [1776315519.237972630] [basic_navigator]:   Осталось: 0.35 м
[INFO] [1776315520.342953949] [basic_navigator]:   Осталось: 0.27 м
[INFO] [1776315521.444442396] [basic_navigator]:   Осталось: 0.25 м
[INFO] [1776315522.545380144] [basic_navigator]:   Осталось: 0.22 м
[INFO] [1776315523.647901291] [basic_navigator]:   Осталось: 0.22 м
[INFO] [1776315524.749498639] [basic_navigator]:   Осталось: 0.22 м
[INFO] [1776315525.852180014] [basic_navigator]:   Осталось: 0.20 м
[INFO] [1776315526.330582580] [basic_navigator]:   Осталось: 0.20 м
[INFO] [1776315527.431963427] [basic_navigator]:   Осталось: 0.15 м
[INFO] [1776315528.533475914] [basic_navigator]:   Осталось: 0.15 м
[INFO] [1776315529.535498757] [basic_navigator]: ✅ Точка "Коридор" достигнута!
[INFO] [1776315531.536163282] [basic_navigator]: [3/4] Еду в: Правый коридор (x=4.0, y=0.0)
[INFO] [1776315531.537057082] [basic_navigator]: Navigating to goal: 4.0 0.0...
[INFO] [1776315531.639833368] [basic_navigator]:   Осталось: 3.87 м
[INFO] [1776315532.742720117] [basic_navigator]:   Осталось: 3.87 м
[INFO] [1776315533.844422332] [basic_navigator]:   Осталось: 3.77 м
[INFO] [1776315534.946371839] [basic_navigator]:   Осталось: 3.62 м
[INFO] [1776315536.048560655] [basic_navigator]:   Осталось: 3.50 м
[INFO] [1776315537.149472654] [basic_navigator]:   Осталось: 3.35 м
[INFO] [1776315538.250801195] [basic_navigator]:   Осталось: 3.20 м
[INFO] [1776315539.353518460] [basic_navigator]:   Осталось: 3.05 м
[INFO] [1776315540.455757325] [basic_navigator]:   Осталось: 2.90 м
[INFO] [1776315541.556906151] [basic_navigator]:   Осталось: 2.77 м
[INFO] [1776315542.658361569] [basic_navigator]:   Осталось: 2.60 м
[INFO] [1776315543.759969101] [basic_navigator]:   Осталось: 2.45 м
[INFO] [1776315544.861322808] [basic_navigator]:   Осталось: 2.30 м
[INFO] [1776315545.962375912] [basic_navigator]:   Осталось: 2.15 м
[INFO] [1776315547.071908809] [basic_navigator]:   Осталось: 2.00 м
[INFO] [1776315548.175504271] [basic_navigator]:   Осталось: 1.85 м
[INFO] [1776315549.279825086] [basic_navigator]:   Осталось: 1.70 м
[INFO] [1776315550.381065721] [basic_navigator]:   Осталось: 1.52 м
[INFO] [1776315551.483854216] [basic_navigator]:   Осталось: 1.37 м
[INFO] [1776315552.585507717] [basic_navigator]:   Осталось: 1.20 м
[INFO] [1776315553.686832514] [basic_navigator]:   Осталось: 1.05 м
[INFO] [1776315554.792686674] [basic_navigator]:   Осталось: 0.90 м
[INFO] [1776315555.895337200] [basic_navigator]:   Осталось: 0.72 м
[INFO] [1776315556.996557769] [basic_navigator]:   Осталось: 0.60 м
[INFO] [1776315558.097680361] [basic_navigator]:   Осталось: 0.50 м
[INFO] [1776315558.595905696] [basic_navigator]:   Осталось: 0.37 м
[INFO] [1776315559.696830045] [basic_navigator]:   Осталось: 0.27 м
[INFO] [1776315560.698486469] [basic_navigator]: ✅ Точка "Правый коридор" достигнута!
[INFO] [1776315562.700666892] [basic_navigator]: [4/4] Еду в: Коридор (старт) (x=0.0, y=0.0)
[INFO] [1776315562.701501933] [basic_navigator]: Navigating to goal: 0.0 0.0...
[INFO] [1776315562.806010768] [basic_navigator]:   Осталось: 3.77 м
[INFO] [1776315563.909037622] [basic_navigator]:   Осталось: 3.77 м
[INFO] [1776315565.010762801] [basic_navigator]:   Осталось: 3.67 м
[INFO] [1776315566.112884170] [basic_navigator]:   Осталось: 3.62 м
[INFO] [1776315567.217164252] [basic_navigator]:   Осталось: 3.57 м
[INFO] [1776315568.319110834] [basic_navigator]:   Осталось: 3.47 м
[INFO] [1776315569.421067600] [basic_navigator]:   Осталось: 3.42 м
[INFO] [1776315570.522866415] [basic_navigator]:   Осталось: 3.37 м
[INFO] [1776315571.625025223] [basic_navigator]:   Осталось: 3.32 м
[INFO] [1776315572.726311613] [basic_navigator]:   Осталось: 3.22 м
[INFO] [1776315573.827420284] [basic_navigator]:   Осталось: 3.17 м
[INFO] [1776315574.929728498] [basic_navigator]:   Осталось: 3.10 м
[INFO] [1776315576.030731650] [basic_navigator]:   Осталось: 3.05 м
[INFO] [1776315577.136324107] [basic_navigator]:   Осталось: 2.97 м
[INFO] [1776315578.239789234] [basic_navigator]:   Осталось: 2.87 м
[INFO] [1776315579.341440639] [basic_navigator]:   Осталось: 2.82 м
[INFO] [1776315580.446177011] [basic_navigator]:   Осталось: 2.77 м
[INFO] [1776315581.547364141] [basic_navigator]:   Осталось: 2.67 м
[INFO] [1776315582.648646171] [basic_navigator]:   Осталось: 2.62 м
[INFO] [1776315583.750201287] [basic_navigator]:   Осталось: 2.57 м
[INFO] [1776315584.852014867] [basic_navigator]:   Осталось: 2.52 м
[INFO] [1776315585.955612100] [basic_navigator]:   Осталось: 2.42 м
[INFO] [1776315587.057776025] [basic_navigator]:   Осталось: 2.37 м
[INFO] [1776315588.159336874] [basic_navigator]:   Осталось: 2.30 м
[INFO] [1776315589.260805123] [basic_navigator]:   Осталось: 2.25 м
[INFO] [1776315589.727377804] [basic_navigator]:   Осталось: 2.20 м
[INFO] [1776315590.828392591] [basic_navigator]:   Осталось: 2.20 м
