[INFO] [1776151389.560511195] [basic_navigator]: Publishing Initial Pose
[INFO] [1776151389.561544455] [basic_navigator]: Ожидание активации Nav2...
[INFO] [1776151393.591343369] [basic_navigator]: Nav2 is ready for use!
[INFO] [1776151393.591682463] [basic_navigator]: Nav2 активирован!
[INFO] [1776151393.592071356] [basic_navigator]: [1/5] Еду в: Кухня (x=3.0, y=4.0)
[INFO] [1776151393.592826243] [basic_navigator]: Navigating to goal: 3.0 4.0...
[INFO] [1776151393.696818575] [basic_navigator]:   Осталось: 0.00 м
[INFO] [1776151394.799743846] [basic_navigator]:   Осталось: 0.00 м
[INFO] [1776151395.901679108] [basic_navigator]:   Осталось: 0.00 м
[INFO] [1776151397.006415297] [basic_navigator]:   Осталось: 0.00 м
[INFO] [1776151398.120487360] [basic_navigator]:   Осталось: 0.00 м
[INFO] [1776151399.222904957] [basic_navigator]:   Осталось: 0.00 м
[INFO] [1776151400.325833137] [basic_navigator]:   Осталось: 0.00 м
[INFO] [1776151401.429965200] [basic_navigator]:   Осталось: 0.00 м
[INFO] [1776151402.531257362] [basic_navigator]:   Осталось: 0.00 м
[INFO] [1776151403.633335911] [basic_navigator]:   Осталось: 0.00 м
[INFO] [1776151404.734786654] [basic_navigator]:   Осталось: 0.00 м
[INFO] [1776151405.835626815] [basic_navigator]:   Осталось: 0.00 м
[INFO] [1776151406.937328251] [basic_navigator]:   Осталось: 0.00 м
[INFO] [1776151408.039409184] [basic_navigator]:   Осталось: 0.00 м
[INFO] [1776151409.141231210] [basic_navigator]:   Осталось: 0.00 м
[INFO] [1776151410.244013267] [basic_navigator]:   Осталось: 0.00 м
[INFO] [1776151411.345559381] [basic_navigator]:   Осталось: 0.00 м
[INFO] [1776151412.446886892] [basic_navigator]:   Осталось: 0.00 м
[INFO] [1776151413.548582334] [basic_navigator]:   Осталось: 0.00 м
[INFO] [1776151414.650840836] [basic_navigator]:   Осталось: 0.00 м
[INFO] [1776151415.753192005] [basic_navigator]:   Осталось: 0.00 м
[INFO] [1776151416.855728985] [basic_navigator]:   Осталось: 0.00 м
[INFO] [1776151417.956787764] [basic_navigator]:   Осталось: 0.00 м
[INFO] [1776151419.058223842] [basic_navigator]:   Осталось: 0.00 м
[INFO] [1776151420.159789419] [basic_navigator]:   Осталось: 0.00 м
[INFO] [1776151421.262066328] [basic_navigator]:   Осталось: 0.00 м
[INFO] [1776151422.363356764] [basic_navigator]:   Осталось: 0.00 м
[INFO] [1776151423.466459301] [basic_navigator]:   Осталось: 0.00 м
[INFO] [1776151424.569031037] [basic_navigator]:   Осталось: 0.00 м
[INFO] [1776151425.670192071] [basic_navigator]:   Осталось: 0.00 м
[INFO] [1776151426.771494554] [basic_navigator]:   Осталось: 0.00 м
[INFO] [1776151427.872530861] [basic_navigator]:   Осталось: 0.00 м
[INFO] [1776151428.974240767] [basic_navigator]:   Осталось: 0.00 м
[INFO] [1776151430.080553722] [basic_navigator]:   Осталось: 0.00 м
[INFO] [1776151431.186006683] [basic_navigator]:   Осталось: 0.00 м
[INFO] [1776151432.286988043] [basic_navigator]:   Осталось: 0.00 м
[INFO] [1776151433.388555803] [basic_navigator]:   Осталось: 0.00 м
[INFO] [1776151434.490113174] [basic_navigator]:   Осталось: 0.00 м
[INFO] [1776151435.591323610] [basic_navigator]:   Осталось: 0.00 м
[INFO] [1776151436.692662641] [basic_navigator]:   Осталось: 0.00 м
[INFO] [1776151437.797882474] [basic_navigator]:   Осталось: 0.00 м
[INFO] [1776151438.899033993] [basic_navigator]:   Осталось: 0.00 м
[INFO] [1776151440.001888692] [basic_navigator]:   Осталось: 0.00 м
[INFO] [1776151441.103109769] [basic_navigator]:   Осталось: 0.00 м
[INFO] [1776151442.204349026] [basic_navigator]:   Осталось: 0.00 м
[INFO] [1776151443.309633958] [basic_navigator]:   Осталось: 0.00 м
[INFO] [1776151444.410977613] [basic_navigator]:   Осталось: 0.00 м
[INFO] [1776151445.512150928] [basic_navigator]:   Осталось: 0.00 м
[INFO] [1776151446.613825433] [basic_navigator]:   Осталось: 0.00 м
[INFO] [1776151447.716869780] [basic_navigator]:   Осталось: 0.00 м
[INFO] [1776151448.819374850] [basic_navigator]:   Осталось: 0.00 м
[INFO] [1776151449.927030565] [basic_navigator]:   Осталось: 0.00 м
[INFO] [1776151451.028026937] [basic_navigator]:   Осталось: 0.00 м
[INFO] [1776151452.129132987] [basic_navigator]:   Осталось: 0.00 м
[INFO] [1776151453.231196728] [basic_navigator]:   Осталось: 0.00 м
[INFO] [1776151454.339508224] [basic_navigator]:   Осталось: 0.00 м
[INFO] [1776151455.440982756] [basic_navigator]:   Осталось: 0.00 м
[INFO] [1776151456.550959341] [basic_navigator]:   Осталось: 0.00 м
[INFO] [1776151457.653638474] [basic_navigator]:   Осталось: 0.00 м
[INFO] [1776151458.764936004] [basic_navigator]:   Осталось: 0.00 м
[INFO] [1776151459.873769084] [basic_navigator]:   Осталось: 0.00 м
[INFO] [1776151460.975139596] [basic_navigator]:   Осталось: 0.00 м
[INFO] [1776151462.076019633] [basic_navigator]:   Осталось: 0.00 м
[INFO] [1776151463.177562268] [basic_navigator]:   Осталось: 0.00 м
[INFO] [1776151464.278931848] [basic_navigator]:   Осталось: 0.00 м
[INFO] [1776151465.380578484] [basic_navigator]:   Осталось: 0.00 м
[INFO] [1776151466.483382256] [basic_navigator]:   Осталось: 0.00 м
[INFO] [1776151467.584748179] [basic_navigator]:   Осталось: 0.00 м
[INFO] [1776151468.693367468] [basic_navigator]:   Осталось: 0.00 м
[INFO] [1776151469.795663958] [basic_navigator]:   Осталось: 0.00 м
[INFO] [1776151470.897938521] [basic_navigator]:   Осталось: 0.00 м
[INFO] [1776151471.999117660] [basic_navigator]:   Осталось: 0.00 м
[INFO] [1776151473.100831818] [basic_navigator]:   Осталось: 0.00 м
[INFO] [1776151474.202218586] [basic_navigator]:   Осталось: 0.00 м
[INFO] [1776151475.306671930] [basic_navigator]:   Осталось: 0.00 м
[INFO] [1776151476.407413087] [basic_navigator]:   Осталось: 0.00 м
[INFO] [1776151477.508398034] [basic_navigator]:   Осталось: 0.00 м
[INFO] [1776151478.610207980] [basic_navigator]:   Осталось: 0.00 м
[INFO] [1776151479.711395153] [basic_navigator]:   Осталось: 0.00 м
[INFO] [1776151480.814117766] [basic_navigator]:   Осталось: 0.00 м
[INFO] [1776151481.922074270] [basic_navigator]:   Осталось: 0.00 м
[INFO] [1776151483.026697980] [basic_navigator]:   Осталось: 0.00 м
[INFO] [1776151484.129867528] [basic_navigator]:   Осталось: 0.00 м
[INFO] [1776151485.231419291] [basic_navigator]:   Осталось: 0.00 м
[INFO] [1776151486.334551487] [basic_navigator]:   Осталось: 0.00 м
[INFO] [1776151487.437712698] [basic_navigator]:   Осталось: 0.00 м
[INFO] [1776151488.538568039] [basic_navigator]:   Осталось: 0.00 м
[INFO] [1776151489.639693637] [basic_navigator]:   Осталось: 0.00 м
[INFO] [1776151490.747768588] [basic_navigator]:   Осталось: 0.00 м
[INFO] [1776151491.849334366] [basic_navigator]:   Осталось: 0.00 м
[INFO] [1776151492.950737381] [basic_navigator]:   Осталось: 0.00 м
[INFO] [1776151494.052119997] [basic_navigator]:   Осталось: 0.00 м
[INFO] [1776151495.153803843] [basic_navigator]:   Осталось: 0.00 м
[INFO] [1776151496.255267498] [basic_navigator]:   Осталось: 0.00 м
[INFO] [1776151497.356357340] [basic_navigator]:   Осталось: 0.00 м
[INFO] [1776151498.457695823] [basic_navigator]:   Осталось: 0.00 м
[INFO] [1776151499.561839245] [basic_navigator]:   Осталось: 0.00 м
[INFO] [1776151500.664810361] [basic_navigator]:   Осталось: 0.00 м
[INFO] [1776151501.765840154] [basic_navigator]:   Осталось: 0.00 м
[INFO] [1776151502.866851294] [basic_navigator]:   Осталось: 0.00 м
[INFO] [1776151503.968746429] [basic_navigator]:   Осталось: 0.00 м
[INFO] [1776151505.070637429] [basic_navigator]:   Осталось: 0.00 м
[INFO] [1776151506.171928610] [basic_navigator]:   Осталось: 0.00 м
[INFO] [1776151507.273307636] [basic_navigator]:   Осталось: 0.00 м
[INFO] [1776151508.376196043] [basic_navigator]:   Осталось: 0.00 м
[INFO] [1776151509.478386854] [basic_navigator]:   Осталось: 0.00 м
[INFO] [1776151510.580723930] [basic_navigator]:   Осталось: 0.00 м
[INFO] [1776151511.681746175] [basic_navigator]:   Осталось: 0.00 м
[INFO] [1776151512.783332611] [basic_navigator]:   Осталось: 0.00 м
[INFO] [1776151513.884868356] [basic_navigator]:   Осталось: 0.00 м
[INFO] [1776151514.994138693] [basic_navigator]:   Осталось: 0.00 м
[INFO] [1776151516.095665996] [basic_navigator]:   Осталось: 0.00 м
[INFO] [1776151517.199380914] [basic_navigator]:   Осталось: 0.00 м
[INFO] [1776151518.300576953] [basic_navigator]:   Осталось: 0.00 м
[INFO] [1776151519.404114990] [basic_navigator]:   Осталось: 0.00 м
[INFO] [1776151520.505291990] [basic_navigator]:   Осталось: 0.00 м
[INFO] [1776151521.606215625] [basic_navigator]:   Осталось: 0.00 м
[INFO] [1776151522.709539404] [basic_navigator]:   Осталось: 0.00 м
[INFO] [1776151523.810666848] [basic_navigator]:   Осталось: 0.00 м
[INFO] [1776151524.914171674] [basic_navigator]:   Осталось: 0.00 м
[INFO] [1776151526.016541280] [basic_navigator]:   Осталось: 0.00 м
[INFO] [1776151527.118297239] [basic_navigator]:   Осталось: 0.00 м
[INFO] [1776151528.220092875] [basic_navigator]:   Осталось: 0.00 м
[INFO] [1776151529.321982658] [basic_navigator]:   Осталось: 0.00 м
[INFO] [1776151530.426192596] [basic_navigator]:   Осталось: 0.00 м
[INFO] [1776151531.527668710] [basic_navigator]:   Осталось: 0.00 м
[INFO] [1776151532.629260972] [basic_navigator]:   Осталось: 0.00 м
[INFO] [1776151533.735892495] [basic_navigator]:   Осталось: 0.00 м
[INFO] [1776151534.836961905] [basic_navigator]:   Осталось: 0.00 м
[ERROR] [1776151535.839073584] [basic_navigator]: ❌ Не удалось доехать до "Кухня"
