[INFO] [1776150995.302827268] [basic_navigator]: Publishing Initial Pose
[INFO] [1776150995.303908788] [basic_navigator]: Ожидание активации Nav2...
[INFO] [1776150998.320526595] [basic_navigator]: Setting initial pose
[INFO] [1776150998.320978998] [basic_navigator]: Publishing Initial Pose
[INFO] [1776150998.321505970] [basic_navigator]: Waiting for amcl_pose to be received
[INFO] [1776150998.322047198] [basic_navigator]: Setting initial pose
[INFO] [1776150998.322440582] [basic_navigator]: Publishing Initial Pose
[INFO] [1776150998.322835263] [basic_navigator]: Waiting for amcl_pose to be received
[INFO] [1776150998.323156769] [basic_navigator]: Setting initial pose
[INFO] [1776150998.323514664] [basic_navigator]: Publishing Initial Pose
[INFO] [1776150998.323958891] [basic_navigator]: Waiting for amcl_pose to be received
[INFO] [1776151006.433524622] [basic_navigator]: Nav2 is ready for use!
[INFO] [1776151006.433952154] [basic_navigator]: Nav2 активирован!
[INFO] [1776151006.434313836] [basic_navigator]: [1/5] Еду в: Кухня (x=3.0, y=4.0)
[INFO] [1776151006.435457470] [basic_navigator]: Navigating to goal: 3.0 4.0...
[INFO] [1776151006.544680287] [basic_navigator]:   Осталось: 0.00 м
[INFO] [1776151007.645849643] [basic_navigator]:   Осталось: 0.00 м
[INFO] [1776151008.747144900] [basic_navigator]:   Осталось: 0.00 м
[INFO] [1776151009.849711715] [basic_navigator]:   Осталось: 0.00 м
[INFO] [1776151010.952226931] [basic_navigator]:   Осталось: 0.00 м
[INFO] [1776151012.053586552] [basic_navigator]:   Осталось: 0.00 м
[INFO] [1776151013.155356364] [basic_navigator]:   Осталось: 0.00 м
[INFO] [1776151014.257051111] [basic_navigator]:   Осталось: 0.00 м
[INFO] [1776151015.358410003] [basic_navigator]:   Осталось: 0.00 м
[INFO] [1776151016.459966712] [basic_navigator]:   Осталось: 0.00 м
[INFO] [1776151017.561542902] [basic_navigator]:   Осталось: 0.00 м
[INFO] [1776151018.663490127] [basic_navigator]:   Осталось: 0.00 м
[INFO] [1776151019.765601129] [basic_navigator]:   Осталось: 0.00 м
[INFO] [1776151020.868587270] [basic_navigator]:   Осталось: 0.00 м
[INFO] [1776151021.970568170] [basic_navigator]:   Осталось: 0.00 м
[INFO] [1776151023.072863816] [basic_navigator]:   Осталось: 0.00 м
[INFO] [1776151024.174630449] [basic_navigator]:   Осталось: 0.00 м
[INFO] [1776151025.276149804] [basic_navigator]:   Осталось: 0.00 м
[INFO] [1776151026.377374781] [basic_navigator]:   Осталось: 0.00 м
[INFO] [1776151027.478346227] [basic_navigator]:   Осталось: 0.00 м
[INFO] [1776151028.581051081] [basic_navigator]:   Осталось: 0.00 м
[INFO] [1776151029.682486498] [basic_navigator]:   Осталось: 0.00 м
[INFO] [1776151030.785444770] [basic_navigator]:   Осталось: 0.00 м
[INFO] [1776151031.890674747] [basic_navigator]:   Осталось: 0.00 м
[INFO] [1776151032.992063757] [basic_navigator]:   Осталось: 0.00 м
[INFO] [1776151034.101956294] [basic_navigator]:   Осталось: 0.00 м
[INFO] [1776151035.205989204] [basic_navigator]:   Осталось: 0.00 м
[INFO] [1776151036.312745056] [basic_navigator]:   Осталось: 0.00 м
[INFO] [1776151037.414156187] [basic_navigator]:   Осталось: 0.00 м
[INFO] [1776151038.515423964] [basic_navigator]:   Осталось: 0.00 м
[INFO] [1776151039.616520539] [basic_navigator]:   Осталось: 0.00 м
[INFO] [1776151040.722108336] [basic_navigator]:   Осталось: 0.00 м
[INFO] [1776151041.825318131] [basic_navigator]:   Осталось: 0.00 м
[INFO] [1776151042.926775577] [basic_navigator]:   Осталось: 0.00 м
[INFO] [1776151044.029799446] [basic_navigator]:   Осталось: 0.00 м
[INFO] [1776151045.132063819] [basic_navigator]:   Осталось: 0.00 м
[INFO] [1776151046.237812462] [basic_navigator]:   Осталось: 0.00 м
[INFO] [1776151047.339167519] [basic_navigator]:   Осталось: 0.00 м
[INFO] [1776151048.442240482] [basic_navigator]:   Осталось: 0.00 м
[INFO] [1776151049.545321749] [basic_navigator]:   Осталось: 0.00 м
[INFO] [1776151050.647692487] [basic_navigator]:   Осталось: 0.00 м
[INFO] [1776151051.749360287] [basic_navigator]:   Осталось: 0.00 м
[INFO] [1776151052.850724985] [basic_navigator]:   Осталось: 0.00 м
[INFO] [1776151053.952197268] [basic_navigator]:   Осталось: 0.00 м
[INFO] [1776151055.055145013] [basic_navigator]:   Осталось: 0.00 м
[INFO] [1776151056.157783920] [basic_navigator]:   Осталось: 0.00 м
[INFO] [1776151057.260734102] [basic_navigator]:   Осталось: 0.00 м
[INFO] [1776151058.362522027] [basic_navigator]:   Осталось: 0.00 м
[INFO] [1776151059.464089002] [basic_navigator]:   Осталось: 0.00 м
[INFO] [1776151060.565071883] [basic_navigator]:   Осталось: 0.00 м
[INFO] [1776151061.665856452] [basic_navigator]:   Осталось: 0.00 м
[INFO] [1776151062.767698068] [basic_navigator]:   Осталось: 0.00 м
[INFO] [1776151063.868887247] [basic_navigator]:   Осталось: 0.00 м
[INFO] [1776151064.978962126] [basic_navigator]:   Осталось: 0.00 м
[INFO] [1776151066.080336312] [basic_navigator]:   Осталось: 0.00 м
[INFO] [1776151067.185223977] [basic_navigator]:   Осталось: 0.00 м
[INFO] [1776151068.286571868] [basic_navigator]:   Осталось: 0.00 м
[INFO] [1776151069.388453300] [basic_navigator]:   Осталось: 0.00 м
[INFO] [1776151070.489653224] [basic_navigator]:   Осталось: 0.00 м
[INFO] [1776151071.591220062] [basic_navigator]:   Осталось: 0.00 м
[INFO] [1776151072.693984535] [basic_navigator]:   Осталось: 0.00 м
[INFO] [1776151073.795006521] [basic_navigator]:   Осталось: 0.00 м
[INFO] [1776151074.897895815] [basic_navigator]:   Осталось: 0.00 м
[INFO] [1776151075.998991258] [basic_navigator]:   Осталось: 0.00 м
[INFO] [1776151077.100390440] [basic_navigator]:   Осталось: 0.00 м
[INFO] [1776151078.201331953] [basic_navigator]:   Осталось: 0.00 м
[INFO] [1776151079.304050176] [basic_navigator]:   Осталось: 0.00 м
[INFO] [1776151080.406428953] [basic_navigator]:   Осталось: 0.00 м
[INFO] [1776151081.507710736] [basic_navigator]:   Осталось: 0.00 м
[INFO] [1776151082.612052725] [basic_navigator]:   Осталось: 0.00 м
[INFO] [1776151083.715985090] [basic_navigator]:   Осталось: 0.00 м
[INFO] [1776151084.819558788] [basic_navigator]:   Осталось: 0.00 м
[INFO] [1776151085.920769812] [basic_navigator]:   Осталось: 0.00 м
[INFO] [1776151087.023256453] [basic_navigator]:   Осталось: 0.00 м
[INFO] [1776151088.126865468] [basic_navigator]:   Осталось: 0.00 м
[INFO] [1776151089.235383529] [basic_navigator]:   Осталось: 0.00 м
[INFO] [1776151090.341674934] [basic_navigator]:   Осталось: 0.00 м
[INFO] [1776151091.445913426] [basic_navigator]:   Осталось: 0.00 м
[INFO] [1776151092.550318086] [basic_navigator]:   Осталось: 0.00 м
[INFO] [1776151093.656991234] [basic_navigator]:   Осталось: 0.00 м
[INFO] [1776151094.758892228] [basic_navigator]:   Осталось: 0.00 м
[INFO] [1776151095.860694476] [basic_navigator]:   Осталось: 0.00 м
[INFO] [1776151096.961998329] [basic_navigator]:   Осталось: 0.00 м
[INFO] [1776151098.066056645] [basic_navigator]:   Осталось: 0.00 м
[INFO] [1776151099.167875301] [basic_navigator]:   Осталось: 0.00 м
[INFO] [1776151100.269310033] [basic_navigator]:   Осталось: 0.00 м
[INFO] [1776151101.374838189] [basic_navigator]:   Осталось: 0.00 м
[INFO] [1776151102.476004123] [basic_navigator]:   Осталось: 0.00 м
[INFO] [1776151103.577192575] [basic_navigator]:   Осталось: 0.00 м
[INFO] [1776151104.682425597] [basic_navigator]:   Осталось: 0.00 м
[INFO] [1776151105.784113951] [basic_navigator]:   Осталось: 0.00 м
[INFO] [1776151106.887834430] [basic_navigator]:   Осталось: 0.00 м
[INFO] [1776151107.989491617] [basic_navigator]:   Осталось: 0.00 м
[INFO] [1776151109.091823669] [basic_navigator]:   Осталось: 0.00 м
[INFO] [1776151110.192997411] [basic_navigator]:   Осталось: 0.00 м
[INFO] [1776151111.298574036] [basic_navigator]:   Осталось: 0.00 м
[INFO] [1776151112.400169928] [basic_navigator]:   Осталось: 0.00 м
[INFO] [1776151113.501515056] [basic_navigator]:   Осталось: 0.00 м
[INFO] [1776151114.603795604] [basic_navigator]:   Осталось: 0.00 м
[INFO] [1776151115.706249976] [basic_navigator]:   Осталось: 0.00 м
[INFO] [1776151116.810266989] [basic_navigator]:   Осталось: 0.00 м
[INFO] [1776151117.911716450] [basic_navigator]:   Осталось: 0.00 м
[INFO] [1776151119.013023455] [basic_navigator]:   Осталось: 0.00 м
[INFO] [1776151120.114946576] [basic_navigator]:   Осталось: 0.00 м
[INFO] [1776151121.216374562] [basic_navigator]:   Осталось: 0.00 м
[INFO] [1776151122.318253928] [basic_navigator]:   Осталось: 0.00 м
[INFO] [1776151123.422329537] [basic_navigator]:   Осталось: 0.00 м
[INFO] [1776151124.523637902] [basic_navigator]:   Осталось: 0.00 м
[INFO] [1776151125.624995710] [basic_navigator]:   Осталось: 0.00 м
[INFO] [1776151126.727116129] [basic_navigator]:   Осталось: 0.00 м
[INFO] [1776151127.828382004] [basic_navigator]:   Осталось: 0.00 м
[INFO] [1776151128.933935051] [basic_navigator]:   Осталось: 0.00 м
[INFO] [1776151130.035917929] [basic_navigator]:   Осталось: 0.00 м
[INFO] [1776151131.137260596] [basic_navigator]:   Осталось: 0.00 м
[INFO] [1776151132.243511011] [basic_navigator]:   Осталось: 0.00 м
[INFO] [1776151133.349615998] [basic_navigator]:   Осталось: 0.00 м
[INFO] [1776151134.450593128] [basic_navigator]:   Осталось: 0.00 м
[INFO] [1776151135.552662347] [basic_navigator]:   Осталось: 0.00 м
[INFO] [1776151136.654446002] [basic_navigator]:   Осталось: 0.00 м
[INFO] [1776151137.755667890] [basic_navigator]:   Осталось: 0.00 м
[INFO] [1776151138.856812874] [basic_navigator]:   Осталось: 0.00 м
