[INFO] [1776323369.560278419] [robot_controller]: Поток клавиатуры запущен.
[INFO] [1776323376.749743971] [robot_controller]: Режим: ДВИЖЕНИЕ ВДОЛЬ СТЕНЫ
[INFO] [1776323376.796147842] [robot_controller]: Еду вперёд, ищу стену. front=1.48
[INFO] [1776323377.301745584] [robot_controller]: Еду вперёд, ищу стену. front=1.48
[INFO] [1776323377.846210266] [robot_controller]: Еду вперёд, ищу стену. front=1.44
[INFO] [1776323378.396230599] [robot_controller]: Еду вперёд, ищу стену. front=1.37
[INFO] [1776323378.896958975] [robot_controller]: Еду вперёд, ищу стену. front=1.33
[INFO] [1776323379.447912741] [robot_controller]: Еду вперёд, ищу стену. front=1.30
[INFO] [1776323379.996831290] [robot_controller]: Еду вперёд, ищу стену. front=1.24
[INFO] [1776323380.546246564] [robot_controller]: Еду вперёд, ищу стену. front=1.20
[INFO] [1776323381.046491969] [robot_controller]: Еду вперёд, ищу стену. front=1.13
[INFO] [1776323381.595919379] [robot_controller]: Еду вперёд, ищу стену. front=1.11
[INFO] [1776323382.095945456] [robot_controller]: Еду вперёд, ищу стену. front=1.06
[INFO] [1776323382.646085158] [robot_controller]: Еду вперёд, ищу стену. front=1.02
[INFO] [1776323383.196519784] [robot_controller]: Еду вперёд, ищу стену. front=0.97
[INFO] [1776323383.749770755] [robot_controller]: Еду вперёд, ищу стену. front=0.92
[INFO] [1776323384.296195912] [robot_controller]: Еду вперёд, ищу стену. front=0.86
[INFO] [1776323384.796566946] [robot_controller]: Еду вперёд, ищу стену. front=0.81
[INFO] [1776323385.346220610] [robot_controller]: Еду вперёд, ищу стену. front=0.76
[INFO] [1776323385.900693789] [robot_controller]: Еду вперёд, ищу стену. front=0.71
[INFO] [1776323386.445913868] [robot_controller]: Еду вперёд, ищу стену. front=0.67
[INFO] [1776323386.946633950] [robot_controller]: Еду вперёд, ищу стену. front=0.63
[INFO] [1776323387.496228329] [robot_controller]: Поворачиваю... left=3.89
[INFO] [1776323387.996272548] [robot_controller]: Поворачиваю... left=3.74
[INFO] [1776323388.545974716] [robot_controller]: Поворачиваю... left=3.69
[INFO] [1776323389.095966383] [robot_controller]: Поворачиваю... left=2.44
[INFO] [1776323389.596043489] [robot_controller]: Поворачиваю... left=2.31
[INFO] [1776323390.146119355] [robot_controller]: Поворачиваю... left=1.04
[INFO] [1776323390.695956723] [robot_controller]: Поворачиваю... left=0.87
[INFO] [1776323391.245960089] [robot_controller]: Еду вдоль стены. left=0.68 err=0.180
[INFO] [1776323391.746088195] [robot_controller]: Еду вдоль стены. left=0.58 err=0.083
[INFO] [1776323392.246107501] [robot_controller]: Еду вдоль стены. left=0.57 err=0.070
[INFO] [1776323392.802059752] [robot_controller]: Еду вдоль стены. left=0.56 err=0.057
[INFO] [1776323393.346294634] [robot_controller]: Стена слева! Начинаю следование. left=0.54
[INFO] [1776323393.895959702] [robot_controller]: Стена слева! Начинаю следование. left=0.53
[INFO] [1776323394.395960508] [robot_controller]: Еду вдоль стены. left=0.54 err=0.036
[INFO] [1776323394.946281974] [robot_controller]: Стена впереди! Поворачиваю вправо
[INFO] [1776323395.495984242] [robot_controller]: Стена слева! Начинаю следование. left=0.54
[INFO] [1776323395.998541605] [robot_controller]: Стена слева! Начинаю следование. left=0.52
[INFO] [1776323396.546475768] [robot_controller]: Стена впереди! Поворачиваю вправо
[INFO] [1776323397.096436956] [robot_controller]: Еду вдоль стены. left=0.52 err=0.015
[INFO] [1776323397.597264862] [robot_controller]: Еду вдоль стены. left=0.51 err=0.008
[INFO] [1776323398.147666100] [robot_controller]: Еду вдоль стены. left=0.50 err=-0.004
[INFO] [1776323398.649963873] [robot_controller]: Стена слева! Начинаю следование. left=0.50
[INFO] [1776323399.196709185] [robot_controller]: Стена впереди! Поворачиваю вправо
[INFO] [1776323399.750361615] [robot_controller]: Стена слева! Начинаю следование. left=0.50
[INFO] [1776323400.296136152] [robot_controller]: Еду вдоль стены. left=0.49 err=-0.007
[INFO] [1776323400.796526934] [robot_controller]: Стена слева! Начинаю следование. left=0.49
[INFO] [1776323401.346180888] [robot_controller]: Стена впереди! Поворачиваю вправо
[INFO] [1776323401.847632252] [robot_controller]: Еду вдоль стены. left=0.47 err=-0.027
[INFO] [1776323402.396430048] [robot_controller]: Еду вдоль стены. left=0.47 err=-0.026
[INFO] [1776323402.950442361] [robot_controller]: Стена впереди! Поворачиваю вправо
[INFO] [1776323403.498233524] [robot_controller]: Стена слева! Начинаю следование. left=0.46
[INFO] [1776323404.045895904] [robot_controller]: Еду вдоль стены. left=0.44 err=-0.056
[INFO] [1776323404.545964223] [robot_controller]: Еду вдоль стены. left=0.44 err=-0.060
[INFO] [1776323405.096132566] [robot_controller]: Еду вдоль стены. left=0.42 err=-0.082
[INFO] [1776323405.645965832] [robot_controller]: Еду вдоль стены. left=0.41 err=-0.087
[INFO] [1776323406.146132175] [robot_controller]: Еду вдоль стены. left=0.40 err=-0.103
[INFO] [1776323406.696018053] [robot_controller]: Еду вдоль стены. left=0.39 err=-0.115
[INFO] [1776323407.202011035] [robot_controller]: Еду вдоль стены. left=0.38 err=-0.122
[INFO] [1776323407.745949645] [robot_controller]: Еду вдоль стены. left=0.37 err=-0.126
[INFO] [1776323408.246461567] [robot_controller]: Еду вдоль стены. left=0.36 err=-0.138
[INFO] [1776323408.795948053] [robot_controller]: Еду вдоль стены. left=0.39 err=-0.114
[INFO] [1776323409.296268731] [robot_controller]: Еду вдоль стены. left=0.38 err=-0.119
[INFO] [1776323409.846105898] [robot_controller]: Еду вдоль стены. left=0.41 err=-0.085
[INFO] [1776323410.395944165] [robot_controller]: Еду вдоль стены. left=0.42 err=-0.081
[INFO] [1776323410.896013785] [robot_controller]: Еду вдоль стены. left=0.44 err=-0.059
[INFO] [1776323411.447480427] [robot_controller]: Еду вдоль стены. left=0.47 err=-0.031
[INFO] [1776323411.996141103] [robot_controller]: Еду вдоль стены. left=0.49 err=-0.011
[INFO] [1776323412.549137876] [robot_controller]: Еду вдоль стены. left=0.50 err=0.002
[INFO] [1776323413.096052887] [robot_controller]: Еду вдоль стены. left=0.54 err=0.036
[INFO] [1776323413.646068089] [robot_controller]: Еду вдоль стены. left=0.54 err=0.036
[INFO] [1776323414.146615651] [robot_controller]: Еду вдоль стены. left=0.55 err=0.053
[INFO] [1776323414.696104705] [robot_controller]: Еду вдоль стены. left=0.57 err=0.072
[INFO] [1776323415.245935141] [robot_controller]: Еду вдоль стены. left=0.57 err=0.069
[INFO] [1776323415.746007019] [robot_controller]: Еду вдоль стены. left=0.59 err=0.087
[INFO] [1776323416.246110160] [robot_controller]: Еду вдоль стены. left=0.58 err=0.084
[INFO] [1776323416.796170095] [robot_controller]: Еду вдоль стены. left=0.60 err=0.103
[INFO] [1776323417.297825152] [robot_controller]: Еду вдоль стены. left=0.60 err=0.095
[INFO] [1776323417.850083131] [robot_controller]: Еду вдоль стены. left=0.60 err=0.102
[INFO] [1776323418.396162711] [robot_controller]: Еду вдоль стены. left=0.62 err=0.116
[INFO] [1776323418.945881890] [robot_controller]: Еду вдоль стены. left=0.62 err=0.115
[INFO] [1776323419.446049571] [robot_controller]: Еду вдоль стены. left=0.62 err=0.118
[INFO] [1776323419.946625160] [robot_controller]: Еду вдоль стены. left=0.63 err=0.128
[INFO] [1776323420.496005965] [robot_controller]: Еду вдоль стены. left=0.65 err=0.146
[INFO] [1776323420.996231770] [robot_controller]: Еду вдоль стены. left=0.63 err=0.126
[INFO] [1776323421.550750227] [robot_controller]: Еду вдоль стены. left=0.64 err=0.144
[INFO] [1776323422.095916604] [robot_controller]: Еду вдоль стены. left=0.64 err=0.142
[INFO] [1776323422.646243563] [robot_controller]: Еду вдоль стены. left=0.67 err=0.165
[INFO] [1776323423.196045901] [robot_controller]: Еду вдоль стены. left=0.67 err=0.173
[INFO] [1776323423.696148277] [robot_controller]: Стена слева! Начинаю следование. left=0.69
[INFO] [1776323424.247897560] [robot_controller]: Стена впереди! Поворачиваю вправо
[INFO] [1776323424.796182859] [robot_controller]: Стена слева! Начинаю следование. left=0.75
[INFO] [1776323425.296202085] [robot_controller]: Стена слева! Начинаю следование. left=0.74
[INFO] [1776323425.845928251] [robot_controller]: Стена впереди! Поворачиваю вправо
[INFO] [1776323426.398708235] [robot_controller]: Стена слева! Начинаю следование. left=0.68
[INFO] [1776323426.946288554] [robot_controller]: Стена впереди! Поворачиваю вправо
[INFO] [1776323427.446293623] [robot_controller]: Стена впереди! Поворачиваю вправо
[INFO] [1776323427.946312780] [robot_controller]: Стена впереди! Поворачиваю вправо
[INFO] [1776323428.496418159] [robot_controller]: Стена слева! Начинаю следование. left=0.58
[INFO] [1776323429.046379239] [robot_controller]: Стена впереди! Поворачиваю вправо
[INFO] [1776323429.598970109] [robot_controller]: Стена слева! Начинаю следование. left=0.52
[INFO] [1776323430.151173255] [robot_controller]: Еду вдоль стены. left=0.52 err=0.020
[INFO] [1776323430.696027610] [robot_controller]: Еду вдоль стены. left=0.51 err=0.005
[INFO] [1776323431.196923441] [robot_controller]: Еду вдоль стены. left=0.49 err=-0.006
[INFO] [1776323431.701577030] [robot_controller]: Еду вдоль стены. left=0.47 err=-0.025
[INFO] [1776323432.247026893] [robot_controller]: Еду вдоль стены. left=0.49 err=-0.010
[INFO] [1776323432.796354873] [robot_controller]: Стена впереди! Поворачиваю вправо
[INFO] [1776323433.346547785] [robot_controller]: Стена слева! Начинаю следование. left=0.47
[INFO] [1776323433.896458923] [robot_controller]: Еду вдоль стены. left=0.45 err=-0.047
[INFO] [1776323434.446607202] [robot_controller]: Еду вдоль стены. left=0.45 err=-0.048
[INFO] [1776323434.996293007] [robot_controller]: Стена впереди! Поворачиваю вправо
[INFO] [1776323435.546507803] [robot_controller]: Стена слева! Начинаю следование. left=0.43
[INFO] [1776323436.096079594] [robot_controller]: Еду вдоль стены. left=0.42 err=-0.076
[INFO] [1776323436.646090564] [robot_controller]: Еду вдоль стены. left=0.42 err=-0.081
[INFO] [1776323437.147723745] [robot_controller]: Еду вдоль стены. left=0.40 err=-0.104
[INFO] [1776323437.698833721] [robot_controller]: Стена слева! Начинаю следование. left=0.40
[INFO] [1776323438.246112511] [robot_controller]: Стена впереди! Поворачиваю вправо
[INFO] [1776323438.798703742] [robot_controller]: Стена слева! Начинаю следование. left=0.39
[INFO] [1776323439.347619821] [robot_controller]: Стена впереди! Поворачиваю вправо
[INFO] [1776323439.898773601] [robot_controller]: Стена слева! Начинаю следование. left=0.39
[INFO] [1776323440.445942580] [robot_controller]: Стена впереди! Поворачиваю вправо
[INFO] [1776323440.995966359] [robot_controller]: Стена слева! Начинаю следование. left=0.40
[INFO] [1776323441.496470340] [robot_controller]: Стена слева! Начинаю следование. left=0.42
[INFO] [1776323442.046747819] [robot_controller]: Стена впереди! Поворачиваю вправо
[INFO] [1776323442.595925599] [robot_controller]: Стена слева! Начинаю следование. left=0.44
[INFO] [1776323443.098752580] [robot_controller]: Стена слева! Начинаю следование. left=0.43
[INFO] [1776323443.646146159] [robot_controller]: Стена впереди! Поворачиваю вправо
[INFO] [1776323444.198700821] [robot_controller]: Стена слева! Начинаю следование. left=0.42
[INFO] [1776323444.747384765] [robot_controller]: Стена впереди! Поворачиваю вправо
[INFO] [1776323445.295914687] [robot_controller]: Стена слева! Начинаю следование. left=0.42
[INFO] [1776323445.798743957] [robot_controller]: Стена слева! Начинаю следование. left=0.42
[INFO] [1776323446.345963337] [robot_controller]: Стена впереди! Поворачиваю вправо
[INFO] [1776323446.847794018] [robot_controller]: Стена впереди! Поворачиваю вправо
[INFO] [1776323447.350742599] [robot_controller]: Стена впереди! Поворачиваю вправо
[INFO] [1776323447.895936179] [robot_controller]: Еду вдоль стены. left=0.38 err=-0.117
[INFO] [1776323448.398758160] [robot_controller]: Еду вдоль стены. left=0.37 err=-0.131
[INFO] [1776323448.945952440] [robot_controller]: Еду вдоль стены. left=0.37 err=-0.128
[INFO] [1776323449.446311021] [robot_controller]: Еду вдоль стены. left=0.37 err=-0.126
[INFO] [1776323449.996033100] [robot_controller]: Еду вдоль стены. left=0.37 err=-0.129
[INFO] [1776323450.546881680] [robot_controller]: Еду вдоль стены. left=0.38 err=-0.121
[INFO] [1776323451.098771159] [robot_controller]: Еду вдоль стены. left=0.41 err=-0.093
[INFO] [1776323451.646225018] [robot_controller]: Еду вдоль стены. left=0.45 err=-0.047
[INFO] [1776323452.147006673] [robot_controller]: Еду вдоль стены. left=0.47 err=-0.029
[INFO] [1776323452.695982515] [robot_controller]: Еду вдоль стены. left=0.49 err=-0.006
[INFO] [1776323453.196154628] [robot_controller]: Еду вдоль стены. left=0.53 err=0.030
[INFO] [1776323453.697988893] [robot_controller]: Еду вдоль стены. left=0.55 err=0.045
[INFO] [1776323454.246155354] [robot_controller]: Еду вдоль стены. left=0.56 err=0.061
[INFO] [1776323454.749748944] [robot_controller]: Еду вдоль стены. left=0.57 err=0.073
[INFO] [1776323455.295978527] [robot_controller]: Еду вдоль стены. left=0.57 err=0.066
[INFO] [1776323455.796232018] [robot_controller]: Еду вдоль стены. left=0.58 err=0.076
[INFO] [1776323456.351015093] [robot_controller]: Еду вдоль стены. left=0.60 err=0.095
[INFO] [1776323456.895935330] [robot_controller]: Еду вдоль стены. left=0.59 err=0.091
[INFO] [1776323457.395962083] [robot_controller]: Еду вдоль стены. left=0.60 err=0.100
[INFO] [1776323457.898138755] [robot_controller]: Еду вдоль стены. left=0.60 err=0.098
[INFO] [1776323458.447300047] [robot_controller]: Еду вдоль стены. left=0.61 err=0.113
[INFO] [1776323458.951282232] [robot_controller]: Еду вдоль стены. left=0.62 err=0.115
[INFO] [1776323459.495972931] [robot_controller]: Еду вдоль стены. left=0.62 err=0.120
[INFO] [1776323459.996313692] [robot_controller]: Еду вдоль стены. left=0.63 err=0.133
[INFO] [1776323460.546572255] [robot_controller]: Еду вдоль стены. left=0.63 err=0.126
[INFO] [1776323461.049822386] [robot_controller]: Еду вдоль стены. left=0.63 err=0.135
[INFO] [1776323461.601022690] [robot_controller]: Еду вдоль стены. left=0.64 err=0.136
[INFO] [1776323462.146244728] [robot_controller]: Еду вдоль стены. left=0.64 err=0.139
[INFO] [1776323462.646513634] [robot_controller]: Еду вдоль стены. left=0.64 err=0.142
[INFO] [1776323463.199314455] [robot_controller]: Еду вдоль стены. left=0.66 err=0.156
[INFO] [1776323463.748229251] [robot_controller]: Еду вдоль стены. left=0.66 err=0.162
[INFO] [1776323464.296263405] [robot_controller]: Еду вдоль стены. left=0.70 err=0.198
[INFO] [1776323464.799673653] [robot_controller]: Стена слева! Начинаю следование. left=0.70
[INFO] [1776323465.346368158] [robot_controller]: Стена впереди! Поворачиваю вправо
[INFO] [1776323465.848115380] [robot_controller]: Стена впереди! Поворачиваю вправо
[INFO] [1776323466.397652443] [robot_controller]: Стена слева! Начинаю следование. left=0.75
[INFO] [1776323466.946535281] [robot_controller]: Стена впереди! Поворачиваю вправо
[INFO] [1776323467.446588712] [robot_controller]: Стена впереди! Поворачиваю вправо
[INFO] [1776323467.996299545] [robot_controller]: Стена слева! Начинаю следование. left=0.71
[INFO] [1776323468.546060465] [robot_controller]: Стена впереди! Поворачиваю вправо
[INFO] [1776323469.046942552] [robot_controller]: Стена впереди! Поворачиваю вправо
[INFO] [1776323469.551042647] [robot_controller]: Стена впереди! Поворачиваю вправо
[INFO] [1776323470.096009022] [robot_controller]: Стена слева! Начинаю следование. left=0.60
[INFO] [1776323470.596192310] [robot_controller]: Стена слева! Начинаю следование. left=0.55
[INFO] [1776323471.096233315] [robot_controller]: Стена слева! Начинаю следование. left=0.54
[INFO] [1776323471.596345613] [robot_controller]: Стена слева! Начинаю следование. left=0.51
[INFO] [1776323472.146280122] [robot_controller]: Еду вдоль стены. left=0.49 err=-0.008
[INFO] [1776323472.699089500] [robot_controller]: Еду вдоль стены. left=0.48 err=-0.018
[INFO] [1776323473.245952652] [robot_controller]: Еду вдоль стены. left=0.46 err=-0.036
[INFO] [1776323473.745958334] [robot_controller]: Стена впереди! Поворачиваю вправо
[INFO] [1776323474.249651015] [robot_controller]: Еду вдоль стены. left=0.45 err=-0.050
[INFO] [1776323474.795971494] [robot_controller]: Стена слева! Начинаю следование. left=0.44
[INFO] [1776323475.297128475] [robot_controller]: Еду вдоль стены. left=0.43 err=-0.067
[INFO] [1776323475.798134656] [robot_controller]: Еду вдоль стены. left=0.41 err=-0.087
[INFO] [1776323476.345952122] [robot_controller]: Еду вдоль стены. left=0.42 err=-0.083
[INFO] [1776323476.846112755] [robot_controller]: Еду вдоль стены. left=0.41 err=-0.094
[INFO] [1776323477.346146183] [robot_controller]: Еду вдоль стены. left=0.39 err=-0.107
[INFO] [1776323477.895898173] [robot_controller]: Еду вдоль стены. left=0.39 err=-0.112
[INFO] [1776323478.445902530] [robot_controller]: Еду вдоль стены. left=0.39 err=-0.109
[INFO] [1776323478.945978608] [robot_controller]: Еду вдоль стены. left=0.39 err=-0.107
[INFO] [1776323479.446819790] [robot_controller]: Еду вдоль стены. left=0.40 err=-0.103
[INFO] [1776323479.996020169] [robot_controller]: Еду вдоль стены. left=0.40 err=-0.103
[INFO] [1776323480.546103448] [robot_controller]: Еду вдоль стены. left=0.41 err=-0.088
[INFO] [1776323481.095896328] [robot_controller]: Еду вдоль стены. left=0.44 err=-0.057
[INFO] [1776323481.599346109] [robot_controller]: Еду вдоль стены. left=0.45 err=-0.047
[INFO] [1776323482.146006988] [robot_controller]: Еду вдоль стены. left=0.47 err=-0.035
[INFO] [1776323482.695925868] [robot_controller]: Еду вдоль стены. left=0.49 err=-0.012
[INFO] [1776323483.197664181] [robot_controller]: Еду вдоль стены. left=0.52 err=0.023
[INFO] [1776323483.746595760] [robot_controller]: Еду вдоль стены. left=0.54 err=0.037
[INFO] [1776323484.247429489] [robot_controller]: Еду вдоль стены. left=0.56 err=0.057
[INFO] [1776323484.796047301] [robot_controller]: Еду вдоль стены. left=0.57 err=0.070
[INFO] [1776323485.297348126] [robot_controller]: Еду вдоль стены. left=0.57 err=0.070
[INFO] [1776323485.846044640] [robot_controller]: Еду вдоль стены. left=0.57 err=0.070
[INFO] [1776323486.346098636] [robot_controller]: Еду вдоль стены. left=0.58 err=0.083
[INFO] [1776323486.846408004] [robot_controller]: Еду вдоль стены. left=0.60 err=0.097
[INFO] [1776323487.397564358] [robot_controller]: Еду вдоль стены. left=0.59 err=0.091
[INFO] [1776323487.947567444] [robot_controller]: Еду вдоль стены. left=0.58 err=0.085
[INFO] [1776323488.496114239] [robot_controller]: Еду вдоль стены. left=0.60 err=0.096
[INFO] [1776323488.996133804] [robot_controller]: Еду вдоль стены. left=0.60 err=0.100
[INFO] [1776323489.496146400] [robot_controller]: Еду вдоль стены. left=0.59 err=0.093
[INFO] [1776323489.996215563] [robot_controller]: Еду вдоль стены. left=0.61 err=0.108
[INFO] [1776323490.497597960] [robot_controller]: Еду вдоль стены. left=0.62 err=0.115
[INFO] [1776323491.045951643] [robot_controller]: Еду вдоль стены. left=0.62 err=0.117
[INFO] [1776323491.545963325] [robot_controller]: Еду вдоль стены. left=0.61 err=0.110
[INFO] [1776323492.045970211] [robot_controller]: Еду вдоль стены. left=0.62 err=0.118
[INFO] [1776323492.549616846] [robot_controller]: Еду вдоль стены. left=0.62 err=0.124
[INFO] [1776323493.096092492] [robot_controller]: Еду вдоль стены. left=0.62 err=0.123
[INFO] [1776323493.599044243] [robot_controller]: Еду вдоль стены. left=0.63 err=0.131
[INFO] [1776323494.146090077] [robot_controller]: Еду вдоль стены. left=0.64 err=0.141
[INFO] [1776323494.647617886] [robot_controller]: Еду вдоль стены. left=0.65 err=0.155
[INFO] [1776323495.196122141] [robot_controller]: Стена слева! Начинаю следование. left=0.68
[INFO] [1776323495.745871531] [robot_controller]: Стена впереди! Поворачиваю вправо
[INFO] [1776323496.246055749] [robot_controller]: Стена впереди! Поворачиваю вправо
[INFO] [1776323496.746104389] [robot_controller]: Стена впереди! Поворачиваю вправо
[INFO] [1776323497.296008480] [robot_controller]: Стена слева! Начинаю следование. left=0.66
[INFO] [1776323497.796293900] [robot_controller]: Стена слева! Начинаю следование. left=0.64
[INFO] [1776323498.346172767] [robot_controller]: Стена впереди! Поворачиваю вправо
[INFO] [1776323498.897919337] [robot_controller]: Стена слева! Начинаю следование. left=0.61
[INFO] [1776323499.446068521] [robot_controller]: Стена впереди! Поворачиваю вправо
[INFO] [1776323499.997630261] [robot_controller]: Стена слева! Начинаю следование. left=0.59
[INFO] [1776323500.545992429] [robot_controller]: Стена впереди! Поворачиваю вправо
[INFO] [1776323501.095947033] [robot_controller]: Стена слева! Начинаю следование. left=0.53
[INFO] [1776323501.596150234] [robot_controller]: Стена слева! Начинаю следование. left=0.53
[INFO] [1776323502.096261540] [robot_controller]: Стена слева! Начинаю следование. left=0.51
[INFO] [1776323502.649697663] [robot_controller]: Еду вдоль стены. left=0.50 err=-0.003
[INFO] [1776323503.198121196] [robot_controller]: Стена слева! Начинаю следование. left=0.49
[INFO] [1776323503.748112334] [robot_controller]: Еду вдоль стены. left=0.48 err=-0.021
[INFO] [1776323504.296085756] [robot_controller]: Еду вдоль стены. left=0.47 err=-0.026
[INFO] [1776323504.845941545] [robot_controller]: Стена впереди! Поворачиваю вправо
[INFO] [1776323505.345975305] [robot_controller]: Еду вдоль стены. left=0.45 err=-0.053
[INFO] [1776323505.846126198] [robot_controller]: Еду вдоль стены. left=0.44 err=-0.055
[INFO] [1776323506.346405113] [robot_controller]: Еду вдоль стены. left=0.43 err=-0.067
[INFO] [1776323506.896299777] [robot_controller]: Еду вдоль стены. left=0.41 err=-0.088
[INFO] [1776323507.445974320] [robot_controller]: Еду вдоль стены. left=0.41 err=-0.093
[INFO] [1776323507.997577683] [robot_controller]: Еду вдоль стены. left=0.40 err=-0.104
[INFO] [1776323508.545933770] [robot_controller]: Еду вдоль стены. left=0.39 err=-0.106
[INFO] [1776323509.046646067] [robot_controller]: Еду вдоль стены. left=0.38 err=-0.122
[INFO] [1776323509.547604795] [robot_controller]: Еду вдоль стены. left=0.38 err=-0.121
[INFO] [1776323510.096125780] [robot_controller]: Еду вдоль стены. left=0.38 err=-0.116
[INFO] [1776323510.646009820] [robot_controller]: Еду вдоль стены. left=0.39 err=-0.111
[INFO] [1776323511.148594421] [robot_controller]: Еду вдоль стены. left=0.41 err=-0.093
[INFO] [1776323511.697587197] [robot_controller]: Еду вдоль стены. left=0.42 err=-0.082
[INFO] [1776323512.200335373] [robot_controller]: Еду вдоль стены. left=0.44 err=-0.061
[INFO] [1776323512.746241199] [robot_controller]: Еду вдоль стены. left=0.46 err=-0.040
[INFO] [1776323513.296164326] [robot_controller]: Еду вдоль стены. left=0.47 err=-0.035
[INFO] [1776323513.798428292] [robot_controller]: Еду вдоль стены. left=0.49 err=-0.006
[INFO] [1776323514.345911642] [robot_controller]: Еду вдоль стены. left=0.52 err=0.017
[INFO] [1776323514.847718829] [robot_controller]: Еду вдоль стены. left=0.55 err=0.054
[INFO] [1776323515.395953890] [robot_controller]: Еду вдоль стены. left=0.57 err=0.070
[INFO] [1776323515.896426169] [robot_controller]: Еду вдоль стены. left=0.56 err=0.063
[INFO] [1776323516.445962973] [robot_controller]: Еду вдоль стены. left=0.58 err=0.084
[INFO] [1776323516.997332623] [robot_controller]: Еду вдоль стены. left=0.59 err=0.094
[INFO] [1776323517.546326949] [robot_controller]: Еду вдоль стены. left=0.59 err=0.090
[INFO] [1776323518.099697968] [robot_controller]: Еду вдоль стены. left=0.60 err=0.095
[INFO] [1776323518.599708216] [robot_controller]: Еду вдоль стены. left=0.60 err=0.101
[INFO] [1776323519.146037168] [robot_controller]: Еду вдоль стены. left=0.61 err=0.109
[INFO] [1776323519.646048839] [robot_controller]: Еду вдоль стены. left=0.61 err=0.110
[INFO] [1776323520.199717333] [robot_controller]: Еду вдоль стены. left=0.62 err=0.121
[INFO] [1776323520.699729005] [robot_controller]: Еду вдоль стены. left=0.61 err=0.113
[INFO] [1776323521.251705706] [robot_controller]: Еду вдоль стены. left=0.61 err=0.115
[INFO] [1776323521.795976031] [robot_controller]: Еду вдоль стены. left=0.63 err=0.125
[INFO] [1776323522.295979567] [robot_controller]: Еду вдоль стены. left=0.63 err=0.129
[INFO] [1776323522.795994493] [robot_controller]: Еду вдоль стены. left=0.63 err=0.128
[INFO] [1776323523.298077810] [robot_controller]: Еду вдоль стены. left=0.64 err=0.143
[INFO] [1776323523.847687527] [robot_controller]: Еду вдоль стены. left=0.65 err=0.151
[INFO] [1776323524.395972502] [robot_controller]: Еду вдоль стены. left=0.65 err=0.146
[INFO] [1776323524.895980748] [robot_controller]: Стена впереди! Поворачиваю вправо
[INFO] [1776323525.395997968] [robot_controller]: Стена впереди! Поворачиваю вправо
[INFO] [1776323525.896251603] [robot_controller]: Стена впереди! Поворачиваю вправо
[INFO] [1776323526.446319257] [robot_controller]: Стена слева! Начинаю следование. left=0.72
[INFO] [1776323526.996322350] [robot_controller]: Стена впереди! Поворачиваю вправо
[INFO] [1776323527.546517594] [robot_controller]: Стена слева! Начинаю следование. left=0.68
[INFO] [1776323528.096007571] [robot_controller]: Стена впереди! Поворачиваю вправо
[INFO] [1776323528.646012398] [robot_controller]: Стена слева! Начинаю следование. left=0.66
[INFO] [1776323529.146044611] [robot_controller]: Стена слева! Начинаю следование. left=0.65
[INFO] [1776323529.646054488] [robot_controller]: Стена слева! Начинаю следование. left=0.63
[INFO] [1776323530.146075585] [robot_controller]: Стена слева! Начинаю следование. left=0.60
[INFO] [1776323530.695995963] [robot_controller]: Стена впереди! Поворачиваю вправо
[INFO] [1776323531.246055151] [robot_controller]: Стена слева! Начинаю следование. left=0.59
[INFO] [1776323531.746181502] [robot_controller]: Стена слева! Начинаю следование. left=0.57
[INFO] [1776323532.295958438] [robot_controller]: Стена впереди! Поворачиваю вправо
[INFO] [1776323532.796198250] [robot_controller]: Еду вдоль стены. left=0.55 err=0.054
[INFO] [1776323533.296246783] [robot_controller]: Стена впереди! Поворачиваю вправо
[INFO] [1776323533.847833293] [robot_controller]: Стена слева! Начинаю следование. left=0.54
[INFO] [1776323534.396057301] [robot_controller]: Стена впереди! Поворачиваю вправо
[INFO] [1776323534.898317200] [robot_controller]: Еду вдоль стены. left=0.54 err=0.037
[INFO] [1776323535.445985796] [robot_controller]: Стена впереди! Поворачиваю вправо
[INFO] [1776323535.995920017] [robot_controller]: Стена слева! Начинаю следование. left=0.52
[INFO] [1776323536.496162578] [robot_controller]: Еду вдоль стены. left=0.52 err=0.024
[INFO] [1776323537.047106130] [robot_controller]: Стена слева! Начинаю следование. left=0.52
[INFO] [1776323537.595975641] [robot_controller]: Стена впереди! Поворачиваю вправо
[INFO] [1776323538.096079756] [robot_controller]: Стена впереди! Поворачиваю вправо
[INFO] [1776323538.646783063] [robot_controller]: Еду вдоль стены. left=0.50 err=-0.004
[INFO] [1776323539.147891012] [robot_controller]: Стена впереди! Поворачиваю вправо
[INFO] [1776323539.651703845] [robot_controller]: Стена впереди! Поворачиваю вправо
[INFO] [1776323540.195976528] [robot_controller]: Стена слева! Начинаю следование. left=0.48
[INFO] [1776323540.695989164] [robot_controller]: Еду вдоль стены. left=0.48 err=-0.020
[INFO] [1776323541.196013107] [robot_controller]: Стена впереди! Поворачиваю вправо
[INFO] [1776323541.698239182] [robot_controller]: Стена впереди! Поворачиваю вправо
[INFO] [1776323542.246147055] [robot_controller]: Еду вдоль стены. left=0.45 err=-0.046
[INFO] [1776323542.795960442] [robot_controller]: Еду вдоль стены. left=0.46 err=-0.041
[INFO] [1776323543.295993755] [robot_controller]: Еду вдоль стены. left=0.44 err=-0.056
[INFO] [1776323543.846067295] [robot_controller]: Стена впереди! Поворачиваю вправо
[INFO] [1776323544.396266429] [robot_controller]: Еду вдоль стены. left=0.44 err=-0.058
[INFO] [1776323544.948294782] [robot_controller]: Еду вдоль стены. left=0.43 err=-0.069
[INFO] [1776323545.495965726] [robot_controller]: Еду вдоль стены. left=0.42 err=-0.084
[INFO] [1776323545.996722457] [robot_controller]: Еду вдоль стены. left=0.41 err=-0.093
[INFO] [1776323546.546037326] [robot_controller]: Еду вдоль стены. left=0.39 err=-0.114
[INFO] [1776323547.096098845] [robot_controller]: Еду вдоль стены. left=0.38 err=-0.116
[INFO] [1776323547.596438761] [robot_controller]: Еду вдоль стены. left=0.40 err=-0.104
[INFO] [1776323548.147351042] [robot_controller]: Еду вдоль стены. left=0.40 err=-0.097
[INFO] [1776323548.695952641] [robot_controller]: Еду вдоль стены. left=0.40 err=-0.098
[INFO] [1776323549.196324288] [robot_controller]: Стена впереди! Поворачиваю вправо
[INFO] [1776323549.745978731] [robot_controller]: Стена слева! Начинаю следование. left=0.42
[INFO] [1776323550.247304236] [robot_controller]: Стена слева! Начинаю следование. left=0.42
[INFO] [1776323550.796289779] [robot_controller]: Стена впереди! Поворачиваю вправо
[INFO] [1776323551.346026526] [robot_controller]: Стена слева! Начинаю следование. left=0.43
[INFO] [1776323551.851145590] [robot_controller]: Стена слева! Начинаю следование. left=0.45
[INFO] [1776323552.395905815] [robot_controller]: Стена впереди! Поворачиваю вправо
[INFO] [1776323552.895931362] [robot_controller]: Стена впереди! Поворачиваю вправо
[INFO] [1776323553.396431906] [robot_controller]: Стена впереди! Поворачиваю вправо
[INFO] [1776323553.946309860] [robot_controller]: Стена слева! Начинаю следование. left=0.46
[INFO] [1776323554.495994519] [robot_controller]: Стена впереди! Поворачиваю вправо
[INFO] [1776323554.996156594] [robot_controller]: Стена впереди! Поворачиваю вправо
[INFO] [1776323555.546452572] [robot_controller]: Стена слева! Начинаю следование. left=0.49
[INFO] [1776323556.046447600] [robot_controller]: Стена слева! Начинаю следование. left=0.49
[INFO] [1776323556.596222942] [robot_controller]: Стена впереди! Поворачиваю вправо
[INFO] [1776323557.146150560] [robot_controller]: Стена слева! Начинаю следование. left=0.47
[INFO] [1776323557.696188535] [robot_controller]: Стена впереди! Поворачиваю вправо
[INFO] [1776323558.199072006] [robot_controller]: Стена впереди! Поворачиваю вправо
[INFO] [1776323558.746082498] [robot_controller]: Стена слева! Начинаю следование. left=0.44
[INFO] [1776323559.246600630] [robot_controller]: Стена слева! Начинаю следование. left=0.43
[INFO] [1776323559.797945248] [robot_controller]: Еду вдоль стены. left=0.40 err=-0.098
[INFO] [1776323560.346213325] [robot_controller]: Еду вдоль стены. left=0.40 err=-0.100
[INFO] [1776323560.849744966] [robot_controller]: Еду вдоль стены. left=0.41 err=-0.092
[INFO] [1776323561.399214530] [robot_controller]: Еду вдоль стены. left=0.39 err=-0.108
[INFO] [1776323561.946304680] [robot_controller]: Еду вдоль стены. left=0.38 err=-0.118
[INFO] [1776323562.503137995] [robot_controller]: Еду вдоль стены. left=0.39 err=-0.110
[INFO] [1776323563.046197654] [robot_controller]: Еду вдоль стены. left=0.40 err=-0.100
[INFO] [1776323563.546967506] [robot_controller]: Еду вдоль стены. left=0.41 err=-0.093
[INFO] [1776323564.095899141] [robot_controller]: Еду вдоль стены. left=0.42 err=-0.075
[INFO] [1776323564.596003046] [robot_controller]: Еду вдоль стены. left=0.44 err=-0.057
[INFO] [1776323565.146000572] [robot_controller]: Еду вдоль стены. left=0.46 err=-0.045
[INFO] [1776323565.647069793] [robot_controller]: Еду вдоль стены. left=0.48 err=-0.022
[INFO] [1776323566.199106928] [robot_controller]: Еду вдоль стены. left=0.51 err=0.005
[INFO] [1776323566.746089651] [robot_controller]: Еду вдоль стены. left=0.52 err=0.015
[INFO] [1776323567.246338485] [robot_controller]: Еду вдоль стены. left=0.54 err=0.036
[INFO] [1776323567.796015292] [robot_controller]: Еду вдоль стены. left=0.54 err=0.043
[INFO] [1776323568.296076217] [robot_controller]: Еду вдоль стены. left=0.56 err=0.056
[INFO] [1776323568.851066741] [robot_controller]: Еду вдоль стены. left=0.57 err=0.070
[INFO] [1776323569.351116870] [robot_controller]: Еду вдоль стены. left=0.57 err=0.073
[INFO] [1776323569.899235402] [robot_controller]: Еду вдоль стены. left=0.59 err=0.086
[INFO] [1776323570.447125082] [robot_controller]: Еду вдоль стены. left=0.60 err=0.099
[INFO] [1776323570.950046307] [robot_controller]: Еду вдоль стены. left=0.60 err=0.099
[INFO] [1776323571.496283400] [robot_controller]: Еду вдоль стены. left=0.59 err=0.087
[INFO] [1776323572.045988928] [robot_controller]: Еду вдоль стены. left=0.60 err=0.102
[INFO] [1776323572.546022622] [robot_controller]: Еду вдоль стены. left=0.60 err=0.096
[INFO] [1776323573.046034177] [robot_controller]: Еду вдоль стены. left=0.61 err=0.114
[INFO] [1776323573.546048277] [robot_controller]: Еду вдоль стены. left=0.61 err=0.109
[INFO] [1776323574.046108103] [robot_controller]: Еду вдоль стены. left=0.60 err=0.104
[INFO] [1776323574.547612223] [robot_controller]: Еду вдоль стены. left=0.61 err=0.106
[INFO] [1776323575.096411184] [robot_controller]: Еду вдоль стены. left=0.61 err=0.109
[INFO] [1776323575.599104488] [robot_controller]: Еду вдоль стены. left=0.61 err=0.115
[INFO] [1776323576.146147628] [robot_controller]: Еду вдоль стены. left=0.62 err=0.121
[INFO] [1776323576.696203090] [robot_controller]: Еду вдоль стены. left=0.62 err=0.124
[INFO] [1776323577.247056366] [robot_controller]: Еду вдоль стены. left=0.64 err=0.141
[INFO] [1776323577.796243439] [robot_controller]: Еду вдоль стены. left=0.64 err=0.138
[INFO] [1776323578.296322207] [robot_controller]: Стена впереди! Поворачиваю вправо
[INFO] [1776323578.850279969] [robot_controller]: Стена слева! Начинаю следование. left=0.70
[INFO] [1776323579.395977601] [robot_controller]: Стена впереди! Поворачиваю вправо
[INFO] [1776323579.896104031] [robot_controller]: Стена впереди! Поворачиваю вправо
[INFO] [1776323580.446462261] [robot_controller]: Стена слева! Начинаю следование. left=0.64
[INFO] [1776323580.996008742] [robot_controller]: Стена впереди! Поворачиваю вправо
[INFO] [1776323581.550288434] [robot_controller]: Стена слева! Начинаю следование. left=0.61
[INFO] [1776323582.095983187] [robot_controller]: Стена впереди! Поворачиваю вправо
[INFO] [1776323582.599168555] [robot_controller]: Стена впереди! Поворачиваю вправо
[INFO] [1776323583.146192549] [robot_controller]: Стена слева! Начинаю следование. left=0.58
[INFO] [1776323583.646350607] [robot_controller]: Стена слева! Начинаю следование. left=0.57
[INFO] [1776323584.196236621] [robot_controller]: Стена впереди! Поворачиваю вправо
[INFO] [1776323584.746198109] [robot_controller]: Стена слева! Начинаю следование. left=0.55
[INFO] [1776323585.295946601] [robot_controller]: Стена впереди! Поворачиваю вправо
[INFO] [1776323585.795972731] [robot_controller]: Стена впереди! Поворачиваю вправо
[INFO] [1776323586.345994639] [robot_controller]: Стена слева! Начинаю следование. left=0.53
[INFO] [1776323586.895985218] [robot_controller]: Стена впереди! Поворачиваю вправо
