[INFO] [1776157729.340286429] [basic_navigator]: Publishing Initial Pose
[INFO] [1776157729.341523004] [basic_navigator]: Ожидание активации Nav2...
[INFO] [1776157733.883093481] [basic_navigator]: Nav2 is ready for use!
[INFO] [1776157733.883565332] [basic_navigator]: Nav2 активирован!
[INFO] [1776157733.883918645] [basic_navigator]: [1/4] Еду в: Кабинет (x=3.0, y=-3.0)
[INFO] [1776157733.884603564] [basic_navigator]: Navigating to goal: 3.0 -3.0...
[INFO] [1776157733.988773192] [basic_navigator]:   Осталось: 0.00 м
[INFO] [1776157735.089763276] [basic_navigator]:   Осталось: 0.00 м
[INFO] [1776157736.191990499] [basic_navigator]:   Осталось: 0.00 м
[INFO] [1776157737.294347015] [basic_navigator]:   Осталось: 0.00 м
[INFO] [1776157738.398264759] [basic_navigator]:   Осталось: 0.00 м
[INFO] [1776157739.499059841] [basic_navigator]:   Осталось: 0.00 м
[INFO] [1776157740.599916601] [basic_navigator]:   Осталось: 0.00 м
[INFO] [1776157741.702547029] [basic_navigator]:   Осталось: 0.00 м
[INFO] [1776157742.805071923] [basic_navigator]:   Осталось: 4.54 м
[INFO] [1776157743.906846139] [basic_navigator]:   Осталось: 4.54 м
[INFO] [1776157745.008667624] [basic_navigator]:   Осталось: 4.54 м
[INFO] [1776157746.112933279] [basic_navigator]:   Осталось: 4.54 м
[INFO] [1776157747.214176250] [basic_navigator]:   Осталось: 4.54 м
[INFO] [1776157748.317289004] [basic_navigator]:   Осталось: 5.09 м
[INFO] [1776157749.418368286] [basic_navigator]:   Осталось: 5.07 м
[INFO] [1776157750.519979241] [basic_navigator]:   Осталось: 4.97 м
[INFO] [1776157751.621353866] [basic_navigator]:   Осталось: 4.89 м
[INFO] [1776157752.722912768] [basic_navigator]:   Осталось: 4.74 м
[INFO] [1776157753.824966699] [basic_navigator]:   Осталось: 5.10 м
[INFO] [1776157754.926944568] [basic_navigator]:   Осталось: 6.27 м
[INFO] [1776157756.028638338] [basic_navigator]:   Осталось: 5.46 м
[INFO] [1776157757.129947681] [basic_navigator]:   Осталось: 7.62 м
[INFO] [1776157758.230917267] [basic_navigator]:   Осталось: 0.00 м
[INFO] [1776157759.331716021] [basic_navigator]:   Осталось: 0.00 м
[INFO] [1776157760.432464119] [basic_navigator]:   Осталось: 0.00 м
[INFO] [1776157761.534418520] [basic_navigator]:   Осталось: 0.00 м
[INFO] [1776157762.638879719] [basic_navigator]:   Осталось: 0.00 м
[INFO] [1776157763.740464934] [basic_navigator]:   Осталось: 0.00 м
[INFO] [1776157764.841413177] [basic_navigator]:   Осталось: 0.00 м
[INFO] [1776157765.942308702] [basic_navigator]:   Осталось: 0.00 м
[INFO] [1776157767.043850661] [basic_navigator]:   Осталось: 0.00 м
[INFO] [1776157768.145187330] [basic_navigator]:   Осталось: 0.00 м
[INFO] [1776157769.246477274] [basic_navigator]:   Осталось: 0.00 м
[INFO] [1776157770.350852427] [basic_navigator]:   Осталось: 0.00 м
[INFO] [1776157771.453095748] [basic_navigator]:   Осталось: 0.00 м
[INFO] [1776157772.555545395] [basic_navigator]:   Осталось: 0.00 м
[INFO] [1776157773.658975600] [basic_navigator]:   Осталось: 0.00 м
[INFO] [1776157774.761072858] [basic_navigator]:   Осталось: 0.00 м
[INFO] [1776157775.862392370] [basic_navigator]:   Осталось: 0.00 м
[INFO] [1776157776.963876018] [basic_navigator]:   Осталось: 0.00 м
[INFO] [1776157778.067368579] [basic_navigator]:   Осталось: 0.00 м
[INFO] [1776157779.168624486] [basic_navigator]:   Осталось: 0.00 м
[INFO] [1776157780.270387837] [basic_navigator]:   Осталось: 0.00 м
[INFO] [1776157781.375075305] [basic_navigator]:   Осталось: 0.00 м
[INFO] [1776157782.478984306] [basic_navigator]:   Осталось: 0.00 м
[INFO] [1776157783.581119801] [basic_navigator]:   Осталось: 0.00 м
[INFO] [1776157784.682454495] [basic_navigator]:   Осталось: 0.00 м
[INFO] [1776157785.786896217] [basic_navigator]:   Осталось: 4.18 м
[INFO] [1776157786.888275536] [basic_navigator]:   Осталось: 4.97 м
[INFO] [1776157787.992467960] [basic_navigator]:   Осталось: 4.59 м
[INFO] [1776157789.094758462] [basic_navigator]:   Осталось: 4.91 м
[INFO] [1776157790.196830861] [basic_navigator]:   Осталось: 3.80 м
[INFO] [1776157791.299563965] [basic_navigator]:   Осталось: 3.78 м
[INFO] [1776157792.401442408] [basic_navigator]:   Осталось: 4.44 м
[INFO] [1776157793.512676265] [basic_navigator]:   Осталось: 4.08 м
[INFO] [1776157794.614436532] [basic_navigator]:   Осталось: 3.94 м
[INFO] [1776157795.716216432] [basic_navigator]:   Осталось: 3.22 м
[INFO] [1776157796.817607999] [basic_navigator]:   Осталось: 3.14 м
[INFO] [1776157797.919237546] [basic_navigator]:   Осталось: 2.97 м
[INFO] [1776157799.020224235] [basic_navigator]:   Осталось: 2.79 м
[INFO] [1776157800.121359087] [basic_navigator]:   Осталось: 2.59 м
[INFO] [1776157801.227086393] [basic_navigator]:   Осталось: 2.44 м
[INFO] [1776157802.334614824] [basic_navigator]:   Осталось: 2.31 м
[INFO] [1776157803.438242468] [basic_navigator]:   Осталось: 2.17 м
[INFO] [1776157804.541626810] [basic_navigator]:   Осталось: 2.04 м
[INFO] [1776157805.644423856] [basic_navigator]:   Осталось: 1.89 м
[INFO] [1776157806.748569289] [basic_navigator]:   Осталось: 1.81 м
[INFO] [1776157807.850351068] [basic_navigator]:   Осталось: 1.69 м
[INFO] [1776157808.957693259] [basic_navigator]:   Осталось: 1.57 м
[INFO] [1776157810.059324163] [basic_navigator]:   Осталось: 1.44 м
[INFO] [1776157811.164382367] [basic_navigator]:   Осталось: 1.32 м
[INFO] [1776157812.265924705] [basic_navigator]:   Осталось: 1.19 м
[INFO] [1776157813.367201085] [basic_navigator]:   Осталось: 1.07 м
[INFO] [1776157814.468416631] [basic_navigator]:   Осталось: 0.94 м
[INFO] [1776157815.569229612] [basic_navigator]:   Осталось: 0.78 м
[INFO] [1776157816.670231888] [basic_navigator]:   Осталось: 0.67 м
[INFO] [1776157817.773013131] [basic_navigator]:   Осталось: 0.54 м
[INFO] [1776157818.874358709] [basic_navigator]:   Осталось: 0.44 м
[INFO] [1776157819.975475767] [basic_navigator]:   Осталось: 0.38 м
[INFO] [1776157821.078165023] [basic_navigator]:   Осталось: 0.27 м
[INFO] [1776157822.179510582] [basic_navigator]:   Осталось: 0.19 м
[INFO] [1776157823.281245673] [basic_navigator]:   Осталось: 0.16 м
[INFO] [1776157824.382864748] [basic_navigator]:   Осталось: 0.15 м
[INFO] [1776157825.486260608] [basic_navigator]:   Осталось: 0.12 м
[INFO] [1776157826.487898057] [basic_navigator]: ✅ Точка "Кабинет" достигнута!
[INFO] [1776157828.488509943] [basic_navigator]: [2/4] Еду в: Коридор (x=0.0, y=0.0)
[INFO] [1776157828.489198339] [basic_navigator]: Navigating to goal: 0.0 0.0...
[INFO] [1776157828.591829590] [basic_navigator]:   Осталось: 4.32 м
[INFO] [1776157829.693283103] [basic_navigator]:   Осталось: 4.26 м
[INFO] [1776157830.796139651] [basic_navigator]:   Осталось: 4.22 м
[INFO] [1776157831.898225984] [basic_navigator]:   Осталось: 4.19 м
[INFO] [1776157832.999419683] [basic_navigator]:   Осталось: 4.16 м
[INFO] [1776157834.102010097] [basic_navigator]:   Осталось: 4.16 м
[INFO] [1776157835.203719322] [basic_navigator]:   Осталось: 4.16 м
[INFO] [1776157836.311372160] [basic_navigator]:   Осталось: 4.16 м
[INFO] [1776157837.413125498] [basic_navigator]:   Осталось: 4.16 м
[INFO] [1776157838.514473527] [basic_navigator]:   Осталось: 4.16 м
[INFO] [1776157839.615434029] [basic_navigator]:   Осталось: 4.14 м
[INFO] [1776157840.717018195] [basic_navigator]:   Осталось: 4.11 м
[INFO] [1776157841.817969650] [basic_navigator]:   Осталось: 4.04 м
[INFO] [1776157842.921883390] [basic_navigator]:   Осталось: 3.95 м
[INFO] [1776157844.023544554] [basic_navigator]:   Осталось: 3.79 м
[INFO] [1776157845.126748520] [basic_navigator]:   Осталось: 3.66 м
[INFO] [1776157846.228031374] [basic_navigator]:   Осталось: 3.51 м
[INFO] [1776157847.332860251] [basic_navigator]:   Осталось: 3.41 м
[INFO] [1776157848.434578217] [basic_navigator]:   Осталось: 3.26 м
[INFO] [1776157849.536485318] [basic_navigator]:   Осталось: 3.14 м
[INFO] [1776157850.637736081] [basic_navigator]:   Осталось: 3.01 м
[INFO] [1776157851.738845941] [basic_navigator]:   Осталось: 2.86 м
[INFO] [1776157852.840172487] [basic_navigator]:   Осталось: 2.71 м
[INFO] [1776157853.941448891] [basic_navigator]:   Осталось: 2.61 м
[INFO] [1776157855.043067172] [basic_navigator]:   Осталось: 2.46 м
[INFO] [1776157856.144404270] [basic_navigator]:   Осталось: 2.29 м
[INFO] [1776157857.246881280] [basic_navigator]:   Осталось: 2.19 м
[INFO] [1776157858.348750386] [basic_navigator]:   Осталось: 2.01 м
[INFO] [1776157859.450668653] [basic_navigator]:   Осталось: 1.89 м
[INFO] [1776157860.551671442] [basic_navigator]:   Осталось: 1.74 м
[INFO] [1776157861.652635415] [basic_navigator]:   Осталось: 1.61 м
[INFO] [1776157862.755723524] [basic_navigator]:   Осталось: 1.46 м
[INFO] [1776157863.856869912] [basic_navigator]:   Осталось: 1.34 м
[INFO] [1776157864.957905010] [basic_navigator]:   Осталось: 1.21 м
[INFO] [1776157866.061444461] [basic_navigator]:   Осталось: 1.06 м
[INFO] [1776157867.162646250] [basic_navigator]:   Осталось: 0.91 м
[INFO] [1776157868.263973530] [basic_navigator]:   Осталось: 0.79 м
[INFO] [1776157869.368385848] [basic_navigator]:   Осталось: 0.64 м
[INFO] [1776157870.470400915] [basic_navigator]:   Осталось: 0.51 м
[INFO] [1776157871.572295102] [basic_navigator]:   Осталось: 0.41 м
[INFO] [1776157872.673941583] [basic_navigator]:   Осталось: 0.32 м
[INFO] [1776157873.775300573] [basic_navigator]:   Осталось: 0.27 м
[INFO] [1776157874.877411515] [basic_navigator]:   Осталось: 0.24 м
[INFO] [1776157875.979764451] [basic_navigator]:   Осталось: 0.22 м
[INFO] [1776157877.081212487] [basic_navigator]:   Осталось: 0.21 м
[INFO] [1776157878.183010661] [basic_navigator]:   Осталось: 0.21 м
[INFO] [1776157879.284002978] [basic_navigator]:   Осталось: 0.21 м
[INFO] [1776157880.385650810] [basic_navigator]:   Осталось: 0.21 м
[INFO] [1776157881.486832142] [basic_navigator]:   Осталось: 0.16 м
[INFO] [1776157882.590922364] [basic_navigator]:   Осталось: 0.16 м
[INFO] [1776157883.593918937] [basic_navigator]: ✅ Точка "Коридор" достигнута!
[INFO] [1776157885.594544715] [basic_navigator]: [3/4] Еду в: Правый коридор (x=4.0, y=0.0)
[INFO] [1776157885.595302097] [basic_navigator]: Navigating to goal: 4.0 0.0...
[INFO] [1776157885.700105416] [basic_navigator]:   Осталось: 4.14 м
[INFO] [1776157886.801904802] [basic_navigator]:   Осталось: 4.07 м
[INFO] [1776157887.902778560] [basic_navigator]:   Осталось: 3.95 м
[INFO] [1776157889.009435870] [basic_navigator]:   Осталось: 3.79 м
[INFO] [1776157890.114775798] [basic_navigator]:   Осталось: 3.62 м
[INFO] [1776157891.215997100] [basic_navigator]:   Осталось: 3.47 м
[INFO] [1776157892.317162269] [basic_navigator]:   Осталось: 3.29 м
[INFO] [1776157893.420756737] [basic_navigator]:   Осталось: 3.12 м
