running egg_info
creating ../../build/lab2_navigator/lab2_navigator.egg-info
writing ../../build/lab2_navigator/lab2_navigator.egg-info/PKG-INFO
writing dependency_links to ../../build/lab2_navigator/lab2_navigator.egg-info/dependency_links.txt
writing entry points to ../../build/lab2_navigator/lab2_navigator.egg-info/entry_points.txt
writing requirements to ../../build/lab2_navigator/lab2_navigator.egg-info/requires.txt
writing top-level names to ../../build/lab2_navigator/lab2_navigator.egg-info/top_level.txt
writing manifest file '../../build/lab2_navigator/lab2_navigator.egg-info/SOURCES.txt'
reading manifest file '../../build/lab2_navigator/lab2_navigator.egg-info/SOURCES.txt'
writing manifest file '../../build/lab2_navigator/lab2_navigator.egg-info/SOURCES.txt'
running build
running build_py
creating /home/dima/ros2_ws/build/lab2_navigator/build
creating /home/dima/ros2_ws/build/lab2_navigator/build/lib
creating /home/dima/ros2_ws/build/lab2_navigator/build/lib/lab2_navigator
copying lab2_navigator/__init__.py -> /home/dima/ros2_ws/build/lab2_navigator/build/lib/lab2_navigator
copying lab2_navigator/go_to_point.py -> /home/dima/ros2_ws/build/lab2_navigator/build/lib/lab2_navigator
running install
running install_lib
creating /home/dima/ros2_ws/install/lab2_navigator/lib/python3.12/site-packages/lab2_navigator
copying /home/dima/ros2_ws/build/lab2_navigator/build/lib/lab2_navigator/__init__.py -> /home/dima/ros2_ws/install/lab2_navigator/lib/python3.12/site-packages/lab2_navigator
copying /home/dima/ros2_ws/build/lab2_navigator/build/lib/lab2_navigator/go_to_point.py -> /home/dima/ros2_ws/install/lab2_navigator/lib/python3.12/site-packages/lab2_navigator
byte-compiling /home/dima/ros2_ws/install/lab2_navigator/lib/python3.12/site-packages/lab2_navigator/__init__.py to __init__.cpython-312.pyc
byte-compiling /home/dima/ros2_ws/install/lab2_navigator/lib/python3.12/site-packages/lab2_navigator/go_to_point.py to go_to_point.cpython-312.pyc
running install_data
creating /home/dima/ros2_ws/install/lab2_navigator/share/ament_index
creating /home/dima/ros2_ws/install/lab2_navigator/share/ament_index/resource_index
creating /home/dima/ros2_ws/install/lab2_navigator/share/ament_index/resource_index/packages
copying resource/lab2_navigator -> /home/dima/ros2_ws/install/lab2_navigator/share/ament_index/resource_index/packages
copying package.xml -> /home/dima/ros2_ws/install/lab2_navigator/share/lab2_navigator
running install_egg_info
Copying ../../build/lab2_navigator/lab2_navigator.egg-info to /home/dima/ros2_ws/install/lab2_navigator/lib/python3.12/site-packages/lab2_navigator-0.0.0-py3.12.egg-info
running install_scripts
Installing go_to_point script to /home/dima/ros2_ws/install/lab2_navigator/lib/lab2_navigator
writing list of installed files to '/home/dima/ros2_ws/build/lab2_navigator/install.log'
